Alternative 1 Catch
     Rex 
Equil_Fabc 8.44107 
Year 
2021 0.392 
2022 1.567 
2023 1.567 
2024 26.018 
2025 19.9268 
2026 15.383 
2027 12.5886 
2028 10.8639 
2029 9.72069 
2030 8.9778 
2031 8.53357 
2032 8.29622 
2033 8.17089 
2034 8.1249 

Alternative 1 ABCs
     Rex 

Year 
2021 15.4789 
2022 18.8269 
2023 23.7161 
2024 26.018 
2025 19.9268 
2026 15.383 
2027 12.5886 
2028 10.8639 
2029 9.72069 
2030 8.9778 
2031 8.53357 
2032 8.29622 
2033 8.17089 
2034 8.1249 

Alternative 1 TACs
     Rex 

Year 
2021  NA 
2022  NA 
2023  NA 
2024 26.018 
2025 19.9268 
2026 15.383 
2027 12.5886 
2028 10.8639 
2029 9.72069 
2030 8.9778 
2031 8.53357 
2032 8.29622 
2033 8.17089 
2034 8.1249 

Alternative 1 Sp_Biomass
     Rex 
Equil_Fabc 23.4242 
Year 
2021 46.2803 
2022 53.4163 
2023 58.3848 
2024 60.9515 
2025 48.0027 
2026 38.9154 
2027 33.1282 
2028 29.4798 
2029 27.1839 
2030 25.7868 
2031 24.9884 
2032 24.5678 
2033 24.3527 
2034 24.2183 

Alternative 1 Fishing Mortality
     Rex 
Equil_Fabc 0.358161 
Year 
2021 0.00782077 
2022 0.026154 
2023 0.0205015 
2024 0.358161 
2025 0.358161 
2026 0.358161 
2027 0.358161 
2028 0.357303 
2029 0.351994 
2030 0.346282 
2031 0.342524 
2032 0.34033 
2033 0.33904 
2034 0.338353 

Alternative 1 Biomass
     Rex 

Year 
2021 118.749 
2022 124.722 
2023 127.277 
2024 128.214 
2025 104.673 
2026 88.8058 
2027 78.8141 
2028 72.5622 
2029 68.6712 
2030 66.4603 
2031 65.1618 
2032 64.4185 
2033 63.8268 
2034 63.4397 

Alternative 1 Implied SPR rate 
     Rex 
Equil_Fabc 0.4 
Year 
2021 0.959101 
2022 0.876543 
2023 0.900224 
2024 0.4 
2025 0.4 
2026 0.4 
2027 0.4 
2028 0.400447 
2029 0.403349 
2030 0.406584 
2031 0.408699 
2032 0.40991 
2033 0.410652 
2034 0.411092 

  Rex 
EquilAvgAgeF0  6.0966 
EquilAvgAgeFabc  3.61559 
AvgAgeYr2034 3.72046 
Alternative 2 Catch
     Rex 
Equil_Fabc 8.44107 
Year 
2021 0.392 
2022 1.567 
2023 1.567 
2024 26.018 
2025 19.9268 
2026 15.383 
2027 12.5886 
2028 10.8639 
2029 9.72069 
2030 8.9778 
2031 8.53357 
2032 8.29622 
2033 8.17089 
2034 8.1249 

Alternative 2 ABCs
     Rex 

Year 
2021 15.4789 
2022 18.8269 
2023 23.7161 
2024 26.018 
2025 19.9268 
2026 15.383 
2027 12.5886 
2028 10.8639 
2029 9.72069 
2030 8.9778 
2031 8.53357 
2032 8.29622 
2033 8.17089 
2034 8.1249 

Alternative 2 TACs
     Rex 

Year 
2021  NA 
2022  NA 
2023  NA 
2024 26.018 
2025 19.9268 
2026 15.383 
2027 12.5886 
2028 10.8639 
2029 9.72069 
2030 8.9778 
2031 8.53357 
2032 8.29622 
2033 8.17089 
2034 8.1249 

Alternative 2 Sp_Biomass
     Rex 
Equil_Fabc 23.4242 
Year 
2021 46.2803 
2022 53.4163 
2023 58.3848 
2024 60.9515 
2025 48.0027 
2026 38.9154 
2027 33.1282 
2028 29.4798 
2029 27.1839 
2030 25.7868 
2031 24.9884 
2032 24.5678 
2033 24.3527 
2034 24.2183 

Alternative 2 Fishing Mortality
     Rex 
Equil_Fabc 0.358161 
Year 
2021 0.00782077 
2022 0.026154 
2023 0.0205015 
2024 0.358161 
2025 0.358161 
2026 0.358161 
2027 0.358161 
2028 0.357303 
2029 0.351994 
2030 0.346282 
2031 0.342524 
2032 0.34033 
2033 0.33904 
2034 0.338353 

Alternative 2 Biomass
     Rex 

Year 
2021 118.749 
2022 124.722 
2023 127.277 
2024 128.214 
2025 104.673 
2026 88.8058 
2027 78.8141 
2028 72.5622 
2029 68.6712 
2030 66.4603 
2031 65.1618 
2032 64.4185 
2033 63.8268 
2034 63.4397 

Alternative 2 Implied SPR rate 
     Rex 
Equil_Fabc 0.4 
Year 
2021 0.959101 
2022 0.876543 
2023 0.900224 
2024 0.4 
2025 0.4 
2026 0.4 
2027 0.4 
2028 0.400447 
2029 0.403349 
2030 0.406584 
2031 0.408699 
2032 0.40991 
2033 0.410652 
2034 0.411092 

  Rex 
EquilAvgAgeF0  6.0966 
EquilAvgAgeFabc  3.61559 
AvgAgeYr2034 3.72046 
Alternative 3 Catch
     Rex 
Equil_Fabc 8.44107 
Year 
2021 0.392 
2022 1.567 
2023 1.567 
2024 2.07626 
2025 2.10527 
2026 2.06495 
2027 2.02506 
2028 1.98688 
2029 1.95046 
2030 1.9144 
2031 1.88087 
2032 1.85281 
2033 1.82923 
2034 1.81071 

Alternative 3 ABCs
     Rex 

Year 
2021 1.22717 
2022 1.47864 
2023 1.88174 
2024 2.07626 
2025 2.10527 
2026 2.06495 
2027 2.02506 
2028 1.98688 
2029 1.95046 
2030 1.9144 
2031 1.88087 
2032 1.85281 
2033 1.82923 
2034 1.81071 

Alternative 3 TACs
     Rex 

Year 
2021  NA 
2022  NA 
2023  NA 
2024 2.07626 
2025 2.10527 
2026 2.06495 
2027 2.02506 
2028 1.98688 
2029 1.95046 
2030 1.9144 
2031 1.88087 
2032 1.85281 
2033 1.82923 
2034 1.81071 

Alternative 3 Sp_Biomass
     Rex 
Equil_Fabc 23.4242 
Year 
2021 46.2803 
2022 53.4163 
2023 58.3848 
2024 60.9515 
2025 61.4635 
2026 61.0548 
2027 60.2778 
2028 59.3492 
2029 58.3788 
2030 57.4459 
2031 56.6023 
2032 55.8725 
2033 55.2499 
2034 54.6934 

Alternative 3 Fishing Mortality
     Rex 
Equil_Fabc 0.358161 
Year 
2021 0.00782077 
2022 0.026154 
2023 0.0205015 
2024 0.0246643 
2025 0.0246643 
2026 0.0246643 
2027 0.0246643 
2028 0.0246643 
2029 0.0246643 
2030 0.0246643 
2031 0.0246643 
2032 0.0246643 
2033 0.0246643 
2034 0.0246643 

Alternative 3 Biomass
     Rex 

Year 
2021 118.749 
2022 124.722 
2023 127.277 
2024 128.214 
2025 127.504 
2026 126.046 
2027 124.313 
2028 122.511 
2029 120.771 
2030 119.292 
2031 117.895 
2032 116.636 
2033 115.377 
2034 114.308 

Alternative 3 Implied SPR rate 
     Rex 
Equil_Fabc 0.4 
Year 
2021 0.959101 
2022 0.876543 
2023 0.900224 
2024 0.882644 
2025 0.882644 
2026 0.882644 
2027 0.882644 
2028 0.882644 
2029 0.882644 
2030 0.882644 
2031 0.882644 
2032 0.882644 
2033 0.882644 
2034 0.882644 

  Rex 
EquilAvgAgeF0  6.0966 
EquilAvgAgeFabc  3.61559 
AvgAgeYr2034 5.92367 
Alternative 4 Catch
     Rex 
Equil_Fabc 8.44107 
Year 
2021 0.392 
2022 1.567 
2023 1.567 
2024 5.25713 
2025 5.15547 
2026 4.90662 
2027 4.6902 
2028 4.50442 
2029 4.34457 
2030 4.2029 
2031 4.08147 
2032 3.98461 
2033 3.90699 
2034 3.84807 

Alternative 4 ABCs
     Rex 

Year 
2021 3.10953 
2022 3.75097 
2023 4.76784 
2024 5.25713 
2025 5.15547 
2026 4.90662 
2027 4.6902 
2028 4.50442 
2029 4.34457 
2030 4.2029 
2031 4.08147 
2032 3.98461 
2033 3.90699 
2034 3.84807 

Alternative 4 TACs
     Rex 

Year 
2021  NA 
2022  NA 
2023  NA 
2024 5.25713 
2025 5.15547 
2026 4.90662 
2027 4.6902 
2028 4.50442 
2029 4.34457 
2030 4.2029 
2031 4.08147 
2032 3.98461 
2033 3.90699 
2034 3.84807 

Alternative 4 Sp_Biomass
     Rex 
Equil_Fabc 23.4242 
Year 
2021 46.2803 
2022 53.4163 
2023 58.3848 
2024 60.9515 
2025 59.6624 
2026 57.7018 
2027 55.6881 
2028 53.7972 
2029 52.093 
2030 50.6106 
2031 49.3665 
2032 48.3532 
2033 47.5345 
2034 46.8459 

Alternative 4 Fishing Mortality
     Rex 
Equil_Fabc 0.358161 
Year 
2021 0.00782077 
2022 0.026154 
2023 0.0205015 
2024 0.0635636 
2025 0.0635636 
2026 0.0635636 
2027 0.0635636 
2028 0.0635636 
2029 0.0635636 
2030 0.0635636 
2031 0.0635636 
2032 0.0635636 
2033 0.0635636 
2034 0.0635636 

Alternative 4 Biomass
     Rex 

Year 
2021 118.749 
2022 124.722 
2023 127.277 
2024 128.214 
2025 124.461 
2026 120.438 
2027 116.676 
2028 113.304 
2029 110.371 
2030 108.001 
2031 105.956 
2032 104.237 
2033 102.659 
2034 101.374 

Alternative 4 Implied SPR rate 
     Rex 
Equil_Fabc 0.4 
Year 
2021 0.959101 
2022 0.876543 
2023 0.900224 
2024 0.75 
2025 0.75 
2026 0.75 
2027 0.75 
2028 0.75 
2029 0.75 
2030 0.75 
2031 0.75 
2032 0.75 
2033 0.75 
2034 0.75 

  Rex 
EquilAvgAgeF0  6.0966 
EquilAvgAgeFabc  3.61559 
AvgAgeYr2034 5.39637 
Alternative 5 Catch
     Rex 
Equil_Fabc 8.44107 
Year 
2021 0.392 
2022 1.567 
2023 1.567 
2024  NA 
2025  NA 
2026  NA 
2027  NA 
2028  NA 
2029  NA 
2030  NA 
2031  NA 
2032  NA 
2033  NA 
2034  NA 

Alternative 5 ABCs
     Rex 

Year 
2021  NA 
2022  NA 
2023  NA 
2024  NA 
2025  NA 
2026  NA 
2027  NA 
2028  NA 
2029  NA 
2030  NA 
2031  NA 
2032  NA 
2033  NA 
2034  NA 

Alternative 5 TACs
     Rex 

Year 
2021  NA 
2022  NA 
2023  NA 
2024  NA 
2025  NA 
2026  NA 
2027  NA 
2028  NA 
2029  NA 
2030  NA 
2031  NA 
2032  NA 
2033  NA 
2034  NA 

Alternative 5 Sp_Biomass
     Rex 
Equil_Fabc 23.4242 
Year 
2021 46.2803 
2022 53.4163 
2023 58.3848 
2024 60.9515 
2025 62.6409 
2026 63.3125 
2027 63.4564 
2028 63.2977 
2029 62.9611 
2030 62.5441 
2031 62.1142 
2032 61.7117 
2033 61.3471 
2034 60.9931 

Alternative 5 Fishing Mortality
     Rex 
Equil_Fabc 0.358161 
Year 
2021 0.00782077 
2022 0.026154 
2023 0.0205015 
2024  NA 
2025  NA 
2026  NA 
2027  NA 
2028  NA 
2029  NA 
2030  NA 
2031  NA 
2032  NA 
2033  NA 
2034  NA 

Alternative 5 Biomass
     Rex 

Year 
2021 118.749 
2022 124.722 
2023 127.277 
2024 128.214 
2025 129.492 
2026 129.818 
2027 129.594 
2028 129.047 
2029 128.337 
2030 127.693 
2031 126.966 
2032 126.237 
2033 125.396 
2034 124.656 

Alternative 5 Implied SPR rate 
     Rex 
Equil_Fabc 0.4 
Year 
2021 0.959101 
2022 0.876543 
2023 0.900224 
2024 1 
2025 1 
2026 1 
2027 1 
2028 1 
2029 1 
2030 1 
2031 1 
2032 1 
2033 1 
2034 1 

  Rex 
EquilAvgAgeF0  6.0966 
EquilAvgAgeFabc  3.61559 
AvgAgeYr2034 6.31956 
Alternative 6 Catch
     Rex 
Equil_Fabc 8.44107 
Year 
2021 0.392 
2022 24.3869 
2023 22.9536 
2024 19.2041 
2025 15.1689 
2026 12.1335 
2027 10.2028 
2028 9.30893 
2029 8.89958 
2030 8.66729 
2031 8.54027 
2032 8.50172 
2033 8.50155 
2034 8.52352 

Alternative 6 ABCs
     Rex 

Year 
2021 19.9809 
2022 24.3869 
2023 22.9536 
2024 19.2041 
2025 15.1689 
2026 12.1335 
2027 10.2028 
2028 9.30893 
2029 8.89958 
2030 8.66729 
2031 8.54027 
2032 8.50172 
2033 8.50155 
2034 8.52352 

Alternative 6 TACs
     Rex 

Year 
2021  NA 
2022 24.3869 
2023 22.9536 
2024 19.2041 
2025 15.1689 
2026 12.1335 
2027 10.2028 
2028 9.30893 
2029 8.89958 
2030 8.66729 
2031 8.54027 
2032 8.50172 
2033 8.50155 
2034 8.52352 

Alternative 6 Sp_Biomass
     Rex 
Equil_Fabc 23.4242 
Year 
2021 46.2803 
2022 53.4163 
2023 46.2805 
2024 38.0966 
2025 31.1615 
2026 26.5398 
2027 24.0012 
2028 22.7811 
2029 22.1674 
2030 21.8362 
2031 21.6825 
2032 21.6446 
2033 21.6483 
2034 21.6313 

Alternative 6 Fishing Mortality
     Rex 
Equil_Fabc 0.358161 
Year 
2021 0.00782077 
2022 0.48695 
2023 0.48695 
2024 0.48695 
2025 0.48695 
2026 0.484127 
2027 0.459008 
2028 0.443898 
2029 0.43659 
2030 0.432521 
2031 0.430494 
2032 0.429808 
2033 0.429916 
2034 0.429786 

Alternative 6 Biomass
     Rex 

Year 
2021 118.749 
2022 124.722 
2023 105.466 
2024 88.2521 
2025 75.5418 
2026 67.561 
2027 63.189 
2028 61.0896 
2029 60.0613 
2030 59.6584 
2031 59.4489 
2032 59.3471 
2033 59.1187 
2034 58.9233 

Alternative 6 Implied SPR rate 
     Rex 
Equil_Fabc 0.4 
Year 
2021 0.959101 
2022 0.35 
2023 0.35 
2024 0.35 
2025 0.35 
2026 0.35091 
2027 0.359813 
2028 0.365647 
2029 0.368616 
2030 0.370255 
2031 0.370976 
2032 0.371179 
2033 0.371156 
2034 0.371237 

  Rex 
EquilAvgAgeF0  6.0966 
EquilAvgAgeFabc  3.61559 
AvgAgeYr2034 3.52923 
Alternative 7 Catch
     Rex 
Equil_Fabc 8.44107 
Year 
2021 0.392 
2022 18.8269 
2023 19.2058 
2024 22.1744 
2025 16.8322 
2026 13.0839 
2027 10.7745 
2028 9.57257 
2029 9.01363 
2030 8.71538 
2031 8.56004 
2032 8.50937 
2033 8.50445 
2034 8.52454 

Alternative 7 ABCs
     Rex 

Year 
2021 19.9809 
2022 24.3869 
2023 24.8059 
2024 22.1744 
2025 16.8322 
2026 13.0839 
2027 10.7745 
2028 9.57257 
2029 9.01363 
2030 8.71538 
2031 8.56004 
2032 8.50937 
2033 8.50445 
2034 8.52454 

Alternative 7 TACs
     Rex 

Year 
2021  NA 
2022 24.3869 
2023 24.8059 
2024 22.1744 
2025 16.8322 
2026 13.0839 
2027 10.7745 
2028 9.57257 
2029 9.01363 
2030 8.71538 
2031 8.56004 
2032 8.50937 
2033 8.50445 
2034 8.52454 

Alternative 7 Sp_Biomass
     Rex 
Equil_Fabc 23.4242 
Year 
2021 46.2803 
2022 53.4163 
2023 49.1977 
2024 42.8038 
2025 33.7878 
2026 27.9717 
2027 24.7445 
2028 23.1181 
2029 22.3141 
2030 21.8985 
2031 21.7081 
2032 21.6547 
2033 21.6521 
2034 21.6327 

Alternative 7 Fishing Mortality
     Rex 
Equil_Fabc 0.358161 
Year 
2021 0.00782077 
2022 0.358161 
2023 0.358161 
2024 0.48695 
2025 0.48695 
2026 0.486705 
2027 0.466307 
2028 0.447861 
2029 0.438351 
2030 0.433283 
2031 0.430815 
2032 0.429929 
2033 0.429962 
2034 0.429801 

Alternative 7 Biomass
     Rex 

Year 
2021 118.749 
2022 124.722 
2023 110.766 
2024 96.5826 
2025 80.1628 
2026 70.0684 
2027 64.4871 
2028 61.677 
2029 60.316 
2030 59.766 
2031 59.4931 
2032 59.3645 
2033 59.1254 
2034 58.9257 

Alternative 7 Implied SPR rate 
     Rex 
Equil_Fabc 0.4 
Year 
2021 0.959101 
2022 0.4 
2023 0.4 
2024 0.35 
2025 0.35 
2026 0.350078 
2027 0.357151 
2028 0.364126 
2029 0.36792 
2030 0.369951 
2031 0.370848 
2032 0.37113 
2033 0.371138 
2034 0.371231 

  Rex 
EquilAvgAgeF0  6.0966 
EquilAvgAgeFabc  3.61559 
AvgAgeYr2034 3.52959 
