Rex 1 2021 Cabc 8.44107
Rex 1 2021 Cofl 9.15256
Rex 1 2021 CLCI 0.392
Rex 1 2021 CUCI 0.392
Rex 1 2021 CMedian 0.392
Rex 1 2021 CMean 0.392
Rex 1 2021 CStdn 5.27356e-15
Rex 1 2022 Cabc 8.44107
Rex 1 2022 Cofl 9.15256
Rex 1 2022 CLCI 1.567
Rex 1 2022 CUCI 1.567
Rex 1 2022 CMedian 1.567
Rex 1 2022 CMean 1.567
Rex 1 2022 CStdn 1.20161e-10
Rex 1 2023 Cabc 8.44107
Rex 1 2023 Cofl 9.15256
Rex 1 2023 CLCI 1.567
Rex 1 2023 CUCI 1.567
Rex 1 2023 CMedian 1.567
Rex 1 2023 CMean 1.567
Rex 1 2023 CStdn 6.79602e-09
Rex 1 2024 Cabc 8.44107
Rex 1 2024 Cofl 9.15256
Rex 1 2024 CLCI 25.9746
Rex 1 2024 CUCI 26.0856
Rex 1 2024 CMedian 26.0109
Rex 1 2024 CMean 26.018
Rex 1 2024 CStdn 0.0375371
Rex 1 2025 Cabc 8.44107
Rex 1 2025 Cofl 9.15256
Rex 1 2025 CLCI 19.724
Rex 1 2025 CUCI 20.2355
Rex 1 2025 CMedian 19.8967
Rex 1 2025 CMean 19.9268
Rex 1 2025 CStdn 0.172927
Rex 1 2026 Cabc 8.44107
Rex 1 2026 Cofl 9.15256
Rex 1 2026 CLCI 14.4918
Rex 1 2026 CUCI 16.714
Rex 1 2026 CMedian 15.2505
Rex 1 2026 CMean 15.383
Rex 1 2026 CStdn 0.751409
Rex 1 2027 Cabc 8.44107
Rex 1 2027 Cofl 9.15256
Rex 1 2027 CLCI 10.713
Rex 1 2027 CUCI 15.1473
Rex 1 2027 CMedian 12.349
Rex 1 2027 CMean 12.5886
Rex 1 2027 CStdn 1.49945
Rex 1 2028 Cabc 8.44107
Rex 1 2028 Cofl 9.15256
Rex 1 2028 CLCI 8.58556
Rex 1 2028 CUCI 13.9531
Rex 1 2028 CMedian 10.6396
Rex 1 2028 CMean 10.8639
Rex 1 2028 CStdn 1.75813
Rex 1 2029 Cabc 8.44107
Rex 1 2029 Cofl 9.15256
Rex 1 2029 CLCI 6.70621
Rex 1 2029 CUCI 12.9543
Rex 1 2029 CMedian 9.57674
Rex 1 2029 CMean 9.72069
Rex 1 2029 CStdn 1.90451
Rex 1 2030 Cabc 8.44107
Rex 1 2030 Cofl 9.15256
Rex 1 2030 CLCI 5.84912
Rex 1 2030 CUCI 12.3051
Rex 1 2030 CMedian 8.93206
Rex 1 2030 CMean 8.9778
Rex 1 2030 CStdn 1.98202
Rex 1 2031 Cabc 8.44107
Rex 1 2031 Cofl 9.15256
Rex 1 2031 CLCI 5.44331
Rex 1 2031 CUCI 12.0708
Rex 1 2031 CMedian 8.49425
Rex 1 2031 CMean 8.53357
Rex 1 2031 CStdn 1.96759
Rex 1 2032 Cabc 8.44107
Rex 1 2032 Cofl 9.15256
Rex 1 2032 CLCI 5.32455
Rex 1 2032 CUCI 11.6814
Rex 1 2032 CMedian 8.18893
Rex 1 2032 CMean 8.29622
Rex 1 2032 CStdn 1.93361
Rex 1 2033 Cabc 8.44107
Rex 1 2033 Cofl 9.15256
Rex 1 2033 CLCI 5.38064
Rex 1 2033 CUCI 11.4678
Rex 1 2033 CMedian 7.98116
Rex 1 2033 CMean 8.17089
Rex 1 2033 CStdn 1.89973
Rex 1 2034 Cabc 8.44107
Rex 1 2034 Cofl 9.15256
Rex 1 2034 CLCI 5.30595
Rex 1 2034 CUCI 11.5575
Rex 1 2034 CMedian 7.98686
Rex 1 2034 CMean 8.1249
Rex 1 2034 CStdn 1.91858
Rex 1 2021 SSBF100 58.5604
Rex 1 2021 SSBFabc 23.4242
Rex 1 2021 SSBFofl 20.4962
Rex 1 2021 SSBLCI 46.2803
Rex 1 2021 SSBUCI 46.2803
Rex 1 2021 SSBMedian 46.2803
Rex 1 2021 SSBMean 46.2803
Rex 1 2022 SSBF100 58.5604
Rex 1 2022 SSBFabc 23.4242
Rex 1 2022 SSBFofl 20.4962
Rex 1 2022 SSBLCI 53.363
Rex 1 2022 SSBUCI 53.504
Rex 1 2022 SSBMedian 53.4064
Rex 1 2022 SSBMean 53.4163
Rex 1 2023 SSBF100 58.5604
Rex 1 2023 SSBFabc 23.4242
Rex 1 2023 SSBFofl 20.4962
Rex 1 2023 SSBLCI 58.097
Rex 1 2023 SSBUCI 58.8251
Rex 1 2023 SSBMedian 58.3408
Rex 1 2023 SSBMean 58.3848
Rex 1 2024 SSBF100 58.5604
Rex 1 2024 SSBFabc 23.4242
Rex 1 2024 SSBFofl 20.4962
Rex 1 2024 SSBLCI 59.9297
Rex 1 2024 SSBUCI 62.411
Rex 1 2024 SSBMedian 60.8036
Rex 1 2024 SSBMean 60.9515
Rex 1 2025 SSBF100 58.5604
Rex 1 2025 SSBFabc 23.4242
Rex 1 2025 SSBFofl 20.4962
Rex 1 2025 SSBLCI 45.5609
Rex 1 2025 SSBUCI 51.3839
Rex 1 2025 SSBMedian 47.6715
Rex 1 2025 SSBMean 48.0027
Rex 1 2026 SSBF100 58.5604
Rex 1 2026 SSBFabc 23.4242
Rex 1 2026 SSBFofl 20.4962
Rex 1 2026 SSBLCI 34.7272
Rex 1 2026 SSBUCI 44.6974
Rex 1 2026 SSBMedian 38.4876
Rex 1 2026 SSBMean 38.9154
Rex 1 2027 SSBF100 58.5604
Rex 1 2027 SSBFabc 23.4242
Rex 1 2027 SSBFofl 20.4962
Rex 1 2027 SSBLCI 27.747
Rex 1 2027 SSBUCI 40.312
Rex 1 2027 SSBMedian 32.5123
Rex 1 2027 SSBMean 33.1282
Rex 1 2028 SSBF100 58.5604
Rex 1 2028 SSBFabc 23.4242
Rex 1 2028 SSBFofl 20.4962
Rex 1 2028 SSBLCI 23.3378
Rex 1 2028 SSBUCI 37.7098
Rex 1 2028 SSBMedian 28.7887
Rex 1 2028 SSBMean 29.4798
Rex 1 2029 SSBF100 58.5604
Rex 1 2029 SSBFabc 23.4242
Rex 1 2029 SSBFofl 20.4962
Rex 1 2029 SSBLCI 20.6935
Rex 1 2029 SSBUCI 35.0474
Rex 1 2029 SSBMedian 26.5365
Rex 1 2029 SSBMean 27.1839
Rex 1 2030 SSBF100 58.5604
Rex 1 2030 SSBFabc 23.4242
Rex 1 2030 SSBFofl 20.4962
Rex 1 2030 SSBLCI 19.3483
Rex 1 2030 SSBUCI 33.8958
Rex 1 2030 SSBMedian 25.2894
Rex 1 2030 SSBMean 25.7868
Rex 1 2031 SSBF100 58.5604
Rex 1 2031 SSBFabc 23.4242
Rex 1 2031 SSBFofl 20.4962
Rex 1 2031 SSBLCI 19.0302
Rex 1 2031 SSBUCI 32.7627
Rex 1 2031 SSBMedian 24.3526
Rex 1 2031 SSBMean 24.9884
Rex 1 2032 SSBF100 58.5604
Rex 1 2032 SSBFabc 23.4242
Rex 1 2032 SSBFofl 20.4962
Rex 1 2032 SSBLCI 18.8676
Rex 1 2032 SSBUCI 32.0899
Rex 1 2032 SSBMedian 23.8656
Rex 1 2032 SSBMean 24.5678
Rex 1 2033 SSBF100 58.5604
Rex 1 2033 SSBFabc 23.4242
Rex 1 2033 SSBFofl 20.4962
Rex 1 2033 SSBLCI 18.797
Rex 1 2033 SSBUCI 32.2535
Rex 1 2033 SSBMedian 23.4941
Rex 1 2033 SSBMean 24.3527
Rex 1 2034 SSBF100 58.5604
Rex 1 2034 SSBFabc 23.4242
Rex 1 2034 SSBFofl 20.4962
Rex 1 2034 SSBLCI 18.473
Rex 1 2034 SSBUCI 32.1115
Rex 1 2034 SSBMedian 23.5396
Rex 1 2034 SSBMean 24.2183
Rex 1 2021 F0 0 
Rex 1 2021 Fabc 0.358161
Rex 1 2021 Fofl 0.48695
Rex 1 2021  F_LCI 0.00782077
Rex 1 2021  F_UCI 0.00782077
Rex 1 2021  F_Median 0.00782077
Rex 1 2021  F_Mean 0.00782077
Rex 1 2022 F0 0 
Rex 1 2022 Fabc 0.358161
Rex 1 2022 Fofl 0.48695
Rex 1 2022  F_LCI 0.0261531
Rex 1 2022  F_UCI 0.0261545
Rex 1 2022  F_Median 0.0261541
Rex 1 2022  F_Mean 0.026154
Rex 1 2023 F0 0 
Rex 1 2023 Fabc 0.358161
Rex 1 2023 Fofl 0.48695
Rex 1 2023  F_LCI 0.0204943
Rex 1 2023  F_UCI 0.0205059
Rex 1 2023  F_Median 0.0205022
Rex 1 2023  F_Mean 0.0205015
Rex 1 2024 F0 0 
Rex 1 2024 Fabc 0.358161
Rex 1 2024 Fofl 0.48695
Rex 1 2024  F_LCI 0.358161
Rex 1 2024  F_UCI 0.358161
Rex 1 2024  F_Median 0.358161
Rex 1 2024  F_Mean 0.358161
Rex 1 2025 F0 0 
Rex 1 2025 Fabc 0.358161
Rex 1 2025 Fofl 0.48695
Rex 1 2025  F_LCI 0.358161
Rex 1 2025  F_UCI 0.358161
Rex 1 2025  F_Median 0.358161
Rex 1 2025  F_Mean 0.358161
Rex 1 2026 F0 0 
Rex 1 2026 Fabc 0.358161
Rex 1 2026 Fofl 0.48695
Rex 1 2026  F_LCI 0.358161
Rex 1 2026  F_UCI 0.358161
Rex 1 2026  F_Median 0.358161
Rex 1 2026  F_Mean 0.358161
Rex 1 2027 F0 0 
Rex 1 2027 Fabc 0.358161
Rex 1 2027 Fofl 0.48695
Rex 1 2027  F_LCI 0.358161
Rex 1 2027  F_UCI 0.358161
Rex 1 2027  F_Median 0.358161
Rex 1 2027  F_Mean 0.358161
Rex 1 2028 F0 0 
Rex 1 2028 Fabc 0.358161
Rex 1 2028 Fofl 0.48695
Rex 1 2028  F_LCI 0.356771
Rex 1 2028  F_UCI 0.358161
Rex 1 2028  F_Median 0.358161
Rex 1 2028  F_Mean 0.357303
Rex 1 2029 F0 0 
Rex 1 2029 Fabc 0.358161
Rex 1 2029 Fofl 0.48695
Rex 1 2029  F_LCI 0.314211
Rex 1 2029  F_UCI 0.358161
Rex 1 2029  F_Median 0.358161
Rex 1 2029  F_Mean 0.351994
Rex 1 2030 F0 0 
Rex 1 2030 Fabc 0.358161
Rex 1 2030 Fofl 0.48695
Rex 1 2030  F_LCI 0.29256
Rex 1 2030  F_UCI 0.358161
Rex 1 2030  F_Median 0.358161
Rex 1 2030  F_Mean 0.346282
Rex 1 2031 F0 0 
Rex 1 2031 Fabc 0.358161
Rex 1 2031 Fofl 0.48695
Rex 1 2031  F_LCI 0.287441
Rex 1 2031  F_UCI 0.358161
Rex 1 2031  F_Median 0.358161
Rex 1 2031  F_Mean 0.342524
Rex 1 2032 F0 0 
Rex 1 2032 Fabc 0.358161
Rex 1 2032 Fofl 0.48695
Rex 1 2032  F_LCI 0.284823
Rex 1 2032  F_UCI 0.358161
Rex 1 2032  F_Median 0.358161
Rex 1 2032  F_Mean 0.34033
Rex 1 2033 F0 0 
Rex 1 2033 Fabc 0.358161
Rex 1 2033 Fofl 0.48695
Rex 1 2033  F_LCI 0.283687
Rex 1 2033  F_UCI 0.358161
Rex 1 2033  F_Median 0.358161
Rex 1 2033  F_Mean 0.33904
Rex 1 2034 F0 0 
Rex 1 2034 Fabc 0.358161
Rex 1 2034 Fofl 0.48695
Rex 1 2034  F_LCI 0.278473
Rex 1 2034  F_UCI 0.358161
Rex 1 2034  F_Median 0.358161
Rex 1 2034  F_Mean 0.338353
Rex 2 2021 Cabc 8.44107
Rex 2 2021 Cofl 9.15256
Rex 2 2021 CLCI 0.392
Rex 2 2021 CUCI 0.392
Rex 2 2021 CMedian 0.392
Rex 2 2021 CMean 0.392
Rex 2 2021 CStdn 5.27356e-15
Rex 2 2022 Cabc 8.44107
Rex 2 2022 Cofl 9.15256
Rex 2 2022 CLCI 1.567
Rex 2 2022 CUCI 1.567
Rex 2 2022 CMedian 1.567
Rex 2 2022 CMean 1.567
Rex 2 2022 CStdn 1.20161e-10
Rex 2 2023 Cabc 8.44107
Rex 2 2023 Cofl 9.15256
Rex 2 2023 CLCI 1.567
Rex 2 2023 CUCI 1.567
Rex 2 2023 CMedian 1.567
Rex 2 2023 CMean 1.567
Rex 2 2023 CStdn 6.79602e-09
Rex 2 2024 Cabc 8.44107
Rex 2 2024 Cofl 9.15256
Rex 2 2024 CLCI 25.9746
Rex 2 2024 CUCI 26.0856
Rex 2 2024 CMedian 26.0109
Rex 2 2024 CMean 26.018
Rex 2 2024 CStdn 0.0375371
Rex 2 2025 Cabc 8.44107
Rex 2 2025 Cofl 9.15256
Rex 2 2025 CLCI 19.724
Rex 2 2025 CUCI 20.2355
Rex 2 2025 CMedian 19.8967
Rex 2 2025 CMean 19.9268
Rex 2 2025 CStdn 0.172927
Rex 2 2026 Cabc 8.44107
Rex 2 2026 Cofl 9.15256
Rex 2 2026 CLCI 14.4918
Rex 2 2026 CUCI 16.714
Rex 2 2026 CMedian 15.2505
Rex 2 2026 CMean 15.383
Rex 2 2026 CStdn 0.751409
Rex 2 2027 Cabc 8.44107
Rex 2 2027 Cofl 9.15256
Rex 2 2027 CLCI 10.713
Rex 2 2027 CUCI 15.1473
Rex 2 2027 CMedian 12.349
Rex 2 2027 CMean 12.5886
Rex 2 2027 CStdn 1.49945
Rex 2 2028 Cabc 8.44107
Rex 2 2028 Cofl 9.15256
Rex 2 2028 CLCI 8.58556
Rex 2 2028 CUCI 13.9531
Rex 2 2028 CMedian 10.6396
Rex 2 2028 CMean 10.8639
Rex 2 2028 CStdn 1.75813
Rex 2 2029 Cabc 8.44107
Rex 2 2029 Cofl 9.15256
Rex 2 2029 CLCI 6.70621
Rex 2 2029 CUCI 12.9543
Rex 2 2029 CMedian 9.57674
Rex 2 2029 CMean 9.72069
Rex 2 2029 CStdn 1.90451
Rex 2 2030 Cabc 8.44107
Rex 2 2030 Cofl 9.15256
Rex 2 2030 CLCI 5.84912
Rex 2 2030 CUCI 12.3051
Rex 2 2030 CMedian 8.93206
Rex 2 2030 CMean 8.9778
Rex 2 2030 CStdn 1.98202
Rex 2 2031 Cabc 8.44107
Rex 2 2031 Cofl 9.15256
Rex 2 2031 CLCI 5.44331
Rex 2 2031 CUCI 12.0708
Rex 2 2031 CMedian 8.49425
Rex 2 2031 CMean 8.53357
Rex 2 2031 CStdn 1.96759
Rex 2 2032 Cabc 8.44107
Rex 2 2032 Cofl 9.15256
Rex 2 2032 CLCI 5.32455
Rex 2 2032 CUCI 11.6814
Rex 2 2032 CMedian 8.18893
Rex 2 2032 CMean 8.29622
Rex 2 2032 CStdn 1.93361
Rex 2 2033 Cabc 8.44107
Rex 2 2033 Cofl 9.15256
Rex 2 2033 CLCI 5.38064
Rex 2 2033 CUCI 11.4678
Rex 2 2033 CMedian 7.98116
Rex 2 2033 CMean 8.17089
Rex 2 2033 CStdn 1.89973
Rex 2 2034 Cabc 8.44107
Rex 2 2034 Cofl 9.15256
Rex 2 2034 CLCI 5.30595
Rex 2 2034 CUCI 11.5575
Rex 2 2034 CMedian 7.98686
Rex 2 2034 CMean 8.1249
Rex 2 2034 CStdn 1.91858
Rex 2 2021 SSBF100 58.5604
Rex 2 2021 SSBFabc 23.4242
Rex 2 2021 SSBFofl 20.4962
Rex 2 2021 SSBLCI 46.2803
Rex 2 2021 SSBUCI 46.2803
Rex 2 2021 SSBMedian 46.2803
Rex 2 2021 SSBMean 46.2803
Rex 2 2022 SSBF100 58.5604
Rex 2 2022 SSBFabc 23.4242
Rex 2 2022 SSBFofl 20.4962
Rex 2 2022 SSBLCI 53.363
Rex 2 2022 SSBUCI 53.504
Rex 2 2022 SSBMedian 53.4064
Rex 2 2022 SSBMean 53.4163
Rex 2 2023 SSBF100 58.5604
Rex 2 2023 SSBFabc 23.4242
Rex 2 2023 SSBFofl 20.4962
Rex 2 2023 SSBLCI 58.097
Rex 2 2023 SSBUCI 58.8251
Rex 2 2023 SSBMedian 58.3408
Rex 2 2023 SSBMean 58.3848
Rex 2 2024 SSBF100 58.5604
Rex 2 2024 SSBFabc 23.4242
Rex 2 2024 SSBFofl 20.4962
Rex 2 2024 SSBLCI 59.9297
Rex 2 2024 SSBUCI 62.411
Rex 2 2024 SSBMedian 60.8036
Rex 2 2024 SSBMean 60.9515
Rex 2 2025 SSBF100 58.5604
Rex 2 2025 SSBFabc 23.4242
Rex 2 2025 SSBFofl 20.4962
Rex 2 2025 SSBLCI 45.5609
Rex 2 2025 SSBUCI 51.3839
Rex 2 2025 SSBMedian 47.6715
Rex 2 2025 SSBMean 48.0027
Rex 2 2026 SSBF100 58.5604
Rex 2 2026 SSBFabc 23.4242
Rex 2 2026 SSBFofl 20.4962
Rex 2 2026 SSBLCI 34.7272
Rex 2 2026 SSBUCI 44.6974
Rex 2 2026 SSBMedian 38.4876
Rex 2 2026 SSBMean 38.9154
Rex 2 2027 SSBF100 58.5604
Rex 2 2027 SSBFabc 23.4242
Rex 2 2027 SSBFofl 20.4962
Rex 2 2027 SSBLCI 27.747
Rex 2 2027 SSBUCI 40.312
Rex 2 2027 SSBMedian 32.5123
Rex 2 2027 SSBMean 33.1282
Rex 2 2028 SSBF100 58.5604
Rex 2 2028 SSBFabc 23.4242
Rex 2 2028 SSBFofl 20.4962
Rex 2 2028 SSBLCI 23.3378
Rex 2 2028 SSBUCI 37.7098
Rex 2 2028 SSBMedian 28.7887
Rex 2 2028 SSBMean 29.4798
Rex 2 2029 SSBF100 58.5604
Rex 2 2029 SSBFabc 23.4242
Rex 2 2029 SSBFofl 20.4962
Rex 2 2029 SSBLCI 20.6935
Rex 2 2029 SSBUCI 35.0474
Rex 2 2029 SSBMedian 26.5365
Rex 2 2029 SSBMean 27.1839
Rex 2 2030 SSBF100 58.5604
Rex 2 2030 SSBFabc 23.4242
Rex 2 2030 SSBFofl 20.4962
Rex 2 2030 SSBLCI 19.3483
Rex 2 2030 SSBUCI 33.8958
Rex 2 2030 SSBMedian 25.2894
Rex 2 2030 SSBMean 25.7868
Rex 2 2031 SSBF100 58.5604
Rex 2 2031 SSBFabc 23.4242
Rex 2 2031 SSBFofl 20.4962
Rex 2 2031 SSBLCI 19.0302
Rex 2 2031 SSBUCI 32.7627
Rex 2 2031 SSBMedian 24.3526
Rex 2 2031 SSBMean 24.9884
Rex 2 2032 SSBF100 58.5604
Rex 2 2032 SSBFabc 23.4242
Rex 2 2032 SSBFofl 20.4962
Rex 2 2032 SSBLCI 18.8676
Rex 2 2032 SSBUCI 32.0899
Rex 2 2032 SSBMedian 23.8656
Rex 2 2032 SSBMean 24.5678
Rex 2 2033 SSBF100 58.5604
Rex 2 2033 SSBFabc 23.4242
Rex 2 2033 SSBFofl 20.4962
Rex 2 2033 SSBLCI 18.797
Rex 2 2033 SSBUCI 32.2535
Rex 2 2033 SSBMedian 23.4941
Rex 2 2033 SSBMean 24.3527
Rex 2 2034 SSBF100 58.5604
Rex 2 2034 SSBFabc 23.4242
Rex 2 2034 SSBFofl 20.4962
Rex 2 2034 SSBLCI 18.473
Rex 2 2034 SSBUCI 32.1115
Rex 2 2034 SSBMedian 23.5396
Rex 2 2034 SSBMean 24.2183
Rex 2 2021 F0 0 
Rex 2 2021 Fabc 0.358161
Rex 2 2021 Fofl 0.48695
Rex 2 2021  F_LCI 0.00782077
Rex 2 2021  F_UCI 0.00782077
Rex 2 2021  F_Median 0.00782077
Rex 2 2021  F_Mean 0.00782077
Rex 2 2022 F0 0 
Rex 2 2022 Fabc 0.358161
Rex 2 2022 Fofl 0.48695
Rex 2 2022  F_LCI 0.0261531
Rex 2 2022  F_UCI 0.0261545
Rex 2 2022  F_Median 0.0261541
Rex 2 2022  F_Mean 0.026154
Rex 2 2023 F0 0 
Rex 2 2023 Fabc 0.358161
Rex 2 2023 Fofl 0.48695
Rex 2 2023  F_LCI 0.0204943
Rex 2 2023  F_UCI 0.0205059
Rex 2 2023  F_Median 0.0205022
Rex 2 2023  F_Mean 0.0205015
Rex 2 2024 F0 0 
Rex 2 2024 Fabc 0.358161
Rex 2 2024 Fofl 0.48695
Rex 2 2024  F_LCI 0.358161
Rex 2 2024  F_UCI 0.358161
Rex 2 2024  F_Median 0.358161
Rex 2 2024  F_Mean 0.358161
Rex 2 2025 F0 0 
Rex 2 2025 Fabc 0.358161
Rex 2 2025 Fofl 0.48695
Rex 2 2025  F_LCI 0.358161
Rex 2 2025  F_UCI 0.358161
Rex 2 2025  F_Median 0.358161
Rex 2 2025  F_Mean 0.358161
Rex 2 2026 F0 0 
Rex 2 2026 Fabc 0.358161
Rex 2 2026 Fofl 0.48695
Rex 2 2026  F_LCI 0.358161
Rex 2 2026  F_UCI 0.358161
Rex 2 2026  F_Median 0.358161
Rex 2 2026  F_Mean 0.358161
Rex 2 2027 F0 0 
Rex 2 2027 Fabc 0.358161
Rex 2 2027 Fofl 0.48695
Rex 2 2027  F_LCI 0.358161
Rex 2 2027  F_UCI 0.358161
Rex 2 2027  F_Median 0.358161
Rex 2 2027  F_Mean 0.358161
Rex 2 2028 F0 0 
Rex 2 2028 Fabc 0.358161
Rex 2 2028 Fofl 0.48695
Rex 2 2028  F_LCI 0.356771
Rex 2 2028  F_UCI 0.358161
Rex 2 2028  F_Median 0.358161
Rex 2 2028  F_Mean 0.357303
Rex 2 2029 F0 0 
Rex 2 2029 Fabc 0.358161
Rex 2 2029 Fofl 0.48695
Rex 2 2029  F_LCI 0.314211
Rex 2 2029  F_UCI 0.358161
Rex 2 2029  F_Median 0.358161
Rex 2 2029  F_Mean 0.351994
Rex 2 2030 F0 0 
Rex 2 2030 Fabc 0.358161
Rex 2 2030 Fofl 0.48695
Rex 2 2030  F_LCI 0.29256
Rex 2 2030  F_UCI 0.358161
Rex 2 2030  F_Median 0.358161
Rex 2 2030  F_Mean 0.346282
Rex 2 2031 F0 0 
Rex 2 2031 Fabc 0.358161
Rex 2 2031 Fofl 0.48695
Rex 2 2031  F_LCI 0.287441
Rex 2 2031  F_UCI 0.358161
Rex 2 2031  F_Median 0.358161
Rex 2 2031  F_Mean 0.342524
Rex 2 2032 F0 0 
Rex 2 2032 Fabc 0.358161
Rex 2 2032 Fofl 0.48695
Rex 2 2032  F_LCI 0.284823
Rex 2 2032  F_UCI 0.358161
Rex 2 2032  F_Median 0.358161
Rex 2 2032  F_Mean 0.34033
Rex 2 2033 F0 0 
Rex 2 2033 Fabc 0.358161
Rex 2 2033 Fofl 0.48695
Rex 2 2033  F_LCI 0.283687
Rex 2 2033  F_UCI 0.358161
Rex 2 2033  F_Median 0.358161
Rex 2 2033  F_Mean 0.33904
Rex 2 2034 F0 0 
Rex 2 2034 Fabc 0.358161
Rex 2 2034 Fofl 0.48695
Rex 2 2034  F_LCI 0.278473
Rex 2 2034  F_UCI 0.358161
Rex 2 2034  F_Median 0.358161
Rex 2 2034  F_Mean 0.338353
Rex 3 2021 Cabc 8.44107
Rex 3 2021 Cofl 9.15256
Rex 3 2021 CLCI 0.392
Rex 3 2021 CUCI 0.392
Rex 3 2021 CMedian 0.392
Rex 3 2021 CMean 0.392
Rex 3 2021 CStdn 5.27356e-15
Rex 3 2022 Cabc 8.44107
Rex 3 2022 Cofl 9.15256
Rex 3 2022 CLCI 1.567
Rex 3 2022 CUCI 1.567
Rex 3 2022 CMedian 1.567
Rex 3 2022 CMean 1.567
Rex 3 2022 CStdn 1.20161e-10
Rex 3 2023 Cabc 8.44107
Rex 3 2023 Cofl 9.15256
Rex 3 2023 CLCI 1.567
Rex 3 2023 CUCI 1.567
Rex 3 2023 CMedian 1.567
Rex 3 2023 CMean 1.567
Rex 3 2023 CStdn 6.79602e-09
Rex 3 2024 Cabc 8.44107
Rex 3 2024 Cofl 9.15256
Rex 3 2024 CLCI 2.07324
Rex 3 2024 CUCI 2.08095
Rex 3 2024 CMedian 2.07576
Rex 3 2024 CMean 2.07626
Rex 3 2024 CStdn 0.00260566
Rex 3 2025 Cabc 8.44107
Rex 3 2025 Cofl 9.15256
Rex 3 2025 CLCI 2.09077
Rex 3 2025 CUCI 2.12733
Rex 3 2025 CMedian 2.10313
Rex 3 2025 CMean 2.10527
Rex 3 2025 CStdn 0.0124091
Rex 3 2026 Cabc 8.44107
Rex 3 2026 Cofl 9.15256
Rex 3 2026 CLCI 1.99705
Rex 3 2026 CUCI 2.16746
Rex 3 2026 CMedian 2.05473
Rex 3 2026 CMean 2.06495
Rex 3 2026 CStdn 0.05757
Rex 3 2027 Cabc 8.44107
Rex 3 2027 Cofl 9.15256
Rex 3 2027 CLCI 1.85853
Rex 3 2027 CUCI 2.25817
Rex 3 2027 CMedian 2.00349
Rex 3 2027 CMean 2.02506
Rex 3 2027 CStdn 0.135341
Rex 3 2028 Cabc 8.44107
Rex 3 2028 Cofl 9.15256
Rex 3 2028 CLCI 1.7543
Rex 3 2028 CUCI 2.29791
Rex 3 2028 CMedian 1.95485
Rex 3 2028 CMean 1.98688
Rex 3 2028 CStdn 0.178749
Rex 3 2029 Cabc 8.44107
Rex 3 2029 Cofl 9.15256
Rex 3 2029 CLCI 1.68332
Rex 3 2029 CUCI 2.3023
Rex 3 2029 CMedian 1.92173
Rex 3 2029 CMean 1.95046
Rex 3 2029 CStdn 0.201411
Rex 3 2030 Cabc 8.44107
Rex 3 2030 Cofl 9.15256
Rex 3 2030 CLCI 1.6031
Rex 3 2030 CUCI 2.30016
Rex 3 2030 CMedian 1.88783
Rex 3 2030 CMean 1.9144
Rex 3 2030 CStdn 0.217003
Rex 3 2031 Cabc 8.44107
Rex 3 2031 Cofl 9.15256
Rex 3 2031 CLCI 1.55456
Rex 3 2031 CUCI 2.2873
Rex 3 2031 CMedian 1.85528
Rex 3 2031 CMean 1.88087
Rex 3 2031 CStdn 0.227156
Rex 3 2032 Cabc 8.44107
Rex 3 2032 Cofl 9.15256
Rex 3 2032 CLCI 1.49746
Rex 3 2032 CUCI 2.25543
Rex 3 2032 CMedian 1.82826
Rex 3 2032 CMean 1.85281
Rex 3 2032 CStdn 0.233366
Rex 3 2033 Cabc 8.44107
Rex 3 2033 Cofl 9.15256
Rex 3 2033 CLCI 1.48202
Rex 3 2033 CUCI 2.24867
Rex 3 2033 CMedian 1.79569
Rex 3 2033 CMean 1.82923
Rex 3 2033 CStdn 0.236134
Rex 3 2034 Cabc 8.44107
Rex 3 2034 Cofl 9.15256
Rex 3 2034 CLCI 1.47272
Rex 3 2034 CUCI 2.24101
Rex 3 2034 CMedian 1.78483
Rex 3 2034 CMean 1.81071
Rex 3 2034 CStdn 0.238914
Rex 3 2021 SSBF100 58.5604
Rex 3 2021 SSBFabc 23.4242
Rex 3 2021 SSBFofl 20.4962
Rex 3 2021 SSBLCI 46.2803
Rex 3 2021 SSBUCI 46.2803
Rex 3 2021 SSBMedian 46.2803
Rex 3 2021 SSBMean 46.2803
Rex 3 2022 SSBF100 58.5604
Rex 3 2022 SSBFabc 23.4242
Rex 3 2022 SSBFofl 20.4962
Rex 3 2022 SSBLCI 53.363
Rex 3 2022 SSBUCI 53.504
Rex 3 2022 SSBMedian 53.4064
Rex 3 2022 SSBMean 53.4163
Rex 3 2023 SSBF100 58.5604
Rex 3 2023 SSBFabc 23.4242
Rex 3 2023 SSBFofl 20.4962
Rex 3 2023 SSBLCI 58.097
Rex 3 2023 SSBUCI 58.8251
Rex 3 2023 SSBMedian 58.3408
Rex 3 2023 SSBMean 58.3848
Rex 3 2024 SSBF100 58.5604
Rex 3 2024 SSBFabc 23.4242
Rex 3 2024 SSBFofl 20.4962
Rex 3 2024 SSBLCI 59.9297
Rex 3 2024 SSBUCI 62.411
Rex 3 2024 SSBMedian 60.8036
Rex 3 2024 SSBMean 60.9515
Rex 3 2025 SSBF100 58.5604
Rex 3 2025 SSBFabc 23.4242
Rex 3 2025 SSBFofl 20.4962
Rex 3 2025 SSBLCI 59.0216
Rex 3 2025 SSBUCI 64.8449
Rex 3 2025 SSBMedian 61.1324
Rex 3 2025 SSBMean 61.4635
Rex 3 2026 SSBF100 58.5604
Rex 3 2026 SSBFabc 23.4242
Rex 3 2026 SSBFofl 20.4962
Rex 3 2026 SSBLCI 56.8542
Rex 3 2026 SSBUCI 66.8584
Rex 3 2026 SSBMedian 60.6217
Rex 3 2026 SSBMean 61.0548
Rex 3 2027 SSBF100 58.5604
Rex 3 2027 SSBFabc 23.4242
Rex 3 2027 SSBFofl 20.4962
Rex 3 2027 SSBLCI 54.5543
Rex 3 2027 SSBUCI 67.9941
Rex 3 2027 SSBMedian 59.6707
Rex 3 2027 SSBMean 60.2778
Rex 3 2028 SSBF100 58.5604
Rex 3 2028 SSBFabc 23.4242
Rex 3 2028 SSBFofl 20.4962
Rex 3 2028 SSBLCI 52.3097
Rex 3 2028 SSBUCI 68.8078
Rex 3 2028 SSBMedian 58.7215
Rex 3 2028 SSBMean 59.3492
Rex 3 2029 SSBF100 58.5604
Rex 3 2029 SSBFabc 23.4242
Rex 3 2029 SSBFofl 20.4962
Rex 3 2029 SSBLCI 50.0525
Rex 3 2029 SSBUCI 68.6428
Rex 3 2029 SSBMedian 57.6432
Rex 3 2029 SSBMean 58.3788
Rex 3 2030 SSBF100 58.5604
Rex 3 2030 SSBFabc 23.4242
Rex 3 2030 SSBFofl 20.4962
Rex 3 2030 SSBLCI 48.2653
Rex 3 2030 SSBUCI 68.0491
Rex 3 2030 SSBMedian 56.7458
Rex 3 2030 SSBMean 57.4459
Rex 3 2031 SSBF100 58.5604
Rex 3 2031 SSBFabc 23.4242
Rex 3 2031 SSBFofl 20.4962
Rex 3 2031 SSBLCI 47.1039
Rex 3 2031 SSBUCI 67.9005
Rex 3 2031 SSBMedian 56.0787
Rex 3 2031 SSBMean 56.6023
Rex 3 2032 SSBF100 58.5604
Rex 3 2032 SSBFabc 23.4242
Rex 3 2032 SSBFofl 20.4962
Rex 3 2032 SSBLCI 46.2265
Rex 3 2032 SSBUCI 67.4978
Rex 3 2032 SSBMedian 55.1881
Rex 3 2032 SSBMean 55.8725
Rex 3 2033 SSBF100 58.5604
Rex 3 2033 SSBFabc 23.4242
Rex 3 2033 SSBFofl 20.4962
Rex 3 2033 SSBLCI 45.6253
Rex 3 2033 SSBUCI 67.2164
Rex 3 2033 SSBMedian 54.4474
Rex 3 2033 SSBMean 55.2499
Rex 3 2034 SSBF100 58.5604
Rex 3 2034 SSBFabc 23.4242
Rex 3 2034 SSBFofl 20.4962
Rex 3 2034 SSBLCI 44.5533
Rex 3 2034 SSBUCI 66.9675
Rex 3 2034 SSBMedian 53.9411
Rex 3 2034 SSBMean 54.6934
Rex 3 2021 F0 0 
Rex 3 2021 Fabc 0.358161
Rex 3 2021 Fofl 0.48695
Rex 3 2021  F_LCI 0.00782077
Rex 3 2021  F_UCI 0.00782077
Rex 3 2021  F_Median 0.00782077
Rex 3 2021  F_Mean 0.00782077
Rex 3 2022 F0 0 
Rex 3 2022 Fabc 0.358161
Rex 3 2022 Fofl 0.48695
Rex 3 2022  F_LCI 0.0261531
Rex 3 2022  F_UCI 0.0261545
Rex 3 2022  F_Median 0.0261541
Rex 3 2022  F_Mean 0.026154
Rex 3 2023 F0 0 
Rex 3 2023 Fabc 0.358161
Rex 3 2023 Fofl 0.48695
Rex 3 2023  F_LCI 0.0204943
Rex 3 2023  F_UCI 0.0205059
Rex 3 2023  F_Median 0.0205022
Rex 3 2023  F_Mean 0.0205015
Rex 3 2024 F0 0 
Rex 3 2024 Fabc 0.358161
Rex 3 2024 Fofl 0.48695
Rex 3 2024  F_LCI 0.0246643
Rex 3 2024  F_UCI 0.0246643
Rex 3 2024  F_Median 0.0246643
Rex 3 2024  F_Mean 0.0246643
Rex 3 2025 F0 0 
Rex 3 2025 Fabc 0.358161
Rex 3 2025 Fofl 0.48695
Rex 3 2025  F_LCI 0.0246643
Rex 3 2025  F_UCI 0.0246643
Rex 3 2025  F_Median 0.0246643
Rex 3 2025  F_Mean 0.0246643
Rex 3 2026 F0 0 
Rex 3 2026 Fabc 0.358161
Rex 3 2026 Fofl 0.48695
Rex 3 2026  F_LCI 0.0246643
Rex 3 2026  F_UCI 0.0246643
Rex 3 2026  F_Median 0.0246643
Rex 3 2026  F_Mean 0.0246643
Rex 3 2027 F0 0 
Rex 3 2027 Fabc 0.358161
Rex 3 2027 Fofl 0.48695
Rex 3 2027  F_LCI 0.0246643
Rex 3 2027  F_UCI 0.0246643
Rex 3 2027  F_Median 0.0246643
Rex 3 2027  F_Mean 0.0246643
Rex 3 2028 F0 0 
Rex 3 2028 Fabc 0.358161
Rex 3 2028 Fofl 0.48695
Rex 3 2028  F_LCI 0.0246643
Rex 3 2028  F_UCI 0.0246643
Rex 3 2028  F_Median 0.0246643
Rex 3 2028  F_Mean 0.0246643
Rex 3 2029 F0 0 
Rex 3 2029 Fabc 0.358161
Rex 3 2029 Fofl 0.48695
Rex 3 2029  F_LCI 0.0246643
Rex 3 2029  F_UCI 0.0246643
Rex 3 2029  F_Median 0.0246643
Rex 3 2029  F_Mean 0.0246643
Rex 3 2030 F0 0 
Rex 3 2030 Fabc 0.358161
Rex 3 2030 Fofl 0.48695
Rex 3 2030  F_LCI 0.0246643
Rex 3 2030  F_UCI 0.0246643
Rex 3 2030  F_Median 0.0246643
Rex 3 2030  F_Mean 0.0246643
Rex 3 2031 F0 0 
Rex 3 2031 Fabc 0.358161
Rex 3 2031 Fofl 0.48695
Rex 3 2031  F_LCI 0.0246643
Rex 3 2031  F_UCI 0.0246643
Rex 3 2031  F_Median 0.0246643
Rex 3 2031  F_Mean 0.0246643
Rex 3 2032 F0 0 
Rex 3 2032 Fabc 0.358161
Rex 3 2032 Fofl 0.48695
Rex 3 2032  F_LCI 0.0246643
Rex 3 2032  F_UCI 0.0246643
Rex 3 2032  F_Median 0.0246643
Rex 3 2032  F_Mean 0.0246643
Rex 3 2033 F0 0 
Rex 3 2033 Fabc 0.358161
Rex 3 2033 Fofl 0.48695
Rex 3 2033  F_LCI 0.0246643
Rex 3 2033  F_UCI 0.0246643
Rex 3 2033  F_Median 0.0246643
Rex 3 2033  F_Mean 0.0246643
Rex 3 2034 F0 0 
Rex 3 2034 Fabc 0.358161
Rex 3 2034 Fofl 0.48695
Rex 3 2034  F_LCI 0.0246643
Rex 3 2034  F_UCI 0.0246643
Rex 3 2034  F_Median 0.0246643
Rex 3 2034  F_Mean 0.0246643
Rex 4 2021 Cabc 8.44107
Rex 4 2021 Cofl 9.15256
Rex 4 2021 CLCI 0.392
Rex 4 2021 CUCI 0.392
Rex 4 2021 CMedian 0.392
Rex 4 2021 CMean 0.392
Rex 4 2021 CStdn 5.27356e-15
Rex 4 2022 Cabc 8.44107
Rex 4 2022 Cofl 9.15256
Rex 4 2022 CLCI 1.567
Rex 4 2022 CUCI 1.567
Rex 4 2022 CMedian 1.567
Rex 4 2022 CMean 1.567
Rex 4 2022 CStdn 1.20161e-10
Rex 4 2023 Cabc 8.44107
Rex 4 2023 Cofl 9.15256
Rex 4 2023 CLCI 1.567
Rex 4 2023 CUCI 1.567
Rex 4 2023 CMedian 1.567
Rex 4 2023 CMean 1.567
Rex 4 2023 CStdn 6.79602e-09
Rex 4 2024 Cabc 8.44107
Rex 4 2024 Cofl 9.15256
Rex 4 2024 CLCI 5.24936
Rex 4 2024 CUCI 5.26922
Rex 4 2024 CMedian 5.25585
Rex 4 2024 CMean 5.25713
Rex 4 2024 CStdn 0.0067089
Rex 4 2025 Cabc 8.44107
Rex 4 2025 Cofl 9.15256
Rex 4 2025 CLCI 5.11826
Rex 4 2025 CUCI 5.21204
Rex 4 2025 CMedian 5.14995
Rex 4 2025 CMean 5.15547
Rex 4 2025 CStdn 0.0318257
Rex 4 2026 Cabc 8.44107
Rex 4 2026 Cofl 9.15256
Rex 4 2026 CLCI 4.73374
Rex 4 2026 CUCI 5.16732
Rex 4 2026 CMedian 4.88035
Rex 4 2026 CMean 4.90662
Rex 4 2026 CStdn 0.146497
Rex 4 2027 Cabc 8.44107
Rex 4 2027 Cofl 9.15256
Rex 4 2027 CLCI 4.27534
Rex 4 2027 CUCI 5.26762
Rex 4 2027 CMedian 4.63703
Rex 4 2027 CMean 4.6902
Rex 4 2027 CStdn 0.337536
Rex 4 2028 Cabc 8.44107
Rex 4 2028 Cofl 9.15256
Rex 4 2028 CLCI 3.93425
Rex 4 2028 CUCI 5.26571
Rex 4 2028 CMedian 4.4265
Rex 4 2028 CMean 4.50442
Rex 4 2028 CStdn 0.437615
Rex 4 2029 Cabc 8.44107
Rex 4 2029 Cofl 9.15256
Rex 4 2029 CLCI 3.69539
Rex 4 2029 CUCI 5.19699
Rex 4 2029 CMedian 4.27207
Rex 4 2029 CMean 4.34457
Rex 4 2029 CStdn 0.484813
Rex 4 2030 Cabc 8.44107
Rex 4 2030 Cofl 9.15256
Rex 4 2030 CLCI 3.46641
Rex 4 2030 CUCI 5.13753
Rex 4 2030 CMedian 4.13351
Rex 4 2030 CMean 4.2029
Rex 4 2030 CStdn 0.515612
Rex 4 2031 Cabc 8.44107
Rex 4 2031 Cofl 9.15256
Rex 4 2031 CLCI 3.32103
Rex 4 2031 CUCI 5.03126
Rex 4 2031 CMedian 4.01655
Rex 4 2031 CMean 4.08147
Rex 4 2031 CStdn 0.533801
Rex 4 2032 Cabc 8.44107
Rex 4 2032 Cofl 9.15256
Rex 4 2032 CLCI 3.16238
Rex 4 2032 CUCI 4.93023
Rex 4 2032 CMedian 3.92842
Rex 4 2032 CMean 3.98461
Rex 4 2032 CStdn 0.54362
Rex 4 2033 Cabc 8.44107
Rex 4 2033 Cofl 9.15256
Rex 4 2033 CLCI 3.12299
Rex 4 2033 CUCI 4.89059
Rex 4 2033 CMedian 3.83356
Rex 4 2033 CMean 3.90699
Rex 4 2033 CStdn 0.545985
Rex 4 2034 Cabc 8.44107
Rex 4 2034 Cofl 9.15256
Rex 4 2034 CLCI 3.06205
Rex 4 2034 CUCI 4.83199
Rex 4 2034 CMedian 3.7716
Rex 4 2034 CMean 3.84807
Rex 4 2034 CStdn 0.550544
Rex 4 2021 SSBF100 58.5604
Rex 4 2021 SSBFabc 23.4242
Rex 4 2021 SSBFofl 20.4962
Rex 4 2021 SSBLCI 46.2803
Rex 4 2021 SSBUCI 46.2803
Rex 4 2021 SSBMedian 46.2803
Rex 4 2021 SSBMean 46.2803
Rex 4 2022 SSBF100 58.5604
Rex 4 2022 SSBFabc 23.4242
Rex 4 2022 SSBFofl 20.4962
Rex 4 2022 SSBLCI 53.363
Rex 4 2022 SSBUCI 53.504
Rex 4 2022 SSBMedian 53.4064
Rex 4 2022 SSBMean 53.4163
Rex 4 2023 SSBF100 58.5604
Rex 4 2023 SSBFabc 23.4242
Rex 4 2023 SSBFofl 20.4962
Rex 4 2023 SSBLCI 58.097
Rex 4 2023 SSBUCI 58.8251
Rex 4 2023 SSBMedian 58.3408
Rex 4 2023 SSBMean 58.3848
Rex 4 2024 SSBF100 58.5604
Rex 4 2024 SSBFabc 23.4242
Rex 4 2024 SSBFofl 20.4962
Rex 4 2024 SSBLCI 59.9297
Rex 4 2024 SSBUCI 62.411
Rex 4 2024 SSBMedian 60.8036
Rex 4 2024 SSBMean 60.9515
Rex 4 2025 SSBF100 58.5604
Rex 4 2025 SSBFabc 23.4242
Rex 4 2025 SSBFofl 20.4962
Rex 4 2025 SSBLCI 57.2205
Rex 4 2025 SSBUCI 63.0438
Rex 4 2025 SSBMedian 59.3313
Rex 4 2025 SSBMean 59.6624
Rex 4 2026 SSBF100 58.5604
Rex 4 2026 SSBFabc 23.4242
Rex 4 2026 SSBFofl 20.4962
Rex 4 2026 SSBLCI 53.5026
Rex 4 2026 SSBUCI 63.5028
Rex 4 2026 SSBMedian 57.2693
Rex 4 2026 SSBMean 57.7018
Rex 4 2027 SSBF100 58.5604
Rex 4 2027 SSBFabc 23.4242
Rex 4 2027 SSBFofl 20.4962
Rex 4 2027 SSBLCI 50.0109
Rex 4 2027 SSBUCI 63.2935
Rex 4 2027 SSBMedian 55.1116
Rex 4 2027 SSBMean 55.6881
Rex 4 2028 SSBF100 58.5604
Rex 4 2028 SSBFabc 23.4242
Rex 4 2028 SSBFofl 20.4962
Rex 4 2028 SSBLCI 46.8568
Rex 4 2028 SSBUCI 62.9044
Rex 4 2028 SSBMedian 53.1728
Rex 4 2028 SSBMean 53.7972
Rex 4 2029 SSBF100 58.5604
Rex 4 2029 SSBFabc 23.4242
Rex 4 2029 SSBFofl 20.4962
Rex 4 2029 SSBLCI 44.0799
Rex 4 2029 SSBUCI 61.9313
Rex 4 2029 SSBMedian 51.451
Rex 4 2029 SSBMean 52.093
Rex 4 2030 SSBF100 58.5604
Rex 4 2030 SSBFabc 23.4242
Rex 4 2030 SSBFofl 20.4962
Rex 4 2030 SSBLCI 41.8656
Rex 4 2030 SSBUCI 60.696
Rex 4 2030 SSBMedian 50.0332
Rex 4 2030 SSBMean 50.6106
Rex 4 2031 SSBF100 58.5604
Rex 4 2031 SSBFabc 23.4242
Rex 4 2031 SSBFofl 20.4962
Rex 4 2031 SSBLCI 40.3243
Rex 4 2031 SSBUCI 59.907
Rex 4 2031 SSBMedian 48.8816
Rex 4 2031 SSBMean 49.3665
Rex 4 2032 SSBF100 58.5604
Rex 4 2032 SSBFabc 23.4242
Rex 4 2032 SSBFofl 20.4962
Rex 4 2032 SSBLCI 39.5259
Rex 4 2032 SSBUCI 59.0604
Rex 4 2032 SSBMedian 47.6297
Rex 4 2032 SSBMean 48.3532
Rex 4 2033 SSBF100 58.5604
Rex 4 2033 SSBFabc 23.4242
Rex 4 2033 SSBFofl 20.4962
Rex 4 2033 SSBLCI 38.4665
Rex 4 2033 SSBUCI 58.6208
Rex 4 2033 SSBMedian 46.7343
Rex 4 2033 SSBMean 47.5345
Rex 4 2034 SSBF100 58.5604
Rex 4 2034 SSBFabc 23.4242
Rex 4 2034 SSBFofl 20.4962
Rex 4 2034 SSBLCI 37.5751
Rex 4 2034 SSBUCI 58.2823
Rex 4 2034 SSBMedian 46.1861
Rex 4 2034 SSBMean 46.8459
Rex 4 2021 F0 0 
Rex 4 2021 Fabc 0.358161
Rex 4 2021 Fofl 0.48695
Rex 4 2021  F_LCI 0.00782077
Rex 4 2021  F_UCI 0.00782077
Rex 4 2021  F_Median 0.00782077
Rex 4 2021  F_Mean 0.00782077
Rex 4 2022 F0 0 
Rex 4 2022 Fabc 0.358161
Rex 4 2022 Fofl 0.48695
Rex 4 2022  F_LCI 0.0261531
Rex 4 2022  F_UCI 0.0261545
Rex 4 2022  F_Median 0.0261541
Rex 4 2022  F_Mean 0.026154
Rex 4 2023 F0 0 
Rex 4 2023 Fabc 0.358161
Rex 4 2023 Fofl 0.48695
Rex 4 2023  F_LCI 0.0204943
Rex 4 2023  F_UCI 0.0205059
Rex 4 2023  F_Median 0.0205022
Rex 4 2023  F_Mean 0.0205015
Rex 4 2024 F0 0 
Rex 4 2024 Fabc 0.358161
Rex 4 2024 Fofl 0.48695
Rex 4 2024  F_LCI 0.0635636
Rex 4 2024  F_UCI 0.0635636
Rex 4 2024  F_Median 0.0635636
Rex 4 2024  F_Mean 0.0635636
Rex 4 2025 F0 0 
Rex 4 2025 Fabc 0.358161
Rex 4 2025 Fofl 0.48695
Rex 4 2025  F_LCI 0.0635636
Rex 4 2025  F_UCI 0.0635636
Rex 4 2025  F_Median 0.0635636
Rex 4 2025  F_Mean 0.0635636
Rex 4 2026 F0 0 
Rex 4 2026 Fabc 0.358161
Rex 4 2026 Fofl 0.48695
Rex 4 2026  F_LCI 0.0635636
Rex 4 2026  F_UCI 0.0635636
Rex 4 2026  F_Median 0.0635636
Rex 4 2026  F_Mean 0.0635636
Rex 4 2027 F0 0 
Rex 4 2027 Fabc 0.358161
Rex 4 2027 Fofl 0.48695
Rex 4 2027  F_LCI 0.0635636
Rex 4 2027  F_UCI 0.0635636
Rex 4 2027  F_Median 0.0635636
Rex 4 2027  F_Mean 0.0635636
Rex 4 2028 F0 0 
Rex 4 2028 Fabc 0.358161
Rex 4 2028 Fofl 0.48695
Rex 4 2028  F_LCI 0.0635636
Rex 4 2028  F_UCI 0.0635636
Rex 4 2028  F_Median 0.0635636
Rex 4 2028  F_Mean 0.0635636
Rex 4 2029 F0 0 
Rex 4 2029 Fabc 0.358161
Rex 4 2029 Fofl 0.48695
Rex 4 2029  F_LCI 0.0635636
Rex 4 2029  F_UCI 0.0635636
Rex 4 2029  F_Median 0.0635636
Rex 4 2029  F_Mean 0.0635636
Rex 4 2030 F0 0 
Rex 4 2030 Fabc 0.358161
Rex 4 2030 Fofl 0.48695
Rex 4 2030  F_LCI 0.0635636
Rex 4 2030  F_UCI 0.0635636
Rex 4 2030  F_Median 0.0635636
Rex 4 2030  F_Mean 0.0635636
Rex 4 2031 F0 0 
Rex 4 2031 Fabc 0.358161
Rex 4 2031 Fofl 0.48695
Rex 4 2031  F_LCI 0.0635636
Rex 4 2031  F_UCI 0.0635636
Rex 4 2031  F_Median 0.0635636
Rex 4 2031  F_Mean 0.0635636
Rex 4 2032 F0 0 
Rex 4 2032 Fabc 0.358161
Rex 4 2032 Fofl 0.48695
Rex 4 2032  F_LCI 0.0635636
Rex 4 2032  F_UCI 0.0635636
Rex 4 2032  F_Median 0.0635636
Rex 4 2032  F_Mean 0.0635636
Rex 4 2033 F0 0 
Rex 4 2033 Fabc 0.358161
Rex 4 2033 Fofl 0.48695
Rex 4 2033  F_LCI 0.0635636
Rex 4 2033  F_UCI 0.0635636
Rex 4 2033  F_Median 0.0635636
Rex 4 2033  F_Mean 0.0635636
Rex 4 2034 F0 0 
Rex 4 2034 Fabc 0.358161
Rex 4 2034 Fofl 0.48695
Rex 4 2034  F_LCI 0.0635636
Rex 4 2034  F_UCI 0.0635636
Rex 4 2034  F_Median 0.0635636
Rex 4 2034  F_Mean 0.0635636
Rex 5 2021 Cabc 8.44107
Rex 5 2021 Cofl 9.15256
Rex 5 2021 CLCI 0.392
Rex 5 2021 CUCI 0.392
Rex 5 2021 CMedian 0.392
Rex 5 2021 CMean 0.392
Rex 5 2021 CStdn 5.27356e-15
Rex 5 2022 Cabc 8.44107
Rex 5 2022 Cofl 9.15256
Rex 5 2022 CLCI 1.567
Rex 5 2022 CUCI 1.567
Rex 5 2022 CMedian 1.567
Rex 5 2022 CMean 1.567
Rex 5 2022 CStdn 1.20161e-10
Rex 5 2023 Cabc 8.44107
Rex 5 2023 Cofl 9.15256
Rex 5 2023 CLCI 1.567
Rex 5 2023 CUCI 1.567
Rex 5 2023 CMedian 1.567
Rex 5 2023 CMean 1.567
Rex 5 2023 CStdn 6.79602e-09
Rex 5 2024 Cabc 8.44107
Rex 5 2024 Cofl 9.15256
Rex 5 2024 CLCI 0
Rex 5 2024 CUCI 0
Rex 5 2024 CMedian 0
Rex 5 2024 CMean 0
Rex 5 2024 CStdn 0
Rex 5 2025 Cabc 8.44107
Rex 5 2025 Cofl 9.15256
Rex 5 2025 CLCI 0
Rex 5 2025 CUCI 0
Rex 5 2025 CMedian 0
Rex 5 2025 CMean 0
Rex 5 2025 CStdn 0
Rex 5 2026 Cabc 8.44107
Rex 5 2026 Cofl 9.15256
Rex 5 2026 CLCI 0
Rex 5 2026 CUCI 0
Rex 5 2026 CMedian 0
Rex 5 2026 CMean 0
Rex 5 2026 CStdn 0
Rex 5 2027 Cabc 8.44107
Rex 5 2027 Cofl 9.15256
Rex 5 2027 CLCI 0
Rex 5 2027 CUCI 0
Rex 5 2027 CMedian 0
Rex 5 2027 CMean 0
Rex 5 2027 CStdn 0
Rex 5 2028 Cabc 8.44107
Rex 5 2028 Cofl 9.15256
Rex 5 2028 CLCI 0
Rex 5 2028 CUCI 0
Rex 5 2028 CMedian 0
Rex 5 2028 CMean 0
Rex 5 2028 CStdn 0
Rex 5 2029 Cabc 8.44107
Rex 5 2029 Cofl 9.15256
Rex 5 2029 CLCI 0
Rex 5 2029 CUCI 0
Rex 5 2029 CMedian 0
Rex 5 2029 CMean 0
Rex 5 2029 CStdn 0
Rex 5 2030 Cabc 8.44107
Rex 5 2030 Cofl 9.15256
Rex 5 2030 CLCI 0
Rex 5 2030 CUCI 0
Rex 5 2030 CMedian 0
Rex 5 2030 CMean 0
Rex 5 2030 CStdn 0
Rex 5 2031 Cabc 8.44107
Rex 5 2031 Cofl 9.15256
Rex 5 2031 CLCI 0
Rex 5 2031 CUCI 0
Rex 5 2031 CMedian 0
Rex 5 2031 CMean 0
Rex 5 2031 CStdn 0
Rex 5 2032 Cabc 8.44107
Rex 5 2032 Cofl 9.15256
Rex 5 2032 CLCI 0
Rex 5 2032 CUCI 0
Rex 5 2032 CMedian 0
Rex 5 2032 CMean 0
Rex 5 2032 CStdn 0
Rex 5 2033 Cabc 8.44107
Rex 5 2033 Cofl 9.15256
Rex 5 2033 CLCI 0
Rex 5 2033 CUCI 0
Rex 5 2033 CMedian 0
Rex 5 2033 CMean 0
Rex 5 2033 CStdn 0
Rex 5 2034 Cabc 8.44107
Rex 5 2034 Cofl 9.15256
Rex 5 2034 CLCI 0
Rex 5 2034 CUCI 0
Rex 5 2034 CMedian 0
Rex 5 2034 CMean 0
Rex 5 2034 CStdn 0
Rex 5 2021 SSBF100 58.5604
Rex 5 2021 SSBFabc 23.4242
Rex 5 2021 SSBFofl 20.4962
Rex 5 2021 SSBLCI 46.2803
Rex 5 2021 SSBUCI 46.2803
Rex 5 2021 SSBMedian 46.2803
Rex 5 2021 SSBMean 46.2803
Rex 5 2022 SSBF100 58.5604
Rex 5 2022 SSBFabc 23.4242
Rex 5 2022 SSBFofl 20.4962
Rex 5 2022 SSBLCI 53.363
Rex 5 2022 SSBUCI 53.504
Rex 5 2022 SSBMedian 53.4064
Rex 5 2022 SSBMean 53.4163
Rex 5 2023 SSBF100 58.5604
Rex 5 2023 SSBFabc 23.4242
Rex 5 2023 SSBFofl 20.4962
Rex 5 2023 SSBLCI 58.097
Rex 5 2023 SSBUCI 58.8251
Rex 5 2023 SSBMedian 58.3408
Rex 5 2023 SSBMean 58.3848
Rex 5 2024 SSBF100 58.5604
Rex 5 2024 SSBFabc 23.4242
Rex 5 2024 SSBFofl 20.4962
Rex 5 2024 SSBLCI 59.9297
Rex 5 2024 SSBUCI 62.411
Rex 5 2024 SSBMedian 60.8036
Rex 5 2024 SSBMean 60.9515
Rex 5 2025 SSBF100 58.5604
Rex 5 2025 SSBFabc 23.4242
Rex 5 2025 SSBFofl 20.4962
Rex 5 2025 SSBLCI 60.199
Rex 5 2025 SSBUCI 66.0224
Rex 5 2025 SSBMedian 62.3098
Rex 5 2025 SSBMean 62.6409
Rex 5 2026 SSBF100 58.5604
Rex 5 2026 SSBFabc 23.4242
Rex 5 2026 SSBFofl 20.4962
Rex 5 2026 SSBLCI 59.111
Rex 5 2026 SSBUCI 69.1177
Rex 5 2026 SSBMedian 62.879
Rex 5 2026 SSBMean 63.3125
Rex 5 2027 SSBF100 58.5604
Rex 5 2027 SSBFabc 23.4242
Rex 5 2027 SSBFofl 20.4962
Rex 5 2027 SSBLCI 57.7129
Rex 5 2027 SSBUCI 71.1718
Rex 5 2027 SSBMedian 62.8227
Rex 5 2027 SSBMean 63.4564
Rex 5 2028 SSBF100 58.5604
Rex 5 2028 SSBFabc 23.4242
Rex 5 2028 SSBFofl 20.4962
Rex 5 2028 SSBLCI 56.1508
Rex 5 2028 SSBUCI 72.8003
Rex 5 2028 SSBMedian 62.6484
Rex 5 2028 SSBMean 63.2977
Rex 5 2029 SSBF100 58.5604
Rex 5 2029 SSBFabc 23.4242
Rex 5 2029 SSBFofl 20.4962
Rex 5 2029 SSBLCI 54.4078
Rex 5 2029 SSBUCI 73.565
Rex 5 2029 SSBMedian 62.2702
Rex 5 2029 SSBMean 62.9611
Rex 5 2030 SSBF100 58.5604
Rex 5 2030 SSBFabc 23.4242
Rex 5 2030 SSBFofl 20.4962
Rex 5 2030 SSBLCI 53.0964
Rex 5 2030 SSBUCI 73.6587
Rex 5 2030 SSBMedian 61.7638
Rex 5 2030 SSBMean 62.5441
Rex 5 2031 SSBF100 58.5604
Rex 5 2031 SSBFabc 23.4242
Rex 5 2031 SSBFofl 20.4962
Rex 5 2031 SSBLCI 52.2456
Rex 5 2031 SSBUCI 74.05
Rex 5 2031 SSBMedian 61.567
Rex 5 2031 SSBMean 62.1142
Rex 5 2032 SSBF100 58.5604
Rex 5 2032 SSBFabc 23.4242
Rex 5 2032 SSBFofl 20.4962
Rex 5 2032 SSBLCI 51.5712
Rex 5 2032 SSBUCI 73.8882
Rex 5 2032 SSBMedian 61.0432
Rex 5 2032 SSBMean 61.7117
Rex 5 2033 SSBF100 58.5604
Rex 5 2033 SSBFabc 23.4242
Rex 5 2033 SSBFofl 20.4962
Rex 5 2033 SSBLCI 51.1978
Rex 5 2033 SSBUCI 73.8761
Rex 5 2033 SSBMedian 60.632
Rex 5 2033 SSBMean 61.3471
Rex 5 2034 SSBF100 58.5604
Rex 5 2034 SSBFabc 23.4242
Rex 5 2034 SSBFofl 20.4962
Rex 5 2034 SSBLCI 50.3127
Rex 5 2034 SSBUCI 73.9789
Rex 5 2034 SSBMedian 60.2583
Rex 5 2034 SSBMean 60.9931
Rex 5 2021 F0 0 
Rex 5 2021 Fabc 0.358161
Rex 5 2021 Fofl 0.48695
Rex 5 2021  F_LCI 0.00782077
Rex 5 2021  F_UCI 0.00782077
Rex 5 2021  F_Median 0.00782077
Rex 5 2021  F_Mean 0.00782077
Rex 5 2022 F0 0 
Rex 5 2022 Fabc 0.358161
Rex 5 2022 Fofl 0.48695
Rex 5 2022  F_LCI 0.0261531
Rex 5 2022  F_UCI 0.0261545
Rex 5 2022  F_Median 0.0261541
Rex 5 2022  F_Mean 0.026154
Rex 5 2023 F0 0 
Rex 5 2023 Fabc 0.358161
Rex 5 2023 Fofl 0.48695
Rex 5 2023  F_LCI 0.0204943
Rex 5 2023  F_UCI 0.0205059
Rex 5 2023  F_Median 0.0205022
Rex 5 2023  F_Mean 0.0205015
Rex 5 2024 F0 0 
Rex 5 2024 Fabc 0.358161
Rex 5 2024 Fofl 0.48695
Rex 5 2024  F_LCI 0
Rex 5 2024  F_UCI 0
Rex 5 2024  F_Median 0
Rex 5 2024  F_Mean 0
Rex 5 2025 F0 0 
Rex 5 2025 Fabc 0.358161
Rex 5 2025 Fofl 0.48695
Rex 5 2025  F_LCI 0
Rex 5 2025  F_UCI 0
Rex 5 2025  F_Median 0
Rex 5 2025  F_Mean 0
Rex 5 2026 F0 0 
Rex 5 2026 Fabc 0.358161
Rex 5 2026 Fofl 0.48695
Rex 5 2026  F_LCI 0
Rex 5 2026  F_UCI 0
Rex 5 2026  F_Median 0
Rex 5 2026  F_Mean 0
Rex 5 2027 F0 0 
Rex 5 2027 Fabc 0.358161
Rex 5 2027 Fofl 0.48695
Rex 5 2027  F_LCI 0
Rex 5 2027  F_UCI 0
Rex 5 2027  F_Median 0
Rex 5 2027  F_Mean 0
Rex 5 2028 F0 0 
Rex 5 2028 Fabc 0.358161
Rex 5 2028 Fofl 0.48695
Rex 5 2028  F_LCI 0
Rex 5 2028  F_UCI 0
Rex 5 2028  F_Median 0
Rex 5 2028  F_Mean 0
Rex 5 2029 F0 0 
Rex 5 2029 Fabc 0.358161
Rex 5 2029 Fofl 0.48695
Rex 5 2029  F_LCI 0
Rex 5 2029  F_UCI 0
Rex 5 2029  F_Median 0
Rex 5 2029  F_Mean 0
Rex 5 2030 F0 0 
Rex 5 2030 Fabc 0.358161
Rex 5 2030 Fofl 0.48695
Rex 5 2030  F_LCI 0
Rex 5 2030  F_UCI 0
Rex 5 2030  F_Median 0
Rex 5 2030  F_Mean 0
Rex 5 2031 F0 0 
Rex 5 2031 Fabc 0.358161
Rex 5 2031 Fofl 0.48695
Rex 5 2031  F_LCI 0
Rex 5 2031  F_UCI 0
Rex 5 2031  F_Median 0
Rex 5 2031  F_Mean 0
Rex 5 2032 F0 0 
Rex 5 2032 Fabc 0.358161
Rex 5 2032 Fofl 0.48695
Rex 5 2032  F_LCI 0
Rex 5 2032  F_UCI 0
Rex 5 2032  F_Median 0
Rex 5 2032  F_Mean 0
Rex 5 2033 F0 0 
Rex 5 2033 Fabc 0.358161
Rex 5 2033 Fofl 0.48695
Rex 5 2033  F_LCI 0
Rex 5 2033  F_UCI 0
Rex 5 2033  F_Median 0
Rex 5 2033  F_Mean 0
Rex 5 2034 F0 0 
Rex 5 2034 Fabc 0.358161
Rex 5 2034 Fofl 0.48695
Rex 5 2034  F_LCI 0
Rex 5 2034  F_UCI 0
Rex 5 2034  F_Median 0
Rex 5 2034  F_Mean 0
Rex 6 2021 Cabc 8.44107
Rex 6 2021 Cofl 9.15256
Rex 6 2021 CLCI 0.392
Rex 6 2021 CUCI 0.392
Rex 6 2021 CMedian 0.392
Rex 6 2021 CMean 0.392
Rex 6 2021 CStdn 5.27356e-15
Rex 6 2022 Cabc 8.44107
Rex 6 2022 Cofl 9.15256
Rex 6 2022 CLCI 24.3863
Rex 6 2022 CUCI 24.3879
Rex 6 2022 CMedian 24.3868
Rex 6 2022 CMean 24.3869
Rex 6 2022 CStdn 0.000503108
Rex 6 2023 Cabc 8.44107
Rex 6 2023 Cofl 9.15256
Rex 6 2023 CLCI 22.9457
Rex 6 2023 CUCI 22.9665
Rex 6 2023 CMedian 22.9523
Rex 6 2023 CMean 22.9536
Rex 6 2023 CStdn 0.00696198
Rex 6 2024 Cabc 8.44107
Rex 6 2024 Cofl 9.15256
Rex 6 2024 CLCI 19.1456
Rex 6 2024 CUCI 19.2951
Rex 6 2024 CMedian 19.1946
Rex 6 2024 CMean 19.2041
Rex 6 2024 CStdn 0.050572
Rex 6 2025 Cabc 8.44107
Rex 6 2025 Cofl 9.15256
Rex 6 2025 CLCI 14.898
Rex 6 2025 CUCI 15.58
Rex 6 2025 CMedian 15.1283
Rex 6 2025 CMean 15.1689
Rex 6 2025 CStdn 0.230593
Rex 6 2026 Cabc 8.44107
Rex 6 2026 Cofl 9.15256
Rex 6 2026 CLCI 10.6187
Rex 6 2026 CUCI 13.917
Rex 6 2026 CMedian 12.0149
Rex 6 2026 CMean 12.1335
Rex 6 2026 CStdn 1.05009
Rex 6 2027 Cabc 8.44107
Rex 6 2027 Cofl 9.15256
Rex 6 2027 CLCI 7.07177
Rex 6 2027 CUCI 13.704
Rex 6 2027 CMedian 10.1765
Rex 6 2027 CMean 10.2028
Rex 6 2027 CStdn 2.22831
Rex 6 2028 Cabc 8.44107
Rex 6 2028 Cofl 9.15256
Rex 6 2028 CLCI 6.09764
Rex 6 2028 CUCI 13.5486
Rex 6 2028 CMedian 8.96635
Rex 6 2028 CMean 9.30893
Rex 6 2028 CStdn 2.41094
Rex 6 2029 Cabc 8.44107
Rex 6 2029 Cofl 9.15256
Rex 6 2029 CLCI 5.66726
Rex 6 2029 CUCI 12.973
Rex 6 2029 CMedian 8.57833
Rex 6 2029 CMean 8.89958
Rex 6 2029 CStdn 2.33517
Rex 6 2030 Cabc 8.44107
Rex 6 2030 Cofl 9.15256
Rex 6 2030 CLCI 5.44075
Rex 6 2030 CUCI 12.6823
Rex 6 2030 CMedian 8.39152
Rex 6 2030 CMean 8.66729
Rex 6 2030 CStdn 2.29145
Rex 6 2031 Cabc 8.44107
Rex 6 2031 Cofl 9.15256
Rex 6 2031 CLCI 5.33923
Rex 6 2031 CUCI 12.6257
Rex 6 2031 CMedian 8.26926
Rex 6 2031 CMean 8.54027
Rex 6 2031 CStdn 2.24011
Rex 6 2032 Cabc 8.44107
Rex 6 2032 Cofl 9.15256
Rex 6 2032 CLCI 5.3797
Rex 6 2032 CUCI 12.4372
Rex 6 2032 CMedian 8.15227
Rex 6 2032 CMean 8.50172
Rex 6 2032 CStdn 2.20816
Rex 6 2033 Cabc 8.44107
Rex 6 2033 Cofl 9.15256
Rex 6 2033 CLCI 5.45658
Rex 6 2033 CUCI 12.4217
Rex 6 2033 CMedian 8.16017
Rex 6 2033 CMean 8.50155
Rex 6 2033 CStdn 2.18572
Rex 6 2034 Cabc 8.44107
Rex 6 2034 Cofl 9.15256
Rex 6 2034 CLCI 5.39447
Rex 6 2034 CUCI 12.5047
Rex 6 2034 CMedian 8.22294
Rex 6 2034 CMean 8.52352
Rex 6 2034 CStdn 2.22128
Rex 6 2021 SSBF100 58.5604
Rex 6 2021 SSBFabc 23.4242
Rex 6 2021 SSBFofl 20.4962
Rex 6 2021 SSBLCI 46.2803
Rex 6 2021 SSBUCI 46.2803
Rex 6 2021 SSBMedian 46.2803
Rex 6 2021 SSBMean 46.2803
Rex 6 2022 SSBF100 58.5604
Rex 6 2022 SSBFabc 23.4242
Rex 6 2022 SSBFofl 20.4962
Rex 6 2022 SSBLCI 53.363
Rex 6 2022 SSBUCI 53.504
Rex 6 2022 SSBMedian 53.4064
Rex 6 2022 SSBMean 53.4163
Rex 6 2023 SSBF100 58.5604
Rex 6 2023 SSBFabc 23.4242
Rex 6 2023 SSBFofl 20.4962
Rex 6 2023 SSBLCI 45.9927
Rex 6 2023 SSBUCI 46.7207
Rex 6 2023 SSBMedian 46.2365
Rex 6 2023 SSBMean 46.2805
Rex 6 2024 SSBF100 58.5604
Rex 6 2024 SSBFabc 23.4242
Rex 6 2024 SSBFofl 20.4962
Rex 6 2024 SSBLCI 37.075
Rex 6 2024 SSBUCI 39.5557
Rex 6 2024 SSBMedian 37.9488
Rex 6 2024 SSBMean 38.0966
Rex 6 2025 SSBF100 58.5604
Rex 6 2025 SSBFabc 23.4242
Rex 6 2025 SSBFofl 20.4962
Rex 6 2025 SSBLCI 28.7198
Rex 6 2025 SSBUCI 34.5425
Rex 6 2025 SSBMedian 30.8303
Rex 6 2025 SSBMean 31.1615
Rex 6 2026 SSBF100 58.5604
Rex 6 2026 SSBFabc 23.4242
Rex 6 2026 SSBFofl 20.4962
Rex 6 2026 SSBLCI 22.3564
Rex 6 2026 SSBUCI 32.3134
Rex 6 2026 SSBMedian 26.114
Rex 6 2026 SSBMean 26.5398
Rex 6 2027 SSBF100 58.5604
Rex 6 2027 SSBFabc 23.4242
Rex 6 2027 SSBFofl 20.4962
Rex 6 2027 SSBLCI 18.8501
Rex 6 2027 SSBUCI 31.0222
Rex 6 2027 SSBMedian 23.3434
Rex 6 2027 SSBMean 24.0012
Rex 6 2028 SSBF100 58.5604
Rex 6 2028 SSBFabc 23.4242
Rex 6 2028 SSBFofl 20.4962
Rex 6 2028 SSBLCI 17.5259
Rex 6 2028 SSBUCI 30.1694
Rex 6 2028 SSBMedian 22.1133
Rex 6 2028 SSBMean 22.7811
Rex 6 2029 SSBF100 58.5604
Rex 6 2029 SSBFabc 23.4242
Rex 6 2029 SSBFofl 20.4962
Rex 6 2029 SSBLCI 16.9665
Rex 6 2029 SSBUCI 29.2017
Rex 6 2029 SSBMedian 21.5628
Rex 6 2029 SSBMean 22.1674
Rex 6 2030 SSBF100 58.5604
Rex 6 2030 SSBFabc 23.4242
Rex 6 2030 SSBFofl 20.4962
Rex 6 2030 SSBLCI 16.5557
Rex 6 2030 SSBUCI 28.9945
Rex 6 2030 SSBMedian 21.3457
Rex 6 2030 SSBMean 21.8362
Rex 6 2031 SSBF100 58.5604
Rex 6 2031 SSBFabc 23.4242
Rex 6 2031 SSBFofl 20.4962
Rex 6 2031 SSBLCI 16.6095
Rex 6 2031 SSBUCI 28.548
Rex 6 2031 SSBMedian 21.1022
Rex 6 2031 SSBMean 21.6825
Rex 6 2032 SSBF100 58.5604
Rex 6 2032 SSBFabc 23.4242
Rex 6 2032 SSBFofl 20.4962
Rex 6 2032 SSBLCI 16.6852
Rex 6 2032 SSBUCI 28.1608
Rex 6 2032 SSBMedian 21.0296
Rex 6 2032 SSBMean 21.6446
Rex 6 2033 SSBF100 58.5604
Rex 6 2033 SSBFabc 23.4242
Rex 6 2033 SSBFofl 20.4962
Rex 6 2033 SSBLCI 16.7758
Rex 6 2033 SSBUCI 28.5802
Rex 6 2033 SSBMedian 21.0355
Rex 6 2033 SSBMean 21.6483
Rex 6 2034 SSBF100 58.5604
Rex 6 2034 SSBFabc 23.4242
Rex 6 2034 SSBFofl 20.4962
Rex 6 2034 SSBLCI 16.5762
Rex 6 2034 SSBUCI 28.6302
Rex 6 2034 SSBMedian 21.034
Rex 6 2034 SSBMean 21.6313
Rex 6 2021 F0 0 
Rex 6 2021 Fabc 0.358161
Rex 6 2021 Fofl 0.48695
Rex 6 2021  F_LCI 0.00782077
Rex 6 2021  F_UCI 0.00782077
Rex 6 2021  F_Median 0.00782077
Rex 6 2021  F_Mean 0.00782077
Rex 6 2022 F0 0 
Rex 6 2022 Fabc 0.358161
Rex 6 2022 Fofl 0.48695
Rex 6 2022  F_LCI 0.48695
Rex 6 2022  F_UCI 0.48695
Rex 6 2022  F_Median 0.48695
Rex 6 2022  F_Mean 0.48695
Rex 6 2023 F0 0 
Rex 6 2023 Fabc 0.358161
Rex 6 2023 Fofl 0.48695
Rex 6 2023  F_LCI 0.48695
Rex 6 2023  F_UCI 0.48695
Rex 6 2023  F_Median 0.48695
Rex 6 2023  F_Mean 0.48695
Rex 6 2024 F0 0 
Rex 6 2024 Fabc 0.358161
Rex 6 2024 Fofl 0.48695
Rex 6 2024  F_LCI 0.48695
Rex 6 2024  F_UCI 0.48695
Rex 6 2024  F_Median 0.48695
Rex 6 2024  F_Mean 0.48695
Rex 6 2025 F0 0 
Rex 6 2025 Fabc 0.358161
Rex 6 2025 Fofl 0.48695
Rex 6 2025  F_LCI 0.48695
Rex 6 2025  F_UCI 0.48695
Rex 6 2025  F_Median 0.48695
Rex 6 2025  F_Mean 0.48695
Rex 6 2026 F0 0 
Rex 6 2026 Fabc 0.358161
Rex 6 2026 Fofl 0.48695
Rex 6 2026  F_LCI 0.463585
Rex 6 2026  F_UCI 0.48695
Rex 6 2026  F_Median 0.48695
Rex 6 2026  F_Mean 0.484127
Rex 6 2027 F0 0 
Rex 6 2027 Fabc 0.358161
Rex 6 2027 Fofl 0.48695
Rex 6 2027  F_LCI 0.386858
Rex 6 2027  F_UCI 0.48695
Rex 6 2027  F_Median 0.485184
Rex 6 2027  F_Mean 0.459008
Rex 6 2028 F0 0 
Rex 6 2028 Fabc 0.358161
Rex 6 2028 Fofl 0.48695
Rex 6 2028  F_LCI 0.357881
Rex 6 2028  F_UCI 0.48695
Rex 6 2028  F_Median 0.458266
Rex 6 2028  F_Mean 0.443898
Rex 6 2029 F0 0 
Rex 6 2029 Fabc 0.358161
Rex 6 2029 Fofl 0.48695
Rex 6 2029  F_LCI 0.345641
Rex 6 2029  F_UCI 0.48695
Rex 6 2029  F_Median 0.44622
Rex 6 2029  F_Mean 0.43659
Rex 6 2030 F0 0 
Rex 6 2030 Fabc 0.358161
Rex 6 2030 Fofl 0.48695
Rex 6 2030  F_LCI 0.336652
Rex 6 2030  F_UCI 0.48695
Rex 6 2030  F_Median 0.441467
Rex 6 2030  F_Mean 0.432521
Rex 6 2031 F0 0 
Rex 6 2031 Fabc 0.358161
Rex 6 2031 Fofl 0.48695
Rex 6 2031  F_LCI 0.337829
Rex 6 2031  F_UCI 0.48695
Rex 6 2031  F_Median 0.436139
Rex 6 2031  F_Mean 0.430494
Rex 6 2032 F0 0 
Rex 6 2032 Fabc 0.358161
Rex 6 2032 Fofl 0.48695
Rex 6 2032  F_LCI 0.339485
Rex 6 2032  F_UCI 0.48695
Rex 6 2032  F_Median 0.434551
Rex 6 2032  F_Mean 0.429808
Rex 6 2033 F0 0 
Rex 6 2033 Fabc 0.358161
Rex 6 2033 Fofl 0.48695
Rex 6 2033  F_LCI 0.341468
Rex 6 2033  F_UCI 0.48695
Rex 6 2033  F_Median 0.43468
Rex 6 2033  F_Mean 0.429916
Rex 6 2034 F0 0 
Rex 6 2034 Fabc 0.358161
Rex 6 2034 Fofl 0.48695
Rex 6 2034  F_LCI 0.3371
Rex 6 2034  F_UCI 0.48695
Rex 6 2034  F_Median 0.434647
Rex 6 2034  F_Mean 0.429786
Rex 7 2021 Cabc 8.44107
Rex 7 2021 Cofl 9.15256
Rex 7 2021 CLCI 0.392
Rex 7 2021 CUCI 0.392
Rex 7 2021 CMedian 0.392
Rex 7 2021 CMean 0.392
Rex 7 2021 CStdn 5.27356e-15
Rex 7 2022 Cabc 8.44107
Rex 7 2022 Cofl 9.15256
Rex 7 2022 CLCI 18.8265
Rex 7 2022 CUCI 18.8276
Rex 7 2022 CMedian 18.8268
Rex 7 2022 CMean 18.8269
Rex 7 2022 CStdn 0.000370064
Rex 7 2023 Cabc 8.44107
Rex 7 2023 Cofl 9.15256
Rex 7 2023 CLCI 19.2
Rex 7 2023 CUCI 19.2153
Rex 7 2023 CMedian 19.2049
Rex 7 2023 CMean 19.2058
Rex 7 2023 CStdn 0.00512367
Rex 7 2024 Cabc 8.44107
Rex 7 2024 Cofl 9.15256
Rex 7 2024 CLCI 22.1159
Rex 7 2024 CUCI 22.2655
Rex 7 2024 CMedian 22.1649
Rex 7 2024 CMean 22.1744
Rex 7 2024 CStdn 0.0506267
Rex 7 2025 Cabc 8.44107
Rex 7 2025 Cofl 9.15256
Rex 7 2025 CLCI 16.561
Rex 7 2025 CUCI 17.2437
Rex 7 2025 CMedian 16.7915
Rex 7 2025 CMean 16.8322
Rex 7 2025 CStdn 0.23081
Rex 7 2026 Cabc 8.44107
Rex 7 2026 Cofl 9.15256
Rex 7 2026 CLCI 11.9198
Rex 7 2026 CUCI 14.8213
Rex 7 2026 CMedian 12.9183
Rex 7 2026 CMean 13.0839
Rex 7 2026 CStdn 0.987798
Rex 7 2027 Cabc 8.44107
Rex 7 2027 Cofl 9.15256
Rex 7 2027 CLCI 7.53685
Rex 7 2027 CUCI 14.1872
Rex 7 2027 CMedian 10.7612
Rex 7 2027 CMean 10.7745
Rex 7 2027 CStdn 2.18337
Rex 7 2028 Cabc 8.44107
Rex 7 2028 Cofl 9.15256
Rex 7 2028 CLCI 6.26894
Rex 7 2028 CUCI 13.8048
Rex 7 2028 CMedian 9.30239
Rex 7 2028 CMean 9.57257
Rex 7 2028 CStdn 2.42925
Rex 7 2029 Cabc 8.44107
Rex 7 2029 Cofl 9.15256
Rex 7 2029 CLCI 5.73303
Rex 7 2029 CUCI 13.1086
Rex 7 2029 CMedian 8.68296
Rex 7 2029 CMean 9.01363
Rex 7 2029 CStdn 2.35602
Rex 7 2030 Cabc 8.44107
Rex 7 2030 Cofl 9.15256
Rex 7 2030 CLCI 5.4716
Rex 7 2030 CUCI 12.7422
Rex 7 2030 CMedian 8.44015
Rex 7 2030 CMean 8.71538
Rex 7 2030 CStdn 2.30361
Rex 7 2031 Cabc 8.44107
Rex 7 2031 Cofl 9.15256
Rex 7 2031 CLCI 5.34887
Rex 7 2031 CUCI 12.6388
Rex 7 2031 CMedian 8.27717
Rex 7 2031 CMean 8.56004
Rex 7 2031 CStdn 2.24613
Rex 7 2032 Cabc 8.44107
Rex 7 2032 Cofl 9.15256
Rex 7 2032 CLCI 5.38533
Rex 7 2032 CUCI 12.4566
Rex 7 2032 CMedian 8.17019
Rex 7 2032 CMean 8.50937
Rex 7 2032 CStdn 2.21072
Rex 7 2033 Cabc 8.44107
Rex 7 2033 Cofl 9.15256
Rex 7 2033 CLCI 5.45696
Rex 7 2033 CUCI 12.4303
Rex 7 2033 CMedian 8.16066
Rex 7 2033 CMean 8.50445
Rex 7 2033 CStdn 2.18686
Rex 7 2034 Cabc 8.44107
Rex 7 2034 Cofl 9.15256
Rex 7 2034 CLCI 5.39423
Rex 7 2034 CUCI 12.51
Rex 7 2034 CMedian 8.22272
Rex 7 2034 CMean 8.52454
Rex 7 2034 CStdn 2.22175
Rex 7 2021 SSBF100 58.5604
Rex 7 2021 SSBFabc 23.4242
Rex 7 2021 SSBFofl 20.4962
Rex 7 2021 SSBLCI 46.2803
Rex 7 2021 SSBUCI 46.2803
Rex 7 2021 SSBMedian 46.2803
Rex 7 2021 SSBMean 46.2803
Rex 7 2022 SSBF100 58.5604
Rex 7 2022 SSBFabc 23.4242
Rex 7 2022 SSBFofl 20.4962
Rex 7 2022 SSBLCI 53.363
Rex 7 2022 SSBUCI 53.504
Rex 7 2022 SSBMedian 53.4064
Rex 7 2022 SSBMean 53.4163
Rex 7 2023 SSBF100 58.5604
Rex 7 2023 SSBFabc 23.4242
Rex 7 2023 SSBFofl 20.4962
Rex 7 2023 SSBLCI 48.9098
Rex 7 2023 SSBUCI 49.6379
Rex 7 2023 SSBMedian 49.1537
Rex 7 2023 SSBMean 49.1977
Rex 7 2024 SSBF100 58.5604
Rex 7 2024 SSBFabc 23.4242
Rex 7 2024 SSBFofl 20.4962
Rex 7 2024 SSBLCI 41.7822
Rex 7 2024 SSBUCI 44.263
Rex 7 2024 SSBMedian 42.656
Rex 7 2024 SSBMean 42.8038
Rex 7 2025 SSBF100 58.5604
Rex 7 2025 SSBFabc 23.4242
Rex 7 2025 SSBFofl 20.4962
Rex 7 2025 SSBLCI 31.3461
Rex 7 2025 SSBUCI 37.1688
Rex 7 2025 SSBMedian 33.4566
Rex 7 2025 SSBMean 33.7878
Rex 7 2026 SSBF100 58.5604
Rex 7 2026 SSBFabc 23.4242
Rex 7 2026 SSBFofl 20.4962
Rex 7 2026 SSBLCI 23.7883
Rex 7 2026 SSBUCI 33.7452
Rex 7 2026 SSBMedian 27.5459
Rex 7 2026 SSBMean 27.9717
Rex 7 2027 SSBF100 58.5604
Rex 7 2027 SSBFabc 23.4242
Rex 7 2027 SSBFofl 20.4962
Rex 7 2027 SSBLCI 19.4691
Rex 7 2027 SSBUCI 31.7922
Rex 7 2027 SSBMedian 24.1134
Rex 7 2027 SSBMean 24.7445
Rex 7 2028 SSBF100 58.5604
Rex 7 2028 SSBFabc 23.4242
Rex 7 2028 SSBFofl 20.4962
Rex 7 2028 SSBLCI 17.7577
Rex 7 2028 SSBUCI 30.5796
Rex 7 2028 SSBMedian 22.4488
Rex 7 2028 SSBMean 23.1181
Rex 7 2029 SSBF100 58.5604
Rex 7 2029 SSBFabc 23.4242
Rex 7 2029 SSBFofl 20.4962
Rex 7 2029 SSBLCI 17.0656
Rex 7 2029 SSBUCI 29.4187
Rex 7 2029 SSBMedian 21.6992
Rex 7 2029 SSBMean 22.3141
Rex 7 2030 SSBF100 58.5604
Rex 7 2030 SSBFabc 23.4242
Rex 7 2030 SSBFofl 20.4962
Rex 7 2030 SSBLCI 16.5908
Rex 7 2030 SSBUCI 29.0408
Rex 7 2030 SSBMedian 21.395
Rex 7 2030 SSBMean 21.8985
Rex 7 2031 SSBF100 58.5604
Rex 7 2031 SSBFabc 23.4242
Rex 7 2031 SSBFofl 20.4962
Rex 7 2031 SSBLCI 16.6243
Rex 7 2031 SSBUCI 28.6079
Rex 7 2031 SSBMedian 21.1244
Rex 7 2031 SSBMean 21.7081
Rex 7 2032 SSBF100 58.5604
Rex 7 2032 SSBFabc 23.4242
Rex 7 2032 SSBFofl 20.4962
Rex 7 2032 SSBLCI 16.6891
Rex 7 2032 SSBUCI 28.1798
Rex 7 2032 SSBMedian 21.034
Rex 7 2032 SSBMean 21.6547
Rex 7 2033 SSBF100 58.5604
Rex 7 2033 SSBFabc 23.4242
Rex 7 2033 SSBFofl 20.4962
Rex 7 2033 SSBLCI 16.7757
Rex 7 2033 SSBUCI 28.5869
Rex 7 2033 SSBMedian 21.0372
Rex 7 2033 SSBMean 21.6521
Rex 7 2034 SSBF100 58.5604
Rex 7 2034 SSBFabc 23.4242
Rex 7 2034 SSBFofl 20.4962
Rex 7 2034 SSBLCI 16.5762
Rex 7 2034 SSBUCI 28.6361
Rex 7 2034 SSBMedian 21.0349
Rex 7 2034 SSBMean 21.6327
Rex 7 2021 F0 0 
Rex 7 2021 Fabc 0.358161
Rex 7 2021 Fofl 0.48695
Rex 7 2021  F_LCI 0.00782077
Rex 7 2021  F_UCI 0.00782077
Rex 7 2021  F_Median 0.00782077
Rex 7 2021  F_Mean 0.00782077
Rex 7 2022 F0 0 
Rex 7 2022 Fabc 0.358161
Rex 7 2022 Fofl 0.48695
Rex 7 2022  F_LCI 0.358161
Rex 7 2022  F_UCI 0.358161
Rex 7 2022  F_Median 0.358161
Rex 7 2022  F_Mean 0.358161
Rex 7 2023 F0 0 
Rex 7 2023 Fabc 0.358161
Rex 7 2023 Fofl 0.48695
Rex 7 2023  F_LCI 0.358161
Rex 7 2023  F_UCI 0.358161
Rex 7 2023  F_Median 0.358161
Rex 7 2023  F_Mean 0.358161
Rex 7 2024 F0 0 
Rex 7 2024 Fabc 0.358161
Rex 7 2024 Fofl 0.48695
Rex 7 2024  F_LCI 0.48695
Rex 7 2024  F_UCI 0.48695
Rex 7 2024  F_Median 0.48695
Rex 7 2024  F_Mean 0.48695
Rex 7 2025 F0 0 
Rex 7 2025 Fabc 0.358161
Rex 7 2025 Fofl 0.48695
Rex 7 2025  F_LCI 0.48695
Rex 7 2025  F_UCI 0.48695
Rex 7 2025  F_Median 0.48695
Rex 7 2025  F_Mean 0.48695
Rex 7 2026 F0 0 
Rex 7 2026 Fabc 0.358161
Rex 7 2026 Fofl 0.48695
Rex 7 2026  F_LCI 0.48695
Rex 7 2026  F_UCI 0.48695
Rex 7 2026  F_Median 0.48695
Rex 7 2026  F_Mean 0.486705
Rex 7 2027 F0 0 
Rex 7 2027 Fabc 0.358161
Rex 7 2027 Fofl 0.48695
Rex 7 2027  F_LCI 0.400402
Rex 7 2027  F_UCI 0.48695
Rex 7 2027  F_Median 0.48695
Rex 7 2027  F_Mean 0.466307
Rex 7 2028 F0 0 
Rex 7 2028 Fabc 0.358161
Rex 7 2028 Fofl 0.48695
Rex 7 2028  F_LCI 0.362953
Rex 7 2028  F_UCI 0.48695
Rex 7 2028  F_Median 0.465607
Rex 7 2028  F_Mean 0.447861
Rex 7 2029 F0 0 
Rex 7 2029 Fabc 0.358161
Rex 7 2029 Fofl 0.48695
Rex 7 2029  F_LCI 0.347809
Rex 7 2029  F_UCI 0.48695
Rex 7 2029  F_Median 0.449204
Rex 7 2029  F_Mean 0.438351
Rex 7 2030 F0 0 
Rex 7 2030 Fabc 0.358161
Rex 7 2030 Fofl 0.48695
Rex 7 2030  F_LCI 0.337419
Rex 7 2030  F_UCI 0.48695
Rex 7 2030  F_Median 0.442546
Rex 7 2030  F_Mean 0.433283
Rex 7 2031 F0 0 
Rex 7 2031 Fabc 0.358161
Rex 7 2031 Fofl 0.48695
Rex 7 2031  F_LCI 0.338152
Rex 7 2031  F_UCI 0.48695
Rex 7 2031  F_Median 0.436626
Rex 7 2031  F_Mean 0.430815
Rex 7 2032 F0 0 
Rex 7 2032 Fabc 0.358161
Rex 7 2032 Fofl 0.48695
Rex 7 2032  F_LCI 0.339569
Rex 7 2032  F_UCI 0.48695
Rex 7 2032  F_Median 0.434646
Rex 7 2032  F_Mean 0.429929
Rex 7 2033 F0 0 
Rex 7 2033 Fabc 0.358161
Rex 7 2033 Fofl 0.48695
Rex 7 2033  F_LCI 0.341465
Rex 7 2033  F_UCI 0.48695
Rex 7 2033  F_Median 0.434716
Rex 7 2033  F_Mean 0.429962
Rex 7 2034 F0 0 
Rex 7 2034 Fabc 0.358161
Rex 7 2034 Fofl 0.48695
Rex 7 2034  F_LCI 0.337099
Rex 7 2034  F_UCI 0.48695
Rex 7 2034  F_Median 0.434666
Rex 7 2034  F_Mean 0.429801
