
SB0 SB40 SB35 MeanRec HarMeanRec Bnow
58.5604 23.4242 20.4962 53.5802 42.2067 46.2803 
CV Recruit
0.519108 
Alternative 1 Alternative  Stock: Rex
Catch Rex
Year C0 Cabc Cofl LowCI_Catch Median_Catch Mean_Catch UpperCI_Catch Stdev_Catch 
2021  0 8.44107 9.15256 0.392 0.392 0.392 0.392 5.27356e-15 
2022  0 8.44107 9.15256 1.567 1.567 1.567 1.567 1.20161e-10 
2023  0 8.44107 9.15256 1.567 1.567 1.567 1.567 6.79602e-09 
2024  0 8.44107 9.15256 25.9746 26.0109 26.018 26.0856 0.0375371 
2025  0 8.44107 9.15256 19.724 19.8967 19.9268 20.2355 0.172927 
2026  0 8.44107 9.15256 14.4918 15.2505 15.383 16.714 0.751409 
2027  0 8.44107 9.15256 10.713 12.349 12.5886 15.1473 1.49945 
2028  0 8.44107 9.15256 8.58556 10.6396 10.8639 13.9531 1.75813 
2029  0 8.44107 9.15256 6.70621 9.57674 9.72069 12.9543 1.90451 
2030  0 8.44107 9.15256 5.84912 8.93206 8.9778 12.3051 1.98202 
2031  0 8.44107 9.15256 5.44331 8.49425 8.53357 12.0708 1.96759 
2032  0 8.44107 9.15256 5.32455 8.18893 8.29622 11.6814 1.93361 
2033  0 8.44107 9.15256 5.38064 7.98116 8.17089 11.4678 1.89973 
2034  0 8.44107 9.15256 5.30595 7.98686 8.1249 11.5575 1.91858 

Spawning_Biomass Rex
Year SSB100 SSBabc SSBofl LowCI_SSB Median_SSB Mean_SSB UpperCI_SSB Stdev_SSB 
2021 58.5604 23.4242 20.4962 46.2803 46.2803 46.2803 46.2803 2.27374e-13 
2022 58.5604 23.4242 20.4962 53.363 53.4064 53.4163 53.504 0.0470492 
2023 58.5604 23.4242 20.4962 58.097 58.3408 58.3848 58.8251 0.246614 
2024 58.5604 23.4242 20.4962 59.9297 60.8036 60.9515 62.411 0.844598 
2025 58.5604 23.4242 20.4962 45.5609 47.6715 48.0027 51.3839 1.96518 
2026 58.5604 23.4242 20.4962 34.7272 38.4876 38.9154 44.6974 3.27802 
2027 58.5604 23.4242 20.4962 27.747 32.5123 33.1282 40.312 4.1854 
2028 58.5604 23.4242 20.4962 23.3378 28.7887 29.4798 37.7098 4.49296 
2029 58.5604 23.4242 20.4962 20.6935 26.5365 27.1839 35.0474 4.54586 
2030 58.5604 23.4242 20.4962 19.3483 25.2894 25.7868 33.8958 4.47828 
2031 58.5604 23.4242 20.4962 19.0302 24.3526 24.9884 32.7627 4.36055 
2032 58.5604 23.4242 20.4962 18.8676 23.8656 24.5678 32.0899 4.26706 
2033 58.5604 23.4242 20.4962 18.797 23.4941 24.3527 32.2535 4.23704 
2034 58.5604 23.4242 20.4962 18.473 23.5396 24.2183 32.1115 4.2087 

Fishing_mortalityRex
Year F0 Fabc Fofl LowCI_F Median_F Mean_F UpperCI_F Stdev_F 
2021  0 0.358161 0.48695 0.00782077 0.00782077 0.00782077 0.00782077 1.43982e-16 
2022  0 0.358161 0.48695 0.0261531 0.0261541 0.026154 0.0261545 4.55936e-07 
2023  0 0.358161 0.48695 0.0204943 0.0205022 0.0205015 0.0205059 3.88282e-06 
2024  0 0.358161 0.48695 0.358161 0.358161 0.358161 0.358161 4.60743e-15 
2025  0 0.358161 0.48695 0.358161 0.358161 0.358161 0.358161 4.60743e-15 
2026  0 0.358161 0.48695 0.358161 0.358161 0.358161 0.358161 4.60743e-15 
2027  0 0.358161 0.48695 0.358161 0.358161 0.358161 0.358161 4.60743e-15 
2028  0 0.358161 0.48695 0.356771 0.358161 0.357303 0.358161 0.00486412 
2029  0 0.358161 0.48695 0.314211 0.358161 0.351994 0.358161 0.0157214 
2030  0 0.358161 0.48695 0.29256 0.358161 0.346282 0.358161 0.0226185 
2031  0 0.358161 0.48695 0.287441 0.358161 0.342524 0.358161 0.0252813 
2032  0 0.358161 0.48695 0.284823 0.358161 0.34033 0.358161 0.0261272 
2033  0 0.358161 0.48695 0.283687 0.358161 0.33904 0.358161 0.0269464 
2034  0 0.358161 0.48695 0.278473 0.358161 0.338353 0.358161 0.0279315 

Total_BiomassRex
Year B100 Babc Bofl LowCI_Biom Median_Biom Mean_Biom UpperCI_Biom Stdev_Biom 
2021 242.174 63.8815 58.9802 118.749 118.749 118.749 118.749 2.17426e-12 
2022 242.174 63.8815 58.9802 121.981 124.21 124.722 129.222 2.41644 
2023 242.174 63.8815 58.9802 121.63 126.455 127.277 134.946 4.62367 
2024 242.174 63.8815 58.9802 119.3 127.188 128.214 139.97 6.78037 
2025 242.174 63.8815 58.9802 93.2928 103.631 104.673 119.775 8.64264 
2026 242.174 63.8815 58.9802 74.7403 87.481 88.8058 106.837 10.1484 
2027 242.174 63.8815 58.9802 63.0258 77.5341 78.8141 98.3441 10.9874 
2028 242.174 63.8815 58.9802 56.0067 71.664 72.5622 91.7448 11.2543 
2029 242.174 63.8815 58.9802 52.0883 67.4768 68.6712 87.6646 11.2175 
2030 242.174 63.8815 58.9802 50.6236 65.2852 66.4603 85.4763 11.0968 
2031 242.174 63.8815 58.9802 49.3212 63.1947 65.1618 84.9313 11.0449 
2032 242.174 63.8815 58.9802 49.0193 62.9677 64.4185 84.8288 10.8723 
2033 242.174 63.8815 58.9802 48.2635 62.5588 63.8268 83.208 10.7443 
2034 242.174 63.8815 58.9802 47.7074 62.1191 63.4397 82.1952 10.6223 
Alternative 2 Alternative  Stock: Rex
Catch Rex
Year C0 Cabc Cofl LowCI_Catch Median_Catch Mean_Catch UpperCI_Catch Stdev_Catch 
2021  0 8.44107 9.15256 0.392 0.392 0.392 0.392 5.27356e-15 
2022  0 8.44107 9.15256 1.567 1.567 1.567 1.567 1.20161e-10 
2023  0 8.44107 9.15256 1.567 1.567 1.567 1.567 6.79602e-09 
2024  0 8.44107 9.15256 25.9746 26.0109 26.018 26.0856 0.0375371 
2025  0 8.44107 9.15256 19.724 19.8967 19.9268 20.2355 0.172927 
2026  0 8.44107 9.15256 14.4918 15.2505 15.383 16.714 0.751409 
2027  0 8.44107 9.15256 10.713 12.349 12.5886 15.1473 1.49945 
2028  0 8.44107 9.15256 8.58556 10.6396 10.8639 13.9531 1.75813 
2029  0 8.44107 9.15256 6.70621 9.57674 9.72069 12.9543 1.90451 
2030  0 8.44107 9.15256 5.84912 8.93206 8.9778 12.3051 1.98202 
2031  0 8.44107 9.15256 5.44331 8.49425 8.53357 12.0708 1.96759 
2032  0 8.44107 9.15256 5.32455 8.18893 8.29622 11.6814 1.93361 
2033  0 8.44107 9.15256 5.38064 7.98116 8.17089 11.4678 1.89973 
2034  0 8.44107 9.15256 5.30595 7.98686 8.1249 11.5575 1.91858 

Spawning_Biomass Rex
Year SSB100 SSBabc SSBofl LowCI_SSB Median_SSB Mean_SSB UpperCI_SSB Stdev_SSB 
2021 58.5604 23.4242 20.4962 46.2803 46.2803 46.2803 46.2803 2.27374e-13 
2022 58.5604 23.4242 20.4962 53.363 53.4064 53.4163 53.504 0.0470492 
2023 58.5604 23.4242 20.4962 58.097 58.3408 58.3848 58.8251 0.246614 
2024 58.5604 23.4242 20.4962 59.9297 60.8036 60.9515 62.411 0.844598 
2025 58.5604 23.4242 20.4962 45.5609 47.6715 48.0027 51.3839 1.96518 
2026 58.5604 23.4242 20.4962 34.7272 38.4876 38.9154 44.6974 3.27802 
2027 58.5604 23.4242 20.4962 27.747 32.5123 33.1282 40.312 4.1854 
2028 58.5604 23.4242 20.4962 23.3378 28.7887 29.4798 37.7098 4.49296 
2029 58.5604 23.4242 20.4962 20.6935 26.5365 27.1839 35.0474 4.54586 
2030 58.5604 23.4242 20.4962 19.3483 25.2894 25.7868 33.8958 4.47828 
2031 58.5604 23.4242 20.4962 19.0302 24.3526 24.9884 32.7627 4.36055 
2032 58.5604 23.4242 20.4962 18.8676 23.8656 24.5678 32.0899 4.26706 
2033 58.5604 23.4242 20.4962 18.797 23.4941 24.3527 32.2535 4.23704 
2034 58.5604 23.4242 20.4962 18.473 23.5396 24.2183 32.1115 4.2087 

Fishing_mortalityRex
Year F0 Fabc Fofl LowCI_F Median_F Mean_F UpperCI_F Stdev_F 
2021  0 0.358161 0.48695 0.00782077 0.00782077 0.00782077 0.00782077 1.43982e-16 
2022  0 0.358161 0.48695 0.0261531 0.0261541 0.026154 0.0261545 4.55936e-07 
2023  0 0.358161 0.48695 0.0204943 0.0205022 0.0205015 0.0205059 3.88282e-06 
2024  0 0.358161 0.48695 0.358161 0.358161 0.358161 0.358161 4.60743e-15 
2025  0 0.358161 0.48695 0.358161 0.358161 0.358161 0.358161 4.60743e-15 
2026  0 0.358161 0.48695 0.358161 0.358161 0.358161 0.358161 4.60743e-15 
2027  0 0.358161 0.48695 0.358161 0.358161 0.358161 0.358161 4.60743e-15 
2028  0 0.358161 0.48695 0.356771 0.358161 0.357303 0.358161 0.00486412 
2029  0 0.358161 0.48695 0.314211 0.358161 0.351994 0.358161 0.0157214 
2030  0 0.358161 0.48695 0.29256 0.358161 0.346282 0.358161 0.0226185 
2031  0 0.358161 0.48695 0.287441 0.358161 0.342524 0.358161 0.0252813 
2032  0 0.358161 0.48695 0.284823 0.358161 0.34033 0.358161 0.0261272 
2033  0 0.358161 0.48695 0.283687 0.358161 0.33904 0.358161 0.0269464 
2034  0 0.358161 0.48695 0.278473 0.358161 0.338353 0.358161 0.0279315 

Total_BiomassRex
Year B100 Babc Bofl LowCI_Biom Median_Biom Mean_Biom UpperCI_Biom Stdev_Biom 
2021 242.174 63.8815 58.9802 118.749 118.749 118.749 118.749 2.17426e-12 
2022 242.174 63.8815 58.9802 121.981 124.21 124.722 129.222 2.41644 
2023 242.174 63.8815 58.9802 121.63 126.455 127.277 134.946 4.62367 
2024 242.174 63.8815 58.9802 119.3 127.188 128.214 139.97 6.78037 
2025 242.174 63.8815 58.9802 93.2928 103.631 104.673 119.775 8.64264 
2026 242.174 63.8815 58.9802 74.7403 87.481 88.8058 106.837 10.1484 
2027 242.174 63.8815 58.9802 63.0258 77.5341 78.8141 98.3441 10.9874 
2028 242.174 63.8815 58.9802 56.0067 71.664 72.5622 91.7448 11.2543 
2029 242.174 63.8815 58.9802 52.0883 67.4768 68.6712 87.6646 11.2175 
2030 242.174 63.8815 58.9802 50.6236 65.2852 66.4603 85.4763 11.0968 
2031 242.174 63.8815 58.9802 49.3212 63.1947 65.1618 84.9313 11.0449 
2032 242.174 63.8815 58.9802 49.0193 62.9677 64.4185 84.8288 10.8723 
2033 242.174 63.8815 58.9802 48.2635 62.5588 63.8268 83.208 10.7443 
2034 242.174 63.8815 58.9802 47.7074 62.1191 63.4397 82.1952 10.6223 
Alternative 3 Alternative  Stock: Rex
Catch Rex
Year C0 Cabc Cofl LowCI_Catch Median_Catch Mean_Catch UpperCI_Catch Stdev_Catch 
2021  0 8.44107 9.15256 0.392 0.392 0.392 0.392 5.27356e-15 
2022  0 8.44107 9.15256 1.567 1.567 1.567 1.567 1.20161e-10 
2023  0 8.44107 9.15256 1.567 1.567 1.567 1.567 6.79602e-09 
2024  0 8.44107 9.15256 2.07324 2.07576 2.07626 2.08095 0.00260566 
2025  0 8.44107 9.15256 2.09077 2.10313 2.10527 2.12733 0.0124091 
2026  0 8.44107 9.15256 1.99705 2.05473 2.06495 2.16746 0.05757 
2027  0 8.44107 9.15256 1.85853 2.00349 2.02506 2.25817 0.135341 
2028  0 8.44107 9.15256 1.7543 1.95485 1.98688 2.29791 0.178749 
2029  0 8.44107 9.15256 1.68332 1.92173 1.95046 2.3023 0.201411 
2030  0 8.44107 9.15256 1.6031 1.88783 1.9144 2.30016 0.217003 
2031  0 8.44107 9.15256 1.55456 1.85528 1.88087 2.2873 0.227156 
2032  0 8.44107 9.15256 1.49746 1.82826 1.85281 2.25543 0.233366 
2033  0 8.44107 9.15256 1.48202 1.79569 1.82923 2.24867 0.236134 
2034  0 8.44107 9.15256 1.47272 1.78483 1.81071 2.24101 0.238914 

Spawning_Biomass Rex
Year SSB100 SSBabc SSBofl LowCI_SSB Median_SSB Mean_SSB UpperCI_SSB Stdev_SSB 
2021 58.5604 23.4242 20.4962 46.2803 46.2803 46.2803 46.2803 2.27374e-13 
2022 58.5604 23.4242 20.4962 53.363 53.4064 53.4163 53.504 0.0470492 
2023 58.5604 23.4242 20.4962 58.097 58.3408 58.3848 58.8251 0.246614 
2024 58.5604 23.4242 20.4962 59.9297 60.8036 60.9515 62.411 0.844598 
2025 58.5604 23.4242 20.4962 59.0216 61.1324 61.4635 64.8449 1.96528 
2026 58.5604 23.4242 20.4962 56.8542 60.6217 61.0548 66.8584 3.28898 
2027 58.5604 23.4242 20.4962 54.5543 59.6707 60.2778 67.9941 4.41983 
2028 58.5604 23.4242 20.4962 52.3097 58.7215 59.3492 68.8078 5.23253 
2029 58.5604 23.4242 20.4962 50.0525 57.6432 58.3788 68.6428 5.79527 
2030 58.5604 23.4242 20.4962 48.2653 56.7458 57.4459 68.0491 6.17752 
2031 58.5604 23.4242 20.4962 47.1039 56.0787 56.6023 67.9005 6.42425 
2032 58.5604 23.4242 20.4962 46.2265 55.1881 55.8725 67.4978 6.58118 
2033 58.5604 23.4242 20.4962 45.6253 54.4474 55.2499 67.2164 6.70365 
2034 58.5604 23.4242 20.4962 44.5533 53.9411 54.6934 66.9675 6.7908 

Fishing_mortalityRex
Year F0 Fabc Fofl LowCI_F Median_F Mean_F UpperCI_F Stdev_F 
2021  0 0.358161 0.48695 0.00782077 0.00782077 0.00782077 0.00782077 1.43982e-16 
2022  0 0.358161 0.48695 0.0261531 0.0261541 0.026154 0.0261545 4.55936e-07 
2023  0 0.358161 0.48695 0.0204943 0.0205022 0.0205015 0.0205059 3.88282e-06 
2024  0 0.358161 0.48695 0.0246643 0.0246643 0.0246643 0.0246643 1.2837e-16 
2025  0 0.358161 0.48695 0.0246643 0.0246643 0.0246643 0.0246643 1.2837e-16 
2026  0 0.358161 0.48695 0.0246643 0.0246643 0.0246643 0.0246643 1.2837e-16 
2027  0 0.358161 0.48695 0.0246643 0.0246643 0.0246643 0.0246643 1.2837e-16 
2028  0 0.358161 0.48695 0.0246643 0.0246643 0.0246643 0.0246643 1.2837e-16 
2029  0 0.358161 0.48695 0.0246643 0.0246643 0.0246643 0.0246643 1.2837e-16 
2030  0 0.358161 0.48695 0.0246643 0.0246643 0.0246643 0.0246643 1.2837e-16 
2031  0 0.358161 0.48695 0.0246643 0.0246643 0.0246643 0.0246643 1.2837e-16 
2032  0 0.358161 0.48695 0.0246643 0.0246643 0.0246643 0.0246643 1.2837e-16 
2033  0 0.358161 0.48695 0.0246643 0.0246643 0.0246643 0.0246643 1.2837e-16 
2034  0 0.358161 0.48695 0.0246643 0.0246643 0.0246643 0.0246643 1.2837e-16 

Total_BiomassRex
Year B100 Babc Bofl LowCI_Biom Median_Biom Mean_Biom UpperCI_Biom Stdev_Biom 
2021 242.174 63.8815 58.9802 118.749 118.749 118.749 118.749 2.17426e-12 
2022 242.174 63.8815 58.9802 121.981 124.21 124.722 129.222 2.41644 
2023 242.174 63.8815 58.9802 121.63 126.455 127.277 134.946 4.62367 
2024 242.174 63.8815 58.9802 119.3 127.188 128.214 139.97 6.78037 
2025 242.174 63.8815 58.9802 116.097 126.432 127.504 142.744 8.67213 
2026 242.174 63.8815 58.9802 111.773 124.743 126.046 144.263 10.2911 
2027 242.174 63.8815 58.9802 107.746 122.998 124.313 145.01 11.5098 
2028 242.174 63.8815 58.9802 104.532 121.412 122.511 143.893 12.4246 
2029 242.174 63.8815 58.9802 101.762 119.712 120.771 143.299 12.9976 
2030 242.174 63.8815 58.9802 100.218 118.071 119.292 143.067 13.4014 
2031 242.174 63.8815 58.9802 98.2978 116.191 117.895 141.767 13.7873 
2032 242.174 63.8815 58.9802 95.9218 115.542 116.636 141.577 13.9431 
2033 242.174 63.8815 58.9802 94.5414 114.267 115.377 139.963 14.0151 
2034 242.174 63.8815 58.9802 93.1688 113.514 114.308 139.351 14.0314 
Alternative 4 Alternative  Stock: Rex
Catch Rex
Year C0 Cabc Cofl LowCI_Catch Median_Catch Mean_Catch UpperCI_Catch Stdev_Catch 
2021  0 8.44107 9.15256 0.392 0.392 0.392 0.392 5.27356e-15 
2022  0 8.44107 9.15256 1.567 1.567 1.567 1.567 1.20161e-10 
2023  0 8.44107 9.15256 1.567 1.567 1.567 1.567 6.79602e-09 
2024  0 8.44107 9.15256 5.24936 5.25585 5.25713 5.26922 0.0067089 
2025  0 8.44107 9.15256 5.11826 5.14995 5.15547 5.21204 0.0318257 
2026  0 8.44107 9.15256 4.73374 4.88035 4.90662 5.16732 0.146497 
2027  0 8.44107 9.15256 4.27534 4.63703 4.6902 5.26762 0.337536 
2028  0 8.44107 9.15256 3.93425 4.4265 4.50442 5.26571 0.437615 
2029  0 8.44107 9.15256 3.69539 4.27207 4.34457 5.19699 0.484813 
2030  0 8.44107 9.15256 3.46641 4.13351 4.2029 5.13753 0.515612 
2031  0 8.44107 9.15256 3.32103 4.01655 4.08147 5.03126 0.533801 
2032  0 8.44107 9.15256 3.16238 3.92842 3.98461 4.93023 0.54362 
2033  0 8.44107 9.15256 3.12299 3.83356 3.90699 4.89059 0.545985 
2034  0 8.44107 9.15256 3.06205 3.7716 3.84807 4.83199 0.550544 

Spawning_Biomass Rex
Year SSB100 SSBabc SSBofl LowCI_SSB Median_SSB Mean_SSB UpperCI_SSB Stdev_SSB 
2021 58.5604 23.4242 20.4962 46.2803 46.2803 46.2803 46.2803 2.27374e-13 
2022 58.5604 23.4242 20.4962 53.363 53.4064 53.4163 53.504 0.0470492 
2023 58.5604 23.4242 20.4962 58.097 58.3408 58.3848 58.8251 0.246614 
2024 58.5604 23.4242 20.4962 59.9297 60.8036 60.9515 62.411 0.844598 
2025 58.5604 23.4242 20.4962 57.2205 59.3313 59.6624 63.0438 1.96527 
2026 58.5604 23.4242 20.4962 53.5026 57.2693 57.7018 63.5028 3.28769 
2027 58.5604 23.4242 20.4962 50.0109 55.1116 55.6881 63.2935 4.39029 
2028 58.5604 23.4242 20.4962 46.8568 53.1728 53.7972 62.9044 5.12349 
2029 58.5604 23.4242 20.4962 44.0799 51.451 52.093 61.9313 5.59084 
2030 58.5604 23.4242 20.4962 41.8656 50.0332 50.6106 60.696 5.8847 
2031 58.5604 23.4242 20.4962 40.3243 48.8816 49.3665 59.907 6.05489 
2032 58.5604 23.4242 20.4962 39.5259 47.6297 48.3532 59.0604 6.1504 
2033 58.5604 23.4242 20.4962 38.4665 46.7343 47.5345 58.6208 6.22728 
2034 58.5604 23.4242 20.4962 37.5751 46.1861 46.8459 58.2823 6.27957 

Fishing_mortalityRex
Year F0 Fabc Fofl LowCI_F Median_F Mean_F UpperCI_F Stdev_F 
2021  0 0.358161 0.48695 0.00782077 0.00782077 0.00782077 0.00782077 1.43982e-16 
2022  0 0.358161 0.48695 0.0261531 0.0261541 0.026154 0.0261545 4.55936e-07 
2023  0 0.358161 0.48695 0.0204943 0.0205022 0.0205015 0.0205059 3.88282e-06 
2024  0 0.358161 0.48695 0.0635636 0.0635636 0.0635636 0.0635636 8.18789e-16 
2025  0 0.358161 0.48695 0.0635636 0.0635636 0.0635636 0.0635636 8.18789e-16 
2026  0 0.358161 0.48695 0.0635636 0.0635636 0.0635636 0.0635636 8.18789e-16 
2027  0 0.358161 0.48695 0.0635636 0.0635636 0.0635636 0.0635636 8.18789e-16 
2028  0 0.358161 0.48695 0.0635636 0.0635636 0.0635636 0.0635636 8.18789e-16 
2029  0 0.358161 0.48695 0.0635636 0.0635636 0.0635636 0.0635636 8.18789e-16 
2030  0 0.358161 0.48695 0.0635636 0.0635636 0.0635636 0.0635636 8.18789e-16 
2031  0 0.358161 0.48695 0.0635636 0.0635636 0.0635636 0.0635636 8.18789e-16 
2032  0 0.358161 0.48695 0.0635636 0.0635636 0.0635636 0.0635636 8.18789e-16 
2033  0 0.358161 0.48695 0.0635636 0.0635636 0.0635636 0.0635636 8.18789e-16 
2034  0 0.358161 0.48695 0.0635636 0.0635636 0.0635636 0.0635636 8.18789e-16 

Total_BiomassRex
Year B100 Babc Bofl LowCI_Biom Median_Biom Mean_Biom UpperCI_Biom Stdev_Biom 
2021 242.174 63.8815 58.9802 118.749 118.749 118.749 118.749 2.17426e-12 
2022 242.174 63.8815 58.9802 121.981 124.21 124.722 129.222 2.41644 
2023 242.174 63.8815 58.9802 121.63 126.455 127.277 134.946 4.62367 
2024 242.174 63.8815 58.9802 119.3 127.188 128.214 139.97 6.78037 
2025 242.174 63.8815 58.9802 113.056 123.393 124.461 139.684 8.66866 
2026 242.174 63.8815 58.9802 106.195 119.117 120.438 138.657 10.2739 
2027 242.174 63.8815 58.9802 100.124 115.399 116.676 137.341 11.4418 
2028 242.174 63.8815 58.9802 95.4033 112.301 113.304 134.313 12.2494 
2029 242.174 63.8815 58.9802 91.6564 109.233 110.371 132.062 12.6994 
2030 242.174 63.8815 58.9802 89.3636 106.781 108.001 131.009 12.9928 
2031 242.174 63.8815 58.9802 86.9924 104.164 105.956 129.452 13.2834 
2032 242.174 63.8815 58.9802 84.1882 102.859 104.237 127.87 13.3595 
2033 242.174 63.8815 58.9802 82.9706 101.476 102.659 126.65 13.3735 
2034 242.174 63.8815 58.9802 80.9176 100.279 101.374 124.778 13.3494 
Alternative 5 Alternative  Stock: Rex
Catch Rex
Year C0 Cabc Cofl LowCI_Catch Median_Catch Mean_Catch UpperCI_Catch Stdev_Catch 
2021  0 8.44107 9.15256 0.392 0.392 0.392 0.392 5.27356e-15 
2022  0 8.44107 9.15256 1.567 1.567 1.567 1.567 1.20161e-10 
2023  0 8.44107 9.15256 1.567 1.567 1.567 1.567 6.79602e-09 
2024  0 8.44107 9.15256 0 0 0 0 0 
2025  0 8.44107 9.15256 0 0 0 0 0 
2026  0 8.44107 9.15256 0 0 0 0 0 
2027  0 8.44107 9.15256 0 0 0 0 0 
2028  0 8.44107 9.15256 0 0 0 0 0 
2029  0 8.44107 9.15256 0 0 0 0 0 
2030  0 8.44107 9.15256 0 0 0 0 0 
2031  0 8.44107 9.15256 0 0 0 0 0 
2032  0 8.44107 9.15256 0 0 0 0 0 
2033  0 8.44107 9.15256 0 0 0 0 0 
2034  0 8.44107 9.15256 0 0 0 0 0 

Spawning_Biomass Rex
Year SSB100 SSBabc SSBofl LowCI_SSB Median_SSB Mean_SSB UpperCI_SSB Stdev_SSB 
2021 58.5604 23.4242 20.4962 46.2803 46.2803 46.2803 46.2803 2.27374e-13 
2022 58.5604 23.4242 20.4962 53.363 53.4064 53.4163 53.504 0.0470492 
2023 58.5604 23.4242 20.4962 58.097 58.3408 58.3848 58.8251 0.246614 
2024 58.5604 23.4242 20.4962 59.9297 60.8036 60.9515 62.411 0.844598 
2025 58.5604 23.4242 20.4962 60.199 62.3098 62.6409 66.0224 1.96528 
2026 58.5604 23.4242 20.4962 59.111 62.879 63.3125 69.1177 3.28979 
2027 58.5604 23.4242 20.4962 57.7129 62.8227 63.4564 71.1718 4.43888 
2028 58.5604 23.4242 20.4962 56.1508 62.6484 63.2977 72.8003 5.3055 
2029 58.5604 23.4242 20.4962 54.4078 62.2702 62.9611 73.565 5.93622 
2030 58.5604 23.4242 20.4962 53.0964 61.7638 62.5441 73.6587 6.38511 
2031 58.5604 23.4242 20.4962 52.2456 61.567 62.1142 74.05 6.69274 
2032 58.5604 23.4242 20.4962 51.5712 61.0432 61.7117 73.8882 6.90162 
2033 58.5604 23.4242 20.4962 51.1978 60.632 61.3471 73.8761 7.06555 
2034 58.5604 23.4242 20.4962 50.3127 60.2583 60.9931 73.9789 7.18624 

Fishing_mortalityRex
Year F0 Fabc Fofl LowCI_F Median_F Mean_F UpperCI_F Stdev_F 
2021  0 0.358161 0.48695 0.00782077 0.00782077 0.00782077 0.00782077 1.43982e-16 
2022  0 0.358161 0.48695 0.0261531 0.0261541 0.026154 0.0261545 4.55936e-07 
2023  0 0.358161 0.48695 0.0204943 0.0205022 0.0205015 0.0205059 3.88282e-06 
2024  0 0.358161 0.48695 0 0 0 0 0 
2025  0 0.358161 0.48695 0 0 0 0 0 
2026  0 0.358161 0.48695 0 0 0 0 0 
2027  0 0.358161 0.48695 0 0 0 0 0 
2028  0 0.358161 0.48695 0 0 0 0 0 
2029  0 0.358161 0.48695 0 0 0 0 0 
2030  0 0.358161 0.48695 0 0 0 0 0 
2031  0 0.358161 0.48695 0 0 0 0 0 
2032  0 0.358161 0.48695 0 0 0 0 0 
2033  0 0.358161 0.48695 0 0 0 0 0 
2034  0 0.358161 0.48695 0 0 0 0 0 

Total_BiomassRex
Year B100 Babc Bofl LowCI_Biom Median_Biom Mean_Biom UpperCI_Biom Stdev_Biom 
2021 242.174 63.8815 58.9802 118.749 118.749 118.749 118.749 2.17426e-12 
2022 242.174 63.8815 58.9802 121.981 124.21 124.722 129.222 2.41644 
2023 242.174 63.8815 58.9802 121.63 126.455 127.277 134.946 4.62367 
2024 242.174 63.8815 58.9802 119.3 127.188 128.214 139.97 6.78037 
2025 242.174 63.8815 58.9802 118.083 128.419 129.492 144.742 8.67433 
2026 242.174 63.8815 58.9802 115.526 128.524 129.818 148.032 10.3021 
2027 242.174 63.8815 58.9802 113.018 128.297 129.594 150.458 11.554 
2028 242.174 63.8815 58.9802 110.897 127.958 129.047 150.966 12.5425 
2029 242.174 63.8815 58.9802 108.898 127.374 128.337 151.257 13.2051 
2030 242.174 63.8815 58.9802 107.994 126.609 127.693 152.01 13.6947 
2031 242.174 63.8815 58.9802 106.759 125.27 126.966 152.482 14.1589 
2032 242.174 63.8815 58.9802 104.937 125.029 126.237 151.532 14.3836 
2033 242.174 63.8815 58.9802 103.643 124.215 125.396 151.239 14.5099 
2034 242.174 63.8815 58.9802 102.415 123.856 124.656 150.283 14.5673 
Alternative 6 Alternative  Stock: Rex
Catch Rex
Year C0 Cabc Cofl LowCI_Catch Median_Catch Mean_Catch UpperCI_Catch Stdev_Catch 
2021  0 8.44107 9.15256 0.392 0.392 0.392 0.392 5.27356e-15 
2022  0 8.44107 9.15256 24.3863 24.3868 24.3869 24.3879 0.000503108 
2023  0 8.44107 9.15256 22.9457 22.9523 22.9536 22.9665 0.00696198 
2024  0 8.44107 9.15256 19.1456 19.1946 19.2041 19.2951 0.050572 
2025  0 8.44107 9.15256 14.898 15.1283 15.1689 15.58 0.230593 
2026  0 8.44107 9.15256 10.6187 12.0149 12.1335 13.917 1.05009 
2027  0 8.44107 9.15256 7.07177 10.1765 10.2028 13.704 2.22831 
2028  0 8.44107 9.15256 6.09764 8.96635 9.30893 13.5486 2.41094 
2029  0 8.44107 9.15256 5.66726 8.57833 8.89958 12.973 2.33517 
2030  0 8.44107 9.15256 5.44075 8.39152 8.66729 12.6823 2.29145 
2031  0 8.44107 9.15256 5.33923 8.26926 8.54027 12.6257 2.24011 
2032  0 8.44107 9.15256 5.3797 8.15227 8.50172 12.4372 2.20816 
2033  0 8.44107 9.15256 5.45658 8.16017 8.50155 12.4217 2.18572 
2034  0 8.44107 9.15256 5.39447 8.22294 8.52352 12.5047 2.22128 

Spawning_Biomass Rex
Year SSB100 SSBabc SSBofl LowCI_SSB Median_SSB Mean_SSB UpperCI_SSB Stdev_SSB 
2021 58.5604 23.4242 20.4962 46.2803 46.2803 46.2803 46.2803 2.27374e-13 
2022 58.5604 23.4242 20.4962 53.363 53.4064 53.4163 53.504 0.0470492 
2023 58.5604 23.4242 20.4962 45.9927 46.2365 46.2805 46.7207 0.2466 
2024 58.5604 23.4242 20.4962 37.075 37.9488 38.0966 39.5557 0.844425 
2025 58.5604 23.4242 20.4962 28.7198 30.8303 31.1615 34.5425 1.96506 
2026 58.5604 23.4242 20.4962 22.3564 26.114 26.5398 32.3134 3.27377 
2027 58.5604 23.4242 20.4962 18.8501 23.3434 24.0012 31.0222 4.0663 
2028 58.5604 23.4242 20.4962 17.5259 22.1133 22.7811 30.1694 4.05431 
2029 58.5604 23.4242 20.4962 16.9665 21.5628 22.1674 29.2017 3.89429 
2030 58.5604 23.4242 20.4962 16.5557 21.3457 21.8362 28.9945 3.7888 
2031 58.5604 23.4242 20.4962 16.6095 21.1022 21.6825 28.548 3.71578 
2032 58.5604 23.4242 20.4962 16.6852 21.0296 21.6446 28.1608 3.67524 
2033 58.5604 23.4242 20.4962 16.7758 21.0355 21.6483 28.5802 3.68296 
2034 58.5604 23.4242 20.4962 16.5762 21.034 21.6313 28.6302 3.67596 

Fishing_mortalityRex
Year F0 Fabc Fofl LowCI_F Median_F Mean_F UpperCI_F Stdev_F 
2021  0 0.358161 0.48695 0.00782077 0.00782077 0.00782077 0.00782077 1.43982e-16 
2022  0 0.358161 0.48695 0.48695 0.48695 0.48695 0.48695 3.05248e-11 
2023  0 0.358161 0.48695 0.48695 0.48695 0.48695 0.48695 1.31764e-09 
2024  0 0.358161 0.48695 0.48695 0.48695 0.48695 0.48695 7.99361e-15 
2025  0 0.358161 0.48695 0.48695 0.48695 0.48695 0.48695 7.99361e-15 
2026  0 0.358161 0.48695 0.463585 0.48695 0.484127 0.48695 0.00856168 
2027  0 0.358161 0.48695 0.386858 0.485184 0.459008 0.48695 0.0365341 
2028  0 0.358161 0.48695 0.357881 0.458266 0.443898 0.48695 0.0463187 
2029  0 0.358161 0.48695 0.345641 0.44622 0.43659 0.48695 0.050486 
2030  0 0.358161 0.48695 0.336652 0.441467 0.432521 0.48695 0.051997 
2031  0 0.358161 0.48695 0.337829 0.436139 0.430494 0.48695 0.0515518 
2032  0 0.358161 0.48695 0.339485 0.434551 0.429808 0.48695 0.0508976 
2033  0 0.358161 0.48695 0.341468 0.43468 0.429916 0.48695 0.0511146 
2034  0 0.358161 0.48695 0.3371 0.434647 0.429786 0.48695 0.0513672 

Total_BiomassRex
Year B100 Babc Bofl LowCI_Biom Median_Biom Mean_Biom UpperCI_Biom Stdev_Biom 
2021 242.174 63.8815 58.9802 118.749 118.749 118.749 118.749 2.17426e-12 
2022 242.174 63.8815 58.9802 121.981 124.21 124.722 129.222 2.41644 
2023 242.174 63.8815 58.9802 99.8201 104.644 105.466 113.133 4.62303 
2024 242.174 63.8815 58.9802 79.3518 87.2259 88.2521 99.9895 6.77268 
2025 242.174 63.8815 58.9802 64.1788 74.4913 75.5418 90.6158 8.62453 
2026 242.174 63.8815 58.9802 53.5757 66.1956 67.561 85.3328 10.091 
2027 242.174 63.8815 58.9802 47.7157 61.8954 63.189 82.0794 10.7631 
2028 242.174 63.8815 58.9802 45.7318 60.1592 61.0896 79.5347 10.6278 
2029 242.174 63.8815 58.9802 45.1359 58.8437 60.0613 77.7521 10.3516 
2030 242.174 63.8815 58.9802 44.9912 58.4694 59.6584 77.4167 10.2193 
2031 242.174 63.8815 58.9802 45.379 57.7196 59.4489 77.8697 10.2271 
2032 242.174 63.8815 58.9802 44.9025 57.9818 59.3471 77.755 10.1071 
2033 242.174 63.8815 58.9802 44.5887 58.0125 59.1187 77.0472 10.0139 
2034 242.174 63.8815 58.9802 44.4331 57.5258 58.9233 76.3455 9.9143 
Alternative 7 Alternative  Stock: Rex
Catch Rex
Year C0 Cabc Cofl LowCI_Catch Median_Catch Mean_Catch UpperCI_Catch Stdev_Catch 
2021  0 8.44107 9.15256 0.392 0.392 0.392 0.392 5.27356e-15 
2022  0 8.44107 9.15256 18.8265 18.8268 18.8269 18.8276 0.000370064 
2023  0 8.44107 9.15256 19.2 19.2049 19.2058 19.2153 0.00512367 
2024  0 8.44107 9.15256 22.1159 22.1649 22.1744 22.2655 0.0506267 
2025  0 8.44107 9.15256 16.561 16.7915 16.8322 17.2437 0.23081 
2026  0 8.44107 9.15256 11.9198 12.9183 13.0839 14.8213 0.987798 
2027  0 8.44107 9.15256 7.53685 10.7612 10.7745 14.1872 2.18337 
2028  0 8.44107 9.15256 6.26894 9.30239 9.57257 13.8048 2.42925 
2029  0 8.44107 9.15256 5.73303 8.68296 9.01363 13.1086 2.35602 
2030  0 8.44107 9.15256 5.4716 8.44015 8.71538 12.7422 2.30361 
2031  0 8.44107 9.15256 5.34887 8.27717 8.56004 12.6388 2.24613 
2032  0 8.44107 9.15256 5.38533 8.17019 8.50937 12.4566 2.21072 
2033  0 8.44107 9.15256 5.45696 8.16066 8.50445 12.4303 2.18686 
2034  0 8.44107 9.15256 5.39423 8.22272 8.52454 12.51 2.22175 

Spawning_Biomass Rex
Year SSB100 SSBabc SSBofl LowCI_SSB Median_SSB Mean_SSB UpperCI_SSB Stdev_SSB 
2021 58.5604 23.4242 20.4962 46.2803 46.2803 46.2803 46.2803 2.27374e-13 
2022 58.5604 23.4242 20.4962 53.363 53.4064 53.4163 53.504 0.0470492 
2023 58.5604 23.4242 20.4962 48.9098 49.1537 49.1977 49.6379 0.2466 
2024 58.5604 23.4242 20.4962 41.7822 42.656 42.8038 44.263 0.844425 
2025 58.5604 23.4242 20.4962 31.3461 33.4566 33.7878 37.1688 1.96506 
2026 58.5604 23.4242 20.4962 23.7883 27.5459 27.9717 33.7452 3.27377 
2027 58.5604 23.4242 20.4962 19.4691 24.1134 24.7445 31.7922 4.10095 
2028 58.5604 23.4242 20.4962 17.7577 22.4488 23.1181 30.5796 4.11104 
2029 58.5604 23.4242 20.4962 17.0656 21.6992 22.3141 29.4187 3.9327 
2030 58.5604 23.4242 20.4962 16.5908 21.395 21.8985 29.0408 3.80897 
2031 58.5604 23.4242 20.4962 16.6243 21.1244 21.7081 28.6079 3.7251 
2032 58.5604 23.4242 20.4962 16.6891 21.034 21.6547 28.1798 3.67934 
2033 58.5604 23.4242 20.4962 16.7757 21.0372 21.6521 28.5869 3.68475 
2034 58.5604 23.4242 20.4962 16.5762 21.0349 21.6327 28.6361 3.67675 

Fishing_mortalityRex
Year F0 Fabc Fofl LowCI_F Median_F Mean_F UpperCI_F Stdev_F 
2021  0 0.358161 0.48695 0.00782077 0.00782077 0.00782077 0.00782077 1.43982e-16 
2022  0 0.358161 0.48695 0.358161 0.358161 0.358161 0.358161 3.03554e-11 
2023  0 0.358161 0.48695 0.358161 0.358161 0.358161 0.358161 8.96238e-10 
2024  0 0.358161 0.48695 0.48695 0.48695 0.48695 0.48695 7.99361e-15 
2025  0 0.358161 0.48695 0.48695 0.48695 0.48695 0.48695 7.99361e-15 
2026  0 0.358161 0.48695 0.48695 0.48695 0.486705 0.48695 0.00226077 
2027  0 0.358161 0.48695 0.400402 0.48695 0.466307 0.48695 0.031393 
2028  0 0.358161 0.48695 0.362953 0.465607 0.447861 0.48695 0.0446144 
2029  0 0.358161 0.48695 0.347809 0.449204 0.438351 0.48695 0.0498533 
2030  0 0.358161 0.48695 0.337419 0.442546 0.433283 0.48695 0.0517618 
2031  0 0.358161 0.48695 0.338152 0.436626 0.430815 0.48695 0.051472 
2032  0 0.358161 0.48695 0.339569 0.434646 0.429929 0.48695 0.0508655 
2033  0 0.358161 0.48695 0.341465 0.434716 0.429962 0.48695 0.0511048 
2034  0 0.358161 0.48695 0.337099 0.434666 0.429801 0.48695 0.0513639 

Total_BiomassRex
Year B100 Babc Bofl LowCI_Biom Median_Biom Mean_Biom UpperCI_Biom Stdev_Biom 
2021 242.174 63.8815 58.9802 118.749 118.749 118.749 118.749 2.17426e-12 
2022 242.174 63.8815 58.9802 121.981 124.21 124.722 129.222 2.41644 
2023 242.174 63.8815 58.9802 105.12 109.944 110.766 118.433 4.6232 
2024 242.174 63.8815 58.9802 87.6789 95.5567 96.5826 108.324 6.77474 
2025 242.174 63.8815 58.9802 68.798 79.1102 80.1628 95.2372 8.62639 
2026 242.174 63.8815 58.9802 56.083 68.7054 70.0684 87.8492 10.0925 
2027 242.174 63.8815 58.9802 48.9979 63.2386 64.4871 83.4224 10.8103 
2028 242.174 63.8815 58.9802 46.1789 60.778 61.677 80.2494 10.7001 
2029 242.174 63.8815 58.9802 45.2916 59.0804 60.316 78.1286 10.3956 
2030 242.174 63.8815 58.9802 45.0642 58.5736 59.766 77.4969 10.2407 
2031 242.174 63.8815 58.9802 45.3965 57.8081 59.4931 77.8884 10.2364 
2032 242.174 63.8815 58.9802 44.9084 57.9927 59.3645 77.8091 10.1112 
2033 242.174 63.8815 58.9802 44.6001 58.0116 59.1254 77.0722 10.0156 
2034 242.174 63.8815 58.9802 44.4342 57.5263 58.9257 76.3484 9.91501 
