Alternative 1 Catch
     Rex 
Equil_Fabc 6.84428 
Year 
2021 0.392 
2022 1.567 
2023 1.567 
2024 16.6194 
2025 13.7803 
2026 11.6021 
2027 10.0196 
2028 8.88212 
2029 8.06773 
2030 7.47381 
2031 7.04648 
2032 6.75834 
2033 6.56447 
2034 6.42537 

Alternative 1 ABCs
     Rex 

Year 
2021 12.6704 
2022 15.0575 
2023 16.2756 
2024 16.6194 
2025 13.7803 
2026 11.6021 
2027 10.0196 
2028 8.88212 
2029 8.06773 
2030 7.47381 
2031 7.04648 
2032 6.75834 
2033 6.56447 
2034 6.42537 

Alternative 1 TACs
     Rex 

Year 
2021  NA 
2022  NA 
2023  NA 
2024 16.6194 
2025 13.7803 
2026 11.6021 
2027 10.0196 
2028 8.88212 
2029 8.06773 
2030 7.47381 
2031 7.04648 
2032 6.75834 
2033 6.56447 
2034 6.42537 

Alternative 1 Sp_Biomass
     Rex 
Equil_Fabc 18.7072 
Year 
2021 35.7973 
2022 41.9062 
2023 46.2237 
2024 48.5015 
2025 41.109 
2026 34.9561 
2027 30.2717 
2028 26.8322 
2029 24.3498 
2030 22.5965 
2031 21.4014 
2032 20.6183 
2033 20.115 
2034 19.7702 

Alternative 1 Fishing Mortality
     Rex 
Equil_Fabc 0.228694 
Year 
2021 0.00645234 
2022 0.0217648 
2023 0.0200567 
2024 0.228694 
2025 0.228694 
2026 0.228694 
2027 0.228694 
2028 0.228694 
2029 0.228514 
2030 0.22714 
2031 0.224915 
2032 0.222788 
2033 0.220914 
2034 0.21952 

Alternative 1 Biomass
     Rex 

Year 
2021 94.0453 
2022 99.4279 
2023 101.591 
2024 102.288 
2025 87.3685 
2026 76.008 
2027 67.6727 
2028 61.6798 
2029 57.4408 
2030 54.58 
2031 52.5897 
2032 51.2425 
2033 50.2138 
2034 49.5222 

Alternative 1 Implied SPR rate 
     Rex 
Equil_Fabc 0.4 
Year 
2021 0.959828 
2022 0.875908 
2023 0.884559 
2024 0.4 
2025 0.4 
2026 0.4 
2027 0.4 
2028 0.4 
2029 0.400192 
2030 0.401711 
2031 0.404204 
2032 0.40661 
2033 0.408749 
2034 0.410388 

  Rex 
EquilAvgAgeF0  6.0966 
EquilAvgAgeFabc  3.71199 
AvgAgeYr2034 3.88966 
Alternative 2 Catch
     Rex 
Equil_Fabc 6.84428 
Year 
2021 0.392 
2022 1.567 
2023 1.567 
2024 16.6194 
2025 13.7803 
2026 11.6021 
2027 10.0196 
2028 8.88212 
2029 8.06773 
2030 7.47381 
2031 7.04648 
2032 6.75834 
2033 6.56447 
2034 6.42537 

Alternative 2 ABCs
     Rex 

Year 
2021 12.6704 
2022 15.0575 
2023 16.2756 
2024 16.6194 
2025 13.7803 
2026 11.6021 
2027 10.0196 
2028 8.88212 
2029 8.06773 
2030 7.47381 
2031 7.04648 
2032 6.75834 
2033 6.56447 
2034 6.42537 

Alternative 2 TACs
     Rex 

Year 
2021  NA 
2022  NA 
2023  NA 
2024 16.6194 
2025 13.7803 
2026 11.6021 
2027 10.0196 
2028 8.88212 
2029 8.06773 
2030 7.47381 
2031 7.04648 
2032 6.75834 
2033 6.56447 
2034 6.42537 

Alternative 2 Sp_Biomass
     Rex 
Equil_Fabc 18.7072 
Year 
2021 35.7973 
2022 41.9062 
2023 46.2237 
2024 48.5015 
2025 41.109 
2026 34.9561 
2027 30.2717 
2028 26.8322 
2029 24.3498 
2030 22.5965 
2031 21.4014 
2032 20.6183 
2033 20.115 
2034 19.7702 

Alternative 2 Fishing Mortality
     Rex 
Equil_Fabc 0.228694 
Year 
2021 0.00645234 
2022 0.0217648 
2023 0.0200567 
2024 0.228694 
2025 0.228694 
2026 0.228694 
2027 0.228694 
2028 0.228694 
2029 0.228514 
2030 0.22714 
2031 0.224915 
2032 0.222788 
2033 0.220914 
2034 0.21952 

Alternative 2 Biomass
     Rex 

Year 
2021 94.0453 
2022 99.4279 
2023 101.591 
2024 102.288 
2025 87.3685 
2026 76.008 
2027 67.6727 
2028 61.6798 
2029 57.4408 
2030 54.58 
2031 52.5897 
2032 51.2425 
2033 50.2138 
2034 49.5222 

Alternative 2 Implied SPR rate 
     Rex 
Equil_Fabc 0.4 
Year 
2021 0.959828 
2022 0.875908 
2023 0.884559 
2024 0.4 
2025 0.4 
2026 0.4 
2027 0.4 
2028 0.4 
2029 0.400192 
2030 0.401711 
2031 0.404204 
2032 0.40661 
2033 0.408749 
2034 0.410388 

  Rex 
EquilAvgAgeF0  6.0966 
EquilAvgAgeFabc  3.71199 
AvgAgeYr2034 3.88966 
Alternative 3 Catch
     Rex 
Equil_Fabc 6.84428 
Year 
2021 0.392 
2022 1.567 
2023 1.567 
2024 2.17847 
2025 2.15549 
2026 2.11584 
2027 2.07283 
2028 2.02895 
2029 1.98645 
2030 1.94796 
2031 1.91479 
2032 1.88724 
2033 1.86423 
2034 1.84306 

Alternative 3 ABCs
     Rex 

Year 
2021 1.64788 
2022 1.96536 
2023 2.1309 
2024 2.17847 
2025 2.15549 
2026 2.11584 
2027 2.07283 
2028 2.02895 
2029 1.98645 
2030 1.94796 
2031 1.91479 
2032 1.88724 
2033 1.86423 
2034 1.84306 

Alternative 3 TACs
     Rex 

Year 
2021  NA 
2022  NA 
2023  NA 
2024 2.17847 
2025 2.15549 
2026 2.11584 
2027 2.07283 
2028 2.02895 
2029 1.98645 
2030 1.94796 
2031 1.91479 
2032 1.88724 
2033 1.86423 
2034 1.84306 

Alternative 3 Sp_Biomass
     Rex 
Equil_Fabc 18.7072 
Year 
2021 35.7973 
2022 41.9062 
2023 46.2237 
2024 48.5015 
2025 48.8782 
2026 48.429 
2027 47.6368 
2028 46.7181 
2029 45.7799 
2030 44.8944 
2031 44.1036 
2032 43.4231 
2033 42.8431 
2034 42.3288 

Alternative 3 Fishing Mortality
     Rex 
Equil_Fabc 0.228694 
Year 
2021 0.00645234 
2022 0.0217648 
2023 0.0200567 
2024 0.0273651 
2025 0.0273651 
2026 0.0273651 
2027 0.0273651 
2028 0.0273651 
2029 0.0273651 
2030 0.0273651 
2031 0.0273651 
2032 0.0273651 
2033 0.0273651 
2034 0.0273651 

Alternative 3 Biomass
     Rex 

Year 
2021 94.0453 
2022 99.4279 
2023 101.591 
2024 102.288 
2025 101.361 
2026 99.8498 
2027 98.1237 
2028 96.3775 
2029 94.724 
2030 93.3141 
2031 92.0085 
2032 90.8471 
2033 89.7117 
2034 88.754 

Alternative 3 Implied SPR rate 
     Rex 
Equil_Fabc 0.4 
Year 
2021 0.959828 
2022 0.875908 
2023 0.884559 
2024 0.848659 
2025 0.848659 
2026 0.848659 
2027 0.848659 
2028 0.848659 
2029 0.848659 
2030 0.848659 
2031 0.848659 
2032 0.848659 
2033 0.848659 
2034 0.848659 

  Rex 
EquilAvgAgeF0  6.0966 
EquilAvgAgeFabc  3.71199 
AvgAgeYr2034 5.85459 
Alternative 4 Catch
     Rex 
Equil_Fabc 6.84428 
Year 
2021 0.392 
2022 1.567 
2023 1.567 
2024 4.01181 
2025 3.88737 
2026 3.74521 
2027 3.61006 
2028 3.48508 
2029 3.37267 
2030 3.27593 
2031 3.19555 
2032 3.13065 
2033 3.07793 
2034 3.03153 

Alternative 4 ABCs
     Rex 

Year 
2021 3.03748 
2022 3.62117 
2023 3.92475 
2024 4.01181 
2025 3.88737 
2026 3.74521 
2027 3.61006 
2028 3.48508 
2029 3.37267 
2030 3.27593 
2031 3.19555 
2032 3.13065 
2033 3.07793 
2034 3.03153 

Alternative 4 TACs
     Rex 

Year 
2021  NA 
2022  NA 
2023  NA 
2024 4.01181 
2025 3.88737 
2026 3.74521 
2027 3.61006 
2028 3.48508 
2029 3.37267 
2030 3.27593 
2031 3.19555 
2032 3.13065 
2033 3.07793 
2034 3.03153 

Alternative 4 Sp_Biomass
     Rex 
Equil_Fabc 18.7072 
Year 
2021 35.7973 
2022 41.9062 
2023 46.2237 
2024 48.5015 
2025 47.8894 
2026 46.5754 
2027 45.071 
2028 43.5847 
2029 42.2049 
2030 40.9834 
2031 39.9424 
2032 39.079 
2033 38.3675 
2034 37.7596 

Alternative 4 Fishing Mortality
     Rex 
Equil_Fabc 0.228694 
Year 
2021 0.00645234 
2022 0.0217648 
2023 0.0200567 
2024 0.0509445 
2025 0.0509445 
2026 0.0509445 
2027 0.0509445 
2028 0.0509445 
2029 0.0509445 
2030 0.0509445 
2031 0.0509445 
2032 0.0509445 
2033 0.0509445 
2034 0.0509445 

Alternative 4 Biomass
     Rex 

Year 
2021 94.0453 
2022 99.4279 
2023 101.591 
2024 102.288 
2025 99.5808 
2026 96.5733 
2027 93.6325 
2028 90.9245 
2029 88.5254 
2030 86.5487 
2031 84.8194 
2032 83.3461 
2033 81.9837 
2034 80.863 

Alternative 4 Implied SPR rate 
     Rex 
Equil_Fabc 0.4 
Year 
2021 0.959828 
2022 0.875908 
2023 0.884559 
2024 0.75 
2025 0.75 
2026 0.75 
2027 0.75 
2028 0.75 
2029 0.75 
2030 0.75 
2031 0.75 
2032 0.75 
2033 0.75 
2034 0.75 

  Rex 
EquilAvgAgeF0  6.0966 
EquilAvgAgeFabc  3.71199 
AvgAgeYr2034 5.49699 
Alternative 5 Catch
     Rex 
Equil_Fabc 6.84428 
Year 
2021 0.392 
2022 1.567 
2023 1.567 
2024  NA 
2025  NA 
2026  NA 
2027  NA 
2028  NA 
2029  NA 
2030  NA 
2031  NA 
2032  NA 
2033  NA 
2034  NA 

Alternative 5 ABCs
     Rex 

Year 
2021  NA 
2022  NA 
2023  NA 
2024  NA 
2025  NA 
2026  NA 
2027  NA 
2028  NA 
2029  NA 
2030  NA 
2031  NA 
2032  NA 
2033  NA 
2034  NA 

Alternative 5 TACs
     Rex 

Year 
2021  NA 
2022  NA 
2023  NA 
2024  NA 
2025  NA 
2026  NA 
2027  NA 
2028  NA 
2029  NA 
2030  NA 
2031  NA 
2032  NA 
2033  NA 
2034  NA 

Alternative 5 Sp_Biomass
     Rex 
Equil_Fabc 18.7072 
Year 
2021 35.7973 
2022 41.9062 
2023 46.2237 
2024 48.5015 
2025 50.0539 
2026 50.6861 
2027 50.8332 
2028 50.7067 
2029 50.424 
2030 50.0721 
2031 49.7099 
2032 49.3707 
2033 49.0611 
2034 48.7608 

Alternative 5 Fishing Mortality
     Rex 
Equil_Fabc 0.228694 
Year 
2021 0.00645234 
2022 0.0217648 
2023 0.0200567 
2024  NA 
2025  NA 
2026  NA 
2027  NA 
2028  NA 
2029  NA 
2030  NA 
2031  NA 
2032  NA 
2033  NA 
2034  NA 

Alternative 5 Biomass
     Rex 

Year 
2021 94.0453 
2022 99.4279 
2023 101.591 
2024 102.288 
2025 103.477 
2026 103.838 
2027 103.716 
2028 103.314 
2029 102.769 
2030 102.261 
2031 101.681 
2032 101.1 
2033 100.427 
2034 99.8377 

Alternative 5 Implied SPR rate 
     Rex 
Equil_Fabc 0.4 
Year 
2021 0.959828 
2022 0.875908 
2023 0.884559 
2024 1 
2025 1 
2026 1 
2027 1 
2028 1 
2029 1 
2030 1 
2031 1 
2032 1 
2033 1 
2034 1 

  Rex 
EquilAvgAgeF0  6.0966 
EquilAvgAgeFabc  3.71199 
AvgAgeYr2034 6.32272 
Alternative 6 Catch
     Rex 
Equil_Fabc 6.84428 
Year 
2021 0.392 
2022 18.3141 
2023 15.9965 
2024 13.4354 
2025 11.3217 
2026 9.81171 
2027 8.76196 
2028 7.91045 
2029 7.30796 
2030 6.94253 
2031 6.73832 
2032 6.63946 
2033 6.59903 
2034 6.56001 

Alternative 6 ABCs
     Rex 

Year 
2021 15.4262 
2022 18.3141 
2023 15.9965 
2024 13.4354 
2025 11.3217 
2026 9.81171 
2027 8.76196 
2028 7.91045 
2029 7.30796 
2030 6.94253 
2031 6.73832 
2032 6.63946 
2033 6.59903 
2034 6.56001 

Alternative 6 TACs
     Rex 

Year 
2021  NA 
2022 18.3141 
2023 15.9965 
2024 13.4354 
2025 11.3217 
2026 9.81171 
2027 8.76196 
2028 7.91045 
2029 7.30796 
2030 6.94253 
2031 6.73832 
2032 6.63946 
2033 6.59903 
2034 6.56001 

Alternative 6 Sp_Biomass
     Rex 
Equil_Fabc 18.7072 
Year 
2021 35.7973 
2022 41.9062 
2023 37.8488 
2024 32.83 
2025 28.1442 
2026 24.4972 
2027 21.894 
2028 20.094 
2029 18.9305 
2030 18.2316 
2031 17.8432 
2032 17.6481 
2033 17.5555 
2034 17.4816 

Alternative 6 Fishing Mortality
     Rex 
Equil_Fabc 0.228694 
Year 
2021 0.00645234 
2022 0.284816 
2023 0.284816 
2024 0.284816 
2025 0.284816 
2026 0.284816 
2027 0.283804 
2028 0.276355 
2029 0.268285 
2030 0.262677 
2031 0.259216 
2032 0.257269 
2033 0.25648 
2034 0.255933 

Alternative 6 Biomass
     Rex 

Year 
2021 94.0453 
2022 99.4279 
2023 85.1105 
2024 73.0957 
2025 64.0008 
2026 57.4812 
2027 52.9618 
2028 49.896 
2029 47.9832 
2030 46.9708 
2031 46.3851 
2032 46.0525 
2033 45.7249 
2034 45.4919 

Alternative 6 Implied SPR rate 
     Rex 
Equil_Fabc 0.4 
Year 
2021 0.959828 
2022 0.35 
2023 0.35 
2024 0.35 
2025 0.35 
2026 0.35 
2027 0.350815 
2028 0.357133 
2029 0.364318 
2030 0.36944 
2031 0.372569 
2032 0.374314 
2033 0.37506 
2034 0.375598 

  Rex 
EquilAvgAgeF0  6.0966 
EquilAvgAgeFabc  3.71199 
AvgAgeYr2034 3.66046 
Alternative 7 Catch
     Rex 
Equil_Fabc 6.84428 
Year 
2021 0.392 
2022 15.0575 
2023 13.7633 
2024 14.6172 
2025 12.1344 
2026 10.3552 
2027 9.13684 
2028 8.19737 
2029 7.49264 
2030 7.0484 
2031 6.79627 
2032 6.66921 
2033 6.61375 
2034 6.56694 

Alternative 7 ABCs
     Rex 

Year 
2021 15.4262 
2022 18.3141 
2023 16.7296 
2024 14.6172 
2025 12.1344 
2026 10.3552 
2027 9.13684 
2028 8.19737 
2029 7.49264 
2030 7.0484 
2031 6.79627 
2032 6.66921 
2033 6.61375 
2034 6.56694 

Alternative 7 TACs
     Rex 

Year 
2021  NA 
2022 18.3141 
2023 16.7296 
2024 14.6172 
2025 12.1344 
2026 10.3552 
2027 9.13684 
2028 8.19737 
2029 7.49264 
2030 7.0484 
2031 6.79627 
2032 6.66921 
2033 6.61375 
2034 6.56694 

Alternative 7 Sp_Biomass
     Rex 
Equil_Fabc 18.7072 
Year 
2021 35.7973 
2022 41.9062 
2023 39.4759 
2024 35.5823 
2025 30.0943 
2026 25.8286 
2027 22.7826 
2028 20.6694 
2029 19.2744 
2030 18.4255 
2031 17.9481 
2032 17.7025 
2033 17.5827 
2034 17.4947 

Alternative 7 Fishing Mortality
     Rex 
Equil_Fabc 0.228694 
Year 
2021 0.00645234 
2022 0.228694 
2023 0.228694 
2024 0.284816 
2025 0.284816 
2026 0.284816 
2027 0.284601 
2028 0.279196 
2029 0.270807 
2030 0.264287 
2031 0.260158 
2032 0.257762 
2033 0.256725 
2034 0.256047 

Alternative 7 Biomass
     Rex 

Year 
2021 94.0453 
2022 99.4279 
2023 88.308 
2024 78.2092 
2025 67.4989 
2026 59.8244 
2027 54.5092 
2028 50.8909 
2029 48.5716 
2030 47.2983 
2031 46.5603 
2032 46.1425 
2033 45.7696 
2034 45.5134 

Alternative 7 Implied SPR rate 
     Rex 
Equil_Fabc 0.4 
Year 
2021 0.959828 
2022 0.4 
2023 0.4 
2024 0.35 
2025 0.35 
2026 0.35 
2027 0.350172 
2028 0.354695 
2029 0.362069 
2030 0.367968 
2031 0.371701 
2032 0.373856 
2033 0.374833 
2034 0.375492 

  Rex 
EquilAvgAgeF0  6.0966 
EquilAvgAgeFabc  3.71199 
AvgAgeYr2034 3.66353 
