Rex 1 2021 Cabc 6.84428
Rex 1 2021 Cofl 7.41712
Rex 1 2021 CLCI 0.392
Rex 1 2021 CUCI 0.392
Rex 1 2021 CMedian 0.392
Rex 1 2021 CMean 0.392
Rex 1 2021 CStdn 4.996e-16
Rex 1 2022 Cabc 6.84428
Rex 1 2022 Cofl 7.41712
Rex 1 2022 CLCI 1.567
Rex 1 2022 CUCI 1.567
Rex 1 2022 CMedian 1.567
Rex 1 2022 CMean 1.567
Rex 1 2022 CStdn 8.17718e-10
Rex 1 2023 Cabc 6.84428
Rex 1 2023 Cofl 7.41712
Rex 1 2023 CLCI 1.567
Rex 1 2023 CUCI 1.567
Rex 1 2023 CMedian 1.567
Rex 1 2023 CMean 1.567
Rex 1 2023 CStdn 5.12704e-08
Rex 1 2024 Cabc 6.84428
Rex 1 2024 Cofl 7.41712
Rex 1 2024 CLCI 16.2873
Rex 1 2024 CUCI 17.1336
Rex 1 2024 CMedian 16.5679
Rex 1 2024 CMean 16.6194
Rex 1 2024 CStdn 0.285539
Rex 1 2025 Cabc 6.84428
Rex 1 2025 Cofl 7.41712
Rex 1 2025 CLCI 12.9641
Rex 1 2025 CUCI 14.8973
Rex 1 2025 CMedian 13.6716
Rex 1 2025 CMean 13.7803
Rex 1 2025 CStdn 0.659544
Rex 1 2026 Cabc 6.84428
Rex 1 2026 Cofl 7.41712
Rex 1 2026 CLCI 10.3611
Rex 1 2026 CUCI 13.2662
Rex 1 2026 CMedian 11.4499
Rex 1 2026 CMean 11.6021
Rex 1 2026 CStdn 0.949554
Rex 1 2027 Cabc 6.84428
Rex 1 2027 Cofl 7.41712
Rex 1 2027 CLCI 8.5838
Rex 1 2027 CUCI 11.9643
Rex 1 2027 CMedian 9.87634
Rex 1 2027 CMean 10.0196
Rex 1 2027 CStdn 1.08353
Rex 1 2028 Cabc 6.84428
Rex 1 2028 Cofl 7.41712
Rex 1 2028 CLCI 7.26484
Rex 1 2028 CUCI 10.9209
Rex 1 2028 CMedian 8.74498
Rex 1 2028 CMean 8.88212
Rex 1 2028 CStdn 1.13242
Rex 1 2029 Cabc 6.84428
Rex 1 2029 Cofl 7.41712
Rex 1 2029 CLCI 6.40288
Rex 1 2029 CUCI 10.1081
Rex 1 2029 CMedian 7.94086
Rex 1 2029 CMean 8.06773
Rex 1 2029 CStdn 1.16343
Rex 1 2030 Cabc 6.84428
Rex 1 2030 Cofl 7.41712
Rex 1 2030 CLCI 5.42549
Rex 1 2030 CUCI 9.53171
Rex 1 2030 CMedian 7.38874
Rex 1 2030 CMean 7.47381
Rex 1 2030 CStdn 1.22482
Rex 1 2031 Cabc 6.84428
Rex 1 2031 Cofl 7.41712
Rex 1 2031 CLCI 4.94981
Rex 1 2031 CUCI 9.20608
Rex 1 2031 CMedian 6.98451
Rex 1 2031 CMean 7.04648
Rex 1 2031 CStdn 1.27519
Rex 1 2032 Cabc 6.84428
Rex 1 2032 Cofl 7.41712
Rex 1 2032 CLCI 4.62123
Rex 1 2032 CUCI 8.94001
Rex 1 2032 CMedian 6.70515
Rex 1 2032 CMean 6.75834
Rex 1 2032 CStdn 1.30589
Rex 1 2033 Cabc 6.84428
Rex 1 2033 Cofl 7.41712
Rex 1 2033 CLCI 4.47971
Rex 1 2033 CUCI 8.89874
Rex 1 2033 CMedian 6.5486
Rex 1 2033 CMean 6.56447
Rex 1 2033 CStdn 1.33381
Rex 1 2034 Cabc 6.84428
Rex 1 2034 Cofl 7.41712
Rex 1 2034 CLCI 4.22745
Rex 1 2034 CUCI 8.67026
Rex 1 2034 CMedian 6.45264
Rex 1 2034 CMean 6.42537
Rex 1 2034 CStdn 1.33599
Rex 1 2021 SSBF100 46.7681
Rex 1 2021 SSBFabc 18.7072
Rex 1 2021 SSBFofl 16.3688
Rex 1 2021 SSBLCI 35.7973
Rex 1 2021 SSBUCI 35.7973
Rex 1 2021 SSBMedian 35.7973
Rex 1 2021 SSBMean 35.7973
Rex 1 2022 SSBF100 46.7681
Rex 1 2022 SSBFabc 18.7072
Rex 1 2022 SSBFofl 16.3688
Rex 1 2022 SSBLCI 41.8628
Rex 1 2022 SSBUCI 41.9775
Rex 1 2022 SSBMedian 41.8981
Rex 1 2022 SSBMean 41.9062
Rex 1 2023 SSBF100 46.7681
Rex 1 2023 SSBFabc 18.7072
Rex 1 2023 SSBFofl 16.3688
Rex 1 2023 SSBLCI 45.988
Rex 1 2023 SSBUCI 46.5848
Rex 1 2023 SSBMedian 46.187
Rex 1 2023 SSBMean 46.2237
Rex 1 2024 SSBF100 46.7681
Rex 1 2024 SSBFabc 18.7072
Rex 1 2024 SSBFofl 16.3688
Rex 1 2024 SSBLCI 47.6636
Rex 1 2024 SSBUCI 49.7005
Rex 1 2024 SSBMedian 48.3794
Rex 1 2024 SSBMean 48.5015
Rex 1 2025 SSBF100 46.7681
Rex 1 2025 SSBFabc 18.7072
Rex 1 2025 SSBFofl 16.3688
Rex 1 2025 SSBLCI 39.1704
Rex 1 2025 SSBUCI 43.8211
Rex 1 2025 SSBMedian 40.8562
Rex 1 2025 SSBMean 41.109
Rex 1 2026 SSBF100 46.7681
Rex 1 2026 SSBFabc 18.7072
Rex 1 2026 SSBFofl 16.3688
Rex 1 2026 SSBLCI 31.8506
Rex 1 2026 SSBUCI 39.3059
Rex 1 2026 SSBMedian 34.6104
Rex 1 2026 SSBMean 34.9561
Rex 1 2027 SSBF100 46.7681
Rex 1 2027 SSBFabc 18.7072
Rex 1 2027 SSBFofl 16.3688
Rex 1 2027 SSBLCI 26.4207
Rex 1 2027 SSBUCI 35.3605
Rex 1 2027 SSBMedian 29.8701
Rex 1 2027 SSBMean 30.2717
Rex 1 2028 SSBF100 46.7681
Rex 1 2028 SSBFabc 18.7072
Rex 1 2028 SSBFofl 16.3688
Rex 1 2028 SSBLCI 22.3883
Rex 1 2028 SSBUCI 32.5536
Rex 1 2028 SSBMedian 26.4093
Rex 1 2028 SSBMean 26.8322
Rex 1 2029 SSBF100 46.7681
Rex 1 2029 SSBFabc 18.7072
Rex 1 2029 SSBFofl 16.3688
Rex 1 2029 SSBLCI 19.6572
Rex 1 2029 SSBUCI 29.93
Rex 1 2029 SSBMedian 23.993
Rex 1 2029 SSBMean 24.3498
Rex 1 2030 SSBF100 46.7681
Rex 1 2030 SSBFabc 18.7072
Rex 1 2030 SSBFofl 16.3688
Rex 1 2030 SSBLCI 17.6451
Rex 1 2030 SSBUCI 28.4209
Rex 1 2030 SSBMedian 22.2667
Rex 1 2030 SSBMean 22.5965
Rex 1 2031 SSBF100 46.7681
Rex 1 2031 SSBFabc 18.7072
Rex 1 2031 SSBFofl 16.3688
Rex 1 2031 SSBLCI 16.7531
Rex 1 2031 SSBUCI 26.9528
Rex 1 2031 SSBMedian 21.013
Rex 1 2031 SSBMean 21.4014
Rex 1 2032 SSBF100 46.7681
Rex 1 2032 SSBFabc 18.7072
Rex 1 2032 SSBFofl 16.3688
Rex 1 2032 SSBLCI 16.1251
Rex 1 2032 SSBUCI 26.2682
Rex 1 2032 SSBMedian 20.1721
Rex 1 2032 SSBMean 20.6183
Rex 1 2033 SSBF100 46.7681
Rex 1 2033 SSBFabc 18.7072
Rex 1 2033 SSBFofl 16.3688
Rex 1 2033 SSBLCI 15.8426
Rex 1 2033 SSBUCI 26.0494
Rex 1 2033 SSBMedian 19.541
Rex 1 2033 SSBMean 20.115
Rex 1 2034 SSBF100 46.7681
Rex 1 2034 SSBFabc 18.7072
Rex 1 2034 SSBFofl 16.3688
Rex 1 2034 SSBLCI 15.4262
Rex 1 2034 SSBUCI 25.6819
Rex 1 2034 SSBMedian 19.2524
Rex 1 2034 SSBMean 19.7702
Rex 1 2021 F0 0 
Rex 1 2021 Fabc 0.228694
Rex 1 2021 Fofl 0.284816
Rex 1 2021  F_LCI 0.00645234
Rex 1 2021  F_UCI 0.00645234
Rex 1 2021  F_Median 0.00645234
Rex 1 2021  F_Mean 0.00645234
Rex 1 2022 F0 0 
Rex 1 2022 Fabc 0.228694
Rex 1 2022 Fofl 0.284816
Rex 1 2022  F_LCI 0.0217555
Rex 1 2022  F_UCI 0.0217703
Rex 1 2022  F_Median 0.0217658
Rex 1 2022  F_Mean 0.0217648
Rex 1 2023 F0 0 
Rex 1 2023 Fabc 0.228694
Rex 1 2023 Fofl 0.284816
Rex 1 2023  F_LCI 0.0199458
Rex 1 2023  F_UCI 0.020125
Rex 1 2023  F_Median 0.0200682
Rex 1 2023  F_Mean 0.0200567
Rex 1 2024 F0 0 
Rex 1 2024 Fabc 0.228694
Rex 1 2024 Fofl 0.284816
Rex 1 2024  F_LCI 0.228694
Rex 1 2024  F_UCI 0.228694
Rex 1 2024  F_Median 0.228694
Rex 1 2024  F_Mean 0.228694
Rex 1 2025 F0 0 
Rex 1 2025 Fabc 0.228694
Rex 1 2025 Fofl 0.284816
Rex 1 2025  F_LCI 0.228694
Rex 1 2025  F_UCI 0.228694
Rex 1 2025  F_Median 0.228694
Rex 1 2025  F_Mean 0.228694
Rex 1 2026 F0 0 
Rex 1 2026 Fabc 0.228694
Rex 1 2026 Fofl 0.284816
Rex 1 2026  F_LCI 0.228694
Rex 1 2026  F_UCI 0.228694
Rex 1 2026  F_Median 0.228694
Rex 1 2026  F_Mean 0.228694
Rex 1 2027 F0 0 
Rex 1 2027 Fabc 0.228694
Rex 1 2027 Fofl 0.284816
Rex 1 2027  F_LCI 0.228694
Rex 1 2027  F_UCI 0.228694
Rex 1 2027  F_Median 0.228694
Rex 1 2027  F_Mean 0.228694
Rex 1 2028 F0 0 
Rex 1 2028 Fabc 0.228694
Rex 1 2028 Fofl 0.284816
Rex 1 2028  F_LCI 0.228694
Rex 1 2028  F_UCI 0.228694
Rex 1 2028  F_Median 0.228694
Rex 1 2028  F_Mean 0.228694
Rex 1 2029 F0 0 
Rex 1 2029 Fabc 0.228694
Rex 1 2029 Fofl 0.284816
Rex 1 2029  F_LCI 0.228694
Rex 1 2029  F_UCI 0.228694
Rex 1 2029  F_Median 0.228694
Rex 1 2029  F_Mean 0.228514
Rex 1 2030 F0 0 
Rex 1 2030 Fabc 0.228694
Rex 1 2030 Fofl 0.284816
Rex 1 2030  F_LCI 0.215027
Rex 1 2030  F_UCI 0.228694
Rex 1 2030  F_Median 0.228694
Rex 1 2030  F_Mean 0.22714
Rex 1 2031 F0 0 
Rex 1 2031 Fabc 0.228694
Rex 1 2031 Fofl 0.284816
Rex 1 2031  F_LCI 0.203548
Rex 1 2031  F_UCI 0.228694
Rex 1 2031  F_Median 0.228694
Rex 1 2031  F_Mean 0.224915
Rex 1 2032 F0 0 
Rex 1 2032 Fabc 0.228694
Rex 1 2032 Fofl 0.284816
Rex 1 2032  F_LCI 0.195467
Rex 1 2032  F_UCI 0.228694
Rex 1 2032  F_Median 0.228694
Rex 1 2032  F_Mean 0.222788
Rex 1 2033 F0 0 
Rex 1 2033 Fabc 0.228694
Rex 1 2033 Fofl 0.284816
Rex 1 2033  F_LCI 0.191831
Rex 1 2033  F_UCI 0.228694
Rex 1 2033  F_Median 0.228694
Rex 1 2033  F_Mean 0.220914
Rex 1 2034 F0 0 
Rex 1 2034 Fabc 0.228694
Rex 1 2034 Fofl 0.284816
Rex 1 2034  F_LCI 0.186473
Rex 1 2034  F_UCI 0.228694
Rex 1 2034  F_Median 0.228694
Rex 1 2034  F_Mean 0.21952
Rex 2 2021 Cabc 6.84428
Rex 2 2021 Cofl 7.41712
Rex 2 2021 CLCI 0.392
Rex 2 2021 CUCI 0.392
Rex 2 2021 CMedian 0.392
Rex 2 2021 CMean 0.392
Rex 2 2021 CStdn 4.996e-16
Rex 2 2022 Cabc 6.84428
Rex 2 2022 Cofl 7.41712
Rex 2 2022 CLCI 1.567
Rex 2 2022 CUCI 1.567
Rex 2 2022 CMedian 1.567
Rex 2 2022 CMean 1.567
Rex 2 2022 CStdn 8.17718e-10
Rex 2 2023 Cabc 6.84428
Rex 2 2023 Cofl 7.41712
Rex 2 2023 CLCI 1.567
Rex 2 2023 CUCI 1.567
Rex 2 2023 CMedian 1.567
Rex 2 2023 CMean 1.567
Rex 2 2023 CStdn 5.12704e-08
Rex 2 2024 Cabc 6.84428
Rex 2 2024 Cofl 7.41712
Rex 2 2024 CLCI 16.2873
Rex 2 2024 CUCI 17.1336
Rex 2 2024 CMedian 16.5679
Rex 2 2024 CMean 16.6194
Rex 2 2024 CStdn 0.285539
Rex 2 2025 Cabc 6.84428
Rex 2 2025 Cofl 7.41712
Rex 2 2025 CLCI 12.9641
Rex 2 2025 CUCI 14.8973
Rex 2 2025 CMedian 13.6716
Rex 2 2025 CMean 13.7803
Rex 2 2025 CStdn 0.659544
Rex 2 2026 Cabc 6.84428
Rex 2 2026 Cofl 7.41712
Rex 2 2026 CLCI 10.3611
Rex 2 2026 CUCI 13.2662
Rex 2 2026 CMedian 11.4499
Rex 2 2026 CMean 11.6021
Rex 2 2026 CStdn 0.949554
Rex 2 2027 Cabc 6.84428
Rex 2 2027 Cofl 7.41712
Rex 2 2027 CLCI 8.5838
Rex 2 2027 CUCI 11.9643
Rex 2 2027 CMedian 9.87634
Rex 2 2027 CMean 10.0196
Rex 2 2027 CStdn 1.08353
Rex 2 2028 Cabc 6.84428
Rex 2 2028 Cofl 7.41712
Rex 2 2028 CLCI 7.26484
Rex 2 2028 CUCI 10.9209
Rex 2 2028 CMedian 8.74498
Rex 2 2028 CMean 8.88212
Rex 2 2028 CStdn 1.13242
Rex 2 2029 Cabc 6.84428
Rex 2 2029 Cofl 7.41712
Rex 2 2029 CLCI 6.40288
Rex 2 2029 CUCI 10.1081
Rex 2 2029 CMedian 7.94086
Rex 2 2029 CMean 8.06773
Rex 2 2029 CStdn 1.16343
Rex 2 2030 Cabc 6.84428
Rex 2 2030 Cofl 7.41712
Rex 2 2030 CLCI 5.42549
Rex 2 2030 CUCI 9.53171
Rex 2 2030 CMedian 7.38874
Rex 2 2030 CMean 7.47381
Rex 2 2030 CStdn 1.22482
Rex 2 2031 Cabc 6.84428
Rex 2 2031 Cofl 7.41712
Rex 2 2031 CLCI 4.94981
Rex 2 2031 CUCI 9.20608
Rex 2 2031 CMedian 6.98451
Rex 2 2031 CMean 7.04648
Rex 2 2031 CStdn 1.27519
Rex 2 2032 Cabc 6.84428
Rex 2 2032 Cofl 7.41712
Rex 2 2032 CLCI 4.62123
Rex 2 2032 CUCI 8.94001
Rex 2 2032 CMedian 6.70515
Rex 2 2032 CMean 6.75834
Rex 2 2032 CStdn 1.30589
Rex 2 2033 Cabc 6.84428
Rex 2 2033 Cofl 7.41712
Rex 2 2033 CLCI 4.47971
Rex 2 2033 CUCI 8.89874
Rex 2 2033 CMedian 6.5486
Rex 2 2033 CMean 6.56447
Rex 2 2033 CStdn 1.33381
Rex 2 2034 Cabc 6.84428
Rex 2 2034 Cofl 7.41712
Rex 2 2034 CLCI 4.22745
Rex 2 2034 CUCI 8.67026
Rex 2 2034 CMedian 6.45264
Rex 2 2034 CMean 6.42537
Rex 2 2034 CStdn 1.33599
Rex 2 2021 SSBF100 46.7681
Rex 2 2021 SSBFabc 18.7072
Rex 2 2021 SSBFofl 16.3688
Rex 2 2021 SSBLCI 35.7973
Rex 2 2021 SSBUCI 35.7973
Rex 2 2021 SSBMedian 35.7973
Rex 2 2021 SSBMean 35.7973
Rex 2 2022 SSBF100 46.7681
Rex 2 2022 SSBFabc 18.7072
Rex 2 2022 SSBFofl 16.3688
Rex 2 2022 SSBLCI 41.8628
Rex 2 2022 SSBUCI 41.9775
Rex 2 2022 SSBMedian 41.8981
Rex 2 2022 SSBMean 41.9062
Rex 2 2023 SSBF100 46.7681
Rex 2 2023 SSBFabc 18.7072
Rex 2 2023 SSBFofl 16.3688
Rex 2 2023 SSBLCI 45.988
Rex 2 2023 SSBUCI 46.5848
Rex 2 2023 SSBMedian 46.187
Rex 2 2023 SSBMean 46.2237
Rex 2 2024 SSBF100 46.7681
Rex 2 2024 SSBFabc 18.7072
Rex 2 2024 SSBFofl 16.3688
Rex 2 2024 SSBLCI 47.6636
Rex 2 2024 SSBUCI 49.7005
Rex 2 2024 SSBMedian 48.3794
Rex 2 2024 SSBMean 48.5015
Rex 2 2025 SSBF100 46.7681
Rex 2 2025 SSBFabc 18.7072
Rex 2 2025 SSBFofl 16.3688
Rex 2 2025 SSBLCI 39.1704
Rex 2 2025 SSBUCI 43.8211
Rex 2 2025 SSBMedian 40.8562
Rex 2 2025 SSBMean 41.109
Rex 2 2026 SSBF100 46.7681
Rex 2 2026 SSBFabc 18.7072
Rex 2 2026 SSBFofl 16.3688
Rex 2 2026 SSBLCI 31.8506
Rex 2 2026 SSBUCI 39.3059
Rex 2 2026 SSBMedian 34.6104
Rex 2 2026 SSBMean 34.9561
Rex 2 2027 SSBF100 46.7681
Rex 2 2027 SSBFabc 18.7072
Rex 2 2027 SSBFofl 16.3688
Rex 2 2027 SSBLCI 26.4207
Rex 2 2027 SSBUCI 35.3605
Rex 2 2027 SSBMedian 29.8701
Rex 2 2027 SSBMean 30.2717
Rex 2 2028 SSBF100 46.7681
Rex 2 2028 SSBFabc 18.7072
Rex 2 2028 SSBFofl 16.3688
Rex 2 2028 SSBLCI 22.3883
Rex 2 2028 SSBUCI 32.5536
Rex 2 2028 SSBMedian 26.4093
Rex 2 2028 SSBMean 26.8322
Rex 2 2029 SSBF100 46.7681
Rex 2 2029 SSBFabc 18.7072
Rex 2 2029 SSBFofl 16.3688
Rex 2 2029 SSBLCI 19.6572
Rex 2 2029 SSBUCI 29.93
Rex 2 2029 SSBMedian 23.993
Rex 2 2029 SSBMean 24.3498
Rex 2 2030 SSBF100 46.7681
Rex 2 2030 SSBFabc 18.7072
Rex 2 2030 SSBFofl 16.3688
Rex 2 2030 SSBLCI 17.6451
Rex 2 2030 SSBUCI 28.4209
Rex 2 2030 SSBMedian 22.2667
Rex 2 2030 SSBMean 22.5965
Rex 2 2031 SSBF100 46.7681
Rex 2 2031 SSBFabc 18.7072
Rex 2 2031 SSBFofl 16.3688
Rex 2 2031 SSBLCI 16.7531
Rex 2 2031 SSBUCI 26.9528
Rex 2 2031 SSBMedian 21.013
Rex 2 2031 SSBMean 21.4014
Rex 2 2032 SSBF100 46.7681
Rex 2 2032 SSBFabc 18.7072
Rex 2 2032 SSBFofl 16.3688
Rex 2 2032 SSBLCI 16.1251
Rex 2 2032 SSBUCI 26.2682
Rex 2 2032 SSBMedian 20.1721
Rex 2 2032 SSBMean 20.6183
Rex 2 2033 SSBF100 46.7681
Rex 2 2033 SSBFabc 18.7072
Rex 2 2033 SSBFofl 16.3688
Rex 2 2033 SSBLCI 15.8426
Rex 2 2033 SSBUCI 26.0494
Rex 2 2033 SSBMedian 19.541
Rex 2 2033 SSBMean 20.115
Rex 2 2034 SSBF100 46.7681
Rex 2 2034 SSBFabc 18.7072
Rex 2 2034 SSBFofl 16.3688
Rex 2 2034 SSBLCI 15.4262
Rex 2 2034 SSBUCI 25.6819
Rex 2 2034 SSBMedian 19.2524
Rex 2 2034 SSBMean 19.7702
Rex 2 2021 F0 0 
Rex 2 2021 Fabc 0.228694
Rex 2 2021 Fofl 0.284816
Rex 2 2021  F_LCI 0.00645234
Rex 2 2021  F_UCI 0.00645234
Rex 2 2021  F_Median 0.00645234
Rex 2 2021  F_Mean 0.00645234
Rex 2 2022 F0 0 
Rex 2 2022 Fabc 0.228694
Rex 2 2022 Fofl 0.284816
Rex 2 2022  F_LCI 0.0217555
Rex 2 2022  F_UCI 0.0217703
Rex 2 2022  F_Median 0.0217658
Rex 2 2022  F_Mean 0.0217648
Rex 2 2023 F0 0 
Rex 2 2023 Fabc 0.228694
Rex 2 2023 Fofl 0.284816
Rex 2 2023  F_LCI 0.0199458
Rex 2 2023  F_UCI 0.020125
Rex 2 2023  F_Median 0.0200682
Rex 2 2023  F_Mean 0.0200567
Rex 2 2024 F0 0 
Rex 2 2024 Fabc 0.228694
Rex 2 2024 Fofl 0.284816
Rex 2 2024  F_LCI 0.228694
Rex 2 2024  F_UCI 0.228694
Rex 2 2024  F_Median 0.228694
Rex 2 2024  F_Mean 0.228694
Rex 2 2025 F0 0 
Rex 2 2025 Fabc 0.228694
Rex 2 2025 Fofl 0.284816
Rex 2 2025  F_LCI 0.228694
Rex 2 2025  F_UCI 0.228694
Rex 2 2025  F_Median 0.228694
Rex 2 2025  F_Mean 0.228694
Rex 2 2026 F0 0 
Rex 2 2026 Fabc 0.228694
Rex 2 2026 Fofl 0.284816
Rex 2 2026  F_LCI 0.228694
Rex 2 2026  F_UCI 0.228694
Rex 2 2026  F_Median 0.228694
Rex 2 2026  F_Mean 0.228694
Rex 2 2027 F0 0 
Rex 2 2027 Fabc 0.228694
Rex 2 2027 Fofl 0.284816
Rex 2 2027  F_LCI 0.228694
Rex 2 2027  F_UCI 0.228694
Rex 2 2027  F_Median 0.228694
Rex 2 2027  F_Mean 0.228694
Rex 2 2028 F0 0 
Rex 2 2028 Fabc 0.228694
Rex 2 2028 Fofl 0.284816
Rex 2 2028  F_LCI 0.228694
Rex 2 2028  F_UCI 0.228694
Rex 2 2028  F_Median 0.228694
Rex 2 2028  F_Mean 0.228694
Rex 2 2029 F0 0 
Rex 2 2029 Fabc 0.228694
Rex 2 2029 Fofl 0.284816
Rex 2 2029  F_LCI 0.228694
Rex 2 2029  F_UCI 0.228694
Rex 2 2029  F_Median 0.228694
Rex 2 2029  F_Mean 0.228514
Rex 2 2030 F0 0 
Rex 2 2030 Fabc 0.228694
Rex 2 2030 Fofl 0.284816
Rex 2 2030  F_LCI 0.215027
Rex 2 2030  F_UCI 0.228694
Rex 2 2030  F_Median 0.228694
Rex 2 2030  F_Mean 0.22714
Rex 2 2031 F0 0 
Rex 2 2031 Fabc 0.228694
Rex 2 2031 Fofl 0.284816
Rex 2 2031  F_LCI 0.203548
Rex 2 2031  F_UCI 0.228694
Rex 2 2031  F_Median 0.228694
Rex 2 2031  F_Mean 0.224915
Rex 2 2032 F0 0 
Rex 2 2032 Fabc 0.228694
Rex 2 2032 Fofl 0.284816
Rex 2 2032  F_LCI 0.195467
Rex 2 2032  F_UCI 0.228694
Rex 2 2032  F_Median 0.228694
Rex 2 2032  F_Mean 0.222788
Rex 2 2033 F0 0 
Rex 2 2033 Fabc 0.228694
Rex 2 2033 Fofl 0.284816
Rex 2 2033  F_LCI 0.191831
Rex 2 2033  F_UCI 0.228694
Rex 2 2033  F_Median 0.228694
Rex 2 2033  F_Mean 0.220914
Rex 2 2034 F0 0 
Rex 2 2034 Fabc 0.228694
Rex 2 2034 Fofl 0.284816
Rex 2 2034  F_LCI 0.186473
Rex 2 2034  F_UCI 0.228694
Rex 2 2034  F_Median 0.228694
Rex 2 2034  F_Mean 0.21952
Rex 3 2021 Cabc 6.84428
Rex 3 2021 Cofl 7.41712
Rex 3 2021 CLCI 0.392
Rex 3 2021 CUCI 0.392
Rex 3 2021 CMedian 0.392
Rex 3 2021 CMean 0.392
Rex 3 2021 CStdn 4.996e-16
Rex 3 2022 Cabc 6.84428
Rex 3 2022 Cofl 7.41712
Rex 3 2022 CLCI 1.567
Rex 3 2022 CUCI 1.567
Rex 3 2022 CMedian 1.567
Rex 3 2022 CMean 1.567
Rex 3 2022 CStdn 8.17718e-10
Rex 3 2023 Cabc 6.84428
Rex 3 2023 Cofl 7.41712
Rex 3 2023 CLCI 1.567
Rex 3 2023 CUCI 1.567
Rex 3 2023 CMedian 1.567
Rex 3 2023 CMean 1.567
Rex 3 2023 CStdn 5.12704e-08
Rex 3 2024 Cabc 6.84428
Rex 3 2024 Cofl 7.41712
Rex 3 2024 CLCI 2.13721
Rex 3 2024 CUCI 2.24189
Rex 3 2024 CMedian 2.17206
Rex 3 2024 CMean 2.17847
Rex 3 2024 CStdn 0.0355224
Rex 3 2025 Cabc 6.84428
Rex 3 2025 Cofl 7.41712
Rex 3 2025 CLCI 2.04505
Rex 3 2025 CUCI 2.30715
Rex 3 2025 CMedian 2.13969
Rex 3 2025 CMean 2.15549
Rex 3 2025 CStdn 0.089945
Rex 3 2026 Cabc 6.84428
Rex 3 2026 Cofl 7.41712
Rex 3 2026 CLCI 1.93222
Rex 3 2026 CUCI 2.36596
Rex 3 2026 CMedian 2.09397
Rex 3 2026 CMean 2.11584
Rex 3 2026 CStdn 0.142515
Rex 3 2027 Cabc 6.84428
Rex 3 2027 Cofl 7.41712
Rex 3 2027 CLCI 1.8399
Rex 3 2027 CUCI 2.37556
Rex 3 2027 CMedian 2.04703
Rex 3 2027 CMean 2.07283
Rex 3 2027 CStdn 0.178193
Rex 3 2028 Cabc 6.84428
Rex 3 2028 Cofl 7.41712
Rex 3 2028 CLCI 1.7525
Rex 3 2028 CUCI 2.38585
Rex 3 2028 CMedian 2.00453
Rex 3 2028 CMean 2.02895
Rex 3 2028 CStdn 0.200116
Rex 3 2029 Cabc 6.84428
Rex 3 2029 Cofl 7.41712
Rex 3 2029 CLCI 1.67917
Rex 3 2029 CUCI 2.34825
Rex 3 2029 CMedian 1.96052
Rex 3 2029 CMean 1.98645
Rex 3 2029 CStdn 0.214934
Rex 3 2030 Cabc 6.84428
Rex 3 2030 Cofl 7.41712
Rex 3 2030 CLCI 1.6081
Rex 3 2030 CUCI 2.33155
Rex 3 2030 CMedian 1.92756
Rex 3 2030 CMean 1.94796
Rex 3 2030 CStdn 0.224967
Rex 3 2031 Cabc 6.84428
Rex 3 2031 Cofl 7.41712
Rex 3 2031 CLCI 1.57632
Rex 3 2031 CUCI 2.31161
Rex 3 2031 CMedian 1.89343
Rex 3 2031 CMean 1.91479
Rex 3 2031 CStdn 0.230792
Rex 3 2032 Cabc 6.84428
Rex 3 2032 Cofl 7.41712
Rex 3 2032 CLCI 1.55155
Rex 3 2032 CUCI 2.29809
Rex 3 2032 CMedian 1.8575
Rex 3 2032 CMean 1.88724
Rex 3 2032 CStdn 0.23431
Rex 3 2033 Cabc 6.84428
Rex 3 2033 Cofl 7.41712
Rex 3 2033 CLCI 1.51715
Rex 3 2033 CUCI 2.29919
Rex 3 2033 CMedian 1.83504
Rex 3 2033 CMean 1.86423
Rex 3 2033 CStdn 0.238093
Rex 3 2034 Cabc 6.84428
Rex 3 2034 Cofl 7.41712
Rex 3 2034 CLCI 1.4915
Rex 3 2034 CUCI 2.2815
Rex 3 2034 CMedian 1.81738
Rex 3 2034 CMean 1.84306
Rex 3 2034 CStdn 0.240066
Rex 3 2021 SSBF100 46.7681
Rex 3 2021 SSBFabc 18.7072
Rex 3 2021 SSBFofl 16.3688
Rex 3 2021 SSBLCI 35.7973
Rex 3 2021 SSBUCI 35.7973
Rex 3 2021 SSBMedian 35.7973
Rex 3 2021 SSBMean 35.7973
Rex 3 2022 SSBF100 46.7681
Rex 3 2022 SSBFabc 18.7072
Rex 3 2022 SSBFofl 16.3688
Rex 3 2022 SSBLCI 41.8628
Rex 3 2022 SSBUCI 41.9775
Rex 3 2022 SSBMedian 41.8981
Rex 3 2022 SSBMean 41.9062
Rex 3 2023 SSBF100 46.7681
Rex 3 2023 SSBFabc 18.7072
Rex 3 2023 SSBFofl 16.3688
Rex 3 2023 SSBLCI 45.988
Rex 3 2023 SSBUCI 46.5848
Rex 3 2023 SSBMedian 46.187
Rex 3 2023 SSBMean 46.2237
Rex 3 2024 SSBF100 46.7681
Rex 3 2024 SSBFabc 18.7072
Rex 3 2024 SSBFofl 16.3688
Rex 3 2024 SSBLCI 47.6636
Rex 3 2024 SSBUCI 49.7005
Rex 3 2024 SSBMedian 48.3794
Rex 3 2024 SSBMean 48.5015
Rex 3 2025 SSBF100 46.7681
Rex 3 2025 SSBFabc 18.7072
Rex 3 2025 SSBFofl 16.3688
Rex 3 2025 SSBLCI 46.8897
Rex 3 2025 SSBUCI 51.6292
Rex 3 2025 SSBMedian 48.6074
Rex 3 2025 SSBMean 48.8782
Rex 3 2026 SSBF100 46.7681
Rex 3 2026 SSBFabc 18.7072
Rex 3 2026 SSBFofl 16.3688
Rex 3 2026 SSBLCI 45.0454
Rex 3 2026 SSBUCI 53.1112
Rex 3 2026 SSBMedian 48.0797
Rex 3 2026 SSBMean 48.429
Rex 3 2027 SSBF100 46.7681
Rex 3 2027 SSBFabc 18.7072
Rex 3 2027 SSBFofl 16.3688
Rex 3 2027 SSBLCI 43.0984
Rex 3 2027 SSBUCI 53.6806
Rex 3 2027 SSBMedian 47.1801
Rex 3 2027 SSBMean 47.6368
Rex 3 2028 SSBF100 46.7681
Rex 3 2028 SSBFabc 18.7072
Rex 3 2028 SSBFofl 16.3688
Rex 3 2028 SSBLCI 41.128
Rex 3 2028 SSBUCI 54.0261
Rex 3 2028 SSBMedian 46.2225
Rex 3 2028 SSBMean 46.7181
Rex 3 2029 SSBF100 46.7681
Rex 3 2029 SSBFabc 18.7072
Rex 3 2029 SSBFofl 16.3688
Rex 3 2029 SSBLCI 39.2376
Rex 3 2029 SSBUCI 53.7507
Rex 3 2029 SSBMedian 45.2047
Rex 3 2029 SSBMean 45.7799
Rex 3 2030 SSBF100 46.7681
Rex 3 2030 SSBFabc 18.7072
Rex 3 2030 SSBFofl 16.3688
Rex 3 2030 SSBLCI 37.7097
Rex 3 2030 SSBUCI 53.1184
Rex 3 2030 SSBMedian 44.3932
Rex 3 2030 SSBMean 44.8944
Rex 3 2031 SSBF100 46.7681
Rex 3 2031 SSBFabc 18.7072
Rex 3 2031 SSBFofl 16.3688
Rex 3 2031 SSBLCI 36.66
Rex 3 2031 SSBUCI 52.9166
Rex 3 2031 SSBMedian 43.6914
Rex 3 2031 SSBMean 44.1036
Rex 3 2032 SSBF100 46.7681
Rex 3 2032 SSBFabc 18.7072
Rex 3 2032 SSBFofl 16.3688
Rex 3 2032 SSBLCI 35.9604
Rex 3 2032 SSBUCI 52.3794
Rex 3 2032 SSBMedian 42.8773
Rex 3 2032 SSBMean 43.4231
Rex 3 2033 SSBF100 46.7681
Rex 3 2033 SSBFabc 18.7072
Rex 3 2033 SSBFofl 16.3688
Rex 3 2033 SSBLCI 35.3186
Rex 3 2033 SSBUCI 52.1475
Rex 3 2033 SSBMedian 42.2358
Rex 3 2033 SSBMean 42.8431
Rex 3 2034 SSBF100 46.7681
Rex 3 2034 SSBFabc 18.7072
Rex 3 2034 SSBFofl 16.3688
Rex 3 2034 SSBLCI 34.4303
Rex 3 2034 SSBUCI 51.7547
Rex 3 2034 SSBMedian 41.7871
Rex 3 2034 SSBMean 42.3288
Rex 3 2021 F0 0 
Rex 3 2021 Fabc 0.228694
Rex 3 2021 Fofl 0.284816
Rex 3 2021  F_LCI 0.00645234
Rex 3 2021  F_UCI 0.00645234
Rex 3 2021  F_Median 0.00645234
Rex 3 2021  F_Mean 0.00645234
Rex 3 2022 F0 0 
Rex 3 2022 Fabc 0.228694
Rex 3 2022 Fofl 0.284816
Rex 3 2022  F_LCI 0.0217555
Rex 3 2022  F_UCI 0.0217703
Rex 3 2022  F_Median 0.0217658
Rex 3 2022  F_Mean 0.0217648
Rex 3 2023 F0 0 
Rex 3 2023 Fabc 0.228694
Rex 3 2023 Fofl 0.284816
Rex 3 2023  F_LCI 0.0199458
Rex 3 2023  F_UCI 0.020125
Rex 3 2023  F_Median 0.0200682
Rex 3 2023  F_Mean 0.0200567
Rex 3 2024 F0 0 
Rex 3 2024 Fabc 0.228694
Rex 3 2024 Fofl 0.284816
Rex 3 2024  F_LCI 0.027365
Rex 3 2024  F_UCI 0.027365
Rex 3 2024  F_Median 0.027365
Rex 3 2024  F_Mean 0.0273651
Rex 3 2025 F0 0 
Rex 3 2025 Fabc 0.228694
Rex 3 2025 Fofl 0.284816
Rex 3 2025  F_LCI 0.027365
Rex 3 2025  F_UCI 0.027365
Rex 3 2025  F_Median 0.027365
Rex 3 2025  F_Mean 0.0273651
Rex 3 2026 F0 0 
Rex 3 2026 Fabc 0.228694
Rex 3 2026 Fofl 0.284816
Rex 3 2026  F_LCI 0.027365
Rex 3 2026  F_UCI 0.027365
Rex 3 2026  F_Median 0.027365
Rex 3 2026  F_Mean 0.0273651
Rex 3 2027 F0 0 
Rex 3 2027 Fabc 0.228694
Rex 3 2027 Fofl 0.284816
Rex 3 2027  F_LCI 0.027365
Rex 3 2027  F_UCI 0.027365
Rex 3 2027  F_Median 0.027365
Rex 3 2027  F_Mean 0.0273651
Rex 3 2028 F0 0 
Rex 3 2028 Fabc 0.228694
Rex 3 2028 Fofl 0.284816
Rex 3 2028  F_LCI 0.027365
Rex 3 2028  F_UCI 0.027365
Rex 3 2028  F_Median 0.027365
Rex 3 2028  F_Mean 0.0273651
Rex 3 2029 F0 0 
Rex 3 2029 Fabc 0.228694
Rex 3 2029 Fofl 0.284816
Rex 3 2029  F_LCI 0.027365
Rex 3 2029  F_UCI 0.027365
Rex 3 2029  F_Median 0.027365
Rex 3 2029  F_Mean 0.0273651
Rex 3 2030 F0 0 
Rex 3 2030 Fabc 0.228694
Rex 3 2030 Fofl 0.284816
Rex 3 2030  F_LCI 0.027365
Rex 3 2030  F_UCI 0.027365
Rex 3 2030  F_Median 0.027365
Rex 3 2030  F_Mean 0.0273651
Rex 3 2031 F0 0 
Rex 3 2031 Fabc 0.228694
Rex 3 2031 Fofl 0.284816
Rex 3 2031  F_LCI 0.027365
Rex 3 2031  F_UCI 0.027365
Rex 3 2031  F_Median 0.027365
Rex 3 2031  F_Mean 0.0273651
Rex 3 2032 F0 0 
Rex 3 2032 Fabc 0.228694
Rex 3 2032 Fofl 0.284816
Rex 3 2032  F_LCI 0.027365
Rex 3 2032  F_UCI 0.027365
Rex 3 2032  F_Median 0.027365
Rex 3 2032  F_Mean 0.0273651
Rex 3 2033 F0 0 
Rex 3 2033 Fabc 0.228694
Rex 3 2033 Fofl 0.284816
Rex 3 2033  F_LCI 0.027365
Rex 3 2033  F_UCI 0.027365
Rex 3 2033  F_Median 0.027365
Rex 3 2033  F_Mean 0.0273651
Rex 3 2034 F0 0 
Rex 3 2034 Fabc 0.228694
Rex 3 2034 Fofl 0.284816
Rex 3 2034  F_LCI 0.027365
Rex 3 2034  F_UCI 0.027365
Rex 3 2034  F_Median 0.027365
Rex 3 2034  F_Mean 0.0273651
Rex 4 2021 Cabc 6.84428
Rex 4 2021 Cofl 7.41712
Rex 4 2021 CLCI 0.392
Rex 4 2021 CUCI 0.392
Rex 4 2021 CMedian 0.392
Rex 4 2021 CMean 0.392
Rex 4 2021 CStdn 4.996e-16
Rex 4 2022 Cabc 6.84428
Rex 4 2022 Cofl 7.41712
Rex 4 2022 CLCI 1.567
Rex 4 2022 CUCI 1.567
Rex 4 2022 CMedian 1.567
Rex 4 2022 CMean 1.567
Rex 4 2022 CStdn 8.17718e-10
Rex 4 2023 Cabc 6.84428
Rex 4 2023 Cofl 7.41712
Rex 4 2023 CLCI 1.567
Rex 4 2023 CUCI 1.567
Rex 4 2023 CMedian 1.567
Rex 4 2023 CMean 1.567
Rex 4 2023 CStdn 5.12704e-08
Rex 4 2024 Cabc 6.84428
Rex 4 2024 Cofl 7.41712
Rex 4 2024 CLCI 3.93533
Rex 4 2024 CUCI 4.12945
Rex 4 2024 CMedian 3.99993
Rex 4 2024 CMean 4.01181
Rex 4 2024 CStdn 0.0658267
Rex 4 2025 Cabc 6.84428
Rex 4 2025 Cofl 7.41712
Rex 4 2025 CLCI 3.6846
Rex 4 2025 CUCI 4.16525
Rex 4 2025 CMedian 3.85843
Rex 4 2025 CMean 3.88737
Rex 4 2025 CStdn 0.16484
Rex 4 2026 Cabc 6.84428
Rex 4 2026 Cofl 7.41712
Rex 4 2026 CLCI 3.41154
Rex 4 2026 CUCI 4.19989
Rex 4 2026 CMedian 3.70553
Rex 4 2026 CMean 3.74521
Rex 4 2026 CStdn 0.258105
Rex 4 2027 Cabc 6.84428
Rex 4 2027 Cofl 7.41712
Rex 4 2027 CLCI 3.19076
Rex 4 2027 CUCI 4.1544
Rex 4 2027 CMedian 3.56407
Rex 4 2027 CMean 3.61006
Rex 4 2027 CStdn 0.31889
Rex 4 2028 Cabc 6.84428
Rex 4 2028 Cofl 7.41712
Rex 4 2028 CLCI 2.99405
Rex 4 2028 CUCI 4.11906
Rex 4 2028 CMedian 3.44028
Rex 4 2028 CMean 3.48508
Rex 4 2028 CStdn 0.35444
Rex 4 2029 Cabc 6.84428
Rex 4 2029 Cofl 7.41712
Rex 4 2029 CLCI 2.8372
Rex 4 2029 CUCI 4.0213
Rex 4 2029 CMedian 3.32867
Rex 4 2029 CMean 3.37267
Rex 4 2029 CStdn 0.377498
Rex 4 2030 Cabc 6.84428
Rex 4 2030 Cofl 7.41712
Rex 4 2030 CLCI 2.6857
Rex 4 2030 CUCI 3.95967
Rex 4 2030 CMedian 3.23855
Rex 4 2030 CMean 3.27593
Rex 4 2030 CStdn 0.392388
Rex 4 2031 Cabc 6.84428
Rex 4 2031 Cofl 7.41712
Rex 4 2031 CLCI 2.61241
Rex 4 2031 CUCI 3.88886
Rex 4 2031 CMedian 3.15499
Rex 4 2031 CMean 3.19555
Rex 4 2031 CStdn 0.400204
Rex 4 2032 Cabc 6.84428
Rex 4 2032 Cofl 7.41712
Rex 4 2032 CLCI 2.55046
Rex 4 2032 CUCI 3.83618
Rex 4 2032 CMedian 3.08092
Rex 4 2032 CMean 3.13065
Rex 4 2032 CStdn 0.404616
Rex 4 2033 Cabc 6.84428
Rex 4 2033 Cofl 7.41712
Rex 4 2033 CLCI 2.4793
Rex 4 2033 CUCI 3.81622
Rex 4 2033 CMedian 3.02457
Rex 4 2033 CMean 3.07793
Rex 4 2033 CStdn 0.410094
Rex 4 2034 Cabc 6.84428
Rex 4 2034 Cofl 7.41712
Rex 4 2034 CLCI 2.42831
Rex 4 2034 CUCI 3.79129
Rex 4 2034 CMedian 2.98588
Rex 4 2034 CMean 3.03153
Rex 4 2034 CStdn 0.412246
Rex 4 2021 SSBF100 46.7681
Rex 4 2021 SSBFabc 18.7072
Rex 4 2021 SSBFofl 16.3688
Rex 4 2021 SSBLCI 35.7973
Rex 4 2021 SSBUCI 35.7973
Rex 4 2021 SSBMedian 35.7973
Rex 4 2021 SSBMean 35.7973
Rex 4 2022 SSBF100 46.7681
Rex 4 2022 SSBFabc 18.7072
Rex 4 2022 SSBFofl 16.3688
Rex 4 2022 SSBLCI 41.8628
Rex 4 2022 SSBUCI 41.9775
Rex 4 2022 SSBMedian 41.8981
Rex 4 2022 SSBMean 41.9062
Rex 4 2023 SSBF100 46.7681
Rex 4 2023 SSBFabc 18.7072
Rex 4 2023 SSBFofl 16.3688
Rex 4 2023 SSBLCI 45.988
Rex 4 2023 SSBUCI 46.5848
Rex 4 2023 SSBMedian 46.187
Rex 4 2023 SSBMean 46.2237
Rex 4 2024 SSBF100 46.7681
Rex 4 2024 SSBFabc 18.7072
Rex 4 2024 SSBFofl 16.3688
Rex 4 2024 SSBLCI 47.6636
Rex 4 2024 SSBUCI 49.7005
Rex 4 2024 SSBMedian 48.3794
Rex 4 2024 SSBMean 48.5015
Rex 4 2025 SSBF100 46.7681
Rex 4 2025 SSBFabc 18.7072
Rex 4 2025 SSBFofl 16.3688
Rex 4 2025 SSBLCI 45.9068
Rex 4 2025 SSBUCI 50.6335
Rex 4 2025 SSBMedian 47.6206
Rex 4 2025 SSBMean 47.8894
Rex 4 2026 SSBF100 46.7681
Rex 4 2026 SSBFabc 18.7072
Rex 4 2026 SSBFofl 16.3688
Rex 4 2026 SSBLCI 43.2306
Rex 4 2026 SSBUCI 51.2417
Rex 4 2026 SSBMedian 46.2341
Rex 4 2026 SSBMean 46.5754
Rex 4 2027 SSBF100 46.7681
Rex 4 2027 SSBFabc 18.7072
Rex 4 2027 SSBFofl 16.3688
Rex 4 2027 SSBLCI 40.6286
Rex 4 2027 SSBUCI 51.0403
Rex 4 2027 SSBMedian 44.6156
Rex 4 2027 SSBMean 45.071
Rex 4 2028 SSBF100 46.7681
Rex 4 2028 SSBFabc 18.7072
Rex 4 2028 SSBFofl 16.3688
Rex 4 2028 SSBLCI 38.1571
Rex 4 2028 SSBUCI 50.6538
Rex 4 2028 SSBMedian 43.0759
Rex 4 2028 SSBMean 43.5847
Rex 4 2029 SSBF100 46.7681
Rex 4 2029 SSBFabc 18.7072
Rex 4 2029 SSBFofl 16.3688
Rex 4 2029 SSBLCI 35.923
Rex 4 2029 SSBUCI 49.6966
Rex 4 2029 SSBMedian 41.6743
Rex 4 2029 SSBMean 42.2049
Rex 4 2030 SSBF100 46.7681
Rex 4 2030 SSBFabc 18.7072
Rex 4 2030 SSBFofl 16.3688
Rex 4 2030 SSBLCI 34.2011
Rex 4 2030 SSBUCI 48.9033
Rex 4 2030 SSBMedian 40.5514
Rex 4 2030 SSBMean 40.9834
Rex 4 2031 SSBF100 46.7681
Rex 4 2031 SSBFabc 18.7072
Rex 4 2031 SSBFofl 16.3688
Rex 4 2031 SSBLCI 32.9602
Rex 4 2031 SSBUCI 48.1045
Rex 4 2031 SSBMedian 39.5712
Rex 4 2031 SSBMean 39.9424
Rex 4 2032 SSBF100 46.7681
Rex 4 2032 SSBFabc 18.7072
Rex 4 2032 SSBFofl 16.3688
Rex 4 2032 SSBLCI 32.1571
Rex 4 2032 SSBUCI 47.5067
Rex 4 2032 SSBMedian 38.5243
Rex 4 2032 SSBMean 39.079
Rex 4 2033 SSBF100 46.7681
Rex 4 2033 SSBFabc 18.7072
Rex 4 2033 SSBFofl 16.3688
Rex 4 2033 SSBLCI 31.2479
Rex 4 2033 SSBUCI 47.162
Rex 4 2033 SSBMedian 37.7648
Rex 4 2033 SSBMean 38.3675
Rex 4 2034 SSBF100 46.7681
Rex 4 2034 SSBFabc 18.7072
Rex 4 2034 SSBFofl 16.3688
Rex 4 2034 SSBLCI 30.4729
Rex 4 2034 SSBUCI 46.5824
Rex 4 2034 SSBMedian 37.27
Rex 4 2034 SSBMean 37.7596
Rex 4 2021 F0 0 
Rex 4 2021 Fabc 0.228694
Rex 4 2021 Fofl 0.284816
Rex 4 2021  F_LCI 0.00645234
Rex 4 2021  F_UCI 0.00645234
Rex 4 2021  F_Median 0.00645234
Rex 4 2021  F_Mean 0.00645234
Rex 4 2022 F0 0 
Rex 4 2022 Fabc 0.228694
Rex 4 2022 Fofl 0.284816
Rex 4 2022  F_LCI 0.0217555
Rex 4 2022  F_UCI 0.0217703
Rex 4 2022  F_Median 0.0217658
Rex 4 2022  F_Mean 0.0217648
Rex 4 2023 F0 0 
Rex 4 2023 Fabc 0.228694
Rex 4 2023 Fofl 0.284816
Rex 4 2023  F_LCI 0.0199458
Rex 4 2023  F_UCI 0.020125
Rex 4 2023  F_Median 0.0200682
Rex 4 2023  F_Mean 0.0200567
Rex 4 2024 F0 0 
Rex 4 2024 Fabc 0.228694
Rex 4 2024 Fofl 0.284816
Rex 4 2024  F_LCI 0.0509445
Rex 4 2024  F_UCI 0.0509445
Rex 4 2024  F_Median 0.0509445
Rex 4 2024  F_Mean 0.0509445
Rex 4 2025 F0 0 
Rex 4 2025 Fabc 0.228694
Rex 4 2025 Fofl 0.284816
Rex 4 2025  F_LCI 0.0509445
Rex 4 2025  F_UCI 0.0509445
Rex 4 2025  F_Median 0.0509445
Rex 4 2025  F_Mean 0.0509445
Rex 4 2026 F0 0 
Rex 4 2026 Fabc 0.228694
Rex 4 2026 Fofl 0.284816
Rex 4 2026  F_LCI 0.0509445
Rex 4 2026  F_UCI 0.0509445
Rex 4 2026  F_Median 0.0509445
Rex 4 2026  F_Mean 0.0509445
Rex 4 2027 F0 0 
Rex 4 2027 Fabc 0.228694
Rex 4 2027 Fofl 0.284816
Rex 4 2027  F_LCI 0.0509445
Rex 4 2027  F_UCI 0.0509445
Rex 4 2027  F_Median 0.0509445
Rex 4 2027  F_Mean 0.0509445
Rex 4 2028 F0 0 
Rex 4 2028 Fabc 0.228694
Rex 4 2028 Fofl 0.284816
Rex 4 2028  F_LCI 0.0509445
Rex 4 2028  F_UCI 0.0509445
Rex 4 2028  F_Median 0.0509445
Rex 4 2028  F_Mean 0.0509445
Rex 4 2029 F0 0 
Rex 4 2029 Fabc 0.228694
Rex 4 2029 Fofl 0.284816
Rex 4 2029  F_LCI 0.0509445
Rex 4 2029  F_UCI 0.0509445
Rex 4 2029  F_Median 0.0509445
Rex 4 2029  F_Mean 0.0509445
Rex 4 2030 F0 0 
Rex 4 2030 Fabc 0.228694
Rex 4 2030 Fofl 0.284816
Rex 4 2030  F_LCI 0.0509445
Rex 4 2030  F_UCI 0.0509445
Rex 4 2030  F_Median 0.0509445
Rex 4 2030  F_Mean 0.0509445
Rex 4 2031 F0 0 
Rex 4 2031 Fabc 0.228694
Rex 4 2031 Fofl 0.284816
Rex 4 2031  F_LCI 0.0509445
Rex 4 2031  F_UCI 0.0509445
Rex 4 2031  F_Median 0.0509445
Rex 4 2031  F_Mean 0.0509445
Rex 4 2032 F0 0 
Rex 4 2032 Fabc 0.228694
Rex 4 2032 Fofl 0.284816
Rex 4 2032  F_LCI 0.0509445
Rex 4 2032  F_UCI 0.0509445
Rex 4 2032  F_Median 0.0509445
Rex 4 2032  F_Mean 0.0509445
Rex 4 2033 F0 0 
Rex 4 2033 Fabc 0.228694
Rex 4 2033 Fofl 0.284816
Rex 4 2033  F_LCI 0.0509445
Rex 4 2033  F_UCI 0.0509445
Rex 4 2033  F_Median 0.0509445
Rex 4 2033  F_Mean 0.0509445
Rex 4 2034 F0 0 
Rex 4 2034 Fabc 0.228694
Rex 4 2034 Fofl 0.284816
Rex 4 2034  F_LCI 0.0509445
Rex 4 2034  F_UCI 0.0509445
Rex 4 2034  F_Median 0.0509445
Rex 4 2034  F_Mean 0.0509445
Rex 5 2021 Cabc 6.84428
Rex 5 2021 Cofl 7.41712
Rex 5 2021 CLCI 0.392
Rex 5 2021 CUCI 0.392
Rex 5 2021 CMedian 0.392
Rex 5 2021 CMean 0.392
Rex 5 2021 CStdn 4.996e-16
Rex 5 2022 Cabc 6.84428
Rex 5 2022 Cofl 7.41712
Rex 5 2022 CLCI 1.567
Rex 5 2022 CUCI 1.567
Rex 5 2022 CMedian 1.567
Rex 5 2022 CMean 1.567
Rex 5 2022 CStdn 8.17718e-10
Rex 5 2023 Cabc 6.84428
Rex 5 2023 Cofl 7.41712
Rex 5 2023 CLCI 1.567
Rex 5 2023 CUCI 1.567
Rex 5 2023 CMedian 1.567
Rex 5 2023 CMean 1.567
Rex 5 2023 CStdn 5.12704e-08
Rex 5 2024 Cabc 6.84428
Rex 5 2024 Cofl 7.41712
Rex 5 2024 CLCI 0
Rex 5 2024 CUCI 0
Rex 5 2024 CMedian 0
Rex 5 2024 CMean 0
Rex 5 2024 CStdn 0
Rex 5 2025 Cabc 6.84428
Rex 5 2025 Cofl 7.41712
Rex 5 2025 CLCI 0
Rex 5 2025 CUCI 0
Rex 5 2025 CMedian 0
Rex 5 2025 CMean 0
Rex 5 2025 CStdn 0
Rex 5 2026 Cabc 6.84428
Rex 5 2026 Cofl 7.41712
Rex 5 2026 CLCI 0
Rex 5 2026 CUCI 0
Rex 5 2026 CMedian 0
Rex 5 2026 CMean 0
Rex 5 2026 CStdn 0
Rex 5 2027 Cabc 6.84428
Rex 5 2027 Cofl 7.41712
Rex 5 2027 CLCI 0
Rex 5 2027 CUCI 0
Rex 5 2027 CMedian 0
Rex 5 2027 CMean 0
Rex 5 2027 CStdn 0
Rex 5 2028 Cabc 6.84428
Rex 5 2028 Cofl 7.41712
Rex 5 2028 CLCI 0
Rex 5 2028 CUCI 0
Rex 5 2028 CMedian 0
Rex 5 2028 CMean 0
Rex 5 2028 CStdn 0
Rex 5 2029 Cabc 6.84428
Rex 5 2029 Cofl 7.41712
Rex 5 2029 CLCI 0
Rex 5 2029 CUCI 0
Rex 5 2029 CMedian 0
Rex 5 2029 CMean 0
Rex 5 2029 CStdn 0
Rex 5 2030 Cabc 6.84428
Rex 5 2030 Cofl 7.41712
Rex 5 2030 CLCI 0
Rex 5 2030 CUCI 0
Rex 5 2030 CMedian 0
Rex 5 2030 CMean 0
Rex 5 2030 CStdn 0
Rex 5 2031 Cabc 6.84428
Rex 5 2031 Cofl 7.41712
Rex 5 2031 CLCI 0
Rex 5 2031 CUCI 0
Rex 5 2031 CMedian 0
Rex 5 2031 CMean 0
Rex 5 2031 CStdn 0
Rex 5 2032 Cabc 6.84428
Rex 5 2032 Cofl 7.41712
Rex 5 2032 CLCI 0
Rex 5 2032 CUCI 0
Rex 5 2032 CMedian 0
Rex 5 2032 CMean 0
Rex 5 2032 CStdn 0
Rex 5 2033 Cabc 6.84428
Rex 5 2033 Cofl 7.41712
Rex 5 2033 CLCI 0
Rex 5 2033 CUCI 0
Rex 5 2033 CMedian 0
Rex 5 2033 CMean 0
Rex 5 2033 CStdn 0
Rex 5 2034 Cabc 6.84428
Rex 5 2034 Cofl 7.41712
Rex 5 2034 CLCI 0
Rex 5 2034 CUCI 0
Rex 5 2034 CMedian 0
Rex 5 2034 CMean 0
Rex 5 2034 CStdn 0
Rex 5 2021 SSBF100 46.7681
Rex 5 2021 SSBFabc 18.7072
Rex 5 2021 SSBFofl 16.3688
Rex 5 2021 SSBLCI 35.7973
Rex 5 2021 SSBUCI 35.7973
Rex 5 2021 SSBMedian 35.7973
Rex 5 2021 SSBMean 35.7973
Rex 5 2022 SSBF100 46.7681
Rex 5 2022 SSBFabc 18.7072
Rex 5 2022 SSBFofl 16.3688
Rex 5 2022 SSBLCI 41.8628
Rex 5 2022 SSBUCI 41.9775
Rex 5 2022 SSBMedian 41.8981
Rex 5 2022 SSBMean 41.9062
Rex 5 2023 SSBF100 46.7681
Rex 5 2023 SSBFabc 18.7072
Rex 5 2023 SSBFofl 16.3688
Rex 5 2023 SSBLCI 45.988
Rex 5 2023 SSBUCI 46.5848
Rex 5 2023 SSBMedian 46.187
Rex 5 2023 SSBMean 46.2237
Rex 5 2024 SSBF100 46.7681
Rex 5 2024 SSBFabc 18.7072
Rex 5 2024 SSBFofl 16.3688
Rex 5 2024 SSBLCI 47.6636
Rex 5 2024 SSBUCI 49.7005
Rex 5 2024 SSBMedian 48.3794
Rex 5 2024 SSBMean 48.5015
Rex 5 2025 SSBF100 46.7681
Rex 5 2025 SSBFabc 18.7072
Rex 5 2025 SSBFofl 16.3688
Rex 5 2025 SSBLCI 48.0591
Rex 5 2025 SSBUCI 52.8176
Rex 5 2025 SSBMedian 49.7817
Rex 5 2025 SSBMean 50.0539
Rex 5 2026 SSBF100 46.7681
Rex 5 2026 SSBFabc 18.7072
Rex 5 2026 SSBFofl 16.3688
Rex 5 2026 SSBLCI 47.2645
Rex 5 2026 SSBUCI 55.4153
Rex 5 2026 SSBMedian 50.3328
Rex 5 2026 SSBMean 50.6861
Rex 5 2027 SSBF100 46.7681
Rex 5 2027 SSBFabc 18.7072
Rex 5 2027 SSBFofl 16.3688
Rex 5 2027 SSBLCI 46.1649
Rex 5 2027 SSBUCI 57.0281
Rex 5 2027 SSBMedian 50.3409
Rex 5 2027 SSBMean 50.8332
Rex 5 2028 SSBF100 46.7681
Rex 5 2028 SSBFabc 18.7072
Rex 5 2028 SSBFofl 16.3688
Rex 5 2028 SSBLCI 44.9202
Rex 5 2028 SSBUCI 58.3091
Rex 5 2028 SSBMedian 50.178
Rex 5 2028 SSBMean 50.7067
Rex 5 2029 SSBF100 46.7681
Rex 5 2029 SSBFabc 18.7072
Rex 5 2029 SSBFofl 16.3688
Rex 5 2029 SSBLCI 43.5156
Rex 5 2029 SSBUCI 58.968
Rex 5 2029 SSBMedian 49.8443
Rex 5 2029 SSBMean 50.424
Rex 5 2030 SSBF100 46.7681
Rex 5 2030 SSBFabc 18.7072
Rex 5 2030 SSBFofl 16.3688
Rex 5 2030 SSBLCI 42.4529
Rex 5 2030 SSBUCI 59.0002
Rex 5 2030 SSBMedian 49.4581
Rex 5 2030 SSBMean 50.0721
Rex 5 2031 SSBF100 46.7681
Rex 5 2031 SSBFabc 18.7072
Rex 5 2031 SSBFofl 16.3688
Rex 5 2031 SSBLCI 41.8119
Rex 5 2031 SSBUCI 59.2646
Rex 5 2031 SSBMedian 49.2553
Rex 5 2031 SSBMean 49.7099
Rex 5 2032 SSBF100 46.7681
Rex 5 2032 SSBFabc 18.7072
Rex 5 2032 SSBFofl 16.3688
Rex 5 2032 SSBLCI 41.2249
Rex 5 2032 SSBUCI 59.1808
Rex 5 2032 SSBMedian 48.8183
Rex 5 2032 SSBMean 49.3707
Rex 5 2033 SSBF100 46.7681
Rex 5 2033 SSBFabc 18.7072
Rex 5 2033 SSBFofl 16.3688
Rex 5 2033 SSBLCI 40.9203
Rex 5 2033 SSBUCI 59.1595
Rex 5 2033 SSBMedian 48.4958
Rex 5 2033 SSBMean 49.0611
Rex 5 2034 SSBF100 46.7681
Rex 5 2034 SSBFabc 18.7072
Rex 5 2034 SSBFofl 16.3688
Rex 5 2034 SSBLCI 40.1965
Rex 5 2034 SSBUCI 59.2247
Rex 5 2034 SSBMedian 48.1798
Rex 5 2034 SSBMean 48.7608
Rex 5 2021 F0 0 
Rex 5 2021 Fabc 0.228694
Rex 5 2021 Fofl 0.284816
Rex 5 2021  F_LCI 0.00645234
Rex 5 2021  F_UCI 0.00645234
Rex 5 2021  F_Median 0.00645234
Rex 5 2021  F_Mean 0.00645234
Rex 5 2022 F0 0 
Rex 5 2022 Fabc 0.228694
Rex 5 2022 Fofl 0.284816
Rex 5 2022  F_LCI 0.0217555
Rex 5 2022  F_UCI 0.0217703
Rex 5 2022  F_Median 0.0217658
Rex 5 2022  F_Mean 0.0217648
Rex 5 2023 F0 0 
Rex 5 2023 Fabc 0.228694
Rex 5 2023 Fofl 0.284816
Rex 5 2023  F_LCI 0.0199458
Rex 5 2023  F_UCI 0.020125
Rex 5 2023  F_Median 0.0200682
Rex 5 2023  F_Mean 0.0200567
Rex 5 2024 F0 0 
Rex 5 2024 Fabc 0.228694
Rex 5 2024 Fofl 0.284816
Rex 5 2024  F_LCI 0
Rex 5 2024  F_UCI 0
Rex 5 2024  F_Median 0
Rex 5 2024  F_Mean 0
Rex 5 2025 F0 0 
Rex 5 2025 Fabc 0.228694
Rex 5 2025 Fofl 0.284816
Rex 5 2025  F_LCI 0
Rex 5 2025  F_UCI 0
Rex 5 2025  F_Median 0
Rex 5 2025  F_Mean 0
Rex 5 2026 F0 0 
Rex 5 2026 Fabc 0.228694
Rex 5 2026 Fofl 0.284816
Rex 5 2026  F_LCI 0
Rex 5 2026  F_UCI 0
Rex 5 2026  F_Median 0
Rex 5 2026  F_Mean 0
Rex 5 2027 F0 0 
Rex 5 2027 Fabc 0.228694
Rex 5 2027 Fofl 0.284816
Rex 5 2027  F_LCI 0
Rex 5 2027  F_UCI 0
Rex 5 2027  F_Median 0
Rex 5 2027  F_Mean 0
Rex 5 2028 F0 0 
Rex 5 2028 Fabc 0.228694
Rex 5 2028 Fofl 0.284816
Rex 5 2028  F_LCI 0
Rex 5 2028  F_UCI 0
Rex 5 2028  F_Median 0
Rex 5 2028  F_Mean 0
Rex 5 2029 F0 0 
Rex 5 2029 Fabc 0.228694
Rex 5 2029 Fofl 0.284816
Rex 5 2029  F_LCI 0
Rex 5 2029  F_UCI 0
Rex 5 2029  F_Median 0
Rex 5 2029  F_Mean 0
Rex 5 2030 F0 0 
Rex 5 2030 Fabc 0.228694
Rex 5 2030 Fofl 0.284816
Rex 5 2030  F_LCI 0
Rex 5 2030  F_UCI 0
Rex 5 2030  F_Median 0
Rex 5 2030  F_Mean 0
Rex 5 2031 F0 0 
Rex 5 2031 Fabc 0.228694
Rex 5 2031 Fofl 0.284816
Rex 5 2031  F_LCI 0
Rex 5 2031  F_UCI 0
Rex 5 2031  F_Median 0
Rex 5 2031  F_Mean 0
Rex 5 2032 F0 0 
Rex 5 2032 Fabc 0.228694
Rex 5 2032 Fofl 0.284816
Rex 5 2032  F_LCI 0
Rex 5 2032  F_UCI 0
Rex 5 2032  F_Median 0
Rex 5 2032  F_Mean 0
Rex 5 2033 F0 0 
Rex 5 2033 Fabc 0.228694
Rex 5 2033 Fofl 0.284816
Rex 5 2033  F_LCI 0
Rex 5 2033  F_UCI 0
Rex 5 2033  F_Median 0
Rex 5 2033  F_Mean 0
Rex 5 2034 F0 0 
Rex 5 2034 Fabc 0.228694
Rex 5 2034 Fofl 0.284816
Rex 5 2034  F_LCI 0
Rex 5 2034  F_UCI 0
Rex 5 2034  F_Median 0
Rex 5 2034  F_Mean 0
Rex 6 2021 Cabc 6.84428
Rex 6 2021 Cofl 7.41712
Rex 6 2021 CLCI 0.392
Rex 6 2021 CUCI 0.392
Rex 6 2021 CMedian 0.392
Rex 6 2021 CMean 0.392
Rex 6 2021 CStdn 4.996e-16
Rex 6 2022 Cabc 6.84428
Rex 6 2022 Cofl 7.41712
Rex 6 2022 CLCI 18.3089
Rex 6 2022 CUCI 18.3226
Rex 6 2022 CMedian 18.3131
Rex 6 2022 CMean 18.3141
Rex 6 2022 CStdn 0.00456874
Rex 6 2023 Cabc 6.84428
Rex 6 2023 Cofl 7.41712
Rex 6 2023 CLCI 15.9224
Rex 6 2023 CUCI 16.1166
Rex 6 2023 CMedian 15.9838
Rex 6 2023 CMean 15.9965
Rex 6 2023 CStdn 0.0650549
Rex 6 2024 Cabc 6.84428
Rex 6 2024 Cofl 7.41712
Rex 6 2024 CLCI 13.0371
Rex 6 2024 CUCI 14.0496
Rex 6 2024 CMedian 13.3722
Rex 6 2024 CMean 13.4354
Rex 6 2024 CStdn 0.341967
Rex 6 2025 Cabc 6.84428
Rex 6 2025 Cofl 7.41712
Rex 6 2025 CLCI 10.3546
Rex 6 2025 CUCI 12.6587
Rex 6 2025 CMedian 11.1934
Rex 6 2025 CMean 11.3217
Rex 6 2025 CStdn 0.777804
Rex 6 2026 Cabc 6.84428
Rex 6 2026 Cofl 7.41712
Rex 6 2026 CLCI 8.3676
Rex 6 2026 CUCI 11.7033
Rex 6 2026 CMedian 9.62687
Rex 6 2026 CMean 9.81171
Rex 6 2026 CStdn 1.10245
Rex 6 2027 Cabc 6.84428
Rex 6 2027 Cofl 7.41712
Rex 6 2027 CLCI 6.97349
Rex 6 2027 CUCI 11.0031
Rex 6 2027 CMedian 8.62411
Rex 6 2027 CMean 8.76196
Rex 6 2027 CStdn 1.27378
Rex 6 2028 Cabc 6.84428
Rex 6 2028 Cofl 7.41712
Rex 6 2028 CLCI 5.45042
Rex 6 2028 CUCI 10.4125
Rex 6 2028 CMedian 7.91978
Rex 6 2028 CMean 7.91045
Rex 6 2028 CStdn 1.49518
Rex 6 2029 Cabc 6.84428
Rex 6 2029 Cofl 7.41712
Rex 6 2029 CLCI 4.73471
Rex 6 2029 CUCI 9.90805
Rex 6 2029 CMedian 7.40353
Rex 6 2029 CMean 7.30796
Rex 6 2029 CStdn 1.60027
Rex 6 2030 Cabc 6.84428
Rex 6 2030 Cofl 7.41712
Rex 6 2030 CLCI 4.35335
Rex 6 2030 CUCI 9.54381
Rex 6 2030 CMedian 6.88966
Rex 6 2030 CMean 6.94253
Rex 6 2030 CStdn 1.61647
Rex 6 2031 Cabc 6.84428
Rex 6 2031 Cofl 7.41712
Rex 6 2031 CLCI 4.29621
Rex 6 2031 CUCI 9.40936
Rex 6 2031 CMedian 6.61335
Rex 6 2031 CMean 6.73832
Rex 6 2031 CStdn 1.59405
Rex 6 2032 Cabc 6.84428
Rex 6 2032 Cofl 7.41712
Rex 6 2032 CLCI 4.32168
Rex 6 2032 CUCI 9.31079
Rex 6 2032 CMedian 6.42551
Rex 6 2032 CMean 6.63946
Rex 6 2032 CStdn 1.58106
Rex 6 2033 Cabc 6.84428
Rex 6 2033 Cofl 7.41712
Rex 6 2033 CLCI 4.31515
Rex 6 2033 CUCI 9.36694
Rex 6 2033 CMedian 6.44048
Rex 6 2033 CMean 6.59903
Rex 6 2033 CStdn 1.5827
Rex 6 2034 Cabc 6.84428
Rex 6 2034 Cofl 7.41712
Rex 6 2034 CLCI 4.15978
Rex 6 2034 CUCI 9.13121
Rex 6 2034 CMedian 6.42224
Rex 6 2034 CMean 6.56001
Rex 6 2034 CStdn 1.56131
Rex 6 2021 SSBF100 46.7681
Rex 6 2021 SSBFabc 18.7072
Rex 6 2021 SSBFofl 16.3688
Rex 6 2021 SSBLCI 35.7973
Rex 6 2021 SSBUCI 35.7973
Rex 6 2021 SSBMedian 35.7973
Rex 6 2021 SSBMean 35.7973
Rex 6 2022 SSBF100 46.7681
Rex 6 2022 SSBFabc 18.7072
Rex 6 2022 SSBFofl 16.3688
Rex 6 2022 SSBLCI 41.8628
Rex 6 2022 SSBUCI 41.9775
Rex 6 2022 SSBMedian 41.8981
Rex 6 2022 SSBMean 41.9062
Rex 6 2023 SSBF100 46.7681
Rex 6 2023 SSBFabc 18.7072
Rex 6 2023 SSBFofl 16.3688
Rex 6 2023 SSBLCI 37.6136
Rex 6 2023 SSBUCI 38.2093
Rex 6 2023 SSBMedian 37.8123
Rex 6 2023 SSBMean 37.8488
Rex 6 2024 SSBF100 46.7681
Rex 6 2024 SSBFabc 18.7072
Rex 6 2024 SSBFofl 16.3688
Rex 6 2024 SSBLCI 32.0023
Rex 6 2024 SSBUCI 34.0119
Rex 6 2024 SSBMedian 32.7098
Rex 6 2024 SSBMean 32.83
Rex 6 2025 SSBF100 46.7681
Rex 6 2025 SSBFabc 18.7072
Rex 6 2025 SSBFofl 16.3688
Rex 6 2025 SSBLCI 26.2304
Rex 6 2025 SSBUCI 30.8364
Rex 6 2025 SSBMedian 27.9091
Rex 6 2025 SSBMean 28.1442
Rex 6 2026 SSBF100 46.7681
Rex 6 2026 SSBFabc 18.7072
Rex 6 2026 SSBFofl 16.3688
Rex 6 2026 SSBLCI 21.4909
Rex 6 2026 SSBUCI 28.7343
Rex 6 2026 SSBMedian 24.1529
Rex 6 2026 SSBMean 24.4972
Rex 6 2027 SSBF100 46.7681
Rex 6 2027 SSBFabc 18.7072
Rex 6 2027 SSBFofl 16.3688
Rex 6 2027 SSBLCI 18.2236
Rex 6 2027 SSBUCI 26.7764
Rex 6 2027 SSBMedian 21.5447
Rex 6 2027 SSBMean 21.894
Rex 6 2028 SSBF100 46.7681
Rex 6 2028 SSBFabc 18.7072
Rex 6 2028 SSBFofl 16.3688
Rex 6 2028 SSBLCI 15.9851
Rex 6 2028 SSBUCI 25.3902
Rex 6 2028 SSBMedian 19.6901
Rex 6 2028 SSBMean 20.094
Rex 6 2029 SSBF100 46.7681
Rex 6 2029 SSBFabc 18.7072
Rex 6 2029 SSBFofl 16.3688
Rex 6 2029 SSBLCI 14.9146
Rex 6 2029 SSBUCI 24.0869
Rex 6 2029 SSBMedian 18.47
Rex 6 2029 SSBMean 18.9305
Rex 6 2030 SSBF100 46.7681
Rex 6 2030 SSBFabc 18.7072
Rex 6 2030 SSBFofl 16.3688
Rex 6 2030 SSBLCI 14.2653
Rex 6 2030 SSBUCI 23.3892
Rex 6 2030 SSBMedian 17.8235
Rex 6 2030 SSBMean 18.2316
Rex 6 2031 SSBF100 46.7681
Rex 6 2031 SSBFabc 18.7072
Rex 6 2031 SSBFofl 16.3688
Rex 6 2031 SSBLCI 14.1292
Rex 6 2031 SSBUCI 22.7678
Rex 6 2031 SSBMedian 17.4051
Rex 6 2031 SSBMean 17.8432
Rex 6 2032 SSBF100 46.7681
Rex 6 2032 SSBFabc 18.7072
Rex 6 2032 SSBFofl 16.3688
Rex 6 2032 SSBLCI 14.1125
Rex 6 2032 SSBUCI 22.3798
Rex 6 2032 SSBMedian 17.1501
Rex 6 2032 SSBMean 17.6481
Rex 6 2033 SSBF100 46.7681
Rex 6 2033 SSBFabc 18.7072
Rex 6 2033 SSBFofl 16.3688
Rex 6 2033 SSBLCI 14.1073
Rex 6 2033 SSBUCI 22.6219
Rex 6 2033 SSBMedian 17.0993
Rex 6 2033 SSBMean 17.5555
Rex 6 2034 SSBF100 46.7681
Rex 6 2034 SSBFabc 18.7072
Rex 6 2034 SSBFofl 16.3688
Rex 6 2034 SSBLCI 13.9285
Rex 6 2034 SSBUCI 22.2743
Rex 6 2034 SSBMedian 17.0963
Rex 6 2034 SSBMean 17.4816
Rex 6 2021 F0 0 
Rex 6 2021 Fabc 0.228694
Rex 6 2021 Fofl 0.284816
Rex 6 2021  F_LCI 0.00645234
Rex 6 2021  F_UCI 0.00645234
Rex 6 2021  F_Median 0.00645234
Rex 6 2021  F_Mean 0.00645234
Rex 6 2022 F0 0 
Rex 6 2022 Fabc 0.228694
Rex 6 2022 Fofl 0.284816
Rex 6 2022  F_LCI 0.284816
Rex 6 2022  F_UCI 0.284816
Rex 6 2022  F_Median 0.284816
Rex 6 2022  F_Mean 0.284816
Rex 6 2023 F0 0 
Rex 6 2023 Fabc 0.228694
Rex 6 2023 Fofl 0.284816
Rex 6 2023  F_LCI 0.284816
Rex 6 2023  F_UCI 0.284816
Rex 6 2023  F_Median 0.284816
Rex 6 2023  F_Mean 0.284816
Rex 6 2024 F0 0 
Rex 6 2024 Fabc 0.228694
Rex 6 2024 Fofl 0.284816
Rex 6 2024  F_LCI 0.284816
Rex 6 2024  F_UCI 0.284816
Rex 6 2024  F_Median 0.284816
Rex 6 2024  F_Mean 0.284816
Rex 6 2025 F0 0 
Rex 6 2025 Fabc 0.228694
Rex 6 2025 Fofl 0.284816
Rex 6 2025  F_LCI 0.284816
Rex 6 2025  F_UCI 0.284816
Rex 6 2025  F_Median 0.284816
Rex 6 2025  F_Mean 0.284816
Rex 6 2026 F0 0 
Rex 6 2026 Fabc 0.228694
Rex 6 2026 Fofl 0.284816
Rex 6 2026  F_LCI 0.284816
Rex 6 2026  F_UCI 0.284816
Rex 6 2026  F_Median 0.284816
Rex 6 2026  F_Mean 0.284816
Rex 6 2027 F0 0 
Rex 6 2027 Fabc 0.228694
Rex 6 2027 Fofl 0.284816
Rex 6 2027  F_LCI 0.277065
Rex 6 2027  F_UCI 0.284816
Rex 6 2027  F_Median 0.284816
Rex 6 2027  F_Mean 0.283804
Rex 6 2028 F0 0 
Rex 6 2028 Fabc 0.228694
Rex 6 2028 Fofl 0.284816
Rex 6 2028  F_LCI 0.241191
Rex 6 2028  F_UCI 0.284816
Rex 6 2028  F_Median 0.284816
Rex 6 2028  F_Mean 0.276355
Rex 6 2029 F0 0 
Rex 6 2029 Fabc 0.228694
Rex 6 2029 Fofl 0.284816
Rex 6 2029  F_LCI 0.224034
Rex 6 2029  F_UCI 0.284816
Rex 6 2029  F_Median 0.281013
Rex 6 2029  F_Mean 0.268285
Rex 6 2030 F0 0 
Rex 6 2030 Fabc 0.228694
Rex 6 2030 Fofl 0.284816
Rex 6 2030  F_LCI 0.213629
Rex 6 2030  F_UCI 0.284816
Rex 6 2030  F_Median 0.270653
Rex 6 2030  F_Mean 0.262677
Rex 6 2031 F0 0 
Rex 6 2031 Fabc 0.228694
Rex 6 2031 Fofl 0.284816
Rex 6 2031  F_LCI 0.211448
Rex 6 2031  F_UCI 0.284816
Rex 6 2031  F_Median 0.263948
Rex 6 2031  F_Mean 0.259216
Rex 6 2032 F0 0 
Rex 6 2032 Fabc 0.228694
Rex 6 2032 Fofl 0.284816
Rex 6 2032  F_LCI 0.211179
Rex 6 2032  F_UCI 0.284816
Rex 6 2032  F_Median 0.259861
Rex 6 2032  F_Mean 0.257269
Rex 6 2033 F0 0 
Rex 6 2033 Fabc 0.228694
Rex 6 2033 Fofl 0.284816
Rex 6 2033  F_LCI 0.211097
Rex 6 2033  F_UCI 0.284816
Rex 6 2033  F_Median 0.259047
Rex 6 2033  F_Mean 0.25648
Rex 6 2034 F0 0 
Rex 6 2034 Fabc 0.228694
Rex 6 2034 Fofl 0.284816
Rex 6 2034  F_LCI 0.208231
Rex 6 2034  F_UCI 0.284816
Rex 6 2034  F_Median 0.258999
Rex 6 2034  F_Mean 0.255933
Rex 7 2021 Cabc 6.84428
Rex 7 2021 Cofl 7.41712
Rex 7 2021 CLCI 0.392
Rex 7 2021 CUCI 0.392
Rex 7 2021 CMedian 0.392
Rex 7 2021 CMean 0.392
Rex 7 2021 CStdn 4.996e-16
Rex 7 2022 Cabc 6.84428
Rex 7 2022 Cofl 7.41712
Rex 7 2022 CLCI 15.0533
Rex 7 2022 CUCI 15.0643
Rex 7 2022 CMedian 15.0567
Rex 7 2022 CMean 15.0575
Rex 7 2022 CStdn 0.00366939
Rex 7 2023 Cabc 6.84428
Rex 7 2023 Cofl 7.41712
Rex 7 2023 CLCI 13.7037
Rex 7 2023 CUCI 13.8601
Rex 7 2023 CMedian 13.7531
Rex 7 2023 CMean 13.7633
Rex 7 2023 CStdn 0.0523965
Rex 7 2024 Cabc 6.84428
Rex 7 2024 Cofl 7.41712
Rex 7 2024 CLCI 14.2169
Rex 7 2024 CUCI 15.2349
Rex 7 2024 CMedian 14.5537
Rex 7 2024 CMean 14.6172
Rex 7 2024 CStdn 0.343801
Rex 7 2025 Cabc 6.84428
Rex 7 2025 Cofl 7.41712
Rex 7 2025 CLCI 11.1636
Rex 7 2025 CUCI 13.474
Rex 7 2025 CMedian 12.0047
Rex 7 2025 CMean 12.1344
Rex 7 2025 CStdn 0.780836
Rex 7 2026 Cabc 6.84428
Rex 7 2026 Cofl 7.41712
Rex 7 2026 CLCI 8.90895
Rex 7 2026 CUCI 12.2533
Rex 7 2026 CMedian 10.1719
Rex 7 2026 CMean 10.3552
Rex 7 2026 CStdn 1.1048
Rex 7 2027 Cabc 6.84428
Rex 7 2027 Cofl 7.41712
Rex 7 2027 CLCI 7.50609
Rex 7 2027 CUCI 11.3605
Rex 7 2027 CMedian 8.98408
Rex 7 2027 CMean 9.13684
Rex 7 2027 CStdn 1.24817
Rex 7 2028 Cabc 6.84428
Rex 7 2028 Cofl 7.41712
Rex 7 2028 CLCI 5.7657
Rex 7 2028 CUCI 10.6482
Rex 7 2028 CMedian 8.15481
Rex 7 2028 CMean 8.19737
Rex 7 2028 CStdn 1.44413
Rex 7 2029 Cabc 6.84428
Rex 7 2029 Cofl 7.41712
Rex 7 2029 CLCI 4.89574
Rex 7 2029 CUCI 10.0611
Rex 7 2029 CMedian 7.59144
Rex 7 2029 CMean 7.49264
Rex 7 2029 CStdn 1.58396
Rex 7 2030 Cabc 6.84428
Rex 7 2030 Cofl 7.41712
Rex 7 2030 CLCI 4.43871
Rex 7 2030 CUCI 9.64096
Rex 7 2030 CMedian 7.02415
Rex 7 2030 CMean 7.0484
Rex 7 2030 CStdn 1.61627
Rex 7 2031 Cabc 6.84428
Rex 7 2031 Cofl 7.41712
Rex 7 2031 CLCI 4.34199
Rex 7 2031 CUCI 9.46526
Rex 7 2031 CMedian 6.67848
Rex 7 2031 CMean 6.79627
Rex 7 2031 CStdn 1.59783
Rex 7 2032 Cabc 6.84428
Rex 7 2032 Cofl 7.41712
Rex 7 2032 CLCI 4.35408
Rex 7 2032 CUCI 9.34036
Rex 7 2032 CMedian 6.46974
Rex 7 2032 CMean 6.66921
Rex 7 2032 CStdn 1.58427
Rex 7 2033 Cabc 6.84428
Rex 7 2033 Cofl 7.41712
Rex 7 2033 CLCI 4.3175
Rex 7 2033 CUCI 9.39331
Rex 7 2033 CMedian 6.44813
Rex 7 2033 CMean 6.61375
Rex 7 2033 CStdn 1.58496
Rex 7 2034 Cabc 6.84428
Rex 7 2034 Cofl 7.41712
Rex 7 2034 CLCI 4.16867
Rex 7 2034 CUCI 9.14492
Rex 7 2034 CMedian 6.42295
Rex 7 2034 CMean 6.56694
Rex 7 2034 CStdn 1.5627
Rex 7 2021 SSBF100 46.7681
Rex 7 2021 SSBFabc 18.7072
Rex 7 2021 SSBFofl 16.3688
Rex 7 2021 SSBLCI 35.7973
Rex 7 2021 SSBUCI 35.7973
Rex 7 2021 SSBMedian 35.7973
Rex 7 2021 SSBMean 35.7973
Rex 7 2022 SSBF100 46.7681
Rex 7 2022 SSBFabc 18.7072
Rex 7 2022 SSBFofl 16.3688
Rex 7 2022 SSBLCI 41.8628
Rex 7 2022 SSBUCI 41.9775
Rex 7 2022 SSBMedian 41.8981
Rex 7 2022 SSBMean 41.9062
Rex 7 2023 SSBF100 46.7681
Rex 7 2023 SSBFabc 18.7072
Rex 7 2023 SSBFofl 16.3688
Rex 7 2023 SSBLCI 39.2406
Rex 7 2023 SSBUCI 39.8364
Rex 7 2023 SSBMedian 39.4394
Rex 7 2023 SSBMean 39.4759
Rex 7 2024 SSBF100 46.7681
Rex 7 2024 SSBFabc 18.7072
Rex 7 2024 SSBFofl 16.3688
Rex 7 2024 SSBLCI 34.7533
Rex 7 2024 SSBUCI 36.7668
Rex 7 2024 SSBMedian 35.4621
Rex 7 2024 SSBMean 35.5823
Rex 7 2025 SSBF100 46.7681
Rex 7 2025 SSBFabc 18.7072
Rex 7 2025 SSBFofl 16.3688
Rex 7 2025 SSBLCI 28.1776
Rex 7 2025 SSBUCI 32.7884
Rex 7 2025 SSBMedian 29.8583
Rex 7 2025 SSBMean 30.0943
Rex 7 2026 SSBF100 46.7681
Rex 7 2026 SSBFabc 18.7072
Rex 7 2026 SSBFofl 16.3688
Rex 7 2026 SSBLCI 22.8184
Rex 7 2026 SSBUCI 30.064
Rex 7 2026 SSBMedian 25.486
Rex 7 2026 SSBMean 25.8286
Rex 7 2027 SSBF100 46.7681
Rex 7 2027 SSBFabc 18.7072
Rex 7 2027 SSBFofl 16.3688
Rex 7 2027 SSBLCI 19.1091
Rex 7 2027 SSBUCI 27.6654
Rex 7 2027 SSBMedian 22.4307
Rex 7 2027 SSBMean 22.7826
Rex 7 2028 SSBF100 46.7681
Rex 7 2028 SSBFabc 18.7072
Rex 7 2028 SSBFofl 16.3688
Rex 7 2028 SSBLCI 16.5026
Rex 7 2028 SSBUCI 25.9792
Rex 7 2028 SSBMedian 20.2727
Rex 7 2028 SSBMean 20.6694
Rex 7 2029 SSBF100 46.7681
Rex 7 2029 SSBFabc 18.7072
Rex 7 2029 SSBFofl 16.3688
Rex 7 2029 SSBLCI 15.1902
Rex 7 2029 SSBUCI 24.4686
Rex 7 2029 SSBMedian 18.8019
Rex 7 2029 SSBMean 19.2744
Rex 7 2030 SSBF100 46.7681
Rex 7 2030 SSBFabc 18.7072
Rex 7 2030 SSBFofl 16.3688
Rex 7 2030 SSBLCI 14.3884
Rex 7 2030 SSBUCI 23.6377
Rex 7 2030 SSBMedian 18.0323
Rex 7 2030 SSBMean 18.4255
Rex 7 2031 SSBF100 46.7681
Rex 7 2031 SSBFabc 18.7072
Rex 7 2031 SSBFofl 16.3688
Rex 7 2031 SSBLCI 14.221
Rex 7 2031 SSBUCI 22.9264
Rex 7 2031 SSBMedian 17.5161
Rex 7 2031 SSBMean 17.9481
Rex 7 2032 SSBF100 46.7681
Rex 7 2032 SSBFabc 18.7072
Rex 7 2032 SSBFofl 16.3688
Rex 7 2032 SSBLCI 14.1536
Rex 7 2032 SSBUCI 22.4816
Rex 7 2032 SSBMedian 17.198
Rex 7 2032 SSBMean 17.7025
Rex 7 2033 SSBF100 46.7681
Rex 7 2033 SSBFabc 18.7072
Rex 7 2033 SSBFofl 16.3688
Rex 7 2033 SSBLCI 14.1242
Rex 7 2033 SSBUCI 22.6844
Rex 7 2033 SSBMedian 17.1194
Rex 7 2033 SSBMean 17.5827
Rex 7 2034 SSBF100 46.7681
Rex 7 2034 SSBFabc 18.7072
Rex 7 2034 SSBFofl 16.3688
Rex 7 2034 SSBLCI 13.9418
Rex 7 2034 SSBUCI 22.3158
Rex 7 2034 SSBMedian 17.0988
Rex 7 2034 SSBMean 17.4947
Rex 7 2021 F0 0 
Rex 7 2021 Fabc 0.228694
Rex 7 2021 Fofl 0.284816
Rex 7 2021  F_LCI 0.00645234
Rex 7 2021  F_UCI 0.00645234
Rex 7 2021  F_Median 0.00645234
Rex 7 2021  F_Mean 0.00645234
Rex 7 2022 F0 0 
Rex 7 2022 Fabc 0.228694
Rex 7 2022 Fofl 0.284816
Rex 7 2022  F_LCI 0.228694
Rex 7 2022  F_UCI 0.228694
Rex 7 2022  F_Median 0.228694
Rex 7 2022  F_Mean 0.228694
Rex 7 2023 F0 0 
Rex 7 2023 Fabc 0.228694
Rex 7 2023 Fofl 0.284816
Rex 7 2023  F_LCI 0.228694
Rex 7 2023  F_UCI 0.228694
Rex 7 2023  F_Median 0.228694
Rex 7 2023  F_Mean 0.228694
Rex 7 2024 F0 0 
Rex 7 2024 Fabc 0.228694
Rex 7 2024 Fofl 0.284816
Rex 7 2024  F_LCI 0.284816
Rex 7 2024  F_UCI 0.284816
Rex 7 2024  F_Median 0.284816
Rex 7 2024  F_Mean 0.284816
Rex 7 2025 F0 0 
Rex 7 2025 Fabc 0.228694
Rex 7 2025 Fofl 0.284816
Rex 7 2025  F_LCI 0.284816
Rex 7 2025  F_UCI 0.284816
Rex 7 2025  F_Median 0.284816
Rex 7 2025  F_Mean 0.284816
Rex 7 2026 F0 0 
Rex 7 2026 Fabc 0.228694
Rex 7 2026 Fofl 0.284816
Rex 7 2026  F_LCI 0.284816
Rex 7 2026  F_UCI 0.284816
Rex 7 2026  F_Median 0.284816
Rex 7 2026  F_Mean 0.284816
Rex 7 2027 F0 0 
Rex 7 2027 Fabc 0.228694
Rex 7 2027 Fofl 0.284816
Rex 7 2027  F_LCI 0.284816
Rex 7 2027  F_UCI 0.284816
Rex 7 2027  F_Median 0.284816
Rex 7 2027  F_Mean 0.284601
Rex 7 2028 F0 0 
Rex 7 2028 Fabc 0.228694
Rex 7 2028 Fofl 0.284816
Rex 7 2028  F_LCI 0.249484
Rex 7 2028  F_UCI 0.284816
Rex 7 2028  F_Median 0.284816
Rex 7 2028  F_Mean 0.279196
Rex 7 2029 F0 0 
Rex 7 2029 Fabc 0.228694
Rex 7 2029 Fofl 0.284816
Rex 7 2029  F_LCI 0.228451
Rex 7 2029  F_UCI 0.284816
Rex 7 2029  F_Median 0.284816
Rex 7 2029  F_Mean 0.270807
Rex 7 2030 F0 0 
Rex 7 2030 Fabc 0.228694
Rex 7 2030 Fofl 0.284816
Rex 7 2030  F_LCI 0.215602
Rex 7 2030  F_UCI 0.284816
Rex 7 2030  F_Median 0.273999
Rex 7 2030  F_Mean 0.264287
Rex 7 2031 F0 0 
Rex 7 2031 Fabc 0.228694
Rex 7 2031 Fofl 0.284816
Rex 7 2031  F_LCI 0.212918
Rex 7 2031  F_UCI 0.284816
Rex 7 2031  F_Median 0.265726
Rex 7 2031  F_Mean 0.260158
Rex 7 2032 F0 0 
Rex 7 2032 Fabc 0.228694
Rex 7 2032 Fofl 0.284816
Rex 7 2032  F_LCI 0.211838
Rex 7 2032  F_UCI 0.284816
Rex 7 2032  F_Median 0.260628
Rex 7 2032  F_Mean 0.257762
Rex 7 2033 F0 0 
Rex 7 2033 Fabc 0.228694
Rex 7 2033 Fofl 0.284816
Rex 7 2033  F_LCI 0.211368
Rex 7 2033  F_UCI 0.284816
Rex 7 2033  F_Median 0.259369
Rex 7 2033  F_Mean 0.256725
Rex 7 2034 F0 0 
Rex 7 2034 Fabc 0.228694
Rex 7 2034 Fofl 0.284816
Rex 7 2034  F_LCI 0.208444
Rex 7 2034  F_UCI 0.284816
Rex 7 2034  F_Median 0.259039
Rex 7 2034  F_Mean 0.256047
