Alternative 1 Catch
     Rex 
Equil_Fabc 7.4866 
Year 
2021 0.392 
2022 1.567 
2023 1.567 
2024 18.6617 
2025 15.8162 
2026 13.3806 
2027 11.5291 
2028 10.1723 
2029 9.18775 
2030 8.47517 
2031 7.95647 
2032 7.59052 
2033 7.33757 
2034 7.15112 

Alternative 1 ABCs
     Rex 

Year 
2021 13.7223 
2022 16.1054 
2023 17.7611 
2024 18.6617 
2025 15.8162 
2026 13.3806 
2027 11.5291 
2028 10.1723 
2029 9.18775 
2030 8.47517 
2031 7.95647 
2032 7.59052 
2033 7.33757 
2034 7.15112 

Alternative 1 TACs
     Rex 

Year 
2021  NA 
2022  NA 
2023  NA 
2024 18.6617 
2025 15.8162 
2026 13.3806 
2027 11.5291 
2028 10.1723 
2029 9.18775 
2030 8.47517 
2031 7.95647 
2032 7.59052 
2033 7.33757 
2034 7.15112 

Alternative 1 Sp_Biomass
     Rex 
Equil_Fabc 21.023 
Year 
2021 40.4577 
2022 46.5499 
2023 51.7487 
2024 55.4737 
2025 48.2604 
2026 41.4935 
2027 35.9573 
2028 31.7271 
2029 28.5916 
2030 26.3185 
2031 24.716 
2032 23.6271 
2033 22.9085 
2034 22.418 

Alternative 1 Fishing Mortality
     Rex 
Equil_Fabc 0.219218 
Year 
2021 0.00572294 
2022 0.0195676 
2023 0.0176904 
2024 0.219218 
2025 0.219218 
2026 0.219218 
2027 0.219218 
2028 0.219218 
2029 0.219218 
2030 0.218771 
2031 0.217458 
2032 0.215669 
2033 0.213883 
2034 0.212313 

Alternative 1 Biomass
     Rex 

Year 
2021 107.593 
2022 114.54 
2023 117.937 
2024 119.396 
2025 102.774 
2026 89.5093 
2027 79.4681 
2028 72.0774 
2029 66.7326 
2030 63.0574 
2031 60.4367 
2032 58.6227 
2033 57.255 
2034 56.3467 

Alternative 1 Implied SPR rate 
     Rex 
Equil_Fabc 0.4 
Year 
2021 0.963299 
2022 0.884275 
2023 0.894258 
2024 0.4 
2025 0.4 
2026 0.4 
2027 0.4 
2028 0.4 
2029 0.4 
2030 0.400511 
2031 0.402045 
2032 0.404149 
2033 0.406274 
2034 0.40817 

  Rex 
EquilAvgAgeF0  6.0966 
EquilAvgAgeFabc  3.74351 
AvgAgeYr2034 3.92762 
Alternative 2 Catch
     Rex 
Equil_Fabc 7.4866 
Year 
2021 0.392 
2022 1.567 
2023 1.567 
2024 18.6617 
2025 15.8162 
2026 13.3806 
2027 11.5291 
2028 10.1723 
2029 9.18775 
2030 8.47517 
2031 7.95647 
2032 7.59052 
2033 7.33757 
2034 7.15112 

Alternative 2 ABCs
     Rex 

Year 
2021 13.7223 
2022 16.1054 
2023 17.7611 
2024 18.6617 
2025 15.8162 
2026 13.3806 
2027 11.5291 
2028 10.1723 
2029 9.18775 
2030 8.47517 
2031 7.95647 
2032 7.59052 
2033 7.33757 
2034 7.15112 

Alternative 2 TACs
     Rex 

Year 
2021  NA 
2022  NA 
2023  NA 
2024 18.6617 
2025 15.8162 
2026 13.3806 
2027 11.5291 
2028 10.1723 
2029 9.18775 
2030 8.47517 
2031 7.95647 
2032 7.59052 
2033 7.33757 
2034 7.15112 

Alternative 2 Sp_Biomass
     Rex 
Equil_Fabc 21.023 
Year 
2021 40.4577 
2022 46.5499 
2023 51.7487 
2024 55.4737 
2025 48.2604 
2026 41.4935 
2027 35.9573 
2028 31.7271 
2029 28.5916 
2030 26.3185 
2031 24.716 
2032 23.6271 
2033 22.9085 
2034 22.418 

Alternative 2 Fishing Mortality
     Rex 
Equil_Fabc 0.219218 
Year 
2021 0.00572294 
2022 0.0195676 
2023 0.0176904 
2024 0.219218 
2025 0.219218 
2026 0.219218 
2027 0.219218 
2028 0.219218 
2029 0.219218 
2030 0.218771 
2031 0.217458 
2032 0.215669 
2033 0.213883 
2034 0.212313 

Alternative 2 Biomass
     Rex 

Year 
2021 107.593 
2022 114.54 
2023 117.937 
2024 119.396 
2025 102.774 
2026 89.5093 
2027 79.4681 
2028 72.0774 
2029 66.7326 
2030 63.0574 
2031 60.4367 
2032 58.6227 
2033 57.255 
2034 56.3467 

Alternative 2 Implied SPR rate 
     Rex 
Equil_Fabc 0.4 
Year 
2021 0.963299 
2022 0.884275 
2023 0.894258 
2024 0.4 
2025 0.4 
2026 0.4 
2027 0.4 
2028 0.4 
2029 0.4 
2030 0.400511 
2031 0.402045 
2032 0.404149 
2033 0.406274 
2034 0.40817 

  Rex 
EquilAvgAgeF0  6.0966 
EquilAvgAgeFabc  3.74351 
AvgAgeYr2034 3.92762 
Alternative 3 Catch
     Rex 
Equil_Fabc 7.4866 
Year 
2021 0.392 
2022 1.567 
2023 1.567 
2024 2.10168 
2025 2.11604 
2026 2.08651 
2027 2.04421 
2028 1.99886 
2029 1.95338 
2030 1.91074 
2031 1.87288 
2032 1.84083 
2033 1.81385 
2034 1.78943 

Alternative 3 ABCs
     Rex 

Year 
2021 1.53644 
2022 1.80698 
2023 1.99698 
2024 2.10168 
2025 2.11604 
2026 2.08651 
2027 2.04421 
2028 1.99886 
2029 1.95338 
2030 1.91074 
2031 1.87288 
2032 1.84083 
2033 1.81385 
2034 1.78943 

Alternative 3 TACs
     Rex 

Year 
2021  NA 
2022  NA 
2023  NA 
2024 2.10168 
2025 2.11604 
2026 2.08651 
2027 2.04421 
2028 1.99886 
2029 1.95338 
2030 1.91074 
2031 1.87288 
2032 1.84083 
2033 1.81385 
2034 1.78943 

Alternative 3 Sp_Biomass
     Rex 
Equil_Fabc 21.023 
Year 
2021 40.4577 
2022 46.5499 
2023 51.7487 
2024 55.4737 
2025 57.0583 
2026 57.1682 
2027 56.4906 
2028 55.463 
2029 54.3121 
2030 53.1652 
2031 52.0983 
2032 51.1531 
2033 50.3345 
2034 49.6124 

Alternative 3 Fishing Mortality
     Rex 
Equil_Fabc 0.219218 
Year 
2021 0.00572294 
2022 0.0195676 
2023 0.0176904 
2024 0.0225943 
2025 0.0225943 
2026 0.0225943 
2027 0.0225943 
2028 0.0225943 
2029 0.0225943 
2030 0.0225943 
2031 0.0225943 
2032 0.0225943 
2033 0.0225943 
2034 0.0225943 

Alternative 3 Biomass
     Rex 

Year 
2021 107.593 
2022 114.54 
2023 117.937 
2024 119.396 
2025 118.887 
2026 117.39 
2027 115.413 
2028 113.268 
2029 111.138 
2030 109.268 
2031 107.501 
2032 105.915 
2033 104.393 
2034 103.116 

Alternative 3 Implied SPR rate 
     Rex 
Equil_Fabc 0.4 
Year 
2021 0.963299 
2022 0.884275 
2023 0.894258 
2024 0.868617 
2025 0.868617 
2026 0.868617 
2027 0.868617 
2028 0.868617 
2029 0.868617 
2030 0.868617 
2031 0.868617 
2032 0.868617 
2033 0.868617 
2034 0.868617 

  Rex 
EquilAvgAgeF0  6.0966 
EquilAvgAgeFabc  3.74351 
AvgAgeYr2034 5.97642 
Alternative 4 Catch
     Rex 
Equil_Fabc 7.4866 
Year 
2021 0.392 
2022 1.567 
2023 1.567 
2024 4.54199 
2025 4.46579 
2026 4.30926 
2027 4.1423 
2028 3.98453 
2029 3.84012 
2030 3.71319 
2031 3.60575 
2032 3.51799 
2033 3.44656 
2034 3.38466 

Alternative 4 ABCs
     Rex 

Year 
2021 3.32309 
2022 3.90712 
2023 4.31669 
2024 4.54199 
2025 4.46579 
2026 4.30926 
2027 4.1423 
2028 3.98453 
2029 3.84012 
2030 3.71319 
2031 3.60575 
2032 3.51799 
2033 3.44656 
2034 3.38466 

Alternative 4 TACs
     Rex 

Year 
2021  NA 
2022  NA 
2023  NA 
2024 4.54199 
2025 4.46579 
2026 4.30926 
2027 4.1423 
2028 3.98453 
2029 3.84012 
2030 3.71319 
2031 3.60575 
2032 3.51799 
2033 3.44656 
2034 3.38466 

Alternative 4 Sp_Biomass
     Rex 
Equil_Fabc 21.023 
Year 
2021 40.4577 
2022 46.5499 
2023 51.7487 
2024 55.4737 
2025 55.7593 
2026 54.6754 
2027 52.9922 
2028 51.1574 
2029 49.3772 
2030 47.7524 
2031 46.3321 
2032 45.1324 
2033 44.1353 
2034 43.2905 

Alternative 4 Fishing Mortality
     Rex 
Equil_Fabc 0.219218 
Year 
2021 0.00572294 
2022 0.0195676 
2023 0.0176904 
2024 0.0494327 
2025 0.0494327 
2026 0.0494327 
2027 0.0494327 
2028 0.0494327 
2029 0.0494327 
2030 0.0494327 
2031 0.0494327 
2032 0.0494327 
2033 0.0494327 
2034 0.0494327 

Alternative 4 Biomass
     Rex 

Year 
2021 107.593 
2022 114.54 
2023 117.937 
2024 119.396 
2025 116.508 
2026 112.958 
2027 109.295 
2028 105.809 
2029 102.642 
2030 99.9869 
2031 97.6387 
2032 95.6324 
2033 93.8116 
2034 92.3276 

Alternative 4 Implied SPR rate 
     Rex 
Equil_Fabc 0.4 
Year 
2021 0.963299 
2022 0.884275 
2023 0.894258 
2024 0.75 
2025 0.75 
2026 0.75 
2027 0.75 
2028 0.75 
2029 0.75 
2030 0.75 
2031 0.75 
2032 0.75 
2033 0.75 
2034 0.75 

  Rex 
EquilAvgAgeF0  6.0966 
EquilAvgAgeFabc  3.74351 
AvgAgeYr2034 5.55278 
Alternative 5 Catch
     Rex 
Equil_Fabc 7.4866 
Year 
2021 0.392 
2022 1.567 
2023 1.567 
2024  NA 
2025  NA 
2026  NA 
2027  NA 
2028  NA 
2029  NA 
2030  NA 
2031  NA 
2032  NA 
2033  NA 
2034  NA 

Alternative 5 ABCs
     Rex 

Year 
2021  NA 
2022  NA 
2023  NA 
2024  NA 
2025  NA 
2026  NA 
2027  NA 
2028  NA 
2029  NA 
2030  NA 
2031  NA 
2032  NA 
2033  NA 
2034  NA 

Alternative 5 TACs
     Rex 

Year 
2021  NA 
2022  NA 
2023  NA 
2024  NA 
2025  NA 
2026  NA 
2027  NA 
2028  NA 
2029  NA 
2030  NA 
2031  NA 
2032  NA 
2033  NA 
2034  NA 

Alternative 5 Sp_Biomass
     Rex 
Equil_Fabc 21.023 
Year 
2021 40.4577 
2022 46.5499 
2023 51.7487 
2024 55.4737 
2025 58.1777 
2026 59.3661 
2027 59.6445 
2028 59.4276 
2029 58.948 
2030 58.3464 
2031 57.7147 
2032 57.1122 
2033 56.5609 
2034 56.0468 

Alternative 5 Fishing Mortality
     Rex 
Equil_Fabc 0.219218 
Year 
2021 0.00572294 
2022 0.0195676 
2023 0.0176904 
2024  NA 
2025  NA 
2026  NA 
2027  NA 
2028  NA 
2029  NA 
2030  NA 
2031  NA 
2032  NA 
2033  NA 
2034  NA 

Alternative 5 Biomass
     Rex 

Year 
2021 107.593 
2022 114.54 
2023 117.937 
2024 119.396 
2025 120.937 
2026 121.298 
2027 120.928 
2028 120.132 
2029 119.114 
2030 118.144 
2031 117.095 
2032 116.076 
2033 114.999 
2034 114.07 

Alternative 5 Implied SPR rate 
     Rex 
Equil_Fabc 0.4 
Year 
2021 0.963299 
2022 0.884275 
2023 0.894258 
2024 1 
2025 1 
2026 1 
2027 1 
2028 1 
2029 1 
2030 1 
2031 1 
2032 1 
2033 1 
2034 1 

  Rex 
EquilAvgAgeF0  6.0966 
EquilAvgAgeFabc  3.74351 
AvgAgeYr2034 6.37613 
Alternative 6 Catch
     Rex 
Equil_Fabc 7.4866 
Year 
2021 0.392 
2022 19.5534 
2023 17.657 
2024 15.5209 
2025 13.3588 
2026 11.5396 
2027 10.2161 
2028 9.23051 
2029 8.436 
2030 7.88714 
2031 7.55277 
2032 7.37483 
2033 7.29221 
2034 7.23584 

Alternative 6 ABCs
     Rex 

Year 
2021 16.6694 
2022 19.5534 
2023 17.657 
2024 15.5209 
2025 13.3588 
2026 11.5396 
2027 10.2161 
2028 9.23051 
2029 8.436 
2030 7.88714 
2031 7.55277 
2032 7.37483 
2033 7.29221 
2034 7.23584 

Alternative 6 TACs
     Rex 

Year 
2021  NA 
2022 19.5534 
2023 17.657 
2024 15.5209 
2025 13.3588 
2026 11.5396 
2027 10.2161 
2028 9.23051 
2029 8.436 
2030 7.88714 
2031 7.55277 
2032 7.37483 
2033 7.29221 
2034 7.23584 

Alternative 6 Sp_Biomass
     Rex 
Equil_Fabc 21.023 
Year 
2021 40.4577 
2022 46.5499 
2023 42.7634 
2024 38.545 
2025 33.9659 
2026 29.6996 
2027 26.3239 
2028 23.8512 
2029 22.121 
2030 21.0032 
2031 20.3372 
2032 19.9766 
2033 19.7977 
2034 19.685 

Alternative 6 Fishing Mortality
     Rex 
Equil_Fabc 0.219218 
Year 
2021 0.00572294 
2022 0.272159 
2023 0.272159 
2024 0.272159 
2025 0.272159 
2026 0.272159 
2027 0.272143 
2028 0.269684 
2029 0.26278 
2030 0.256147 
2031 0.251418 
2032 0.248443 
2033 0.24693 
2034 0.246111 

Alternative 6 Biomass
     Rex 

Year 
2021 107.593 
2022 114.54 
2023 100.238 
2024 87.3801 
2025 76.702 
2026 68.4743 
2027 62.5148 
2028 58.323 
2029 55.4801 
2030 53.8369 
2031 52.85 
2032 52.2952 
2033 51.8493 
2034 51.5803 

Alternative 6 Implied SPR rate 
     Rex 
Equil_Fabc 0.4 
Year 
2021 0.963299 
2022 0.35 
2023 0.35 
2024 0.35 
2025 0.35 
2026 0.35 
2027 0.350013 
2028 0.352154 
2029 0.358445 
2030 0.364677 
2031 0.369149 
2032 0.371966 
2033 0.373429 
2034 0.374249 

  Rex 
EquilAvgAgeF0  6.0966 
EquilAvgAgeFabc  3.74351 
AvgAgeYr2034 3.68739 
Alternative 7 Catch
     Rex 
Equil_Fabc 7.4866 
Year 
2021 0.392 
2022 16.1053 
2023 15.1612 
2024 16.7544 
2025 14.2239 
2026 12.1281 
2027 10.6105 
2028 9.52133 
2029 8.64754 
2030 8.02253 
2031 7.63166 
2032 7.4173 
2033 7.31439 
2034 7.24662 

Alternative 7 ABCs
     Rex 

Year 
2021 16.6694 
2022 19.5534 
2023 18.4011 
2024 16.7544 
2025 14.2239 
2026 12.1281 
2027 10.6105 
2028 9.52133 
2029 8.64754 
2030 8.02253 
2031 7.63166 
2032 7.4173 
2033 7.31439 
2034 7.24662 

Alternative 7 TACs
     Rex 

Year 
2021  NA 
2022 19.5534 
2023 18.4011 
2024 16.7544 
2025 14.2239 
2026 12.1281 
2027 10.6105 
2028 9.52133 
2029 8.64754 
2030 8.02253 
2031 7.63166 
2032 7.4173 
2033 7.31439 
2034 7.24662 

Alternative 7 Sp_Biomass
     Rex 
Equil_Fabc 21.023 
Year 
2021 40.4577 
2022 46.5499 
2023 44.4818 
2024 41.4852 
2025 36.095 
2026 31.1828 
2027 27.3328 
2028 24.5268 
2029 22.5529 
2030 21.2617 
2031 20.4837 
2032 20.0558 
2033 19.839 
2034 19.7055 

Alternative 7 Fishing Mortality
     Rex 
Equil_Fabc 0.219218 
Year 
2021 0.00572294 
2022 0.219218 
2023 0.219218 
2024 0.272159 
2025 0.272159 
2026 0.272159 
2027 0.272159 
2028 0.270929 
2029 0.264786 
2030 0.257816 
2031 0.252509 
2032 0.249053 
2033 0.247258 
2034 0.246267 

Alternative 7 Biomass
     Rex 

Year 
2021 107.593 
2022 114.54 
2023 103.624 
2024 92.9394 
2025 80.571 
2026 71.1099 
2027 64.2846 
2028 59.4986 
2029 56.2259 
2030 54.2785 
2031 53.0973 
2032 52.4274 
2033 51.9177 
2034 51.6143 

Alternative 7 Implied SPR rate 
     Rex 
Equil_Fabc 0.4 
Year 
2021 0.963299 
2022 0.4 
2023 0.4 
2024 0.35 
2025 0.35 
2026 0.35 
2027 0.35 
2028 0.35106 
2029 0.356601 
2030 0.363103 
2031 0.368103 
2032 0.371374 
2033 0.373111 
2034 0.374097 

  Rex 
EquilAvgAgeF0  6.0966 
EquilAvgAgeFabc  3.74351 
AvgAgeYr2034 3.69091 
