Rex 1 2021 Cabc 7.4866
Rex 1 2021 Cofl 8.10838
Rex 1 2021 CLCI 0.392
Rex 1 2021 CUCI 0.392
Rex 1 2021 CMedian 0.392
Rex 1 2021 CMean 0.392
Rex 1 2021 CStdn 8.10463e-15
Rex 1 2022 Cabc 7.4866
Rex 1 2022 Cofl 8.10838
Rex 1 2022 CLCI 1.567
Rex 1 2022 CUCI 1.567
Rex 1 2022 CMedian 1.567
Rex 1 2022 CMean 1.567
Rex 1 2022 CStdn 7.60447e-10
Rex 1 2023 Cabc 7.4866
Rex 1 2023 Cofl 8.10838
Rex 1 2023 CLCI 1.567
Rex 1 2023 CUCI 1.567
Rex 1 2023 CMedian 1.567
Rex 1 2023 CMean 1.567
Rex 1 2023 CStdn 3.98223e-07
Rex 1 2024 Cabc 7.4866
Rex 1 2024 Cofl 8.10838
Rex 1 2024 CLCI 18.3119
Rex 1 2024 CUCI 19.1798
Rex 1 2024 CMedian 18.6133
Rex 1 2024 CMean 18.6617
Rex 1 2024 CStdn 0.290927
Rex 1 2025 Cabc 7.4866
Rex 1 2025 Cofl 8.10838
Rex 1 2025 CLCI 14.9759
Rex 1 2025 CUCI 16.9516
Rex 1 2025 CMedian 15.7173
Rex 1 2025 CMean 15.8162
Rex 1 2025 CStdn 0.659279
Rex 1 2026 Cabc 7.4866
Rex 1 2026 Cofl 8.10838
Rex 1 2026 CLCI 12.1376
Rex 1 2026 CUCI 15.031
Rex 1 2026 CMedian 13.2448
Rex 1 2026 CMean 13.3806
Rex 1 2026 CStdn 0.940605
Rex 1 2027 Cabc 7.4866
Rex 1 2027 Cofl 8.10838
Rex 1 2027 CLCI 10.0875
Rex 1 2027 CUCI 13.4
Rex 1 2027 CMedian 11.3985
Rex 1 2027 CMean 11.5291
Rex 1 2027 CStdn 1.07224
Rex 1 2028 Cabc 7.4866
Rex 1 2028 Cofl 8.10838
Rex 1 2028 CLCI 8.53667
Rex 1 2028 CUCI 12.1649
Rex 1 2028 CMedian 10.0352
Rex 1 2028 CMean 10.1723
Rex 1 2028 CStdn 1.13102
Rex 1 2029 Cabc 7.4866
Rex 1 2029 Cofl 8.10838
Rex 1 2029 CLCI 7.48555
Rex 1 2029 CUCI 11.1987
Rex 1 2029 CMedian 9.05334
Rex 1 2029 CMean 9.18775
Rex 1 2029 CStdn 1.15822
Rex 1 2030 Cabc 7.4866
Rex 1 2030 Cofl 8.10838
Rex 1 2030 CLCI 6.6792
Rex 1 2030 CUCI 10.5294
Rex 1 2030 CMedian 8.38536
Rex 1 2030 CMean 8.47517
Rex 1 2030 CStdn 1.18756
Rex 1 2031 Cabc 7.4866
Rex 1 2031 Cofl 8.10838
Rex 1 2031 CLCI 5.91902
Rex 1 2031 CUCI 10.0943
Rex 1 2031 CMedian 7.8728
Rex 1 2031 CMean 7.95647
Rex 1 2031 CStdn 1.23399
Rex 1 2032 Cabc 7.4866
Rex 1 2032 Cofl 8.10838
Rex 1 2032 CLCI 5.46279
Rex 1 2032 CUCI 9.73426
Rex 1 2032 CMedian 7.51449
Rex 1 2032 CMean 7.59052
Rex 1 2032 CStdn 1.2839
Rex 1 2033 Cabc 7.4866
Rex 1 2033 Cofl 8.10838
Rex 1 2033 CLCI 5.20493
Rex 1 2033 CUCI 9.65442
Rex 1 2033 CMedian 7.27439
Rex 1 2033 CMean 7.33757
Rex 1 2033 CStdn 1.32985
Rex 1 2034 Cabc 7.4866
Rex 1 2034 Cofl 8.10838
Rex 1 2034 CLCI 4.9352
Rex 1 2034 CUCI 9.46337
Rex 1 2034 CMedian 7.14649
Rex 1 2034 CMean 7.15112
Rex 1 2034 CStdn 1.34235
Rex 1 2021 SSBF100 52.5576
Rex 1 2021 SSBFabc 21.023
Rex 1 2021 SSBFofl 18.3951
Rex 1 2021 SSBLCI 40.4577
Rex 1 2021 SSBUCI 40.4577
Rex 1 2021 SSBMedian 40.4577
Rex 1 2021 SSBMean 40.4577
Rex 1 2022 SSBF100 52.5576
Rex 1 2022 SSBFabc 21.023
Rex 1 2022 SSBFofl 18.3951
Rex 1 2022 SSBLCI 46.5006
Rex 1 2022 SSBUCI 46.628
Rex 1 2022 SSBMedian 46.5417
Rex 1 2022 SSBMean 46.5499
Rex 1 2023 SSBF100 52.5576
Rex 1 2023 SSBFabc 21.023
Rex 1 2023 SSBFofl 18.3951
Rex 1 2023 SSBLCI 51.4985
Rex 1 2023 SSBUCI 52.1181
Rex 1 2023 SSBMedian 51.7155
Rex 1 2023 SSBMean 51.7487
Rex 1 2024 SSBF100 52.5576
Rex 1 2024 SSBFabc 21.023
Rex 1 2024 SSBFofl 18.3951
Rex 1 2024 SSBLCI 54.6071
Rex 1 2024 SSBUCI 56.6665
Rex 1 2024 SSBMedian 55.3632
Rex 1 2024 SSBMean 55.4737
Rex 1 2025 SSBF100 52.5576
Rex 1 2025 SSBFabc 21.023
Rex 1 2025 SSBFofl 18.3951
Rex 1 2025 SSBLCI 46.2726
Rex 1 2025 SSBUCI 50.9405
Rex 1 2025 SSBMedian 48.0402
Rex 1 2025 SSBMean 48.2604
Rex 1 2026 SSBF100 52.5576
Rex 1 2026 SSBFabc 21.023
Rex 1 2026 SSBFofl 18.3951
Rex 1 2026 SSBLCI 38.342
Rex 1 2026 SSBUCI 45.751
Rex 1 2026 SSBMedian 41.191
Rex 1 2026 SSBMean 41.4935
Rex 1 2027 SSBF100 52.5576
Rex 1 2027 SSBFabc 21.023
Rex 1 2027 SSBFofl 18.3951
Rex 1 2027 SSBLCI 32.0642
Rex 1 2027 SSBUCI 40.9389
Rex 1 2027 SSBMedian 35.5933
Rex 1 2027 SSBMean 35.9573
Rex 1 2028 SSBF100 52.5576
Rex 1 2028 SSBFabc 21.023
Rex 1 2028 SSBFofl 18.3951
Rex 1 2028 SSBLCI 27.1303
Rex 1 2028 SSBUCI 37.4109
Rex 1 2028 SSBMedian 31.3227
Rex 1 2028 SSBMean 31.7271
Rex 1 2029 SSBF100 52.5576
Rex 1 2029 SSBFabc 21.023
Rex 1 2029 SSBFofl 18.3951
Rex 1 2029 SSBLCI 23.7515
Rex 1 2029 SSBUCI 34.131
Rex 1 2029 SSBMedian 28.2031
Rex 1 2029 SSBMean 28.5916
Rex 1 2030 SSBF100 52.5576
Rex 1 2030 SSBFabc 21.023
Rex 1 2030 SSBFofl 18.3951
Rex 1 2030 SSBLCI 21.2003
Rex 1 2030 SSBUCI 32.3027
Rex 1 2030 SSBMedian 26.0132
Rex 1 2030 SSBMean 26.3185
Rex 1 2031 SSBF100 52.5576
Rex 1 2031 SSBFabc 21.023
Rex 1 2031 SSBFofl 18.3951
Rex 1 2031 SSBLCI 19.747
Rex 1 2031 SSBUCI 30.7318
Rex 1 2031 SSBMedian 24.3715
Rex 1 2031 SSBMean 24.716
Rex 1 2032 SSBF100 52.5576
Rex 1 2032 SSBFabc 21.023
Rex 1 2032 SSBFofl 18.3951
Rex 1 2032 SSBLCI 18.8169
Rex 1 2032 SSBUCI 29.4215
Rex 1 2032 SSBMedian 23.1804
Rex 1 2032 SSBMean 23.6271
Rex 1 2033 SSBF100 52.5576
Rex 1 2033 SSBFabc 21.023
Rex 1 2033 SSBFofl 18.3951
Rex 1 2033 SSBLCI 18.3925
Rex 1 2033 SSBUCI 29.0516
Rex 1 2033 SSBMedian 22.3203
Rex 1 2033 SSBMean 22.9085
Rex 1 2034 SSBF100 52.5576
Rex 1 2034 SSBFabc 21.023
Rex 1 2034 SSBFofl 18.3951
Rex 1 2034 SSBLCI 17.8158
Rex 1 2034 SSBUCI 28.616
Rex 1 2034 SSBMedian 21.8674
Rex 1 2034 SSBMean 22.418
Rex 1 2021 F0 0 
Rex 1 2021 Fabc 0.219218
Rex 1 2021 Fofl 0.272159
Rex 1 2021  F_LCI 0.00572294
Rex 1 2021  F_UCI 0.00572294
Rex 1 2021  F_Median 0.00572294
Rex 1 2021  F_Mean 0.00572294
Rex 1 2022 F0 0 
Rex 1 2022 Fabc 0.219218
Rex 1 2022 Fofl 0.272159
Rex 1 2022  F_LCI 0.0195595
Rex 1 2022  F_UCI 0.0195728
Rex 1 2022  F_Median 0.0195685
Rex 1 2022  F_Mean 0.0195676
Rex 1 2023 F0 0 
Rex 1 2023 Fabc 0.219218
Rex 1 2023 Fofl 0.272159
Rex 1 2023  F_LCI 0.0175973
Rex 1 2023  F_UCI 0.0177504
Rex 1 2023  F_Median 0.0176995
Rex 1 2023  F_Mean 0.0176904
Rex 1 2024 F0 0 
Rex 1 2024 Fabc 0.219218
Rex 1 2024 Fofl 0.272159
Rex 1 2024  F_LCI 0.219218
Rex 1 2024  F_UCI 0.219218
Rex 1 2024  F_Median 0.219218
Rex 1 2024  F_Mean 0.219218
Rex 1 2025 F0 0 
Rex 1 2025 Fabc 0.219218
Rex 1 2025 Fofl 0.272159
Rex 1 2025  F_LCI 0.219218
Rex 1 2025  F_UCI 0.219218
Rex 1 2025  F_Median 0.219218
Rex 1 2025  F_Mean 0.219218
Rex 1 2026 F0 0 
Rex 1 2026 Fabc 0.219218
Rex 1 2026 Fofl 0.272159
Rex 1 2026  F_LCI 0.219218
Rex 1 2026  F_UCI 0.219218
Rex 1 2026  F_Median 0.219218
Rex 1 2026  F_Mean 0.219218
Rex 1 2027 F0 0 
Rex 1 2027 Fabc 0.219218
Rex 1 2027 Fofl 0.272159
Rex 1 2027  F_LCI 0.219218
Rex 1 2027  F_UCI 0.219218
Rex 1 2027  F_Median 0.219218
Rex 1 2027  F_Mean 0.219218
Rex 1 2028 F0 0 
Rex 1 2028 Fabc 0.219218
Rex 1 2028 Fofl 0.272159
Rex 1 2028  F_LCI 0.219218
Rex 1 2028  F_UCI 0.219218
Rex 1 2028  F_Median 0.219218
Rex 1 2028  F_Mean 0.219218
Rex 1 2029 F0 0 
Rex 1 2029 Fabc 0.219218
Rex 1 2029 Fofl 0.272159
Rex 1 2029  F_LCI 0.219218
Rex 1 2029  F_UCI 0.219218
Rex 1 2029  F_Median 0.219218
Rex 1 2029  F_Mean 0.219218
Rex 1 2030 F0 0 
Rex 1 2030 Fabc 0.219218
Rex 1 2030 Fofl 0.272159
Rex 1 2030  F_LCI 0.219218
Rex 1 2030  F_UCI 0.219218
Rex 1 2030  F_Median 0.219218
Rex 1 2030  F_Mean 0.218771
Rex 1 2031 F0 0 
Rex 1 2031 Fabc 0.219218
Rex 1 2031 Fofl 0.272159
Rex 1 2031  F_LCI 0.205211
Rex 1 2031  F_UCI 0.219218
Rex 1 2031  F_Median 0.219218
Rex 1 2031  F_Mean 0.217458
Rex 1 2032 F0 0 
Rex 1 2032 Fabc 0.219218
Rex 1 2032 Fofl 0.272159
Rex 1 2032  F_LCI 0.195002
Rex 1 2032  F_UCI 0.219218
Rex 1 2032  F_Median 0.219218
Rex 1 2032  F_Mean 0.215669
Rex 1 2033 F0 0 
Rex 1 2033 Fabc 0.219218
Rex 1 2033 Fofl 0.272159
Rex 1 2033  F_LCI 0.190344
Rex 1 2033  F_UCI 0.219218
Rex 1 2033  F_Median 0.219218
Rex 1 2033  F_Mean 0.213883
Rex 1 2034 F0 0 
Rex 1 2034 Fabc 0.219218
Rex 1 2034 Fofl 0.272159
Rex 1 2034  F_LCI 0.184015
Rex 1 2034  F_UCI 0.219218
Rex 1 2034  F_Median 0.219218
Rex 1 2034  F_Mean 0.212313
Rex 2 2021 Cabc 7.4866
Rex 2 2021 Cofl 8.10838
Rex 2 2021 CLCI 0.392
Rex 2 2021 CUCI 0.392
Rex 2 2021 CMedian 0.392
Rex 2 2021 CMean 0.392
Rex 2 2021 CStdn 8.10463e-15
Rex 2 2022 Cabc 7.4866
Rex 2 2022 Cofl 8.10838
Rex 2 2022 CLCI 1.567
Rex 2 2022 CUCI 1.567
Rex 2 2022 CMedian 1.567
Rex 2 2022 CMean 1.567
Rex 2 2022 CStdn 7.60447e-10
Rex 2 2023 Cabc 7.4866
Rex 2 2023 Cofl 8.10838
Rex 2 2023 CLCI 1.567
Rex 2 2023 CUCI 1.567
Rex 2 2023 CMedian 1.567
Rex 2 2023 CMean 1.567
Rex 2 2023 CStdn 3.98223e-07
Rex 2 2024 Cabc 7.4866
Rex 2 2024 Cofl 8.10838
Rex 2 2024 CLCI 18.3119
Rex 2 2024 CUCI 19.1798
Rex 2 2024 CMedian 18.6133
Rex 2 2024 CMean 18.6617
Rex 2 2024 CStdn 0.290927
Rex 2 2025 Cabc 7.4866
Rex 2 2025 Cofl 8.10838
Rex 2 2025 CLCI 14.9759
Rex 2 2025 CUCI 16.9516
Rex 2 2025 CMedian 15.7173
Rex 2 2025 CMean 15.8162
Rex 2 2025 CStdn 0.659279
Rex 2 2026 Cabc 7.4866
Rex 2 2026 Cofl 8.10838
Rex 2 2026 CLCI 12.1376
Rex 2 2026 CUCI 15.031
Rex 2 2026 CMedian 13.2448
Rex 2 2026 CMean 13.3806
Rex 2 2026 CStdn 0.940605
Rex 2 2027 Cabc 7.4866
Rex 2 2027 Cofl 8.10838
Rex 2 2027 CLCI 10.0875
Rex 2 2027 CUCI 13.4
Rex 2 2027 CMedian 11.3985
Rex 2 2027 CMean 11.5291
Rex 2 2027 CStdn 1.07224
Rex 2 2028 Cabc 7.4866
Rex 2 2028 Cofl 8.10838
Rex 2 2028 CLCI 8.53667
Rex 2 2028 CUCI 12.1649
Rex 2 2028 CMedian 10.0352
Rex 2 2028 CMean 10.1723
Rex 2 2028 CStdn 1.13102
Rex 2 2029 Cabc 7.4866
Rex 2 2029 Cofl 8.10838
Rex 2 2029 CLCI 7.48555
Rex 2 2029 CUCI 11.1987
Rex 2 2029 CMedian 9.05334
Rex 2 2029 CMean 9.18775
Rex 2 2029 CStdn 1.15822
Rex 2 2030 Cabc 7.4866
Rex 2 2030 Cofl 8.10838
Rex 2 2030 CLCI 6.6792
Rex 2 2030 CUCI 10.5294
Rex 2 2030 CMedian 8.38536
Rex 2 2030 CMean 8.47517
Rex 2 2030 CStdn 1.18756
Rex 2 2031 Cabc 7.4866
Rex 2 2031 Cofl 8.10838
Rex 2 2031 CLCI 5.91902
Rex 2 2031 CUCI 10.0943
Rex 2 2031 CMedian 7.8728
Rex 2 2031 CMean 7.95647
Rex 2 2031 CStdn 1.23399
Rex 2 2032 Cabc 7.4866
Rex 2 2032 Cofl 8.10838
Rex 2 2032 CLCI 5.46279
Rex 2 2032 CUCI 9.73426
Rex 2 2032 CMedian 7.51449
Rex 2 2032 CMean 7.59052
Rex 2 2032 CStdn 1.2839
Rex 2 2033 Cabc 7.4866
Rex 2 2033 Cofl 8.10838
Rex 2 2033 CLCI 5.20493
Rex 2 2033 CUCI 9.65442
Rex 2 2033 CMedian 7.27439
Rex 2 2033 CMean 7.33757
Rex 2 2033 CStdn 1.32985
Rex 2 2034 Cabc 7.4866
Rex 2 2034 Cofl 8.10838
Rex 2 2034 CLCI 4.9352
Rex 2 2034 CUCI 9.46337
Rex 2 2034 CMedian 7.14649
Rex 2 2034 CMean 7.15112
Rex 2 2034 CStdn 1.34235
Rex 2 2021 SSBF100 52.5576
Rex 2 2021 SSBFabc 21.023
Rex 2 2021 SSBFofl 18.3951
Rex 2 2021 SSBLCI 40.4577
Rex 2 2021 SSBUCI 40.4577
Rex 2 2021 SSBMedian 40.4577
Rex 2 2021 SSBMean 40.4577
Rex 2 2022 SSBF100 52.5576
Rex 2 2022 SSBFabc 21.023
Rex 2 2022 SSBFofl 18.3951
Rex 2 2022 SSBLCI 46.5006
Rex 2 2022 SSBUCI 46.628
Rex 2 2022 SSBMedian 46.5417
Rex 2 2022 SSBMean 46.5499
Rex 2 2023 SSBF100 52.5576
Rex 2 2023 SSBFabc 21.023
Rex 2 2023 SSBFofl 18.3951
Rex 2 2023 SSBLCI 51.4985
Rex 2 2023 SSBUCI 52.1181
Rex 2 2023 SSBMedian 51.7155
Rex 2 2023 SSBMean 51.7487
Rex 2 2024 SSBF100 52.5576
Rex 2 2024 SSBFabc 21.023
Rex 2 2024 SSBFofl 18.3951
Rex 2 2024 SSBLCI 54.6071
Rex 2 2024 SSBUCI 56.6665
Rex 2 2024 SSBMedian 55.3632
Rex 2 2024 SSBMean 55.4737
Rex 2 2025 SSBF100 52.5576
Rex 2 2025 SSBFabc 21.023
Rex 2 2025 SSBFofl 18.3951
Rex 2 2025 SSBLCI 46.2726
Rex 2 2025 SSBUCI 50.9405
Rex 2 2025 SSBMedian 48.0402
Rex 2 2025 SSBMean 48.2604
Rex 2 2026 SSBF100 52.5576
Rex 2 2026 SSBFabc 21.023
Rex 2 2026 SSBFofl 18.3951
Rex 2 2026 SSBLCI 38.342
Rex 2 2026 SSBUCI 45.751
Rex 2 2026 SSBMedian 41.191
Rex 2 2026 SSBMean 41.4935
Rex 2 2027 SSBF100 52.5576
Rex 2 2027 SSBFabc 21.023
Rex 2 2027 SSBFofl 18.3951
Rex 2 2027 SSBLCI 32.0642
Rex 2 2027 SSBUCI 40.9389
Rex 2 2027 SSBMedian 35.5933
Rex 2 2027 SSBMean 35.9573
Rex 2 2028 SSBF100 52.5576
Rex 2 2028 SSBFabc 21.023
Rex 2 2028 SSBFofl 18.3951
Rex 2 2028 SSBLCI 27.1303
Rex 2 2028 SSBUCI 37.4109
Rex 2 2028 SSBMedian 31.3227
Rex 2 2028 SSBMean 31.7271
Rex 2 2029 SSBF100 52.5576
Rex 2 2029 SSBFabc 21.023
Rex 2 2029 SSBFofl 18.3951
Rex 2 2029 SSBLCI 23.7515
Rex 2 2029 SSBUCI 34.131
Rex 2 2029 SSBMedian 28.2031
Rex 2 2029 SSBMean 28.5916
Rex 2 2030 SSBF100 52.5576
Rex 2 2030 SSBFabc 21.023
Rex 2 2030 SSBFofl 18.3951
Rex 2 2030 SSBLCI 21.2003
Rex 2 2030 SSBUCI 32.3027
Rex 2 2030 SSBMedian 26.0132
Rex 2 2030 SSBMean 26.3185
Rex 2 2031 SSBF100 52.5576
Rex 2 2031 SSBFabc 21.023
Rex 2 2031 SSBFofl 18.3951
Rex 2 2031 SSBLCI 19.747
Rex 2 2031 SSBUCI 30.7318
Rex 2 2031 SSBMedian 24.3715
Rex 2 2031 SSBMean 24.716
Rex 2 2032 SSBF100 52.5576
Rex 2 2032 SSBFabc 21.023
Rex 2 2032 SSBFofl 18.3951
Rex 2 2032 SSBLCI 18.8169
Rex 2 2032 SSBUCI 29.4215
Rex 2 2032 SSBMedian 23.1804
Rex 2 2032 SSBMean 23.6271
Rex 2 2033 SSBF100 52.5576
Rex 2 2033 SSBFabc 21.023
Rex 2 2033 SSBFofl 18.3951
Rex 2 2033 SSBLCI 18.3925
Rex 2 2033 SSBUCI 29.0516
Rex 2 2033 SSBMedian 22.3203
Rex 2 2033 SSBMean 22.9085
Rex 2 2034 SSBF100 52.5576
Rex 2 2034 SSBFabc 21.023
Rex 2 2034 SSBFofl 18.3951
Rex 2 2034 SSBLCI 17.8158
Rex 2 2034 SSBUCI 28.616
Rex 2 2034 SSBMedian 21.8674
Rex 2 2034 SSBMean 22.418
Rex 2 2021 F0 0 
Rex 2 2021 Fabc 0.219218
Rex 2 2021 Fofl 0.272159
Rex 2 2021  F_LCI 0.00572294
Rex 2 2021  F_UCI 0.00572294
Rex 2 2021  F_Median 0.00572294
Rex 2 2021  F_Mean 0.00572294
Rex 2 2022 F0 0 
Rex 2 2022 Fabc 0.219218
Rex 2 2022 Fofl 0.272159
Rex 2 2022  F_LCI 0.0195595
Rex 2 2022  F_UCI 0.0195728
Rex 2 2022  F_Median 0.0195685
Rex 2 2022  F_Mean 0.0195676
Rex 2 2023 F0 0 
Rex 2 2023 Fabc 0.219218
Rex 2 2023 Fofl 0.272159
Rex 2 2023  F_LCI 0.0175973
Rex 2 2023  F_UCI 0.0177504
Rex 2 2023  F_Median 0.0176995
Rex 2 2023  F_Mean 0.0176904
Rex 2 2024 F0 0 
Rex 2 2024 Fabc 0.219218
Rex 2 2024 Fofl 0.272159
Rex 2 2024  F_LCI 0.219218
Rex 2 2024  F_UCI 0.219218
Rex 2 2024  F_Median 0.219218
Rex 2 2024  F_Mean 0.219218
Rex 2 2025 F0 0 
Rex 2 2025 Fabc 0.219218
Rex 2 2025 Fofl 0.272159
Rex 2 2025  F_LCI 0.219218
Rex 2 2025  F_UCI 0.219218
Rex 2 2025  F_Median 0.219218
Rex 2 2025  F_Mean 0.219218
Rex 2 2026 F0 0 
Rex 2 2026 Fabc 0.219218
Rex 2 2026 Fofl 0.272159
Rex 2 2026  F_LCI 0.219218
Rex 2 2026  F_UCI 0.219218
Rex 2 2026  F_Median 0.219218
Rex 2 2026  F_Mean 0.219218
Rex 2 2027 F0 0 
Rex 2 2027 Fabc 0.219218
Rex 2 2027 Fofl 0.272159
Rex 2 2027  F_LCI 0.219218
Rex 2 2027  F_UCI 0.219218
Rex 2 2027  F_Median 0.219218
Rex 2 2027  F_Mean 0.219218
Rex 2 2028 F0 0 
Rex 2 2028 Fabc 0.219218
Rex 2 2028 Fofl 0.272159
Rex 2 2028  F_LCI 0.219218
Rex 2 2028  F_UCI 0.219218
Rex 2 2028  F_Median 0.219218
Rex 2 2028  F_Mean 0.219218
Rex 2 2029 F0 0 
Rex 2 2029 Fabc 0.219218
Rex 2 2029 Fofl 0.272159
Rex 2 2029  F_LCI 0.219218
Rex 2 2029  F_UCI 0.219218
Rex 2 2029  F_Median 0.219218
Rex 2 2029  F_Mean 0.219218
Rex 2 2030 F0 0 
Rex 2 2030 Fabc 0.219218
Rex 2 2030 Fofl 0.272159
Rex 2 2030  F_LCI 0.219218
Rex 2 2030  F_UCI 0.219218
Rex 2 2030  F_Median 0.219218
Rex 2 2030  F_Mean 0.218771
Rex 2 2031 F0 0 
Rex 2 2031 Fabc 0.219218
Rex 2 2031 Fofl 0.272159
Rex 2 2031  F_LCI 0.205211
Rex 2 2031  F_UCI 0.219218
Rex 2 2031  F_Median 0.219218
Rex 2 2031  F_Mean 0.217458
Rex 2 2032 F0 0 
Rex 2 2032 Fabc 0.219218
Rex 2 2032 Fofl 0.272159
Rex 2 2032  F_LCI 0.195002
Rex 2 2032  F_UCI 0.219218
Rex 2 2032  F_Median 0.219218
Rex 2 2032  F_Mean 0.215669
Rex 2 2033 F0 0 
Rex 2 2033 Fabc 0.219218
Rex 2 2033 Fofl 0.272159
Rex 2 2033  F_LCI 0.190344
Rex 2 2033  F_UCI 0.219218
Rex 2 2033  F_Median 0.219218
Rex 2 2033  F_Mean 0.213883
Rex 2 2034 F0 0 
Rex 2 2034 Fabc 0.219218
Rex 2 2034 Fofl 0.272159
Rex 2 2034  F_LCI 0.184015
Rex 2 2034  F_UCI 0.219218
Rex 2 2034  F_Median 0.219218
Rex 2 2034  F_Mean 0.212313
Rex 3 2021 Cabc 7.4866
Rex 3 2021 Cofl 8.10838
Rex 3 2021 CLCI 0.392
Rex 3 2021 CUCI 0.392
Rex 3 2021 CMedian 0.392
Rex 3 2021 CMean 0.392
Rex 3 2021 CStdn 8.10463e-15
Rex 3 2022 Cabc 7.4866
Rex 3 2022 Cofl 8.10838
Rex 3 2022 CLCI 1.567
Rex 3 2022 CUCI 1.567
Rex 3 2022 CMedian 1.567
Rex 3 2022 CMean 1.567
Rex 3 2022 CStdn 7.60447e-10
Rex 3 2023 Cabc 7.4866
Rex 3 2023 Cofl 8.10838
Rex 3 2023 CLCI 1.567
Rex 3 2023 CUCI 1.567
Rex 3 2023 CMedian 1.567
Rex 3 2023 CMean 1.567
Rex 3 2023 CStdn 3.98223e-07
Rex 3 2024 Cabc 7.4866
Rex 3 2024 Cofl 8.10838
Rex 3 2024 CLCI 2.06426
Rex 3 2024 CUCI 2.15707
Rex 3 2024 CMedian 2.09649
Rex 3 2024 CMean 2.10168
Rex 3 2024 CStdn 0.031192
Rex 3 2025 Cabc 7.4866
Rex 3 2025 Cofl 8.10838
Rex 3 2025 CLCI 2.01834
Rex 3 2025 CUCI 2.24528
Rex 3 2025 CMedian 2.10402
Rex 3 2025 CMean 2.11604
Rex 3 2025 CStdn 0.0774303
Rex 3 2026 Cabc 7.4866
Rex 3 2026 Cofl 8.10838
Rex 3 2026 CLCI 1.92607
Rex 3 2026 CUCI 2.29676
Rex 3 2026 CMedian 2.07025
Rex 3 2026 CMean 2.08651
Rex 3 2026 CStdn 0.12153
Rex 3 2027 Cabc 7.4866
Rex 3 2027 Cofl 8.10838
Rex 3 2027 CLCI 1.84344
Rex 3 2027 CUCI 2.29687
Rex 3 2027 CMedian 2.02773
Rex 3 2027 CMean 2.04421
Rex 3 2027 CStdn 0.15139
Rex 3 2028 Cabc 7.4866
Rex 3 2028 Cofl 8.10838
Rex 3 2028 CLCI 1.75756
Rex 3 2028 CUCI 2.30355
Rex 3 2028 CMedian 1.97663
Rex 3 2028 CMean 1.99886
Rex 3 2028 CStdn 0.171031
Rex 3 2029 Cabc 7.4866
Rex 3 2029 Cofl 8.10838
Rex 3 2029 CLCI 1.68431
Rex 3 2029 CUCI 2.26307
Rex 3 2029 CMedian 1.93368
Rex 3 2029 CMean 1.95338
Rex 3 2029 CStdn 0.184698
Rex 3 2030 Cabc 7.4866
Rex 3 2030 Cofl 8.10838
Rex 3 2030 CLCI 1.61674
Rex 3 2030 CUCI 2.24844
Rex 3 2030 CMedian 1.89512
Rex 3 2030 CMean 1.91074
Rex 3 2030 CStdn 0.193552
Rex 3 2031 Cabc 7.4866
Rex 3 2031 Cofl 8.10838
Rex 3 2031 CLCI 1.57406
Rex 3 2031 CUCI 2.22392
Rex 3 2031 CMedian 1.85547
Rex 3 2031 CMean 1.87288
Rex 3 2031 CStdn 0.198764
Rex 3 2032 Cabc 7.4866
Rex 3 2032 Cofl 8.10838
Rex 3 2032 CLCI 1.54516
Rex 3 2032 CUCI 2.19507
Rex 3 2032 CMedian 1.82293
Rex 3 2032 CMean 1.84083
Rex 3 2032 CStdn 0.202555
Rex 3 2033 Cabc 7.4866
Rex 3 2033 Cofl 8.10838
Rex 3 2033 CLCI 1.51347
Rex 3 2033 CUCI 2.18961
Rex 3 2033 CMedian 1.78723
Rex 3 2033 CMean 1.81385
Rex 3 2033 CStdn 0.206862
Rex 3 2034 Cabc 7.4866
Rex 3 2034 Cofl 8.10838
Rex 3 2034 CLCI 1.47732
Rex 3 2034 CUCI 2.16818
Rex 3 2034 CMedian 1.77104
Rex 3 2034 CMean 1.78943
Rex 3 2034 CStdn 0.209077
Rex 3 2021 SSBF100 52.5576
Rex 3 2021 SSBFabc 21.023
Rex 3 2021 SSBFofl 18.3951
Rex 3 2021 SSBLCI 40.4577
Rex 3 2021 SSBUCI 40.4577
Rex 3 2021 SSBMedian 40.4577
Rex 3 2021 SSBMean 40.4577
Rex 3 2022 SSBF100 52.5576
Rex 3 2022 SSBFabc 21.023
Rex 3 2022 SSBFofl 18.3951
Rex 3 2022 SSBLCI 46.5006
Rex 3 2022 SSBUCI 46.628
Rex 3 2022 SSBMedian 46.5417
Rex 3 2022 SSBMean 46.5499
Rex 3 2023 SSBF100 52.5576
Rex 3 2023 SSBFabc 21.023
Rex 3 2023 SSBFofl 18.3951
Rex 3 2023 SSBLCI 51.4985
Rex 3 2023 SSBUCI 52.1181
Rex 3 2023 SSBMedian 51.7155
Rex 3 2023 SSBMean 51.7487
Rex 3 2024 SSBF100 52.5576
Rex 3 2024 SSBFabc 21.023
Rex 3 2024 SSBFofl 18.3951
Rex 3 2024 SSBLCI 54.6071
Rex 3 2024 SSBUCI 56.6665
Rex 3 2024 SSBMedian 55.3632
Rex 3 2024 SSBMean 55.4737
Rex 3 2025 SSBF100 52.5576
Rex 3 2025 SSBFabc 21.023
Rex 3 2025 SSBFofl 18.3951
Rex 3 2025 SSBLCI 55.0237
Rex 3 2025 SSBUCI 59.8277
Rex 3 2025 SSBMedian 56.8247
Rex 3 2025 SSBMean 57.0583
Rex 3 2026 SSBF100 52.5576
Rex 3 2026 SSBFabc 21.023
Rex 3 2026 SSBFofl 18.3951
Rex 3 2026 SSBLCI 53.7234
Rex 3 2026 SSBUCI 61.7787
Rex 3 2026 SSBMedian 56.8638
Rex 3 2026 SSBMean 57.1682
Rex 3 2027 SSBF100 52.5576
Rex 3 2027 SSBFabc 21.023
Rex 3 2027 SSBFofl 18.3951
Rex 3 2027 SSBLCI 51.8584
Rex 3 2027 SSBUCI 62.4005
Rex 3 2027 SSBMedian 56.0473
Rex 3 2027 SSBMean 56.4906
Rex 3 2028 SSBF100 52.5576
Rex 3 2028 SSBFabc 21.023
Rex 3 2028 SSBFofl 18.3951
Rex 3 2028 SSBLCI 49.7447
Rex 3 2028 SSBUCI 62.7886
Rex 3 2028 SSBMedian 54.9791
Rex 3 2028 SSBMean 55.463
Rex 3 2029 SSBF100 52.5576
Rex 3 2029 SSBFabc 21.023
Rex 3 2029 SSBFofl 18.3951
Rex 3 2029 SSBLCI 47.4691
Rex 3 2029 SSBUCI 62.4652
Rex 3 2029 SSBMedian 53.7844
Rex 3 2029 SSBMean 54.3121
Rex 3 2030 SSBF100 52.5576
Rex 3 2030 SSBFabc 21.023
Rex 3 2030 SSBFofl 18.3951
Rex 3 2030 SSBLCI 45.6955
Rex 3 2030 SSBUCI 61.7788
Rex 3 2030 SSBMedian 52.7073
Rex 3 2030 SSBMean 53.1652
Rex 3 2031 SSBF100 52.5576
Rex 3 2031 SSBFabc 21.023
Rex 3 2031 SSBFofl 18.3951
Rex 3 2031 SSBLCI 44.4865
Rex 3 2031 SSBUCI 61.2983
Rex 3 2031 SSBMedian 51.6338
Rex 3 2031 SSBMean 52.0983
Rex 3 2032 SSBF100 52.5576
Rex 3 2032 SSBFabc 21.023
Rex 3 2032 SSBFofl 18.3951
Rex 3 2032 SSBLCI 43.2727
Rex 3 2032 SSBUCI 60.5902
Rex 3 2032 SSBMedian 50.5979
Rex 3 2032 SSBMean 51.1531
Rex 3 2033 SSBF100 52.5576
Rex 3 2033 SSBFabc 21.023
Rex 3 2033 SSBFofl 18.3951
Rex 3 2033 SSBLCI 42.5086
Rex 3 2033 SSBUCI 59.9365
Rex 3 2033 SSBMedian 49.7884
Rex 3 2033 SSBMean 50.3345
Rex 3 2034 SSBF100 52.5576
Rex 3 2034 SSBFabc 21.023
Rex 3 2034 SSBFofl 18.3951
Rex 3 2034 SSBLCI 41.3026
Rex 3 2034 SSBUCI 59.329
Rex 3 2034 SSBMedian 49.0739
Rex 3 2034 SSBMean 49.6124
Rex 3 2021 F0 0 
Rex 3 2021 Fabc 0.219218
Rex 3 2021 Fofl 0.272159
Rex 3 2021  F_LCI 0.00572294
Rex 3 2021  F_UCI 0.00572294
Rex 3 2021  F_Median 0.00572294
Rex 3 2021  F_Mean 0.00572294
Rex 3 2022 F0 0 
Rex 3 2022 Fabc 0.219218
Rex 3 2022 Fofl 0.272159
Rex 3 2022  F_LCI 0.0195595
Rex 3 2022  F_UCI 0.0195728
Rex 3 2022  F_Median 0.0195685
Rex 3 2022  F_Mean 0.0195676
Rex 3 2023 F0 0 
Rex 3 2023 Fabc 0.219218
Rex 3 2023 Fofl 0.272159
Rex 3 2023  F_LCI 0.0175973
Rex 3 2023  F_UCI 0.0177504
Rex 3 2023  F_Median 0.0176995
Rex 3 2023  F_Mean 0.0176904
Rex 3 2024 F0 0 
Rex 3 2024 Fabc 0.219218
Rex 3 2024 Fofl 0.272159
Rex 3 2024  F_LCI 0.0225943
Rex 3 2024  F_UCI 0.0225943
Rex 3 2024  F_Median 0.0225943
Rex 3 2024  F_Mean 0.0225943
Rex 3 2025 F0 0 
Rex 3 2025 Fabc 0.219218
Rex 3 2025 Fofl 0.272159
Rex 3 2025  F_LCI 0.0225943
Rex 3 2025  F_UCI 0.0225943
Rex 3 2025  F_Median 0.0225943
Rex 3 2025  F_Mean 0.0225943
Rex 3 2026 F0 0 
Rex 3 2026 Fabc 0.219218
Rex 3 2026 Fofl 0.272159
Rex 3 2026  F_LCI 0.0225943
Rex 3 2026  F_UCI 0.0225943
Rex 3 2026  F_Median 0.0225943
Rex 3 2026  F_Mean 0.0225943
Rex 3 2027 F0 0 
Rex 3 2027 Fabc 0.219218
Rex 3 2027 Fofl 0.272159
Rex 3 2027  F_LCI 0.0225943
Rex 3 2027  F_UCI 0.0225943
Rex 3 2027  F_Median 0.0225943
Rex 3 2027  F_Mean 0.0225943
Rex 3 2028 F0 0 
Rex 3 2028 Fabc 0.219218
Rex 3 2028 Fofl 0.272159
Rex 3 2028  F_LCI 0.0225943
Rex 3 2028  F_UCI 0.0225943
Rex 3 2028  F_Median 0.0225943
Rex 3 2028  F_Mean 0.0225943
Rex 3 2029 F0 0 
Rex 3 2029 Fabc 0.219218
Rex 3 2029 Fofl 0.272159
Rex 3 2029  F_LCI 0.0225943
Rex 3 2029  F_UCI 0.0225943
Rex 3 2029  F_Median 0.0225943
Rex 3 2029  F_Mean 0.0225943
Rex 3 2030 F0 0 
Rex 3 2030 Fabc 0.219218
Rex 3 2030 Fofl 0.272159
Rex 3 2030  F_LCI 0.0225943
Rex 3 2030  F_UCI 0.0225943
Rex 3 2030  F_Median 0.0225943
Rex 3 2030  F_Mean 0.0225943
Rex 3 2031 F0 0 
Rex 3 2031 Fabc 0.219218
Rex 3 2031 Fofl 0.272159
Rex 3 2031  F_LCI 0.0225943
Rex 3 2031  F_UCI 0.0225943
Rex 3 2031  F_Median 0.0225943
Rex 3 2031  F_Mean 0.0225943
Rex 3 2032 F0 0 
Rex 3 2032 Fabc 0.219218
Rex 3 2032 Fofl 0.272159
Rex 3 2032  F_LCI 0.0225943
Rex 3 2032  F_UCI 0.0225943
Rex 3 2032  F_Median 0.0225943
Rex 3 2032  F_Mean 0.0225943
Rex 3 2033 F0 0 
Rex 3 2033 Fabc 0.219218
Rex 3 2033 Fofl 0.272159
Rex 3 2033  F_LCI 0.0225943
Rex 3 2033  F_UCI 0.0225943
Rex 3 2033  F_Median 0.0225943
Rex 3 2033  F_Mean 0.0225943
Rex 3 2034 F0 0 
Rex 3 2034 Fabc 0.219218
Rex 3 2034 Fofl 0.272159
Rex 3 2034  F_LCI 0.0225943
Rex 3 2034  F_UCI 0.0225943
Rex 3 2034  F_Median 0.0225943
Rex 3 2034  F_Mean 0.0225943
Rex 4 2021 Cabc 7.4866
Rex 4 2021 Cofl 8.10838
Rex 4 2021 CLCI 0.392
Rex 4 2021 CUCI 0.392
Rex 4 2021 CMedian 0.392
Rex 4 2021 CMean 0.392
Rex 4 2021 CStdn 8.10463e-15
Rex 4 2022 Cabc 7.4866
Rex 4 2022 Cofl 8.10838
Rex 4 2022 CLCI 1.567
Rex 4 2022 CUCI 1.567
Rex 4 2022 CMedian 1.567
Rex 4 2022 CMean 1.567
Rex 4 2022 CStdn 7.60447e-10
Rex 4 2023 Cabc 7.4866
Rex 4 2023 Cofl 8.10838
Rex 4 2023 CLCI 1.567
Rex 4 2023 CUCI 1.567
Rex 4 2023 CMedian 1.567
Rex 4 2023 CMean 1.567
Rex 4 2023 CStdn 3.98223e-07
Rex 4 2024 Cabc 7.4866
Rex 4 2024 Cofl 8.10838
Rex 4 2024 CLCI 4.46053
Rex 4 2024 CUCI 4.66249
Rex 4 2024 CMedian 4.5307
Rex 4 2024 CMean 4.54199
Rex 4 2024 CStdn 0.0678725
Rex 4 2025 Cabc 7.4866
Rex 4 2025 Cofl 8.10838
Rex 4 2025 CLCI 4.25543
Rex 4 2025 CUCI 4.74416
Rex 4 2025 CMedian 4.44
Rex 4 2025 CMean 4.46579
Rex 4 2025 CStdn 0.166342
Rex 4 2026 Cabc 7.4866
Rex 4 2026 Cofl 8.10838
Rex 4 2026 CLCI 3.96866
Rex 4 2026 CUCI 4.75361
Rex 4 2026 CMedian 4.27478
Rex 4 2026 CMean 4.30926
Rex 4 2026 CStdn 0.25752
Rex 4 2027 Cabc 7.4866
Rex 4 2027 Cofl 8.10838
Rex 4 2027 CLCI 3.71821
Rex 4 2027 CUCI 4.67573
Rex 4 2027 CMedian 4.10641
Rex 4 2027 CMean 4.1423
Rex 4 2027 CStdn 0.316487
Rex 4 2028 Cabc 7.4866
Rex 4 2028 Cofl 8.10838
Rex 4 2028 CLCI 3.48292
Rex 4 2028 CUCI 4.61714
Rex 4 2028 CMedian 3.93765
Rex 4 2028 CMean 3.98453
Rex 4 2028 CStdn 0.353461
Rex 4 2029 Cabc 7.4866
Rex 4 2029 Cofl 8.10838
Rex 4 2029 CLCI 3.29284
Rex 4 2029 CUCI 4.46448
Rex 4 2029 CMedian 3.79748
Rex 4 2029 CMean 3.84012
Rex 4 2029 CStdn 0.378012
Rex 4 2030 Cabc 7.4866
Rex 4 2030 Cofl 8.10838
Rex 4 2030 CLCI 3.11231
Rex 4 2030 CUCI 4.39697
Rex 4 2030 CMedian 3.68112
Rex 4 2030 CMean 3.71319
Rex 4 2030 CStdn 0.392799
Rex 4 2031 Cabc 7.4866
Rex 4 2031 Cofl 8.10838
Rex 4 2031 CLCI 3.00808
Rex 4 2031 CUCI 4.32898
Rex 4 2031 CMedian 3.56468
Rex 4 2031 CMean 3.60575
Rex 4 2031 CStdn 0.400543
Rex 4 2032 Cabc 7.4866
Rex 4 2032 Cofl 8.10838
Rex 4 2032 CLCI 2.92978
Rex 4 2032 CUCI 4.22324
Rex 4 2032 CMedian 3.47503
Rex 4 2032 CMean 3.51799
Rex 4 2032 CStdn 0.406236
Rex 4 2033 Cabc 7.4866
Rex 4 2033 Cofl 8.10838
Rex 4 2033 CLCI 2.84192
Rex 4 2033 CUCI 4.19757
Rex 4 2033 CMedian 3.38911
Rex 4 2033 CMean 3.44656
Rex 4 2033 CStdn 0.413673
Rex 4 2034 Cabc 7.4866
Rex 4 2034 Cofl 8.10838
Rex 4 2034 CLCI 2.77659
Rex 4 2034 CUCI 4.14148
Rex 4 2034 CMedian 3.33894
Rex 4 2034 CMean 3.38466
Rex 4 2034 CStdn 0.416523
Rex 4 2021 SSBF100 52.5576
Rex 4 2021 SSBFabc 21.023
Rex 4 2021 SSBFofl 18.3951
Rex 4 2021 SSBLCI 40.4577
Rex 4 2021 SSBUCI 40.4577
Rex 4 2021 SSBMedian 40.4577
Rex 4 2021 SSBMean 40.4577
Rex 4 2022 SSBF100 52.5576
Rex 4 2022 SSBFabc 21.023
Rex 4 2022 SSBFofl 18.3951
Rex 4 2022 SSBLCI 46.5006
Rex 4 2022 SSBUCI 46.628
Rex 4 2022 SSBMedian 46.5417
Rex 4 2022 SSBMean 46.5499
Rex 4 2023 SSBF100 52.5576
Rex 4 2023 SSBFabc 21.023
Rex 4 2023 SSBFofl 18.3951
Rex 4 2023 SSBLCI 51.4985
Rex 4 2023 SSBUCI 52.1181
Rex 4 2023 SSBMedian 51.7155
Rex 4 2023 SSBMean 51.7487
Rex 4 2024 SSBF100 52.5576
Rex 4 2024 SSBFabc 21.023
Rex 4 2024 SSBFofl 18.3951
Rex 4 2024 SSBLCI 54.6071
Rex 4 2024 SSBUCI 56.6665
Rex 4 2024 SSBMedian 55.3632
Rex 4 2024 SSBMean 55.4737
Rex 4 2025 SSBF100 52.5576
Rex 4 2025 SSBFabc 21.023
Rex 4 2025 SSBFofl 18.3951
Rex 4 2025 SSBLCI 53.732
Rex 4 2025 SSBUCI 58.5158
Rex 4 2025 SSBMedian 55.5297
Rex 4 2025 SSBMean 55.7593
Rex 4 2026 SSBF100 52.5576
Rex 4 2026 SSBFabc 21.023
Rex 4 2026 SSBFofl 18.3951
Rex 4 2026 SSBLCI 51.2664
Rex 4 2026 SSBUCI 59.2256
Rex 4 2026 SSBMedian 54.3621
Rex 4 2026 SSBMean 54.6754
Rex 4 2027 SSBF100 52.5576
Rex 4 2027 SSBFabc 21.023
Rex 4 2027 SSBFofl 18.3951
Rex 4 2027 SSBLCI 48.4547
Rex 4 2027 SSBUCI 58.7738
Rex 4 2027 SSBMedian 52.5549
Rex 4 2027 SSBMean 52.9922
Rex 4 2028 SSBF100 52.5576
Rex 4 2028 SSBFabc 21.023
Rex 4 2028 SSBFofl 18.3951
Rex 4 2028 SSBLCI 45.6416
Rex 4 2028 SSBUCI 58.0158
Rex 4 2028 SSBMedian 50.7056
Rex 4 2028 SSBMean 51.1574
Rex 4 2029 SSBF100 52.5576
Rex 4 2029 SSBFabc 21.023
Rex 4 2029 SSBFofl 18.3951
Rex 4 2029 SSBLCI 42.9081
Rex 4 2029 SSBUCI 57.0197
Rex 4 2029 SSBMedian 48.863
Rex 4 2029 SSBMean 49.3772
Rex 4 2030 SSBF100 52.5576
Rex 4 2030 SSBFabc 21.023
Rex 4 2030 SSBFofl 18.3951
Rex 4 2030 SSBLCI 40.7243
Rex 4 2030 SSBUCI 55.894
Rex 4 2030 SSBMedian 47.2969
Rex 4 2030 SSBMean 47.7524
Rex 4 2031 SSBF100 52.5576
Rex 4 2031 SSBFabc 21.023
Rex 4 2031 SSBFofl 18.3951
Rex 4 2031 SSBLCI 39.0398
Rex 4 2031 SSBUCI 54.8245
Rex 4 2031 SSBMedian 45.8905
Rex 4 2031 SSBMean 46.3321
Rex 4 2032 SSBF100 52.5576
Rex 4 2032 SSBFabc 21.023
Rex 4 2032 SSBFofl 18.3951
Rex 4 2032 SSBLCI 37.8811
Rex 4 2032 SSBUCI 53.9004
Rex 4 2032 SSBMedian 44.6841
Rex 4 2032 SSBMean 45.1324
Rex 4 2033 SSBF100 52.5576
Rex 4 2033 SSBFabc 21.023
Rex 4 2033 SSBFofl 18.3951
Rex 4 2033 SSBLCI 36.8149
Rex 4 2033 SSBUCI 52.9359
Rex 4 2033 SSBMedian 43.5677
Rex 4 2033 SSBMean 44.1353
Rex 4 2034 SSBF100 52.5576
Rex 4 2034 SSBFabc 21.023
Rex 4 2034 SSBFofl 18.3951
Rex 4 2034 SSBLCI 35.6815
Rex 4 2034 SSBUCI 52.3817
Rex 4 2034 SSBMedian 42.7217
Rex 4 2034 SSBMean 43.2905
Rex 4 2021 F0 0 
Rex 4 2021 Fabc 0.219218
Rex 4 2021 Fofl 0.272159
Rex 4 2021  F_LCI 0.00572294
Rex 4 2021  F_UCI 0.00572294
Rex 4 2021  F_Median 0.00572294
Rex 4 2021  F_Mean 0.00572294
Rex 4 2022 F0 0 
Rex 4 2022 Fabc 0.219218
Rex 4 2022 Fofl 0.272159
Rex 4 2022  F_LCI 0.0195595
Rex 4 2022  F_UCI 0.0195728
Rex 4 2022  F_Median 0.0195685
Rex 4 2022  F_Mean 0.0195676
Rex 4 2023 F0 0 
Rex 4 2023 Fabc 0.219218
Rex 4 2023 Fofl 0.272159
Rex 4 2023  F_LCI 0.0175973
Rex 4 2023  F_UCI 0.0177504
Rex 4 2023  F_Median 0.0176995
Rex 4 2023  F_Mean 0.0176904
Rex 4 2024 F0 0 
Rex 4 2024 Fabc 0.219218
Rex 4 2024 Fofl 0.272159
Rex 4 2024  F_LCI 0.0494327
Rex 4 2024  F_UCI 0.0494327
Rex 4 2024  F_Median 0.0494327
Rex 4 2024  F_Mean 0.0494327
Rex 4 2025 F0 0 
Rex 4 2025 Fabc 0.219218
Rex 4 2025 Fofl 0.272159
Rex 4 2025  F_LCI 0.0494327
Rex 4 2025  F_UCI 0.0494327
Rex 4 2025  F_Median 0.0494327
Rex 4 2025  F_Mean 0.0494327
Rex 4 2026 F0 0 
Rex 4 2026 Fabc 0.219218
Rex 4 2026 Fofl 0.272159
Rex 4 2026  F_LCI 0.0494327
Rex 4 2026  F_UCI 0.0494327
Rex 4 2026  F_Median 0.0494327
Rex 4 2026  F_Mean 0.0494327
Rex 4 2027 F0 0 
Rex 4 2027 Fabc 0.219218
Rex 4 2027 Fofl 0.272159
Rex 4 2027  F_LCI 0.0494327
Rex 4 2027  F_UCI 0.0494327
Rex 4 2027  F_Median 0.0494327
Rex 4 2027  F_Mean 0.0494327
Rex 4 2028 F0 0 
Rex 4 2028 Fabc 0.219218
Rex 4 2028 Fofl 0.272159
Rex 4 2028  F_LCI 0.0494327
Rex 4 2028  F_UCI 0.0494327
Rex 4 2028  F_Median 0.0494327
Rex 4 2028  F_Mean 0.0494327
Rex 4 2029 F0 0 
Rex 4 2029 Fabc 0.219218
Rex 4 2029 Fofl 0.272159
Rex 4 2029  F_LCI 0.0494327
Rex 4 2029  F_UCI 0.0494327
Rex 4 2029  F_Median 0.0494327
Rex 4 2029  F_Mean 0.0494327
Rex 4 2030 F0 0 
Rex 4 2030 Fabc 0.219218
Rex 4 2030 Fofl 0.272159
Rex 4 2030  F_LCI 0.0494327
Rex 4 2030  F_UCI 0.0494327
Rex 4 2030  F_Median 0.0494327
Rex 4 2030  F_Mean 0.0494327
Rex 4 2031 F0 0 
Rex 4 2031 Fabc 0.219218
Rex 4 2031 Fofl 0.272159
Rex 4 2031  F_LCI 0.0494327
Rex 4 2031  F_UCI 0.0494327
Rex 4 2031  F_Median 0.0494327
Rex 4 2031  F_Mean 0.0494327
Rex 4 2032 F0 0 
Rex 4 2032 Fabc 0.219218
Rex 4 2032 Fofl 0.272159
Rex 4 2032  F_LCI 0.0494327
Rex 4 2032  F_UCI 0.0494327
Rex 4 2032  F_Median 0.0494327
Rex 4 2032  F_Mean 0.0494327
Rex 4 2033 F0 0 
Rex 4 2033 Fabc 0.219218
Rex 4 2033 Fofl 0.272159
Rex 4 2033  F_LCI 0.0494327
Rex 4 2033  F_UCI 0.0494327
Rex 4 2033  F_Median 0.0494327
Rex 4 2033  F_Mean 0.0494327
Rex 4 2034 F0 0 
Rex 4 2034 Fabc 0.219218
Rex 4 2034 Fofl 0.272159
Rex 4 2034  F_LCI 0.0494327
Rex 4 2034  F_UCI 0.0494327
Rex 4 2034  F_Median 0.0494327
Rex 4 2034  F_Mean 0.0494327
Rex 5 2021 Cabc 7.4866
Rex 5 2021 Cofl 8.10838
Rex 5 2021 CLCI 0.392
Rex 5 2021 CUCI 0.392
Rex 5 2021 CMedian 0.392
Rex 5 2021 CMean 0.392
Rex 5 2021 CStdn 8.10463e-15
Rex 5 2022 Cabc 7.4866
Rex 5 2022 Cofl 8.10838
Rex 5 2022 CLCI 1.567
Rex 5 2022 CUCI 1.567
Rex 5 2022 CMedian 1.567
Rex 5 2022 CMean 1.567
Rex 5 2022 CStdn 7.60447e-10
Rex 5 2023 Cabc 7.4866
Rex 5 2023 Cofl 8.10838
Rex 5 2023 CLCI 1.567
Rex 5 2023 CUCI 1.567
Rex 5 2023 CMedian 1.567
Rex 5 2023 CMean 1.567
Rex 5 2023 CStdn 3.98223e-07
Rex 5 2024 Cabc 7.4866
Rex 5 2024 Cofl 8.10838
Rex 5 2024 CLCI 0
Rex 5 2024 CUCI 0
Rex 5 2024 CMedian 0
Rex 5 2024 CMean 0
Rex 5 2024 CStdn 0
Rex 5 2025 Cabc 7.4866
Rex 5 2025 Cofl 8.10838
Rex 5 2025 CLCI 0
Rex 5 2025 CUCI 0
Rex 5 2025 CMedian 0
Rex 5 2025 CMean 0
Rex 5 2025 CStdn 0
Rex 5 2026 Cabc 7.4866
Rex 5 2026 Cofl 8.10838
Rex 5 2026 CLCI 0
Rex 5 2026 CUCI 0
Rex 5 2026 CMedian 0
Rex 5 2026 CMean 0
Rex 5 2026 CStdn 0
Rex 5 2027 Cabc 7.4866
Rex 5 2027 Cofl 8.10838
Rex 5 2027 CLCI 0
Rex 5 2027 CUCI 0
Rex 5 2027 CMedian 0
Rex 5 2027 CMean 0
Rex 5 2027 CStdn 0
Rex 5 2028 Cabc 7.4866
Rex 5 2028 Cofl 8.10838
Rex 5 2028 CLCI 0
Rex 5 2028 CUCI 0
Rex 5 2028 CMedian 0
Rex 5 2028 CMean 0
Rex 5 2028 CStdn 0
Rex 5 2029 Cabc 7.4866
Rex 5 2029 Cofl 8.10838
Rex 5 2029 CLCI 0
Rex 5 2029 CUCI 0
Rex 5 2029 CMedian 0
Rex 5 2029 CMean 0
Rex 5 2029 CStdn 0
Rex 5 2030 Cabc 7.4866
Rex 5 2030 Cofl 8.10838
Rex 5 2030 CLCI 0
Rex 5 2030 CUCI 0
Rex 5 2030 CMedian 0
Rex 5 2030 CMean 0
Rex 5 2030 CStdn 0
Rex 5 2031 Cabc 7.4866
Rex 5 2031 Cofl 8.10838
Rex 5 2031 CLCI 0
Rex 5 2031 CUCI 0
Rex 5 2031 CMedian 0
Rex 5 2031 CMean 0
Rex 5 2031 CStdn 0
Rex 5 2032 Cabc 7.4866
Rex 5 2032 Cofl 8.10838
Rex 5 2032 CLCI 0
Rex 5 2032 CUCI 0
Rex 5 2032 CMedian 0
Rex 5 2032 CMean 0
Rex 5 2032 CStdn 0
Rex 5 2033 Cabc 7.4866
Rex 5 2033 Cofl 8.10838
Rex 5 2033 CLCI 0
Rex 5 2033 CUCI 0
Rex 5 2033 CMedian 0
Rex 5 2033 CMean 0
Rex 5 2033 CStdn 0
Rex 5 2034 Cabc 7.4866
Rex 5 2034 Cofl 8.10838
Rex 5 2034 CLCI 0
Rex 5 2034 CUCI 0
Rex 5 2034 CMedian 0
Rex 5 2034 CMean 0
Rex 5 2034 CStdn 0
Rex 5 2021 SSBF100 52.5576
Rex 5 2021 SSBFabc 21.023
Rex 5 2021 SSBFofl 18.3951
Rex 5 2021 SSBLCI 40.4577
Rex 5 2021 SSBUCI 40.4577
Rex 5 2021 SSBMedian 40.4577
Rex 5 2021 SSBMean 40.4577
Rex 5 2022 SSBF100 52.5576
Rex 5 2022 SSBFabc 21.023
Rex 5 2022 SSBFofl 18.3951
Rex 5 2022 SSBLCI 46.5006
Rex 5 2022 SSBUCI 46.628
Rex 5 2022 SSBMedian 46.5417
Rex 5 2022 SSBMean 46.5499
Rex 5 2023 SSBF100 52.5576
Rex 5 2023 SSBFabc 21.023
Rex 5 2023 SSBFofl 18.3951
Rex 5 2023 SSBLCI 51.4985
Rex 5 2023 SSBUCI 52.1181
Rex 5 2023 SSBMedian 51.7155
Rex 5 2023 SSBMean 51.7487
Rex 5 2024 SSBF100 52.5576
Rex 5 2024 SSBFabc 21.023
Rex 5 2024 SSBFofl 18.3951
Rex 5 2024 SSBLCI 54.6071
Rex 5 2024 SSBUCI 56.6665
Rex 5 2024 SSBMedian 55.3632
Rex 5 2024 SSBMean 55.4737
Rex 5 2025 SSBF100 52.5576
Rex 5 2025 SSBFabc 21.023
Rex 5 2025 SSBFofl 18.3951
Rex 5 2025 SSBLCI 56.1369
Rex 5 2025 SSBUCI 60.958
Rex 5 2025 SSBMedian 57.9394
Rex 5 2025 SSBMean 58.1777
Rex 5 2026 SSBF100 52.5576
Rex 5 2026 SSBFabc 21.023
Rex 5 2026 SSBFofl 18.3951
Rex 5 2026 SSBLCI 55.8826
Rex 5 2026 SSBUCI 64.0282
Rex 5 2026 SSBMedian 59.0624
Rex 5 2026 SSBMean 59.3661
Rex 5 2027 SSBF100 52.5576
Rex 5 2027 SSBFabc 21.023
Rex 5 2027 SSBFofl 18.3951
Rex 5 2027 SSBLCI 54.9227
Rex 5 2027 SSBUCI 65.7204
Rex 5 2027 SSBMedian 59.1974
Rex 5 2027 SSBMean 59.6445
Rex 5 2028 SSBF100 52.5576
Rex 5 2028 SSBFabc 21.023
Rex 5 2028 SSBFofl 18.3951
Rex 5 2028 SSBLCI 53.5096
Rex 5 2028 SSBUCI 66.9835
Rex 5 2028 SSBMedian 58.9298
Rex 5 2028 SSBMean 59.4276
Rex 5 2029 SSBF100 52.5576
Rex 5 2029 SSBFabc 21.023
Rex 5 2029 SSBFofl 18.3951
Rex 5 2029 SSBLCI 51.8055
Rex 5 2029 SSBUCI 67.6028
Rex 5 2029 SSBMedian 58.3926
Rex 5 2029 SSBMean 58.948
Rex 5 2030 SSBF100 52.5576
Rex 5 2030 SSBFabc 21.023
Rex 5 2030 SSBFofl 18.3951
Rex 5 2030 SSBLCI 50.457
Rex 5 2030 SSBUCI 67.5154
Rex 5 2030 SSBMedian 57.8554
Rex 5 2030 SSBMean 58.3464
Rex 5 2031 SSBF100 52.5576
Rex 5 2031 SSBFabc 21.023
Rex 5 2031 SSBFofl 18.3951
Rex 5 2031 SSBLCI 49.5569
Rex 5 2031 SSBUCI 67.4546
Rex 5 2031 SSBMedian 57.2609
Rex 5 2031 SSBMean 57.7147
Rex 5 2032 SSBF100 52.5576
Rex 5 2032 SSBFabc 21.023
Rex 5 2032 SSBFofl 18.3951
Rex 5 2032 SSBLCI 48.6106
Rex 5 2032 SSBUCI 67.2194
Rex 5 2032 SSBMedian 56.4982
Rex 5 2032 SSBMean 57.1122
Rex 5 2033 SSBF100 52.5576
Rex 5 2033 SSBFabc 21.023
Rex 5 2033 SSBFofl 18.3951
Rex 5 2033 SSBLCI 48.0718
Rex 5 2033 SSBUCI 67.0321
Rex 5 2033 SSBMedian 55.9948
Rex 5 2033 SSBMean 56.5609
Rex 5 2034 SSBF100 52.5576
Rex 5 2034 SSBFabc 21.023
Rex 5 2034 SSBFofl 18.3951
Rex 5 2034 SSBLCI 47.1812
Rex 5 2034 SSBUCI 66.5664
Rex 5 2034 SSBMedian 55.5428
Rex 5 2034 SSBMean 56.0468
Rex 5 2021 F0 0 
Rex 5 2021 Fabc 0.219218
Rex 5 2021 Fofl 0.272159
Rex 5 2021  F_LCI 0.00572294
Rex 5 2021  F_UCI 0.00572294
Rex 5 2021  F_Median 0.00572294
Rex 5 2021  F_Mean 0.00572294
Rex 5 2022 F0 0 
Rex 5 2022 Fabc 0.219218
Rex 5 2022 Fofl 0.272159
Rex 5 2022  F_LCI 0.0195595
Rex 5 2022  F_UCI 0.0195728
Rex 5 2022  F_Median 0.0195685
Rex 5 2022  F_Mean 0.0195676
Rex 5 2023 F0 0 
Rex 5 2023 Fabc 0.219218
Rex 5 2023 Fofl 0.272159
Rex 5 2023  F_LCI 0.0175973
Rex 5 2023  F_UCI 0.0177504
Rex 5 2023  F_Median 0.0176995
Rex 5 2023  F_Mean 0.0176904
Rex 5 2024 F0 0 
Rex 5 2024 Fabc 0.219218
Rex 5 2024 Fofl 0.272159
Rex 5 2024  F_LCI 0
Rex 5 2024  F_UCI 0
Rex 5 2024  F_Median 0
Rex 5 2024  F_Mean 0
Rex 5 2025 F0 0 
Rex 5 2025 Fabc 0.219218
Rex 5 2025 Fofl 0.272159
Rex 5 2025  F_LCI 0
Rex 5 2025  F_UCI 0
Rex 5 2025  F_Median 0
Rex 5 2025  F_Mean 0
Rex 5 2026 F0 0 
Rex 5 2026 Fabc 0.219218
Rex 5 2026 Fofl 0.272159
Rex 5 2026  F_LCI 0
Rex 5 2026  F_UCI 0
Rex 5 2026  F_Median 0
Rex 5 2026  F_Mean 0
Rex 5 2027 F0 0 
Rex 5 2027 Fabc 0.219218
Rex 5 2027 Fofl 0.272159
Rex 5 2027  F_LCI 0
Rex 5 2027  F_UCI 0
Rex 5 2027  F_Median 0
Rex 5 2027  F_Mean 0
Rex 5 2028 F0 0 
Rex 5 2028 Fabc 0.219218
Rex 5 2028 Fofl 0.272159
Rex 5 2028  F_LCI 0
Rex 5 2028  F_UCI 0
Rex 5 2028  F_Median 0
Rex 5 2028  F_Mean 0
Rex 5 2029 F0 0 
Rex 5 2029 Fabc 0.219218
Rex 5 2029 Fofl 0.272159
Rex 5 2029  F_LCI 0
Rex 5 2029  F_UCI 0
Rex 5 2029  F_Median 0
Rex 5 2029  F_Mean 0
Rex 5 2030 F0 0 
Rex 5 2030 Fabc 0.219218
Rex 5 2030 Fofl 0.272159
Rex 5 2030  F_LCI 0
Rex 5 2030  F_UCI 0
Rex 5 2030  F_Median 0
Rex 5 2030  F_Mean 0
Rex 5 2031 F0 0 
Rex 5 2031 Fabc 0.219218
Rex 5 2031 Fofl 0.272159
Rex 5 2031  F_LCI 0
Rex 5 2031  F_UCI 0
Rex 5 2031  F_Median 0
Rex 5 2031  F_Mean 0
Rex 5 2032 F0 0 
Rex 5 2032 Fabc 0.219218
Rex 5 2032 Fofl 0.272159
Rex 5 2032  F_LCI 0
Rex 5 2032  F_UCI 0
Rex 5 2032  F_Median 0
Rex 5 2032  F_Mean 0
Rex 5 2033 F0 0 
Rex 5 2033 Fabc 0.219218
Rex 5 2033 Fofl 0.272159
Rex 5 2033  F_LCI 0
Rex 5 2033  F_UCI 0
Rex 5 2033  F_Median 0
Rex 5 2033  F_Mean 0
Rex 5 2034 F0 0 
Rex 5 2034 Fabc 0.219218
Rex 5 2034 Fofl 0.272159
Rex 5 2034  F_LCI 0
Rex 5 2034  F_UCI 0
Rex 5 2034  F_Median 0
Rex 5 2034  F_Mean 0
Rex 6 2021 Cabc 7.4866
Rex 6 2021 Cofl 8.10838
Rex 6 2021 CLCI 0.392
Rex 6 2021 CUCI 0.392
Rex 6 2021 CMedian 0.392
Rex 6 2021 CMean 0.392
Rex 6 2021 CStdn 8.10463e-15
Rex 6 2022 Cabc 7.4866
Rex 6 2022 Cofl 8.10838
Rex 6 2022 CLCI 19.5477
Rex 6 2022 CUCI 19.5623
Rex 6 2022 CMedian 19.5524
Rex 6 2022 CMean 19.5534
Rex 6 2022 CStdn 0.00480403
Rex 6 2023 Cabc 7.4866
Rex 6 2023 Cofl 8.10838
Rex 6 2023 CLCI 17.5772
Rex 6 2023 CUCI 17.7805
Rex 6 2023 CMedian 17.6447
Rex 6 2023 CMean 17.657
Rex 6 2023 CStdn 0.067365
Rex 6 2024 Cabc 7.4866
Rex 6 2024 Cofl 8.10838
Rex 6 2024 CLCI 15.1025
Rex 6 2024 CUCI 16.1383
Rex 6 2024 CMedian 15.4632
Rex 6 2024 CMean 15.5209
Rex 6 2024 CStdn 0.347492
Rex 6 2025 Cabc 7.4866
Rex 6 2025 Cofl 8.10838
Rex 6 2025 CLCI 12.3676
Rex 6 2025 CUCI 14.6993
Rex 6 2025 CMedian 13.2478
Rex 6 2025 CMean 13.3588
Rex 6 2025 CStdn 0.776183
Rex 6 2026 Cabc 7.4866
Rex 6 2026 Cofl 8.10838
Rex 6 2026 CLCI 10.0929
Rex 6 2026 CUCI 13.4411
Rex 6 2026 CMedian 11.3667
Rex 6 2026 CMean 11.5396
Rex 6 2026 CStdn 1.091
Rex 6 2027 Cabc 7.4866
Rex 6 2027 Cofl 8.10838
Rex 6 2027 CLCI 8.57462
Rex 6 2027 CUCI 12.3432
Rex 6 2027 CMedian 10.0587
Rex 6 2027 CMean 10.2161
Rex 6 2027 CStdn 1.22647
Rex 6 2028 Cabc 7.4866
Rex 6 2028 Cofl 8.10838
Rex 6 2028 CLCI 6.95677
Rex 6 2028 CUCI 11.5355
Rex 6 2028 CMedian 9.14696
Rex 6 2028 CMean 9.23051
Rex 6 2028 CStdn 1.37706
Rex 6 2029 Cabc 7.4866
Rex 6 2029 Cofl 8.10838
Rex 6 2029 CLCI 5.8005
Rex 6 2029 CUCI 10.9606
Rex 6 2029 CMedian 8.51573
Rex 6 2029 CMean 8.436
Rex 6 2029 CStdn 1.56208
Rex 6 2030 Cabc 7.4866
Rex 6 2030 Cofl 8.10838
Rex 6 2030 CLCI 5.19946
Rex 6 2030 CUCI 10.495
Rex 6 2030 CMedian 7.97274
Rex 6 2030 CMean 7.88714
Rex 6 2030 CStdn 1.62461
Rex 6 2031 Cabc 7.4866
Rex 6 2031 Cofl 8.10838
Rex 6 2031 CLCI 5.01067
Rex 6 2031 CUCI 10.2381
Rex 6 2031 CMedian 7.44917
Rex 6 2031 CMean 7.55277
Rex 6 2031 CStdn 1.61709
Rex 6 2032 Cabc 7.4866
Rex 6 2032 Cofl 8.10838
Rex 6 2032 CLCI 4.99951
Rex 6 2032 CUCI 10.0453
Rex 6 2032 CMedian 7.18011
Rex 6 2032 CMean 7.37483
Rex 6 2032 CStdn 1.61112
Rex 6 2033 Cabc 7.4866
Rex 6 2033 Cofl 8.10838
Rex 6 2033 CLCI 4.96417
Rex 6 2033 CUCI 10.0776
Rex 6 2033 CMedian 7.09639
Rex 6 2033 CMean 7.29221
Rex 6 2033 CStdn 1.61612
Rex 6 2034 Cabc 7.4866
Rex 6 2034 Cofl 8.10838
Rex 6 2034 CLCI 4.81604
Rex 6 2034 CUCI 9.98454
Rex 6 2034 CMedian 7.07759
Rex 6 2034 CMean 7.23584
Rex 6 2034 CStdn 1.59188
Rex 6 2021 SSBF100 52.5576
Rex 6 2021 SSBFabc 21.023
Rex 6 2021 SSBFofl 18.3951
Rex 6 2021 SSBLCI 40.4577
Rex 6 2021 SSBUCI 40.4577
Rex 6 2021 SSBMedian 40.4577
Rex 6 2021 SSBMean 40.4577
Rex 6 2022 SSBF100 52.5576
Rex 6 2022 SSBFabc 21.023
Rex 6 2022 SSBFofl 18.3951
Rex 6 2022 SSBLCI 46.5006
Rex 6 2022 SSBUCI 46.628
Rex 6 2022 SSBMedian 46.5417
Rex 6 2022 SSBMean 46.5499
Rex 6 2023 SSBF100 52.5576
Rex 6 2023 SSBFabc 21.023
Rex 6 2023 SSBFofl 18.3951
Rex 6 2023 SSBLCI 42.5137
Rex 6 2023 SSBUCI 43.1322
Rex 6 2023 SSBMedian 42.7303
Rex 6 2023 SSBMean 42.7634
Rex 6 2024 SSBF100 52.5576
Rex 6 2024 SSBFabc 21.023
Rex 6 2024 SSBFofl 18.3951
Rex 6 2024 SSBLCI 37.6882
Rex 6 2024 SSBUCI 39.722
Rex 6 2024 SSBMedian 38.4351
Rex 6 2024 SSBMean 38.545
Rex 6 2025 SSBF100 52.5576
Rex 6 2025 SSBFabc 21.023
Rex 6 2025 SSBFofl 18.3951
Rex 6 2025 SSBLCI 32.009
Rex 6 2025 SSBUCI 36.6063
Rex 6 2025 SSBMedian 33.7543
Rex 6 2025 SSBMean 33.9659
Rex 6 2026 SSBF100 52.5576
Rex 6 2026 SSBFabc 21.023
Rex 6 2026 SSBFofl 18.3951
Rex 6 2026 SSBLCI 26.6387
Rex 6 2026 SSBUCI 33.8107
Rex 6 2026 SSBMedian 29.419
Rex 6 2026 SSBMean 29.6996
Rex 6 2027 SSBF100 52.5576
Rex 6 2027 SSBFabc 21.023
Rex 6 2027 SSBFofl 18.3951
Rex 6 2027 SSBLCI 22.6214
Rex 6 2027 SSBUCI 31.1074
Rex 6 2027 SSBMedian 25.9724
Rex 6 2027 SSBMean 26.3239
Rex 6 2028 SSBF100 52.5576
Rex 6 2028 SSBFabc 21.023
Rex 6 2028 SSBFofl 18.3951
Rex 6 2028 SSBLCI 19.5518
Rex 6 2028 SSBUCI 29.1987
Rex 6 2028 SSBMedian 23.503
Rex 6 2028 SSBMean 23.8512
Rex 6 2029 SSBF100 52.5576
Rex 6 2029 SSBFabc 21.023
Rex 6 2029 SSBFofl 18.3951
Rex 6 2029 SSBLCI 17.8094
Rex 6 2029 SSBUCI 27.3359
Rex 6 2029 SSBMedian 21.7054
Rex 6 2029 SSBMean 22.121
Rex 6 2030 SSBF100 52.5576
Rex 6 2030 SSBFabc 21.023
Rex 6 2030 SSBFofl 18.3951
Rex 6 2030 SSBLCI 16.7527
Rex 6 2030 SSBUCI 26.3268
Rex 6 2030 SSBMedian 20.6388
Rex 6 2030 SSBMean 21.0032
Rex 6 2031 SSBF100 52.5576
Rex 6 2031 SSBFabc 21.023
Rex 6 2031 SSBFofl 18.3951
Rex 6 2031 SSBLCI 16.4252
Rex 6 2031 SSBUCI 25.6417
Rex 6 2031 SSBMedian 19.8826
Rex 6 2031 SSBMean 20.3372
Rex 6 2032 SSBF100 52.5576
Rex 6 2032 SSBFabc 21.023
Rex 6 2032 SSBFofl 18.3951
Rex 6 2032 SSBLCI 16.2949
Rex 6 2032 SSBUCI 25.0409
Rex 6 2032 SSBMedian 19.4579
Rex 6 2032 SSBMean 19.9766
Rex 6 2033 SSBF100 52.5576
Rex 6 2033 SSBFabc 21.023
Rex 6 2033 SSBFofl 18.3951
Rex 6 2033 SSBLCI 16.2362
Rex 6 2033 SSBUCI 25.0008
Rex 6 2033 SSBMedian 19.3434
Rex 6 2033 SSBMean 19.7977
Rex 6 2034 SSBF100 52.5576
Rex 6 2034 SSBFabc 21.023
Rex 6 2034 SSBFofl 18.3951
Rex 6 2034 SSBLCI 16.0358
Rex 6 2034 SSBUCI 24.8567
Rex 6 2034 SSBMedian 19.2748
Rex 6 2034 SSBMean 19.685
Rex 6 2021 F0 0 
Rex 6 2021 Fabc 0.219218
Rex 6 2021 Fofl 0.272159
Rex 6 2021  F_LCI 0.00572294
Rex 6 2021  F_UCI 0.00572294
Rex 6 2021  F_Median 0.00572294
Rex 6 2021  F_Mean 0.00572294
Rex 6 2022 F0 0 
Rex 6 2022 Fabc 0.219218
Rex 6 2022 Fofl 0.272159
Rex 6 2022  F_LCI 0.272159
Rex 6 2022  F_UCI 0.272159
Rex 6 2022  F_Median 0.272159
Rex 6 2022  F_Mean 0.272159
Rex 6 2023 F0 0 
Rex 6 2023 Fabc 0.219218
Rex 6 2023 Fofl 0.272159
Rex 6 2023  F_LCI 0.272159
Rex 6 2023  F_UCI 0.272159
Rex 6 2023  F_Median 0.272159
Rex 6 2023  F_Mean 0.272159
Rex 6 2024 F0 0 
Rex 6 2024 Fabc 0.219218
Rex 6 2024 Fofl 0.272159
Rex 6 2024  F_LCI 0.272159
Rex 6 2024  F_UCI 0.272159
Rex 6 2024  F_Median 0.272159
Rex 6 2024  F_Mean 0.272159
Rex 6 2025 F0 0 
Rex 6 2025 Fabc 0.219218
Rex 6 2025 Fofl 0.272159
Rex 6 2025  F_LCI 0.272159
Rex 6 2025  F_UCI 0.272159
Rex 6 2025  F_Median 0.272159
Rex 6 2025  F_Mean 0.272159
Rex 6 2026 F0 0 
Rex 6 2026 Fabc 0.219218
Rex 6 2026 Fofl 0.272159
Rex 6 2026  F_LCI 0.272159
Rex 6 2026  F_UCI 0.272159
Rex 6 2026  F_Median 0.272159
Rex 6 2026  F_Mean 0.272159
Rex 6 2027 F0 0 
Rex 6 2027 Fabc 0.219218
Rex 6 2027 Fofl 0.272159
Rex 6 2027  F_LCI 0.272159
Rex 6 2027  F_UCI 0.272159
Rex 6 2027  F_Median 0.272159
Rex 6 2027  F_Mean 0.272143
Rex 6 2028 F0 0 
Rex 6 2028 Fabc 0.219218
Rex 6 2028 Fofl 0.272159
Rex 6 2028  F_LCI 0.252111
Rex 6 2028  F_UCI 0.272159
Rex 6 2028  F_Median 0.272159
Rex 6 2028  F_Mean 0.269684
Rex 6 2029 F0 0 
Rex 6 2029 Fabc 0.219218
Rex 6 2029 Fofl 0.272159
Rex 6 2029  F_LCI 0.228367
Rex 6 2029  F_UCI 0.272159
Rex 6 2029  F_Median 0.272159
Rex 6 2029  F_Mean 0.26278
Rex 6 2030 F0 0 
Rex 6 2030 Fabc 0.219218
Rex 6 2030 Fofl 0.272159
Rex 6 2030  F_LCI 0.213967
Rex 6 2030  F_UCI 0.272159
Rex 6 2030  F_Median 0.266923
Rex 6 2030  F_Mean 0.256147
Rex 6 2031 F0 0 
Rex 6 2031 Fabc 0.219218
Rex 6 2031 Fofl 0.272159
Rex 6 2031  F_LCI 0.209503
Rex 6 2031  F_UCI 0.272159
Rex 6 2031  F_Median 0.256619
Rex 6 2031  F_Mean 0.251418
Rex 6 2032 F0 0 
Rex 6 2032 Fabc 0.219218
Rex 6 2032 Fofl 0.272159
Rex 6 2032  F_LCI 0.207728
Rex 6 2032  F_UCI 0.272159
Rex 6 2032  F_Median 0.250831
Rex 6 2032  F_Mean 0.248443
Rex 6 2033 F0 0 
Rex 6 2033 Fabc 0.219218
Rex 6 2033 Fofl 0.272159
Rex 6 2033  F_LCI 0.206928
Rex 6 2033  F_UCI 0.272159
Rex 6 2033  F_Median 0.249271
Rex 6 2033  F_Mean 0.24693
Rex 6 2034 F0 0 
Rex 6 2034 Fabc 0.219218
Rex 6 2034 Fofl 0.272159
Rex 6 2034  F_LCI 0.204197
Rex 6 2034  F_UCI 0.272159
Rex 6 2034  F_Median 0.248336
Rex 6 2034  F_Mean 0.246111
Rex 7 2021 Cabc 7.4866
Rex 7 2021 Cofl 8.10838
Rex 7 2021 CLCI 0.392
Rex 7 2021 CUCI 0.392
Rex 7 2021 CMedian 0.392
Rex 7 2021 CMean 0.392
Rex 7 2021 CStdn 8.10463e-15
Rex 7 2022 Cabc 7.4866
Rex 7 2022 Cofl 8.10838
Rex 7 2022 CLCI 16.1008
Rex 7 2022 CUCI 16.1126
Rex 7 2022 CMedian 16.1046
Rex 7 2022 CMean 16.1053
Rex 7 2022 CStdn 0.00387046
Rex 7 2023 Cabc 7.4866
Rex 7 2023 Cofl 8.10838
Rex 7 2023 CLCI 15.0968
Rex 7 2023 CUCI 15.261
Rex 7 2023 CMedian 15.1513
Rex 7 2023 CMean 15.1612
Rex 7 2023 CStdn 0.054425
Rex 7 2024 Cabc 7.4866
Rex 7 2024 Cofl 8.10838
Rex 7 2024 CLCI 16.3337
Rex 7 2024 CUCI 17.3753
Rex 7 2024 CMedian 16.6964
Rex 7 2024 CMean 16.7544
Rex 7 2024 CStdn 0.349323
Rex 7 2025 Cabc 7.4866
Rex 7 2025 Cofl 8.10838
Rex 7 2025 CLCI 13.2291
Rex 7 2025 CUCI 15.5718
Rex 7 2025 CMedian 14.1119
Rex 7 2025 CMean 14.2239
Rex 7 2025 CStdn 0.779123
Rex 7 2026 Cabc 7.4866
Rex 7 2026 Cofl 8.10838
Rex 7 2026 CLCI 10.6787
Rex 7 2026 CUCI 14.0363
Rex 7 2026 CMedian 11.9572
Rex 7 2026 CMean 12.1281
Rex 7 2026 CStdn 1.09326
Rex 7 2027 Cabc 7.4866
Rex 7 2027 Cofl 8.10838
Rex 7 2027 CLCI 8.96701
Rex 7 2027 CUCI 12.7389
Rex 7 2027 CMedian 10.4527
Rex 7 2027 CMean 10.6105
Rex 7 2027 CStdn 1.22686
Rex 7 2028 Cabc 7.4866
Rex 7 2028 Cofl 8.10838
Rex 7 2028 CLCI 7.4332
Rex 7 2028 CUCI 11.797
Rex 7 2028 CMedian 9.40641
Rex 7 2028 CMean 9.52133
Rex 7 2028 CStdn 1.3339
Rex 7 2029 Cabc 7.4866
Rex 7 2029 Cofl 8.10838
Rex 7 2029 CLCI 6.02463
Rex 7 2029 CUCI 11.1337
Rex 7 2029 CMedian 8.68738
Rex 7 2029 CMean 8.64754
Rex 7 2029 CStdn 1.52937
Rex 7 2030 Cabc 7.4866
Rex 7 2030 Cofl 8.10838
Rex 7 2030 CLCI 5.33374
Rex 7 2030 CUCI 10.6082
Rex 7 2030 CMedian 8.1596
Rex 7 2030 CMean 8.02253
Rex 7 2030 CStdn 1.61584
Rex 7 2031 Cabc 7.4866
Rex 7 2031 Cofl 8.10838
Rex 7 2031 CLCI 5.07526
Rex 7 2031 CUCI 10.3108
Rex 7 2031 CMedian 7.52216
Rex 7 2031 CMean 7.63166
Rex 7 2031 CStdn 1.61824
Rex 7 2032 Cabc 7.4866
Rex 7 2032 Cofl 8.10838
Rex 7 2032 CLCI 5.03767
Rex 7 2032 CUCI 10.093
Rex 7 2032 CMedian 7.22465
Rex 7 2032 CMean 7.4173
Rex 7 2032 CStdn 1.61408
Rex 7 2033 Cabc 7.4866
Rex 7 2033 Cofl 8.10838
Rex 7 2033 CLCI 4.97359
Rex 7 2033 CUCI 10.1057
Rex 7 2033 CMedian 7.12495
Rex 7 2033 CMean 7.31439
Rex 7 2033 CStdn 1.61894
Rex 7 2034 Cabc 7.4866
Rex 7 2034 Cofl 8.10838
Rex 7 2034 CLCI 4.82104
Rex 7 2034 CUCI 10.0044
Rex 7 2034 CMedian 7.08062
Rex 7 2034 CMean 7.24662
Rex 7 2034 CStdn 1.59384
Rex 7 2021 SSBF100 52.5576
Rex 7 2021 SSBFabc 21.023
Rex 7 2021 SSBFofl 18.3951
Rex 7 2021 SSBLCI 40.4577
Rex 7 2021 SSBUCI 40.4577
Rex 7 2021 SSBMedian 40.4577
Rex 7 2021 SSBMean 40.4577
Rex 7 2022 SSBF100 52.5576
Rex 7 2022 SSBFabc 21.023
Rex 7 2022 SSBFofl 18.3951
Rex 7 2022 SSBLCI 46.5006
Rex 7 2022 SSBUCI 46.628
Rex 7 2022 SSBMedian 46.5417
Rex 7 2022 SSBMean 46.5499
Rex 7 2023 SSBF100 52.5576
Rex 7 2023 SSBFabc 21.023
Rex 7 2023 SSBFofl 18.3951
Rex 7 2023 SSBLCI 44.232
Rex 7 2023 SSBUCI 44.8506
Rex 7 2023 SSBMedian 44.4486
Rex 7 2023 SSBMean 44.4818
Rex 7 2024 SSBF100 52.5576
Rex 7 2024 SSBFabc 21.023
Rex 7 2024 SSBFofl 18.3951
Rex 7 2024 SSBLCI 40.6268
Rex 7 2024 SSBUCI 42.6645
Rex 7 2024 SSBMedian 41.3755
Rex 7 2024 SSBMean 41.4852
Rex 7 2025 SSBF100 52.5576
Rex 7 2025 SSBFabc 21.023
Rex 7 2025 SSBFofl 18.3951
Rex 7 2025 SSBLCI 34.1355
Rex 7 2025 SSBUCI 38.7372
Rex 7 2025 SSBMedian 35.8821
Rex 7 2025 SSBMean 36.095
Rex 7 2026 SSBF100 52.5576
Rex 7 2026 SSBFabc 21.023
Rex 7 2026 SSBFofl 18.3951
Rex 7 2026 SSBLCI 28.1186
Rex 7 2026 SSBUCI 35.3006
Rex 7 2026 SSBMedian 30.9012
Rex 7 2026 SSBMean 31.1828
Rex 7 2027 SSBF100 52.5576
Rex 7 2027 SSBFabc 21.023
Rex 7 2027 SSBFofl 18.3951
Rex 7 2027 SSBLCI 23.6279
Rex 7 2027 SSBUCI 32.1167
Rex 7 2027 SSBMedian 26.9811
Rex 7 2027 SSBMean 27.3328
Rex 7 2028 SSBF100 52.5576
Rex 7 2028 SSBFabc 21.023
Rex 7 2028 SSBFofl 18.3951
Rex 7 2028 SSBLCI 20.2277
Rex 7 2028 SSBUCI 29.8753
Rex 7 2028 SSBMedian 24.1767
Rex 7 2028 SSBMean 24.5268
Rex 7 2029 SSBF100 52.5576
Rex 7 2029 SSBFabc 21.023
Rex 7 2029 SSBFofl 18.3951
Rex 7 2029 SSBLCI 18.1611
Rex 7 2029 SSBUCI 27.783
Rex 7 2029 SSBMedian 22.1527
Rex 7 2029 SSBMean 22.5529
Rex 7 2030 SSBF100 52.5576
Rex 7 2030 SSBFabc 21.023
Rex 7 2030 SSBFofl 18.3951
Rex 7 2030 SSBLCI 16.9363
Rex 7 2030 SSBUCI 26.6219
Rex 7 2030 SSBMedian 20.9134
Rex 7 2030 SSBMean 21.2617
Rex 7 2031 SSBF100 52.5576
Rex 7 2031 SSBFabc 21.023
Rex 7 2031 SSBFofl 18.3951
Rex 7 2031 SSBLCI 16.561
Rex 7 2031 SSBUCI 25.8348
Rex 7 2031 SSBMedian 20.0356
Rex 7 2031 SSBMean 20.4837
Rex 7 2032 SSBF100 52.5576
Rex 7 2032 SSBFabc 21.023
Rex 7 2032 SSBFofl 18.3951
Rex 7 2032 SSBLCI 16.3583
Rex 7 2032 SSBUCI 25.1298
Rex 7 2032 SSBMedian 19.5302
Rex 7 2032 SSBMean 20.0558
Rex 7 2033 SSBF100 52.5576
Rex 7 2033 SSBFabc 21.023
Rex 7 2033 SSBFofl 18.3951
Rex 7 2033 SSBLCI 16.2662
Rex 7 2033 SSBUCI 25.0823
Rex 7 2033 SSBMedian 19.3578
Rex 7 2033 SSBMean 19.839
Rex 7 2034 SSBF100 52.5576
Rex 7 2034 SSBFabc 21.023
Rex 7 2034 SSBFofl 18.3951
Rex 7 2034 SSBLCI 16.0438
Rex 7 2034 SSBUCI 24.8878
Rex 7 2034 SSBMedian 19.3015
Rex 7 2034 SSBMean 19.7055
Rex 7 2021 F0 0 
Rex 7 2021 Fabc 0.219218
Rex 7 2021 Fofl 0.272159
Rex 7 2021  F_LCI 0.00572294
Rex 7 2021  F_UCI 0.00572294
Rex 7 2021  F_Median 0.00572294
Rex 7 2021  F_Mean 0.00572294
Rex 7 2022 F0 0 
Rex 7 2022 Fabc 0.219218
Rex 7 2022 Fofl 0.272159
Rex 7 2022  F_LCI 0.219218
Rex 7 2022  F_UCI 0.219218
Rex 7 2022  F_Median 0.219218
Rex 7 2022  F_Mean 0.219218
Rex 7 2023 F0 0 
Rex 7 2023 Fabc 0.219218
Rex 7 2023 Fofl 0.272159
Rex 7 2023  F_LCI 0.219218
Rex 7 2023  F_UCI 0.219218
Rex 7 2023  F_Median 0.219218
Rex 7 2023  F_Mean 0.219218
Rex 7 2024 F0 0 
Rex 7 2024 Fabc 0.219218
Rex 7 2024 Fofl 0.272159
Rex 7 2024  F_LCI 0.272159
Rex 7 2024  F_UCI 0.272159
Rex 7 2024  F_Median 0.272159
Rex 7 2024  F_Mean 0.272159
Rex 7 2025 F0 0 
Rex 7 2025 Fabc 0.219218
Rex 7 2025 Fofl 0.272159
Rex 7 2025  F_LCI 0.272159
Rex 7 2025  F_UCI 0.272159
Rex 7 2025  F_Median 0.272159
Rex 7 2025  F_Mean 0.272159
Rex 7 2026 F0 0 
Rex 7 2026 Fabc 0.219218
Rex 7 2026 Fofl 0.272159
Rex 7 2026  F_LCI 0.272159
Rex 7 2026  F_UCI 0.272159
Rex 7 2026  F_Median 0.272159
Rex 7 2026  F_Mean 0.272159
Rex 7 2027 F0 0 
Rex 7 2027 Fabc 0.219218
Rex 7 2027 Fofl 0.272159
Rex 7 2027  F_LCI 0.272159
Rex 7 2027  F_UCI 0.272159
Rex 7 2027  F_Median 0.272159
Rex 7 2027  F_Mean 0.272159
Rex 7 2028 F0 0 
Rex 7 2028 Fabc 0.219218
Rex 7 2028 Fofl 0.272159
Rex 7 2028  F_LCI 0.261321
Rex 7 2028  F_UCI 0.272159
Rex 7 2028  F_Median 0.272159
Rex 7 2028  F_Mean 0.270929
Rex 7 2029 F0 0 
Rex 7 2029 Fabc 0.219218
Rex 7 2029 Fofl 0.272159
Rex 7 2029  F_LCI 0.23316
Rex 7 2029  F_UCI 0.272159
Rex 7 2029  F_Median 0.272159
Rex 7 2029  F_Mean 0.264786
Rex 7 2030 F0 0 
Rex 7 2030 Fabc 0.219218
Rex 7 2030 Fofl 0.272159
Rex 7 2030  F_LCI 0.216468
Rex 7 2030  F_UCI 0.272159
Rex 7 2030  F_Median 0.270665
Rex 7 2030  F_Mean 0.257816
Rex 7 2031 F0 0 
Rex 7 2031 Fabc 0.219218
Rex 7 2031 Fofl 0.272159
Rex 7 2031  F_LCI 0.211355
Rex 7 2031  F_UCI 0.272159
Rex 7 2031  F_Median 0.258703
Rex 7 2031  F_Mean 0.252509
Rex 7 2032 F0 0 
Rex 7 2032 Fabc 0.219218
Rex 7 2032 Fofl 0.272159
Rex 7 2032  F_LCI 0.208592
Rex 7 2032  F_UCI 0.272159
Rex 7 2032  F_Median 0.251815
Rex 7 2032  F_Mean 0.249053
Rex 7 2033 F0 0 
Rex 7 2033 Fabc 0.219218
Rex 7 2033 Fofl 0.272159
Rex 7 2033  F_LCI 0.207337
Rex 7 2033  F_UCI 0.272159
Rex 7 2033  F_Median 0.249467
Rex 7 2033  F_Mean 0.247258
Rex 7 2034 F0 0 
Rex 7 2034 Fabc 0.219218
Rex 7 2034 Fofl 0.272159
Rex 7 2034  F_LCI 0.204306
Rex 7 2034  F_UCI 0.272159
Rex 7 2034  F_Median 0.248699
Rex 7 2034  F_Mean 0.246267
