
SB0 SB40 SB35 MeanRec HarMeanRec Bnow
52.5576 21.023 18.3951 54.0161 43.9513 40.4577 
CV Recruit
0.478536 
Alternative 1 Alternative  Stock: Rex
Catch Rex
Year C0 Cabc Cofl LowCI_Catch Median_Catch Mean_Catch UpperCI_Catch Stdev_Catch 
2021  0 7.4866 8.10838 0.392 0.392 0.392 0.392 8.10463e-15 
2022  0 7.4866 8.10838 1.567 1.567 1.567 1.567 7.60447e-10 
2023  0 7.4866 8.10838 1.567 1.567 1.567 1.567 3.98223e-07 
2024  0 7.4866 8.10838 18.3119 18.6133 18.6617 19.1798 0.290927 
2025  0 7.4866 8.10838 14.9759 15.7173 15.8162 16.9516 0.659279 
2026  0 7.4866 8.10838 12.1376 13.2448 13.3806 15.031 0.940605 
2027  0 7.4866 8.10838 10.0875 11.3985 11.5291 13.4 1.07224 
2028  0 7.4866 8.10838 8.53667 10.0352 10.1723 12.1649 1.13102 
2029  0 7.4866 8.10838 7.48555 9.05334 9.18775 11.1987 1.15822 
2030  0 7.4866 8.10838 6.6792 8.38536 8.47517 10.5294 1.18756 
2031  0 7.4866 8.10838 5.91902 7.8728 7.95647 10.0943 1.23399 
2032  0 7.4866 8.10838 5.46279 7.51449 7.59052 9.73426 1.2839 
2033  0 7.4866 8.10838 5.20493 7.27439 7.33757 9.65442 1.32985 
2034  0 7.4866 8.10838 4.9352 7.14649 7.15112 9.46337 1.34235 

Spawning_Biomass Rex
Year SSB100 SSBabc SSBofl LowCI_SSB Median_SSB Mean_SSB UpperCI_SSB Stdev_SSB 
2021 52.5576 21.023 18.3951 40.4577 40.4577 40.4577 40.4577 8.52651e-14 
2022 52.5576 21.023 18.3951 46.5006 46.5417 46.5499 46.628 0.041856 
2023 52.5576 21.023 18.3951 51.4985 51.7155 51.7487 52.1181 0.207573 
2024 52.5576 21.023 18.3951 54.6071 55.3632 55.4737 56.6665 0.695213 
2025 52.5576 21.023 18.3951 46.2726 48.0402 48.2604 50.9405 1.552 
2026 52.5576 21.023 18.3951 38.342 41.191 41.4935 45.751 2.4067 
2027 52.5576 21.023 18.3951 32.0642 35.5933 35.9573 40.9389 2.92956 
2028 52.5576 21.023 18.3951 27.1303 31.3227 31.7271 37.4109 3.1915 
2029 52.5576 21.023 18.3951 23.7515 28.2031 28.5916 34.131 3.32287 
2030 52.5576 21.023 18.3951 21.2003 26.0132 26.3185 32.3027 3.37007 
2031 52.5576 21.023 18.3951 19.747 24.3715 24.716 30.7318 3.36215 
2032 52.5576 21.023 18.3951 18.8169 23.1804 23.6271 29.4215 3.33541 
2033 52.5576 21.023 18.3951 18.3925 22.3203 22.9085 29.0516 3.32024 
2034 52.5576 21.023 18.3951 17.8158 21.8674 22.418 28.616 3.26811 

Fishing_mortalityRex
Year F0 Fabc Fofl LowCI_F Median_F Mean_F UpperCI_F Stdev_F 
2021  0 0.219218 0.272159 0.00572294 0.00572294 0.00572294 0.00572294 6.15827e-17 
2022  0 0.219218 0.272159 0.0195595 0.0195685 0.0195676 0.0195728 4.35382e-06 
2023  0 0.219218 0.272159 0.0175973 0.0176995 0.0176904 0.0177504 5.0368e-05 
2024  0 0.219218 0.272159 0.219218 0.219218 0.219218 0.219218 1.36002e-15 
2025  0 0.219218 0.272159 0.219218 0.219218 0.219218 0.219218 1.36002e-15 
2026  0 0.219218 0.272159 0.219218 0.219218 0.219218 0.219218 1.36002e-15 
2027  0 0.219218 0.272159 0.219218 0.219218 0.219218 0.219218 1.36002e-15 
2028  0 0.219218 0.272159 0.219218 0.219218 0.219218 0.219218 1.36002e-15 
2029  0 0.219218 0.272159 0.219218 0.219218 0.219218 0.219218 1.36002e-15 
2030  0 0.219218 0.272159 0.219218 0.219218 0.218771 0.219218 0.00266943 
2031  0 0.219218 0.272159 0.205211 0.219218 0.217458 0.219218 0.00595923 
2032  0 0.219218 0.272159 0.195002 0.219218 0.215669 0.219218 0.00850696 
2033  0 0.219218 0.272159 0.190344 0.219218 0.213883 0.219218 0.0104387 
2034  0 0.219218 0.272159 0.184015 0.219218 0.212313 0.219218 0.0119984 

Total_BiomassRex
Year B100 Babc Bofl LowCI_Biom Median_Biom Mean_Biom UpperCI_Biom Stdev_Biom 
2021 217.789 57.2025 52.7094 107.593 107.593 107.593 107.593 1.7053e-12 
2022 217.789 57.2025 52.7094 112.009 114.115 114.54 118.547 2.14909 
2023 217.789 57.2025 52.7094 112.939 117.36 117.937 124.713 4.00255 
2024 217.789 57.2025 52.7094 111.709 118.657 119.396 129.332 5.72931 
2025 217.789 57.2025 52.7094 93.4286 101.988 102.774 115.001 7.0137 
2026 217.789 57.2025 52.7094 78.3866 88.5116 89.5093 103.367 7.84781 
2027 217.789 57.2025 52.7094 67.295 78.6207 79.4681 93.5817 8.25082 
2028 217.789 57.2025 52.7094 59.231 71.2369 72.0774 86.5967 8.4443 
2029 217.789 57.2025 52.7094 53.8944 65.7808 66.7326 81.3614 8.47696 
2030 217.789 57.2025 52.7094 50.6231 62.0993 63.0574 78.1808 8.52385 
2031 217.789 57.2025 52.7094 47.9752 59.1618 60.4367 75.9147 8.60902 
2032 217.789 57.2025 52.7094 46.4043 57.547 58.6227 74.3664 8.50677 
2033 217.789 57.2025 52.7094 44.6691 56.3713 57.255 71.9368 8.38726 
2034 217.789 57.2025 52.7094 44.0999 55.2998 56.3467 71.0831 8.2794 
Alternative 2 Alternative  Stock: Rex
Catch Rex
Year C0 Cabc Cofl LowCI_Catch Median_Catch Mean_Catch UpperCI_Catch Stdev_Catch 
2021  0 7.4866 8.10838 0.392 0.392 0.392 0.392 8.10463e-15 
2022  0 7.4866 8.10838 1.567 1.567 1.567 1.567 7.60447e-10 
2023  0 7.4866 8.10838 1.567 1.567 1.567 1.567 3.98223e-07 
2024  0 7.4866 8.10838 18.3119 18.6133 18.6617 19.1798 0.290927 
2025  0 7.4866 8.10838 14.9759 15.7173 15.8162 16.9516 0.659279 
2026  0 7.4866 8.10838 12.1376 13.2448 13.3806 15.031 0.940605 
2027  0 7.4866 8.10838 10.0875 11.3985 11.5291 13.4 1.07224 
2028  0 7.4866 8.10838 8.53667 10.0352 10.1723 12.1649 1.13102 
2029  0 7.4866 8.10838 7.48555 9.05334 9.18775 11.1987 1.15822 
2030  0 7.4866 8.10838 6.6792 8.38536 8.47517 10.5294 1.18756 
2031  0 7.4866 8.10838 5.91902 7.8728 7.95647 10.0943 1.23399 
2032  0 7.4866 8.10838 5.46279 7.51449 7.59052 9.73426 1.2839 
2033  0 7.4866 8.10838 5.20493 7.27439 7.33757 9.65442 1.32985 
2034  0 7.4866 8.10838 4.9352 7.14649 7.15112 9.46337 1.34235 

Spawning_Biomass Rex
Year SSB100 SSBabc SSBofl LowCI_SSB Median_SSB Mean_SSB UpperCI_SSB Stdev_SSB 
2021 52.5576 21.023 18.3951 40.4577 40.4577 40.4577 40.4577 8.52651e-14 
2022 52.5576 21.023 18.3951 46.5006 46.5417 46.5499 46.628 0.041856 
2023 52.5576 21.023 18.3951 51.4985 51.7155 51.7487 52.1181 0.207573 
2024 52.5576 21.023 18.3951 54.6071 55.3632 55.4737 56.6665 0.695213 
2025 52.5576 21.023 18.3951 46.2726 48.0402 48.2604 50.9405 1.552 
2026 52.5576 21.023 18.3951 38.342 41.191 41.4935 45.751 2.4067 
2027 52.5576 21.023 18.3951 32.0642 35.5933 35.9573 40.9389 2.92956 
2028 52.5576 21.023 18.3951 27.1303 31.3227 31.7271 37.4109 3.1915 
2029 52.5576 21.023 18.3951 23.7515 28.2031 28.5916 34.131 3.32287 
2030 52.5576 21.023 18.3951 21.2003 26.0132 26.3185 32.3027 3.37007 
2031 52.5576 21.023 18.3951 19.747 24.3715 24.716 30.7318 3.36215 
2032 52.5576 21.023 18.3951 18.8169 23.1804 23.6271 29.4215 3.33541 
2033 52.5576 21.023 18.3951 18.3925 22.3203 22.9085 29.0516 3.32024 
2034 52.5576 21.023 18.3951 17.8158 21.8674 22.418 28.616 3.26811 

Fishing_mortalityRex
Year F0 Fabc Fofl LowCI_F Median_F Mean_F UpperCI_F Stdev_F 
2021  0 0.219218 0.272159 0.00572294 0.00572294 0.00572294 0.00572294 6.15827e-17 
2022  0 0.219218 0.272159 0.0195595 0.0195685 0.0195676 0.0195728 4.35382e-06 
2023  0 0.219218 0.272159 0.0175973 0.0176995 0.0176904 0.0177504 5.0368e-05 
2024  0 0.219218 0.272159 0.219218 0.219218 0.219218 0.219218 1.36002e-15 
2025  0 0.219218 0.272159 0.219218 0.219218 0.219218 0.219218 1.36002e-15 
2026  0 0.219218 0.272159 0.219218 0.219218 0.219218 0.219218 1.36002e-15 
2027  0 0.219218 0.272159 0.219218 0.219218 0.219218 0.219218 1.36002e-15 
2028  0 0.219218 0.272159 0.219218 0.219218 0.219218 0.219218 1.36002e-15 
2029  0 0.219218 0.272159 0.219218 0.219218 0.219218 0.219218 1.36002e-15 
2030  0 0.219218 0.272159 0.219218 0.219218 0.218771 0.219218 0.00266943 
2031  0 0.219218 0.272159 0.205211 0.219218 0.217458 0.219218 0.00595923 
2032  0 0.219218 0.272159 0.195002 0.219218 0.215669 0.219218 0.00850696 
2033  0 0.219218 0.272159 0.190344 0.219218 0.213883 0.219218 0.0104387 
2034  0 0.219218 0.272159 0.184015 0.219218 0.212313 0.219218 0.0119984 

Total_BiomassRex
Year B100 Babc Bofl LowCI_Biom Median_Biom Mean_Biom UpperCI_Biom Stdev_Biom 
2021 217.789 57.2025 52.7094 107.593 107.593 107.593 107.593 1.7053e-12 
2022 217.789 57.2025 52.7094 112.009 114.115 114.54 118.547 2.14909 
2023 217.789 57.2025 52.7094 112.939 117.36 117.937 124.713 4.00255 
2024 217.789 57.2025 52.7094 111.709 118.657 119.396 129.332 5.72931 
2025 217.789 57.2025 52.7094 93.4286 101.988 102.774 115.001 7.0137 
2026 217.789 57.2025 52.7094 78.3866 88.5116 89.5093 103.367 7.84781 
2027 217.789 57.2025 52.7094 67.295 78.6207 79.4681 93.5817 8.25082 
2028 217.789 57.2025 52.7094 59.231 71.2369 72.0774 86.5967 8.4443 
2029 217.789 57.2025 52.7094 53.8944 65.7808 66.7326 81.3614 8.47696 
2030 217.789 57.2025 52.7094 50.6231 62.0993 63.0574 78.1808 8.52385 
2031 217.789 57.2025 52.7094 47.9752 59.1618 60.4367 75.9147 8.60902 
2032 217.789 57.2025 52.7094 46.4043 57.547 58.6227 74.3664 8.50677 
2033 217.789 57.2025 52.7094 44.6691 56.3713 57.255 71.9368 8.38726 
2034 217.789 57.2025 52.7094 44.0999 55.2998 56.3467 71.0831 8.2794 
Alternative 3 Alternative  Stock: Rex
Catch Rex
Year C0 Cabc Cofl LowCI_Catch Median_Catch Mean_Catch UpperCI_Catch Stdev_Catch 
2021  0 7.4866 8.10838 0.392 0.392 0.392 0.392 8.10463e-15 
2022  0 7.4866 8.10838 1.567 1.567 1.567 1.567 7.60447e-10 
2023  0 7.4866 8.10838 1.567 1.567 1.567 1.567 3.98223e-07 
2024  0 7.4866 8.10838 2.06426 2.09649 2.10168 2.15707 0.031192 
2025  0 7.4866 8.10838 2.01834 2.10402 2.11604 2.24528 0.0774303 
2026  0 7.4866 8.10838 1.92607 2.07025 2.08651 2.29676 0.12153 
2027  0 7.4866 8.10838 1.84344 2.02773 2.04421 2.29687 0.15139 
2028  0 7.4866 8.10838 1.75756 1.97663 1.99886 2.30355 0.171031 
2029  0 7.4866 8.10838 1.68431 1.93368 1.95338 2.26307 0.184698 
2030  0 7.4866 8.10838 1.61674 1.89512 1.91074 2.24844 0.193552 
2031  0 7.4866 8.10838 1.57406 1.85547 1.87288 2.22392 0.198764 
2032  0 7.4866 8.10838 1.54516 1.82293 1.84083 2.19507 0.202555 
2033  0 7.4866 8.10838 1.51347 1.78723 1.81385 2.18961 0.206862 
2034  0 7.4866 8.10838 1.47732 1.77104 1.78943 2.16818 0.209077 

Spawning_Biomass Rex
Year SSB100 SSBabc SSBofl LowCI_SSB Median_SSB Mean_SSB UpperCI_SSB Stdev_SSB 
2021 52.5576 21.023 18.3951 40.4577 40.4577 40.4577 40.4577 8.52651e-14 
2022 52.5576 21.023 18.3951 46.5006 46.5417 46.5499 46.628 0.041856 
2023 52.5576 21.023 18.3951 51.4985 51.7155 51.7487 52.1181 0.207573 
2024 52.5576 21.023 18.3951 54.6071 55.3632 55.4737 56.6665 0.695213 
2025 52.5576 21.023 18.3951 55.0237 56.8247 57.0583 59.8277 1.59496 
2026 52.5576 21.023 18.3951 53.7234 56.8638 57.1682 61.7787 2.64118 
2027 52.5576 21.023 18.3951 51.8584 56.0473 56.4906 62.4005 3.52147 
2028 52.5576 21.023 18.3951 49.7447 54.9791 55.463 62.7886 4.17083 
2029 52.5576 21.023 18.3951 47.4691 53.7844 54.3121 62.4652 4.63661 
2030 52.5576 21.023 18.3951 45.6955 52.7073 53.1652 61.7788 4.95605 
2031 52.5576 21.023 18.3951 44.4865 51.6338 52.0983 61.2983 5.16445 
2032 52.5576 21.023 18.3951 43.2727 50.5979 51.1531 60.5902 5.30567 
2033 52.5576 21.023 18.3951 42.5086 49.7884 50.3345 59.9365 5.42404 
2034 52.5576 21.023 18.3951 41.3026 49.0739 49.6124 59.329 5.50953 

Fishing_mortalityRex
Year F0 Fabc Fofl LowCI_F Median_F Mean_F UpperCI_F Stdev_F 
2021  0 0.219218 0.272159 0.00572294 0.00572294 0.00572294 0.00572294 6.15827e-17 
2022  0 0.219218 0.272159 0.0195595 0.0195685 0.0195676 0.0195728 4.35382e-06 
2023  0 0.219218 0.272159 0.0175973 0.0176995 0.0176904 0.0177504 5.0368e-05 
2024  0 0.219218 0.272159 0.0225943 0.0225943 0.0225943 0.0225943 4.68375e-16 
2025  0 0.219218 0.272159 0.0225943 0.0225943 0.0225943 0.0225943 4.68375e-16 
2026  0 0.219218 0.272159 0.0225943 0.0225943 0.0225943 0.0225943 4.68375e-16 
2027  0 0.219218 0.272159 0.0225943 0.0225943 0.0225943 0.0225943 4.68375e-16 
2028  0 0.219218 0.272159 0.0225943 0.0225943 0.0225943 0.0225943 4.68375e-16 
2029  0 0.219218 0.272159 0.0225943 0.0225943 0.0225943 0.0225943 4.68375e-16 
2030  0 0.219218 0.272159 0.0225943 0.0225943 0.0225943 0.0225943 4.68375e-16 
2031  0 0.219218 0.272159 0.0225943 0.0225943 0.0225943 0.0225943 4.68375e-16 
2032  0 0.219218 0.272159 0.0225943 0.0225943 0.0225943 0.0225943 4.68375e-16 
2033  0 0.219218 0.272159 0.0225943 0.0225943 0.0225943 0.0225943 4.68375e-16 
2034  0 0.219218 0.272159 0.0225943 0.0225943 0.0225943 0.0225943 4.68375e-16 

Total_BiomassRex
Year B100 Babc Bofl LowCI_Biom Median_Biom Mean_Biom UpperCI_Biom Stdev_Biom 
2021 217.789 57.2025 52.7094 107.593 107.593 107.593 107.593 1.7053e-12 
2022 217.789 57.2025 52.7094 112.009 114.115 114.54 118.547 2.14909 
2023 217.789 57.2025 52.7094 112.939 117.36 117.937 124.713 4.00255 
2024 217.789 57.2025 52.7094 111.709 118.657 119.396 129.332 5.72931 
2025 217.789 57.2025 52.7094 109.246 118.071 118.887 131.308 7.22781 
2026 217.789 57.2025 52.7094 105.369 116.353 117.39 132.249 8.49109 
2027 217.789 57.2025 52.7094 101.5 114.401 115.413 132.163 9.42139 
2028 217.789 57.2025 52.7094 98.3998 112.397 113.268 131.245 10.1289 
2029 217.789 57.2025 52.7094 95.1787 110.299 111.138 130.01 10.5772 
2030 217.789 57.2025 52.7094 93.4294 108.388 109.268 128.903 10.9306 
2031 217.789 57.2025 52.7094 91.3877 106.236 107.501 127.741 11.2653 
2032 217.789 57.2025 52.7094 88.8543 105.023 105.915 125.721 11.398 
2033 217.789 57.2025 52.7094 87.2725 103.695 104.393 124.261 11.4617 
2034 217.789 57.2025 52.7094 85.7005 102.498 103.116 122.903 11.5066 
Alternative 4 Alternative  Stock: Rex
Catch Rex
Year C0 Cabc Cofl LowCI_Catch Median_Catch Mean_Catch UpperCI_Catch Stdev_Catch 
2021  0 7.4866 8.10838 0.392 0.392 0.392 0.392 8.10463e-15 
2022  0 7.4866 8.10838 1.567 1.567 1.567 1.567 7.60447e-10 
2023  0 7.4866 8.10838 1.567 1.567 1.567 1.567 3.98223e-07 
2024  0 7.4866 8.10838 4.46053 4.5307 4.54199 4.66249 0.0678725 
2025  0 7.4866 8.10838 4.25543 4.44 4.46579 4.74416 0.166342 
2026  0 7.4866 8.10838 3.96866 4.27478 4.30926 4.75361 0.25752 
2027  0 7.4866 8.10838 3.71821 4.10641 4.1423 4.67573 0.316487 
2028  0 7.4866 8.10838 3.48292 3.93765 3.98453 4.61714 0.353461 
2029  0 7.4866 8.10838 3.29284 3.79748 3.84012 4.46448 0.378012 
2030  0 7.4866 8.10838 3.11231 3.68112 3.71319 4.39697 0.392799 
2031  0 7.4866 8.10838 3.00808 3.56468 3.60575 4.32898 0.400543 
2032  0 7.4866 8.10838 2.92978 3.47503 3.51799 4.22324 0.406236 
2033  0 7.4866 8.10838 2.84192 3.38911 3.44656 4.19757 0.413673 
2034  0 7.4866 8.10838 2.77659 3.33894 3.38466 4.14148 0.416523 

Spawning_Biomass Rex
Year SSB100 SSBabc SSBofl LowCI_SSB Median_SSB Mean_SSB UpperCI_SSB Stdev_SSB 
2021 52.5576 21.023 18.3951 40.4577 40.4577 40.4577 40.4577 8.52651e-14 
2022 52.5576 21.023 18.3951 46.5006 46.5417 46.5499 46.628 0.041856 
2023 52.5576 21.023 18.3951 51.4985 51.7155 51.7487 52.1181 0.207573 
2024 52.5576 21.023 18.3951 54.6071 55.3632 55.4737 56.6665 0.695213 
2025 52.5576 21.023 18.3951 53.732 55.5297 55.7593 58.5158 1.589 
2026 52.5576 21.023 18.3951 51.2664 54.3621 54.6754 59.2256 2.60719 
2027 52.5576 21.023 18.3951 48.4547 52.5549 52.9922 58.7738 3.42938 
2028 52.5576 21.023 18.3951 45.6416 50.7056 51.1574 58.0158 4.00768 
2029 52.5576 21.023 18.3951 42.9081 48.863 49.3772 57.0197 4.40424 
2030 52.5576 21.023 18.3951 40.7243 47.2969 47.7524 55.894 4.66108 
2031 52.5576 21.023 18.3951 39.0398 45.8905 46.3321 54.8245 4.81647 
2032 52.5576 21.023 18.3951 37.8811 44.6841 45.1324 53.9004 4.91655 
2033 52.5576 21.023 18.3951 36.8149 43.5677 44.1353 52.9359 5.00466 
2034 52.5576 21.023 18.3951 35.6815 42.7217 43.2905 52.3817 5.06449 

Fishing_mortalityRex
Year F0 Fabc Fofl LowCI_F Median_F Mean_F UpperCI_F Stdev_F 
2021  0 0.219218 0.272159 0.00572294 0.00572294 0.00572294 0.00572294 6.15827e-17 
2022  0 0.219218 0.272159 0.0195595 0.0195685 0.0195676 0.0195728 4.35382e-06 
2023  0 0.219218 0.272159 0.0175973 0.0176995 0.0176904 0.0177504 5.0368e-05 
2024  0 0.219218 0.272159 0.0494327 0.0494327 0.0494327 0.0494327 8.18789e-16 
2025  0 0.219218 0.272159 0.0494327 0.0494327 0.0494327 0.0494327 8.18789e-16 
2026  0 0.219218 0.272159 0.0494327 0.0494327 0.0494327 0.0494327 8.18789e-16 
2027  0 0.219218 0.272159 0.0494327 0.0494327 0.0494327 0.0494327 8.18789e-16 
2028  0 0.219218 0.272159 0.0494327 0.0494327 0.0494327 0.0494327 8.18789e-16 
2029  0 0.219218 0.272159 0.0494327 0.0494327 0.0494327 0.0494327 8.18789e-16 
2030  0 0.219218 0.272159 0.0494327 0.0494327 0.0494327 0.0494327 8.18789e-16 
2031  0 0.219218 0.272159 0.0494327 0.0494327 0.0494327 0.0494327 8.18789e-16 
2032  0 0.219218 0.272159 0.0494327 0.0494327 0.0494327 0.0494327 8.18789e-16 
2033  0 0.219218 0.272159 0.0494327 0.0494327 0.0494327 0.0494327 8.18789e-16 
2034  0 0.219218 0.272159 0.0494327 0.0494327 0.0494327 0.0494327 8.18789e-16 

Total_BiomassRex
Year B100 Babc Bofl LowCI_Biom Median_Biom Mean_Biom UpperCI_Biom Stdev_Biom 
2021 217.789 57.2025 52.7094 107.593 107.593 107.593 107.593 1.7053e-12 
2022 217.789 57.2025 52.7094 112.009 114.115 114.54 118.547 2.14909 
2023 217.789 57.2025 52.7094 112.939 117.36 117.937 124.713 4.00255 
2024 217.789 57.2025 52.7094 111.709 118.657 119.396 129.332 5.72931 
2025 217.789 57.2025 52.7094 106.921 115.702 116.508 128.907 7.19733 
2026 217.789 57.2025 52.7094 101.074 111.901 112.958 127.721 8.39307 
2027 217.789 57.2025 52.7094 95.6956 108.307 109.295 125.509 9.22955 
2028 217.789 57.2025 52.7094 91.3781 104.925 105.809 123.107 9.83402 
2029 217.789 57.2025 52.7094 87.2951 101.758 102.642 120.868 10.1872 
2030 217.789 57.2025 52.7094 84.9243 99.0231 99.9869 119.021 10.4603 
2031 217.789 57.2025 52.7094 82.1252 96.2069 97.6387 116.916 10.7283 
2032 217.789 57.2025 52.7094 79.5322 94.8681 95.6324 114.627 10.8043 
2033 217.789 57.2025 52.7094 77.5058 93.126 93.8116 112.572 10.8275 
2034 217.789 57.2025 52.7094 75.8523 91.4681 92.3276 111.05 10.8419 
Alternative 5 Alternative  Stock: Rex
Catch Rex
Year C0 Cabc Cofl LowCI_Catch Median_Catch Mean_Catch UpperCI_Catch Stdev_Catch 
2021  0 7.4866 8.10838 0.392 0.392 0.392 0.392 8.10463e-15 
2022  0 7.4866 8.10838 1.567 1.567 1.567 1.567 7.60447e-10 
2023  0 7.4866 8.10838 1.567 1.567 1.567 1.567 3.98223e-07 
2024  0 7.4866 8.10838 0 0 0 0 0 
2025  0 7.4866 8.10838 0 0 0 0 0 
2026  0 7.4866 8.10838 0 0 0 0 0 
2027  0 7.4866 8.10838 0 0 0 0 0 
2028  0 7.4866 8.10838 0 0 0 0 0 
2029  0 7.4866 8.10838 0 0 0 0 0 
2030  0 7.4866 8.10838 0 0 0 0 0 
2031  0 7.4866 8.10838 0 0 0 0 0 
2032  0 7.4866 8.10838 0 0 0 0 0 
2033  0 7.4866 8.10838 0 0 0 0 0 
2034  0 7.4866 8.10838 0 0 0 0 0 

Spawning_Biomass Rex
Year SSB100 SSBabc SSBofl LowCI_SSB Median_SSB Mean_SSB UpperCI_SSB Stdev_SSB 
2021 52.5576 21.023 18.3951 40.4577 40.4577 40.4577 40.4577 8.52651e-14 
2022 52.5576 21.023 18.3951 46.5006 46.5417 46.5499 46.628 0.041856 
2023 52.5576 21.023 18.3951 51.4985 51.7155 51.7487 52.1181 0.207573 
2024 52.5576 21.023 18.3951 54.6071 55.3632 55.4737 56.6665 0.695213 
2025 52.5576 21.023 18.3951 56.1369 57.9394 58.1777 60.958 1.6 
2026 52.5576 21.023 18.3951 55.8826 59.0624 59.3661 64.0282 2.67032 
2027 52.5576 21.023 18.3951 54.9227 59.1974 59.6445 65.7204 3.60211 
2028 52.5576 21.023 18.3951 53.5096 58.9298 59.4276 66.9835 4.31688 
2029 52.5576 21.023 18.3951 51.8055 58.3926 58.948 67.6028 4.84894 
2030 52.5576 21.023 18.3951 50.457 57.8554 58.3464 67.5154 5.23062 
2031 52.5576 21.023 18.3951 49.5569 57.2609 57.7147 67.4546 5.49403 
2032 52.5576 21.023 18.3951 48.6106 56.4982 57.1122 67.2194 5.68033 
2033 52.5576 21.023 18.3951 48.0718 55.9948 56.5609 67.0321 5.83388 
2034 52.5576 21.023 18.3951 47.1812 55.5428 56.0468 66.5664 5.94941 

Fishing_mortalityRex
Year F0 Fabc Fofl LowCI_F Median_F Mean_F UpperCI_F Stdev_F 
2021  0 0.219218 0.272159 0.00572294 0.00572294 0.00572294 0.00572294 6.15827e-17 
2022  0 0.219218 0.272159 0.0195595 0.0195685 0.0195676 0.0195728 4.35382e-06 
2023  0 0.219218 0.272159 0.0175973 0.0176995 0.0176904 0.0177504 5.0368e-05 
2024  0 0.219218 0.272159 0 0 0 0 0 
2025  0 0.219218 0.272159 0 0 0 0 0 
2026  0 0.219218 0.272159 0 0 0 0 0 
2027  0 0.219218 0.272159 0 0 0 0 0 
2028  0 0.219218 0.272159 0 0 0 0 0 
2029  0 0.219218 0.272159 0 0 0 0 0 
2030  0 0.219218 0.272159 0 0 0 0 0 
2031  0 0.219218 0.272159 0 0 0 0 0 
2032  0 0.219218 0.272159 0 0 0 0 0 
2033  0 0.219218 0.272159 0 0 0 0 0 
2034  0 0.219218 0.272159 0 0 0 0 0 

Total_BiomassRex
Year B100 Babc Bofl LowCI_Biom Median_Biom Mean_Biom UpperCI_Biom Stdev_Biom 
2021 217.789 57.2025 52.7094 107.593 107.593 107.593 107.593 1.7053e-12 
2022 217.789 57.2025 52.7094 112.009 114.115 114.54 118.547 2.14909 
2023 217.789 57.2025 52.7094 112.939 117.36 117.937 124.713 4.00255 
2024 217.789 57.2025 52.7094 111.709 118.657 119.396 129.332 5.72931 
2025 217.789 57.2025 52.7094 111.25 120.097 120.937 133.376 7.2538 
2026 217.789 57.2025 52.7094 109.158 120.252 121.298 136.195 8.57641 
2027 217.789 57.2025 52.7094 106.85 119.899 120.928 137.935 9.59229 
2028 217.789 57.2025 52.7094 104.831 119.262 120.132 138.932 10.3975 
2029 217.789 57.2025 52.7094 102.769 118.222 119.114 138.458 10.9401 
2030 217.789 57.2025 52.7094 101.623 117.282 118.144 138.498 11.3771 
2031 217.789 57.2025 52.7094 100.508 115.757 117.095 138.554 11.784 
2032 217.789 57.2025 52.7094 98.239 115.092 116.076 137.164 11.9799 
2033 217.789 57.2025 52.7094 96.8737 114.012 114.999 135.822 12.0919 
2034 217.789 57.2025 52.7094 95.7244 113.38 114.07 135.568 12.1747 
Alternative 6 Alternative  Stock: Rex
Catch Rex
Year C0 Cabc Cofl LowCI_Catch Median_Catch Mean_Catch UpperCI_Catch Stdev_Catch 
2021  0 7.4866 8.10838 0.392 0.392 0.392 0.392 8.10463e-15 
2022  0 7.4866 8.10838 19.5477 19.5524 19.5534 19.5623 0.00480403 
2023  0 7.4866 8.10838 17.5772 17.6447 17.657 17.7805 0.067365 
2024  0 7.4866 8.10838 15.1025 15.4632 15.5209 16.1383 0.347492 
2025  0 7.4866 8.10838 12.3676 13.2478 13.3588 14.6993 0.776183 
2026  0 7.4866 8.10838 10.0929 11.3667 11.5396 13.4411 1.091 
2027  0 7.4866 8.10838 8.57462 10.0587 10.2161 12.3432 1.22647 
2028  0 7.4866 8.10838 6.95677 9.14696 9.23051 11.5355 1.37706 
2029  0 7.4866 8.10838 5.8005 8.51573 8.436 10.9606 1.56208 
2030  0 7.4866 8.10838 5.19946 7.97274 7.88714 10.495 1.62461 
2031  0 7.4866 8.10838 5.01067 7.44917 7.55277 10.2381 1.61709 
2032  0 7.4866 8.10838 4.99951 7.18011 7.37483 10.0453 1.61112 
2033  0 7.4866 8.10838 4.96417 7.09639 7.29221 10.0776 1.61612 
2034  0 7.4866 8.10838 4.81604 7.07759 7.23584 9.98454 1.59188 

Spawning_Biomass Rex
Year SSB100 SSBabc SSBofl LowCI_SSB Median_SSB Mean_SSB UpperCI_SSB Stdev_SSB 
2021 52.5576 21.023 18.3951 40.4577 40.4577 40.4577 40.4577 8.52651e-14 
2022 52.5576 21.023 18.3951 46.5006 46.5417 46.5499 46.628 0.041856 
2023 52.5576 21.023 18.3951 42.5137 42.7303 42.7634 43.1322 0.207214 
2024 52.5576 21.023 18.3951 37.6882 38.4351 38.545 39.722 0.687025 
2025 52.5576 21.023 18.3951 32.009 33.7543 33.9659 36.6063 1.5276 
2026 52.5576 21.023 18.3951 26.6387 29.419 29.6996 33.8107 2.33486 
2027 52.5576 21.023 18.3951 22.6214 25.9724 26.3239 31.1074 2.78902 
2028 52.5576 21.023 18.3951 19.5518 23.503 23.8512 29.1987 2.99219 
2029 52.5576 21.023 18.3951 17.8094 21.7054 22.121 27.3359 3.03722 
2030 52.5576 21.023 18.3951 16.7527 20.6388 21.0032 26.3268 2.94258 
2031 52.5576 21.023 18.3951 16.4252 19.8826 20.3372 25.6417 2.81201 
2032 52.5576 21.023 18.3951 16.2949 19.4579 19.9766 25.0409 2.72411 
2033 52.5576 21.023 18.3951 16.2362 19.3434 19.7977 25.0008 2.69498 
2034 52.5576 21.023 18.3951 16.0358 19.2748 19.685 24.8567 2.64549 

Fishing_mortalityRex
Year F0 Fabc Fofl LowCI_F Median_F Mean_F UpperCI_F Stdev_F 
2021  0 0.219218 0.272159 0.00572294 0.00572294 0.00572294 0.00572294 6.15827e-17 
2022  0 0.219218 0.272159 0.272159 0.272159 0.272159 0.272159 9.53214e-11 
2023  0 0.219218 0.272159 0.272159 0.272159 0.272159 0.272159 2.79098e-09 
2024  0 0.219218 0.272159 0.272159 0.272159 0.272159 0.272159 1.4988e-15 
2025  0 0.219218 0.272159 0.272159 0.272159 0.272159 0.272159 1.4988e-15 
2026  0 0.219218 0.272159 0.272159 0.272159 0.272159 0.272159 1.4988e-15 
2027  0 0.219218 0.272159 0.272159 0.272159 0.272143 0.272159 0.000359238 
2028  0 0.219218 0.272159 0.252111 0.272159 0.269684 0.272159 0.00712659 
2029  0 0.219218 0.272159 0.228367 0.272159 0.26278 0.272159 0.01557 
2030  0 0.219218 0.272159 0.213967 0.266923 0.256147 0.272159 0.0201841 
2031  0 0.219218 0.272159 0.209503 0.256619 0.251418 0.272159 0.0219493 
2032  0 0.219218 0.272159 0.207728 0.250831 0.248443 0.272159 0.0225519 
2033  0 0.219218 0.272159 0.206928 0.249271 0.24693 0.272159 0.0229362 
2034  0 0.219218 0.272159 0.204197 0.248336 0.246111 0.272159 0.0232815 

Total_BiomassRex
Year B100 Babc Bofl LowCI_Biom Median_Biom Mean_Biom UpperCI_Biom Stdev_Biom 
2021 217.789 57.2025 52.7094 107.593 107.593 107.593 107.593 1.7053e-12 
2022 217.789 57.2025 52.7094 112.009 114.115 114.54 118.547 2.14909 
2023 217.789 57.2025 52.7094 95.2482 99.6639 100.238 107.008 3.99692 
2024 217.789 57.2025 52.7094 79.7946 86.661 87.3801 97.1791 5.65958 
2025 217.789 57.2025 52.7094 67.4563 75.9944 76.702 88.8094 6.90446 
2026 217.789 57.2025 52.7094 57.5615 67.4416 68.4743 82.1028 7.66641 
2027 217.789 57.2025 52.7094 50.6741 61.674 62.5148 75.9802 7.99441 
2028 217.789 57.2025 52.7094 45.9073 57.6056 58.323 72.1275 8.1269 
2029 217.789 57.2025 52.7094 43.4402 54.6899 55.4801 69.6473 8.05859 
2030 217.789 57.2025 52.7094 42.2595 52.855 53.8369 68.0692 7.94277 
2031 217.789 57.2025 52.7094 41.8448 51.391 52.85 67.5253 7.89199 
2032 217.789 57.2025 52.7094 41.0605 51.5389 52.2952 66.6973 7.71452 
2033 217.789 57.2025 52.7094 40.845 51.0012 51.8493 65.0613 7.58483 
2034 217.789 57.2025 52.7094 40.5479 50.6788 51.5803 65.0847 7.50053 
Alternative 7 Alternative  Stock: Rex
Catch Rex
Year C0 Cabc Cofl LowCI_Catch Median_Catch Mean_Catch UpperCI_Catch Stdev_Catch 
2021  0 7.4866 8.10838 0.392 0.392 0.392 0.392 8.10463e-15 
2022  0 7.4866 8.10838 16.1008 16.1046 16.1053 16.1126 0.00387046 
2023  0 7.4866 8.10838 15.0968 15.1513 15.1612 15.261 0.054425 
2024  0 7.4866 8.10838 16.3337 16.6964 16.7544 17.3753 0.349323 
2025  0 7.4866 8.10838 13.2291 14.1119 14.2239 15.5718 0.779123 
2026  0 7.4866 8.10838 10.6787 11.9572 12.1281 14.0363 1.09326 
2027  0 7.4866 8.10838 8.96701 10.4527 10.6105 12.7389 1.22686 
2028  0 7.4866 8.10838 7.4332 9.40641 9.52133 11.797 1.3339 
2029  0 7.4866 8.10838 6.02463 8.68738 8.64754 11.1337 1.52937 
2030  0 7.4866 8.10838 5.33374 8.1596 8.02253 10.6082 1.61584 
2031  0 7.4866 8.10838 5.07526 7.52216 7.63166 10.3108 1.61824 
2032  0 7.4866 8.10838 5.03767 7.22465 7.4173 10.093 1.61408 
2033  0 7.4866 8.10838 4.97359 7.12495 7.31439 10.1057 1.61894 
2034  0 7.4866 8.10838 4.82104 7.08062 7.24662 10.0044 1.59384 

Spawning_Biomass Rex
Year SSB100 SSBabc SSBofl LowCI_SSB Median_SSB Mean_SSB UpperCI_SSB Stdev_SSB 
2021 52.5576 21.023 18.3951 40.4577 40.4577 40.4577 40.4577 8.52651e-14 
2022 52.5576 21.023 18.3951 46.5006 46.5417 46.5499 46.628 0.041856 
2023 52.5576 21.023 18.3951 44.232 44.4486 44.4818 44.8506 0.207254 
2024 52.5576 21.023 18.3951 40.6268 41.3755 41.4852 42.6645 0.688229 
2025 52.5576 21.023 18.3951 34.1355 35.8821 36.095 38.7372 1.52997 
2026 52.5576 21.023 18.3951 28.1186 30.9012 31.1828 35.3006 2.33759 
2027 52.5576 21.023 18.3951 23.6279 26.9811 27.3328 32.1167 2.791 
2028 52.5576 21.023 18.3951 20.2277 24.1767 24.5268 29.8753 2.99372 
2029 52.5576 21.023 18.3951 18.1611 22.1527 22.5529 27.783 3.059 
2030 52.5576 21.023 18.3951 16.9363 20.9134 21.2617 26.6219 2.9763 
2031 52.5576 21.023 18.3951 16.561 20.0356 20.4837 25.8348 2.84293 
2032 52.5576 21.023 18.3951 16.3583 19.5302 20.0558 25.1298 2.74674 
2033 52.5576 21.023 18.3951 16.2662 19.3578 19.839 25.0823 2.70969 
2034 52.5576 21.023 18.3951 16.0438 19.3015 19.7055 24.8878 2.65448 

Fishing_mortalityRex
Year F0 Fabc Fofl LowCI_F Median_F Mean_F UpperCI_F Stdev_F 
2021  0 0.219218 0.272159 0.00572294 0.00572294 0.00572294 0.00572294 6.15827e-17 
2022  0 0.219218 0.272159 0.219218 0.219218 0.219218 0.219218 1.88092e-11 
2023  0 0.219218 0.272159 0.219218 0.219218 0.219218 0.219218 2.98833e-09 
2024  0 0.219218 0.272159 0.272159 0.272159 0.272159 0.272159 1.4988e-15 
2025  0 0.219218 0.272159 0.272159 0.272159 0.272159 0.272159 1.4988e-15 
2026  0 0.219218 0.272159 0.272159 0.272159 0.272159 0.272159 1.4988e-15 
2027  0 0.219218 0.272159 0.272159 0.272159 0.272159 0.272159 1.4988e-15 
2028  0 0.219218 0.272159 0.261321 0.272159 0.270929 0.272159 0.00473212 
2029  0 0.219218 0.272159 0.23316 0.272159 0.264786 0.272159 0.0137978 
2030  0 0.219218 0.272159 0.216468 0.270665 0.257816 0.272159 0.019283 
2031  0 0.219218 0.272159 0.211355 0.258703 0.252509 0.272159 0.0215336 
2032  0 0.219218 0.272159 0.208592 0.251815 0.249053 0.272159 0.0223486 
2033  0 0.219218 0.272159 0.207337 0.249467 0.247258 0.272159 0.0228553 
2034  0 0.219218 0.272159 0.204306 0.248699 0.246267 0.272159 0.0232432 

Total_BiomassRex
Year B100 Babc Bofl LowCI_Biom Median_Biom Mean_Biom UpperCI_Biom Stdev_Biom 
2021 217.789 57.2025 52.7094 107.593 107.593 107.593 107.593 1.7053e-12 
2022 217.789 57.2025 52.7094 112.009 114.115 114.54 118.547 2.14909 
2023 217.789 57.2025 52.7094 98.6329 103.049 103.624 110.395 3.99804 
2024 217.789 57.2025 52.7094 85.3333 92.2165 92.9394 102.787 5.67316 
2025 217.789 57.2025 52.7094 71.3156 79.8562 80.571 92.7157 6.91534 
2026 217.789 57.2025 52.7094 60.189 70.0861 71.1099 84.7504 7.67328 
2027 217.789 57.2025 52.7094 52.4338 63.4386 64.2846 77.746 7.99808 
2028 217.789 57.2025 52.7094 47.0823 58.7783 59.4986 73.3059 8.12902 
2029 217.789 57.2025 52.7094 44.2101 55.4261 56.2259 70.4237 8.08745 
2030 217.789 57.2025 52.7094 42.6432 53.3117 54.2785 68.5767 7.98302 
2031 217.789 57.2025 52.7094 41.9876 51.6602 53.0973 67.8635 7.92579 
2032 217.789 57.2025 52.7094 41.1213 51.6294 52.4274 66.9138 7.73834 
2033 217.789 57.2025 52.7094 40.8623 51.0577 51.9177 65.2013 7.59917 
2034 217.789 57.2025 52.7094 40.5736 50.7085 51.6143 65.1118 7.50855 
