Alternative 1 Catch
     Rex 
Equil_Fabc 2.02344 
Year 
2021 0.0019 
2022 0.0019 
2023 0.0019 
2024 7.40969 
2025 5.29673 
2026 3.87439 
2027 3.05375 
2028 2.5748 
2029 2.27633 
2030 2.09731 
2031 1.99761 
2032 1.94911 
2033 1.92573 
2034 1.9192 

Alternative 1 ABCs
     Rex 

Year 
2021 4.89975 
2022 5.67073 
2023 6.87216 
2024 7.40969 
2025 5.29673 
2026 3.87439 
2027 3.05375 
2028 2.5748 
2029 2.27633 
2030 2.09731 
2031 1.99761 
2032 1.94911 
2033 1.92573 
2034 1.9192 

Alternative 1 TACs
     Rex 

Year 
2021  NA 
2022  NA 
2023  NA 
2024 7.40969 
2025 5.29673 
2026 3.87439 
2027 3.05375 
2028 2.5748 
2029 2.27633 
2030 2.09731 
2031 1.99761 
2032 1.94911 
2033 1.92573 
2034 1.9192 

Alternative 1 Sp_Biomass
     Rex 
Equil_Fabc 4.81922 
Year 
2021 11.5686 
2022 12.878 
2023 13.8128 
2024 14.2295 
2025 10.5458 
2026 8.19069 
2027 6.80284 
2028 5.98705 
2029 5.50751 
2030 5.23571 
2031 5.09156 
2032 5.02256 
2033 4.99 
2034 4.96843 

Alternative 1 Fishing Mortality
     Rex 
Equil_Fabc 0.409759 
Year 
2021 0.000133444 
2022 0.000116527 
2023 9.5154e-05 
2024 0.409759 
2025 0.409759 
2026 0.409759 
2027 0.409759 
2028 0.407752 
2029 0.400127 
2030 0.39332 
2031 0.389305 
2032 0.387304 
2033 0.386188 
2034 0.385664 

Alternative 1 Biomass
     Rex 

Year 
2021 31.9747 
2022 32.728 
2023 33.0256 
2024 33.0139 
2025 25.7837 
2026 21.2786 
2027 18.6332 
2028 17.0831 
2029 16.1792 
2030 15.711 
2031 15.4462 
2032 15.3013 
2033 15.1716 
2034 15.0927 

Alternative 1 Implied SPR rate 
     Rex 
Equil_Fabc 0.4 
Year 
2021 0.999306 
2022 0.999394 
2023 0.999505 
2024 0.4 
2025 0.4 
2026 0.4 
2027 0.4 
2028 0.400857 
2029 0.404296 
2030 0.407466 
2031 0.409304 
2032 0.410202 
2033 0.410743 
2034 0.411044 

  Rex 
EquilAvgAgeF0  6.0966 
EquilAvgAgeFabc  3.51929 
AvgAgeYr2034 3.61673 
Alternative 2 Catch
     Rex 
Equil_Fabc 2.02344 
Year 
2021 0.0019 
2022 0.0019 
2023 0.0019 
2024 7.40969 
2025 5.29673 
2026 3.87439 
2027 3.05375 
2028 2.5748 
2029 2.27633 
2030 2.09731 
2031 1.99761 
2032 1.94911 
2033 1.92573 
2034 1.9192 

Alternative 2 ABCs
     Rex 

Year 
2021 4.89975 
2022 5.67073 
2023 6.87216 
2024 7.40969 
2025 5.29673 
2026 3.87439 
2027 3.05375 
2028 2.5748 
2029 2.27633 
2030 2.09731 
2031 1.99761 
2032 1.94911 
2033 1.92573 
2034 1.9192 

Alternative 2 TACs
     Rex 

Year 
2021  NA 
2022  NA 
2023  NA 
2024 7.40969 
2025 5.29673 
2026 3.87439 
2027 3.05375 
2028 2.5748 
2029 2.27633 
2030 2.09731 
2031 1.99761 
2032 1.94911 
2033 1.92573 
2034 1.9192 

Alternative 2 Sp_Biomass
     Rex 
Equil_Fabc 4.81922 
Year 
2021 11.5686 
2022 12.878 
2023 13.8128 
2024 14.2295 
2025 10.5458 
2026 8.19069 
2027 6.80284 
2028 5.98705 
2029 5.50751 
2030 5.23571 
2031 5.09156 
2032 5.02256 
2033 4.99 
2034 4.96843 

Alternative 2 Fishing Mortality
     Rex 
Equil_Fabc 0.409759 
Year 
2021 0.000133444 
2022 0.000116527 
2023 9.5154e-05 
2024 0.409759 
2025 0.409759 
2026 0.409759 
2027 0.409759 
2028 0.407752 
2029 0.400127 
2030 0.39332 
2031 0.389305 
2032 0.387304 
2033 0.386188 
2034 0.385664 

Alternative 2 Biomass
     Rex 

Year 
2021 31.9747 
2022 32.728 
2023 33.0256 
2024 33.0139 
2025 25.7837 
2026 21.2786 
2027 18.6332 
2028 17.0831 
2029 16.1792 
2030 15.711 
2031 15.4462 
2032 15.3013 
2033 15.1716 
2034 15.0927 

Alternative 2 Implied SPR rate 
     Rex 
Equil_Fabc 0.4 
Year 
2021 0.999306 
2022 0.999394 
2023 0.999505 
2024 0.4 
2025 0.4 
2026 0.4 
2027 0.4 
2028 0.400857 
2029 0.404296 
2030 0.407466 
2031 0.409304 
2032 0.410202 
2033 0.410743 
2034 0.411044 

  Rex 
EquilAvgAgeF0  6.0966 
EquilAvgAgeFabc  3.51929 
AvgAgeYr2034 3.61673 
Alternative 3 Catch
     Rex 
Equil_Fabc 2.02344 
Year 
2021 0.0019 
2022 0.0019 
2023 0.0019 
2024  NA 
2025  NA 
2026  NA 
2027  NA 
2028  NA 
2029  NA 
2030  NA 
2031  NA 
2032  NA 
2033  NA 
2034  NA 

Alternative 3 ABCs
     Rex 

Year 
2021  NA 
2022  NA 
2023  NA 
2024  NA 
2025  NA 
2026  NA 
2027  NA 
2028  NA 
2029  NA 
2030  NA 
2031  NA 
2032  NA 
2033  NA 
2034  NA 

Alternative 3 TACs
     Rex 

Year 
2021  NA 
2022  NA 
2023  NA 
2024  NA 
2025  NA 
2026  NA 
2027  NA 
2028  NA 
2029  NA 
2030  NA 
2031  NA 
2032  NA 
2033  NA 
2034  NA 

Alternative 3 Sp_Biomass
     Rex 
Equil_Fabc 4.81922 
Year 
2021 11.5686 
2022 12.878 
2023 13.8128 
2024 14.2295 
2025 14.2916 
2026 14.1834 
2027 14.0084 
2028 13.8067 
2029 13.5991 
2030 13.4002 
2031 13.2199 
2032 13.0625 
2033 12.9257 
2034 12.8005 

Alternative 3 Fishing Mortality
     Rex 
Equil_Fabc 0.409759 
Year 
2021 0.000133444 
2022 0.000116527 
2023 9.5154e-05 
2024  NA 
2025  NA 
2026  NA 
2027  NA 
2028  NA 
2029  NA 
2030  NA 
2031  NA 
2032  NA 
2033  NA 
2034  NA 

Alternative 3 Biomass
     Rex 

Year 
2021 31.9747 
2022 32.728 
2023 33.0256 
2024 33.0139 
2025 32.7889 
2026 32.4253 
2027 32.0154 
2028 31.5968 
2029 31.194 
2030 30.8585 
2031 30.5262 
2032 30.2212 
2033 29.9038 
2034 29.64 

Alternative 3 Implied SPR rate 
     Rex 
Equil_Fabc 0.4 
Year 
2021 0.999306 
2022 0.999394 
2023 0.999505 
2024 1 
2025 1 
2026 1 
2027 1 
2028 1 
2029 1 
2030 1 
2031 1 
2032 1 
2033 1 
2034 1 

  Rex 
EquilAvgAgeF0  6.0966 
EquilAvgAgeFabc  3.51929 
AvgAgeYr2034 6.42126 
Alternative 4 Catch
     Rex 
Equil_Fabc 2.02344 
Year 
2021 0.0019 
2022 0.0019 
2023 0.0019 
2024 1.42849 
2025 1.36212 
2026 1.26876 
2027 1.19084 
2028 1.12651 
2029 1.07308 
2030 1.02758 
2031 0.989727 
2032 0.959897 
2033 0.936293 
2034 0.918357 

Alternative 4 ABCs
     Rex 

Year 
2021 0.939553 
2022 1.0779 
2023 1.31771 
2024 1.42849 
2025 1.36212 
2026 1.26876 
2027 1.19084 
2028 1.12651 
2029 1.07308 
2030 1.02758 
2031 0.989727 
2032 0.959897 
2033 0.936293 
2034 0.918357 

Alternative 4 TACs
     Rex 

Year 
2021  NA 
2022  NA 
2023  NA 
2024 1.42849 
2025 1.36212 
2026 1.26876 
2027 1.19084 
2028 1.12651 
2029 1.07308 
2030 1.02758 
2031 0.989727 
2032 0.959897 
2033 0.936293 
2034 0.918357 

Alternative 4 Sp_Biomass
     Rex 
Equil_Fabc 4.81922 
Year 
2021 11.5686 
2022 12.878 
2023 13.8128 
2024 14.2295 
2025 13.5636 
2026 12.8431 
2027 12.1876 
2028 11.6157 
2029 11.1275 
2030 10.7195 
2031 10.3869 
2032 10.1218 
2033 9.91048 
2034 9.73522 

Alternative 4 Fishing Mortality
     Rex 
Equil_Fabc 0.409759 
Year 
2021 0.000133444 
2022 0.000116527 
2023 9.5154e-05 
2024 0.0679921 
2025 0.0679921 
2026 0.0679921 
2027 0.0679921 
2028 0.0679921 
2029 0.0679921 
2030 0.0679921 
2031 0.0679921 
2032 0.0679921 
2033 0.0679921 
2034 0.0679921 

Alternative 4 Biomass
     Rex 

Year 
2021 31.9747 
2022 32.728 
2023 33.0256 
2024 33.0139 
2025 31.433 
2026 29.948 
2027 28.6602 
2028 27.5665 
2029 26.6523 
2030 25.9358 
2031 25.3262 
2032 24.8241 
2033 24.3696 
2034 24.013 

Alternative 4 Implied SPR rate 
     Rex 
Equil_Fabc 0.4 
Year 
2021 0.999306 
2022 0.999394 
2023 0.999505 
2024 0.75 
2025 0.75 
2026 0.75 
2027 0.75 
2028 0.75 
2029 0.75 
2030 0.75 
2031 0.75 
2032 0.75 
2033 0.75 
2034 0.75 

  Rex 
EquilAvgAgeF0  6.0966 
EquilAvgAgeFabc  3.51929 
AvgAgeYr2034 5.40297 
Alternative 5 Catch
     Rex 
Equil_Fabc 2.02344 
Year 
2021 0.0019 
2022 0.0019 
2023 0.0019 
2024  NA 
2025  NA 
2026  NA 
2027  NA 
2028  NA 
2029  NA 
2030  NA 
2031  NA 
2032  NA 
2033  NA 
2034  NA 

Alternative 5 ABCs
     Rex 

Year 
2021  NA 
2022  NA 
2023  NA 
2024  NA 
2025  NA 
2026  NA 
2027  NA 
2028  NA 
2029  NA 
2030  NA 
2031  NA 
2032  NA 
2033  NA 
2034  NA 

Alternative 5 TACs
     Rex 

Year 
2021  NA 
2022  NA 
2023  NA 
2024  NA 
2025  NA 
2026  NA 
2027  NA 
2028  NA 
2029  NA 
2030  NA 
2031  NA 
2032  NA 
2033  NA 
2034  NA 

Alternative 5 Sp_Biomass
     Rex 
Equil_Fabc 4.81922 
Year 
2021 11.5686 
2022 12.878 
2023 13.8128 
2024 14.2295 
2025 14.2916 
2026 14.1834 
2027 14.0084 
2028 13.8067 
2029 13.5991 
2030 13.4002 
2031 13.2199 
2032 13.0625 
2033 12.9257 
2034 12.8005 

Alternative 5 Fishing Mortality
     Rex 
Equil_Fabc 0.409759 
Year 
2021 0.000133444 
2022 0.000116527 
2023 9.5154e-05 
2024  NA 
2025  NA 
2026  NA 
2027  NA 
2028  NA 
2029  NA 
2030  NA 
2031  NA 
2032  NA 
2033  NA 
2034  NA 

Alternative 5 Biomass
     Rex 

Year 
2021 31.9747 
2022 32.728 
2023 33.0256 
2024 33.0139 
2025 32.7889 
2026 32.4253 
2027 32.0154 
2028 31.5968 
2029 31.194 
2030 30.8585 
2031 30.5262 
2032 30.2212 
2033 29.9038 
2034 29.64 

Alternative 5 Implied SPR rate 
     Rex 
Equil_Fabc 0.4 
Year 
2021 0.999306 
2022 0.999394 
2023 0.999505 
2024 1 
2025 1 
2026 1 
2027 1 
2028 1 
2029 1 
2030 1 
2031 1 
2032 1 
2033 1 
2034 1 

  Rex 
EquilAvgAgeF0  6.0966 
EquilAvgAgeFabc  3.51929 
AvgAgeYr2034 6.42126 
Alternative 6 Catch
     Rex 
Equil_Fabc 2.02344 
Year 
2021 0.0019 
2022 7.45791 
2023 6.21333 
2024 4.80712 
2025 3.60036 
2026 2.77717 
2027 2.32481 
2028 2.15317 
2029 2.0822 
2030 2.04139 
2031 2.01889 
2032 2.01501 
2033 2.01779 
2034 2.02474 

Alternative 6 ABCs
     Rex 

Year 
2021 6.4184 
2022 7.45792 
2023 6.21333 
2024 4.80712 
2025 3.60036 
2026 2.77717 
2027 2.32481 
2028 2.15317 
2029 2.0822 
2030 2.04139 
2031 2.01889 
2032 2.01501 
2033 2.01779 
2034 2.02474 

Alternative 6 TACs
     Rex 

Year 
2021  NA 
2022 7.45792 
2023 6.21333 
2024 4.80712 
2025 3.60036 
2026 2.77717 
2027 2.32481 
2028 2.15317 
2029 2.0822 
2030 2.04139 
2031 2.01889 
2032 2.01501 
2033 2.01779 
2034 2.02474 

Alternative 6 Sp_Biomass
     Rex 
Equil_Fabc 4.81922 
Year 
2021 11.5686 
2022 12.878 
2023 10.2591 
2024 7.95929 
2025 6.27571 
2026 5.27444 
2027 4.79886 
2028 4.60217 
2029 4.50921 
2030 4.45959 
2031 4.43871 
2032 4.43759 
2033 4.44099 
2034 4.43712 

Alternative 6 Fishing Mortality
     Rex 
Equil_Fabc 0.409759 
Year 
2021 0.000133444 
2022 0.573207 
2023 0.573207 
2024 0.573207 
2025 0.573207 
2026 0.56257 
2027 0.529081 
2028 0.514714 
2029 0.508516 
2030 0.505163 
2031 0.503443 
2032 0.503133 
2033 0.503496 
2034 0.503555 

Alternative 6 Biomass
     Rex 

Year 
2021 31.9747 
2022 32.728 
2023 25.9733 
2024 20.9105 
2025 17.5916 
2026 15.7082 
2027 14.8034 
2028 14.4273 
2029 14.2558 
2030 14.2084 
2031 14.1765 
2032 14.1589 
2033 14.0959 
2034 14.0489 

Alternative 6 Implied SPR rate 
     Rex 
Equil_Fabc 0.4 
Year 
2021 0.999306 
2022 0.35 
2023 0.35 
2024 0.35 
2025 0.35 
2026 0.352709 
2027 0.362222 
2028 0.366659 
2029 0.368669 
2030 0.369723 
2031 0.37015 
2032 0.370184 
2033 0.370104 
2034 0.37013 

  Rex 
EquilAvgAgeF0  6.0966 
EquilAvgAgeFabc  3.51929 
AvgAgeYr2034 3.42586 
Alternative 7 Catch
     Rex 
Equil_Fabc 2.02344 
Year 
2021 0.0019 
2022 5.67073 
2023 5.24168 
2024 5.77177 
2025 4.09291 
2026 3.04826 
2027 2.45565 
2028 2.20638 
2029 2.1027 
2030 2.04903 
2031 2.02169 
2032 2.01599 
2033 2.01811 
2034 2.02484 

Alternative 7 ABCs
     Rex 

Year 
2021 6.4184 
2022 7.45792 
2023 6.87613 
2024 5.77177 
2025 4.09291 
2026 3.04826 
2027 2.45565 
2028 2.20638 
2029 2.1027 
2030 2.04903 
2031 2.02169 
2032 2.01599 
2033 2.01811 
2034 2.02484 

Alternative 7 TACs
     Rex 

Year 
2021  NA 
2022 7.45792 
2023 6.87613 
2024 5.77177 
2025 4.09291 
2026 3.04826 
2027 2.45565 
2028 2.20638 
2029 2.1027 
2030 2.04903 
2031 2.02169 
2032 2.01599 
2033 2.01811 
2034 2.02484 

Alternative 7 Sp_Biomass
     Rex 
Equil_Fabc 4.81922 
Year 
2021 11.5686 
2022 12.878 
2023 11.0993 
2024 9.18776 
2025 6.89464 
2026 5.58004 
2027 4.93431 
2028 4.65637 
2029 4.53011 
2030 4.46742 
2031 4.44157 
2032 4.43859 
2033 4.44132 
2034 4.43722 

Alternative 7 Fishing Mortality
     Rex 
Equil_Fabc 0.409759 
Year 
2021 0.000133444 
2022 0.409758 
2023 0.409758 
2024 0.573207 
2025 0.573207 
2026 0.57051 
2027 0.537369 
2028 0.518457 
2029 0.509969 
2030 0.505703 
2031 0.503645 
2032 0.503202 
2033 0.503518 
2034 0.50356 

Alternative 7 Biomass
     Rex 

Year 
2021 31.9747 
2022 32.728 
2023 27.6572 
2024 23.3175 
2025 18.8068 
2026 16.3085 
2027 15.0706 
2028 14.5347 
2029 14.2973 
2030 14.224 
2031 14.1822 
2032 14.1608 
2033 14.0965 
2034 14.0491 

Alternative 7 Implied SPR rate 
     Rex 
Equil_Fabc 0.4 
Year 
2021 0.999306 
2022 0.4 
2023 0.4 
2024 0.35 
2025 0.35 
2026 0.350668 
2027 0.359812 
2028 0.365526 
2029 0.36822 
2030 0.369554 
2031 0.370088 
2032 0.370162 
2033 0.370097 
2034 0.370129 

  Rex 
EquilAvgAgeF0  6.0966 
EquilAvgAgeFabc  3.51929 
AvgAgeYr2034 3.42606 
