Rex 1 2021 Cabc 2.02344
Rex 1 2021 Cofl 2.21233
Rex 1 2021 CLCI 0.0019
Rex 1 2021 CUCI 0.0019
Rex 1 2021 CMedian 0.0019
Rex 1 2021 CMean 0.0019
Rex 1 2021 CStdn 3.01408e-17
Rex 1 2022 Cabc 2.02344
Rex 1 2022 Cofl 2.21233
Rex 1 2022 CLCI 0.0019
Rex 1 2022 CUCI 0.0019
Rex 1 2022 CMedian 0.0019
Rex 1 2022 CMean 0.0019
Rex 1 2022 CStdn 4.40635e-13
Rex 1 2023 Cabc 2.02344
Rex 1 2023 Cofl 2.21233
Rex 1 2023 CLCI 0.0019
Rex 1 2023 CUCI 0.0019
Rex 1 2023 CMedian 0.0019
Rex 1 2023 CMean 0.0019
Rex 1 2023 CStdn 5.29198e-12
Rex 1 2024 Cabc 2.02344
Rex 1 2024 Cofl 2.21233
Rex 1 2024 CLCI 7.39609
Rex 1 2024 CUCI 7.43073
Rex 1 2024 CMedian 7.40753
Rex 1 2024 CMean 7.40969
Rex 1 2024 CStdn 0.0117719
Rex 1 2025 Cabc 2.02344
Rex 1 2025 Cofl 2.21233
Rex 1 2025 CLCI 5.23556
Rex 1 2025 CUCI 5.38888
Rex 1 2025 CMedian 5.28751
Rex 1 2025 CMean 5.29673
Rex 1 2025 CStdn 0.0518427
Rex 1 2026 Cabc 2.02344
Rex 1 2026 Cofl 2.21233
Rex 1 2026 CLCI 3.63118
Rex 1 2026 CUCI 4.23155
Rex 1 2026 CMedian 3.83873
Rex 1 2026 CMean 3.87439
Rex 1 2026 CStdn 0.203554
Rex 1 2027 Cabc 2.02344
Rex 1 2027 Cofl 2.21233
Rex 1 2027 CLCI 2.5736
Rex 1 2027 CUCI 3.69277
Rex 1 2027 CMedian 2.99624
Rex 1 2027 CMean 3.05375
Rex 1 2027 CStdn 0.381977
Rex 1 2028 Cabc 2.02344
Rex 1 2028 Cofl 2.21233
Rex 1 2028 CLCI 1.99063
Rex 1 2028 CUCI 3.35526
Rex 1 2028 CMedian 2.52362
Rex 1 2028 CMean 2.5748
Rex 1 2028 CStdn 0.443097
Rex 1 2029 Cabc 2.02344
Rex 1 2029 Cofl 2.21233
Rex 1 2029 CLCI 1.53098
Rex 1 2029 CUCI 3.07763
Rex 1 2029 CMedian 2.25259
Rex 1 2029 CMean 2.27633
Rex 1 2029 CStdn 0.475201
Rex 1 2030 Cabc 2.02344
Rex 1 2030 Cofl 2.21233
Rex 1 2030 CLCI 1.33911
Rex 1 2030 CUCI 2.94132
Rex 1 2030 CMedian 2.08119
Rex 1 2030 CMean 2.09731
Rex 1 2030 CStdn 0.486381
Rex 1 2031 Cabc 2.02344
Rex 1 2031 Cofl 2.21233
Rex 1 2031 CLCI 1.26259
Rex 1 2031 CUCI 2.86519
Rex 1 2031 CMedian 1.97199
Rex 1 2031 CMean 1.99761
Rex 1 2031 CStdn 0.477717
Rex 1 2032 Cabc 2.02344
Rex 1 2032 Cofl 2.21233
Rex 1 2032 CLCI 1.24446
Rex 1 2032 CUCI 2.76256
Rex 1 2032 CMedian 1.90257
Rex 1 2032 CMean 1.94911
Rex 1 2032 CStdn 0.467499
Rex 1 2033 Cabc 2.02344
Rex 1 2033 Cofl 2.21233
Rex 1 2033 CLCI 1.25732
Rex 1 2033 CUCI 2.7358
Rex 1 2033 CMedian 1.87912
Rex 1 2033 CMean 1.92573
Rex 1 2033 CStdn 0.46029
Rex 1 2034 Cabc 2.02344
Rex 1 2034 Cofl 2.21233
Rex 1 2034 CLCI 1.23699
Rex 1 2034 CUCI 2.7596
Rex 1 2034 CMedian 1.88664
Rex 1 2034 CMean 1.9192
Rex 1 2034 CStdn 0.465836
Rex 1 2021 SSBF100 12.0481
Rex 1 2021 SSBFabc 4.81922
Rex 1 2021 SSBFofl 4.21682
Rex 1 2021 SSBLCI 11.5686
Rex 1 2021 SSBUCI 11.5686
Rex 1 2021 SSBMedian 11.5686
Rex 1 2021 SSBMean 11.5686
Rex 1 2022 SSBF100 12.0481
Rex 1 2022 SSBFabc 4.81922
Rex 1 2022 SSBFofl 4.21682
Rex 1 2022 SSBLCI 12.8621
Rex 1 2022 SSBUCI 12.9041
Rex 1 2022 SSBMedian 12.875
Rex 1 2022 SSBMean 12.878
Rex 1 2023 SSBF100 12.0481
Rex 1 2023 SSBFabc 4.81922
Rex 1 2023 SSBFofl 4.21682
Rex 1 2023 SSBLCI 13.7363
Rex 1 2023 SSBUCI 13.9283
Rex 1 2023 SSBMedian 13.8017
Rex 1 2023 SSBMean 13.8128
Rex 1 2024 SSBF100 12.0481
Rex 1 2024 SSBFabc 4.81922
Rex 1 2024 SSBFofl 4.21682
Rex 1 2024 SSBLCI 13.9781
Rex 1 2024 SSBUCI 14.5832
Rex 1 2024 SSBMedian 14.193
Rex 1 2024 SSBMean 14.2295
Rex 1 2025 SSBF100 12.0481
Rex 1 2025 SSBFabc 4.81922
Rex 1 2025 SSBFofl 4.21682
Rex 1 2025 SSBLCI 9.97311
Rex 1 2025 SSBUCI 11.3448
Rex 1 2025 SSBMedian 10.4738
Rex 1 2025 SSBMean 10.5458
Rex 1 2026 SSBF100 12.0481
Rex 1 2026 SSBFabc 4.81922
Rex 1 2026 SSBFofl 4.21682
Rex 1 2026 SSBLCI 7.24282
Rex 1 2026 SSBUCI 9.52592
Rex 1 2026 SSBMedian 8.09311
Rex 1 2026 SSBMean 8.19069
Rex 1 2027 SSBF100 12.0481
Rex 1 2027 SSBFabc 4.81922
Rex 1 2027 SSBFofl 4.21682
Rex 1 2027 SSBLCI 5.60861
Rex 1 2027 SSBUCI 8.3678
Rex 1 2027 SSBMedian 6.67565
Rex 1 2027 SSBMean 6.80284
Rex 1 2028 SSBF100 12.0481
Rex 1 2028 SSBFabc 4.81922
Rex 1 2028 SSBFofl 4.21682
Rex 1 2028 SSBLCI 4.64658
Rex 1 2028 SSBUCI 7.73554
Rex 1 2028 SSBMedian 5.8553
Rex 1 2028 SSBMean 5.98705
Rex 1 2029 SSBF100 12.0481
Rex 1 2029 SSBFabc 4.81922
Rex 1 2029 SSBFofl 4.21682
Rex 1 2029 SSBLCI 4.15126
Rex 1 2029 SSBUCI 7.23358
Rex 1 2029 SSBMedian 5.38255
Rex 1 2029 SSBMean 5.50751
Rex 1 2030 SSBF100 12.0481
Rex 1 2030 SSBFabc 4.81922
Rex 1 2030 SSBFofl 4.21682
Rex 1 2030 SSBLCI 3.88237
Rex 1 2030 SSBUCI 6.94911
Rex 1 2030 SSBMedian 5.13715
Rex 1 2030 SSBMean 5.23571
Rex 1 2031 SSBF100 12.0481
Rex 1 2031 SSBFabc 4.81922
Rex 1 2031 SSBFofl 4.21682
Rex 1 2031 SSBLCI 3.83335
Rex 1 2031 SSBUCI 6.76498
Rex 1 2031 SSBMedian 4.96183
Rex 1 2031 SSBMean 5.09156
Rex 1 2032 SSBF100 12.0481
Rex 1 2032 SSBFabc 4.81922
Rex 1 2032 SSBFofl 4.21682
Rex 1 2032 SSBLCI 3.81133
Rex 1 2032 SSBUCI 6.60132
Rex 1 2032 SSBMedian 4.8504
Rex 1 2032 SSBMean 5.02256
Rex 1 2033 SSBF100 12.0481
Rex 1 2033 SSBFabc 4.81922
Rex 1 2033 SSBFofl 4.21682
Rex 1 2033 SSBLCI 3.81652
Rex 1 2033 SSBUCI 6.66611
Rex 1 2033 SSBMedian 4.82195
Rex 1 2033 SSBMean 4.99
Rex 1 2034 SSBF100 12.0481
Rex 1 2034 SSBFabc 4.81922
Rex 1 2034 SSBFofl 4.21682
Rex 1 2034 SSBLCI 3.75087
Rex 1 2034 SSBUCI 6.65465
Rex 1 2034 SSBMedian 4.81842
Rex 1 2034 SSBMean 4.96843
Rex 1 2021 F0 0 
Rex 1 2021 Fabc 0.409759
Rex 1 2021 Fofl 0.573207
Rex 1 2021  F_LCI 0.000133444
Rex 1 2021  F_UCI 0.000133444
Rex 1 2021  F_Median 0.000133444
Rex 1 2021  F_Mean 0.000133444
Rex 1 2022 F0 0 
Rex 1 2022 Fabc 0.409759
Rex 1 2022 Fofl 0.573207
Rex 1 2022  F_LCI 0.000116523
Rex 1 2022  F_UCI 0.00011653
Rex 1 2022  F_Median 0.000116527
Rex 1 2022  F_Mean 0.000116527
Rex 1 2023 F0 0 
Rex 1 2023 Fabc 0.409759
Rex 1 2023 Fofl 0.573207
Rex 1 2023  F_LCI 9.51176e-05
Rex 1 2023  F_UCI 9.51764e-05
Rex 1 2023  F_Median 9.51576e-05
Rex 1 2023  F_Mean 9.5154e-05
Rex 1 2024 F0 0 
Rex 1 2024 Fabc 0.409759
Rex 1 2024 Fofl 0.573207
Rex 1 2024  F_LCI 0.409759
Rex 1 2024  F_UCI 0.409759
Rex 1 2024  F_Median 0.409759
Rex 1 2024  F_Mean 0.409759
Rex 1 2025 F0 0 
Rex 1 2025 Fabc 0.409759
Rex 1 2025 Fofl 0.573207
Rex 1 2025  F_LCI 0.409759
Rex 1 2025  F_UCI 0.409759
Rex 1 2025  F_Median 0.409759
Rex 1 2025  F_Mean 0.409759
Rex 1 2026 F0 0 
Rex 1 2026 Fabc 0.409759
Rex 1 2026 Fofl 0.573207
Rex 1 2026  F_LCI 0.409759
Rex 1 2026  F_UCI 0.409759
Rex 1 2026  F_Median 0.409759
Rex 1 2026  F_Mean 0.409759
Rex 1 2027 F0 0 
Rex 1 2027 Fabc 0.409759
Rex 1 2027 Fofl 0.573207
Rex 1 2027  F_LCI 0.409759
Rex 1 2027  F_UCI 0.409759
Rex 1 2027  F_Median 0.409759
Rex 1 2027  F_Mean 0.409759
Rex 1 2028 F0 0 
Rex 1 2028 Fabc 0.409759
Rex 1 2028 Fofl 0.573207
Rex 1 2028  F_LCI 0.394306
Rex 1 2028  F_UCI 0.409759
Rex 1 2028  F_Median 0.409759
Rex 1 2028  F_Mean 0.407752
Rex 1 2029 F0 0 
Rex 1 2029 Fabc 0.409759
Rex 1 2029 Fofl 0.573207
Rex 1 2029  F_LCI 0.349975
Rex 1 2029  F_UCI 0.409759
Rex 1 2029  F_Median 0.409759
Rex 1 2029  F_Mean 0.400127
Rex 1 2030 F0 0 
Rex 1 2030 Fabc 0.409759
Rex 1 2030 Fofl 0.573207
Rex 1 2030  F_LCI 0.325909
Rex 1 2030  F_UCI 0.409759
Rex 1 2030  F_Median 0.409759
Rex 1 2030  F_Mean 0.39332
Rex 1 2031 F0 0 
Rex 1 2031 Fabc 0.409759
Rex 1 2031 Fofl 0.573207
Rex 1 2031  F_LCI 0.321522
Rex 1 2031  F_UCI 0.409759
Rex 1 2031  F_Median 0.409759
Rex 1 2031  F_Mean 0.389305
Rex 1 2032 F0 0 
Rex 1 2032 Fabc 0.409759
Rex 1 2032 Fofl 0.573207
Rex 1 2032  F_LCI 0.319551
Rex 1 2032  F_UCI 0.409759
Rex 1 2032  F_Median 0.409759
Rex 1 2032  F_Mean 0.387304
Rex 1 2033 F0 0 
Rex 1 2033 Fabc 0.409759
Rex 1 2033 Fofl 0.573207
Rex 1 2033  F_LCI 0.320016
Rex 1 2033  F_UCI 0.409759
Rex 1 2033  F_Median 0.409759
Rex 1 2033  F_Mean 0.386188
Rex 1 2034 F0 0 
Rex 1 2034 Fabc 0.409759
Rex 1 2034 Fofl 0.573207
Rex 1 2034  F_LCI 0.31414
Rex 1 2034  F_UCI 0.409759
Rex 1 2034  F_Median 0.409687
Rex 1 2034  F_Mean 0.385664
Rex 2 2021 Cabc 2.02344
Rex 2 2021 Cofl 2.21233
Rex 2 2021 CLCI 0.0019
Rex 2 2021 CUCI 0.0019
Rex 2 2021 CMedian 0.0019
Rex 2 2021 CMean 0.0019
Rex 2 2021 CStdn 3.01408e-17
Rex 2 2022 Cabc 2.02344
Rex 2 2022 Cofl 2.21233
Rex 2 2022 CLCI 0.0019
Rex 2 2022 CUCI 0.0019
Rex 2 2022 CMedian 0.0019
Rex 2 2022 CMean 0.0019
Rex 2 2022 CStdn 4.40635e-13
Rex 2 2023 Cabc 2.02344
Rex 2 2023 Cofl 2.21233
Rex 2 2023 CLCI 0.0019
Rex 2 2023 CUCI 0.0019
Rex 2 2023 CMedian 0.0019
Rex 2 2023 CMean 0.0019
Rex 2 2023 CStdn 5.29198e-12
Rex 2 2024 Cabc 2.02344
Rex 2 2024 Cofl 2.21233
Rex 2 2024 CLCI 7.39609
Rex 2 2024 CUCI 7.43073
Rex 2 2024 CMedian 7.40753
Rex 2 2024 CMean 7.40969
Rex 2 2024 CStdn 0.0117719
Rex 2 2025 Cabc 2.02344
Rex 2 2025 Cofl 2.21233
Rex 2 2025 CLCI 5.23556
Rex 2 2025 CUCI 5.38888
Rex 2 2025 CMedian 5.28751
Rex 2 2025 CMean 5.29673
Rex 2 2025 CStdn 0.0518427
Rex 2 2026 Cabc 2.02344
Rex 2 2026 Cofl 2.21233
Rex 2 2026 CLCI 3.63118
Rex 2 2026 CUCI 4.23155
Rex 2 2026 CMedian 3.83873
Rex 2 2026 CMean 3.87439
Rex 2 2026 CStdn 0.203554
Rex 2 2027 Cabc 2.02344
Rex 2 2027 Cofl 2.21233
Rex 2 2027 CLCI 2.5736
Rex 2 2027 CUCI 3.69277
Rex 2 2027 CMedian 2.99624
Rex 2 2027 CMean 3.05375
Rex 2 2027 CStdn 0.381977
Rex 2 2028 Cabc 2.02344
Rex 2 2028 Cofl 2.21233
Rex 2 2028 CLCI 1.99063
Rex 2 2028 CUCI 3.35526
Rex 2 2028 CMedian 2.52362
Rex 2 2028 CMean 2.5748
Rex 2 2028 CStdn 0.443097
Rex 2 2029 Cabc 2.02344
Rex 2 2029 Cofl 2.21233
Rex 2 2029 CLCI 1.53098
Rex 2 2029 CUCI 3.07763
Rex 2 2029 CMedian 2.25259
Rex 2 2029 CMean 2.27633
Rex 2 2029 CStdn 0.475201
Rex 2 2030 Cabc 2.02344
Rex 2 2030 Cofl 2.21233
Rex 2 2030 CLCI 1.33911
Rex 2 2030 CUCI 2.94132
Rex 2 2030 CMedian 2.08119
Rex 2 2030 CMean 2.09731
Rex 2 2030 CStdn 0.486381
Rex 2 2031 Cabc 2.02344
Rex 2 2031 Cofl 2.21233
Rex 2 2031 CLCI 1.26259
Rex 2 2031 CUCI 2.86519
Rex 2 2031 CMedian 1.97199
Rex 2 2031 CMean 1.99761
Rex 2 2031 CStdn 0.477717
Rex 2 2032 Cabc 2.02344
Rex 2 2032 Cofl 2.21233
Rex 2 2032 CLCI 1.24446
Rex 2 2032 CUCI 2.76256
Rex 2 2032 CMedian 1.90257
Rex 2 2032 CMean 1.94911
Rex 2 2032 CStdn 0.467499
Rex 2 2033 Cabc 2.02344
Rex 2 2033 Cofl 2.21233
Rex 2 2033 CLCI 1.25732
Rex 2 2033 CUCI 2.7358
Rex 2 2033 CMedian 1.87912
Rex 2 2033 CMean 1.92573
Rex 2 2033 CStdn 0.46029
Rex 2 2034 Cabc 2.02344
Rex 2 2034 Cofl 2.21233
Rex 2 2034 CLCI 1.23699
Rex 2 2034 CUCI 2.7596
Rex 2 2034 CMedian 1.88664
Rex 2 2034 CMean 1.9192
Rex 2 2034 CStdn 0.465836
Rex 2 2021 SSBF100 12.0481
Rex 2 2021 SSBFabc 4.81922
Rex 2 2021 SSBFofl 4.21682
Rex 2 2021 SSBLCI 11.5686
Rex 2 2021 SSBUCI 11.5686
Rex 2 2021 SSBMedian 11.5686
Rex 2 2021 SSBMean 11.5686
Rex 2 2022 SSBF100 12.0481
Rex 2 2022 SSBFabc 4.81922
Rex 2 2022 SSBFofl 4.21682
Rex 2 2022 SSBLCI 12.8621
Rex 2 2022 SSBUCI 12.9041
Rex 2 2022 SSBMedian 12.875
Rex 2 2022 SSBMean 12.878
Rex 2 2023 SSBF100 12.0481
Rex 2 2023 SSBFabc 4.81922
Rex 2 2023 SSBFofl 4.21682
Rex 2 2023 SSBLCI 13.7363
Rex 2 2023 SSBUCI 13.9283
Rex 2 2023 SSBMedian 13.8017
Rex 2 2023 SSBMean 13.8128
Rex 2 2024 SSBF100 12.0481
Rex 2 2024 SSBFabc 4.81922
Rex 2 2024 SSBFofl 4.21682
Rex 2 2024 SSBLCI 13.9781
Rex 2 2024 SSBUCI 14.5832
Rex 2 2024 SSBMedian 14.193
Rex 2 2024 SSBMean 14.2295
Rex 2 2025 SSBF100 12.0481
Rex 2 2025 SSBFabc 4.81922
Rex 2 2025 SSBFofl 4.21682
Rex 2 2025 SSBLCI 9.97311
Rex 2 2025 SSBUCI 11.3448
Rex 2 2025 SSBMedian 10.4738
Rex 2 2025 SSBMean 10.5458
Rex 2 2026 SSBF100 12.0481
Rex 2 2026 SSBFabc 4.81922
Rex 2 2026 SSBFofl 4.21682
Rex 2 2026 SSBLCI 7.24282
Rex 2 2026 SSBUCI 9.52592
Rex 2 2026 SSBMedian 8.09311
Rex 2 2026 SSBMean 8.19069
Rex 2 2027 SSBF100 12.0481
Rex 2 2027 SSBFabc 4.81922
Rex 2 2027 SSBFofl 4.21682
Rex 2 2027 SSBLCI 5.60861
Rex 2 2027 SSBUCI 8.3678
Rex 2 2027 SSBMedian 6.67565
Rex 2 2027 SSBMean 6.80284
Rex 2 2028 SSBF100 12.0481
Rex 2 2028 SSBFabc 4.81922
Rex 2 2028 SSBFofl 4.21682
Rex 2 2028 SSBLCI 4.64658
Rex 2 2028 SSBUCI 7.73554
Rex 2 2028 SSBMedian 5.8553
Rex 2 2028 SSBMean 5.98705
Rex 2 2029 SSBF100 12.0481
Rex 2 2029 SSBFabc 4.81922
Rex 2 2029 SSBFofl 4.21682
Rex 2 2029 SSBLCI 4.15126
Rex 2 2029 SSBUCI 7.23358
Rex 2 2029 SSBMedian 5.38255
Rex 2 2029 SSBMean 5.50751
Rex 2 2030 SSBF100 12.0481
Rex 2 2030 SSBFabc 4.81922
Rex 2 2030 SSBFofl 4.21682
Rex 2 2030 SSBLCI 3.88237
Rex 2 2030 SSBUCI 6.94911
Rex 2 2030 SSBMedian 5.13715
Rex 2 2030 SSBMean 5.23571
Rex 2 2031 SSBF100 12.0481
Rex 2 2031 SSBFabc 4.81922
Rex 2 2031 SSBFofl 4.21682
Rex 2 2031 SSBLCI 3.83335
Rex 2 2031 SSBUCI 6.76498
Rex 2 2031 SSBMedian 4.96183
Rex 2 2031 SSBMean 5.09156
Rex 2 2032 SSBF100 12.0481
Rex 2 2032 SSBFabc 4.81922
Rex 2 2032 SSBFofl 4.21682
Rex 2 2032 SSBLCI 3.81133
Rex 2 2032 SSBUCI 6.60132
Rex 2 2032 SSBMedian 4.8504
Rex 2 2032 SSBMean 5.02256
Rex 2 2033 SSBF100 12.0481
Rex 2 2033 SSBFabc 4.81922
Rex 2 2033 SSBFofl 4.21682
Rex 2 2033 SSBLCI 3.81652
Rex 2 2033 SSBUCI 6.66611
Rex 2 2033 SSBMedian 4.82195
Rex 2 2033 SSBMean 4.99
Rex 2 2034 SSBF100 12.0481
Rex 2 2034 SSBFabc 4.81922
Rex 2 2034 SSBFofl 4.21682
Rex 2 2034 SSBLCI 3.75087
Rex 2 2034 SSBUCI 6.65465
Rex 2 2034 SSBMedian 4.81842
Rex 2 2034 SSBMean 4.96843
Rex 2 2021 F0 0 
Rex 2 2021 Fabc 0.409759
Rex 2 2021 Fofl 0.573207
Rex 2 2021  F_LCI 0.000133444
Rex 2 2021  F_UCI 0.000133444
Rex 2 2021  F_Median 0.000133444
Rex 2 2021  F_Mean 0.000133444
Rex 2 2022 F0 0 
Rex 2 2022 Fabc 0.409759
Rex 2 2022 Fofl 0.573207
Rex 2 2022  F_LCI 0.000116523
Rex 2 2022  F_UCI 0.00011653
Rex 2 2022  F_Median 0.000116527
Rex 2 2022  F_Mean 0.000116527
Rex 2 2023 F0 0 
Rex 2 2023 Fabc 0.409759
Rex 2 2023 Fofl 0.573207
Rex 2 2023  F_LCI 9.51176e-05
Rex 2 2023  F_UCI 9.51764e-05
Rex 2 2023  F_Median 9.51576e-05
Rex 2 2023  F_Mean 9.5154e-05
Rex 2 2024 F0 0 
Rex 2 2024 Fabc 0.409759
Rex 2 2024 Fofl 0.573207
Rex 2 2024  F_LCI 0.409759
Rex 2 2024  F_UCI 0.409759
Rex 2 2024  F_Median 0.409759
Rex 2 2024  F_Mean 0.409759
Rex 2 2025 F0 0 
Rex 2 2025 Fabc 0.409759
Rex 2 2025 Fofl 0.573207
Rex 2 2025  F_LCI 0.409759
Rex 2 2025  F_UCI 0.409759
Rex 2 2025  F_Median 0.409759
Rex 2 2025  F_Mean 0.409759
Rex 2 2026 F0 0 
Rex 2 2026 Fabc 0.409759
Rex 2 2026 Fofl 0.573207
Rex 2 2026  F_LCI 0.409759
Rex 2 2026  F_UCI 0.409759
Rex 2 2026  F_Median 0.409759
Rex 2 2026  F_Mean 0.409759
Rex 2 2027 F0 0 
Rex 2 2027 Fabc 0.409759
Rex 2 2027 Fofl 0.573207
Rex 2 2027  F_LCI 0.409759
Rex 2 2027  F_UCI 0.409759
Rex 2 2027  F_Median 0.409759
Rex 2 2027  F_Mean 0.409759
Rex 2 2028 F0 0 
Rex 2 2028 Fabc 0.409759
Rex 2 2028 Fofl 0.573207
Rex 2 2028  F_LCI 0.394306
Rex 2 2028  F_UCI 0.409759
Rex 2 2028  F_Median 0.409759
Rex 2 2028  F_Mean 0.407752
Rex 2 2029 F0 0 
Rex 2 2029 Fabc 0.409759
Rex 2 2029 Fofl 0.573207
Rex 2 2029  F_LCI 0.349975
Rex 2 2029  F_UCI 0.409759
Rex 2 2029  F_Median 0.409759
Rex 2 2029  F_Mean 0.400127
Rex 2 2030 F0 0 
Rex 2 2030 Fabc 0.409759
Rex 2 2030 Fofl 0.573207
Rex 2 2030  F_LCI 0.325909
Rex 2 2030  F_UCI 0.409759
Rex 2 2030  F_Median 0.409759
Rex 2 2030  F_Mean 0.39332
Rex 2 2031 F0 0 
Rex 2 2031 Fabc 0.409759
Rex 2 2031 Fofl 0.573207
Rex 2 2031  F_LCI 0.321522
Rex 2 2031  F_UCI 0.409759
Rex 2 2031  F_Median 0.409759
Rex 2 2031  F_Mean 0.389305
Rex 2 2032 F0 0 
Rex 2 2032 Fabc 0.409759
Rex 2 2032 Fofl 0.573207
Rex 2 2032  F_LCI 0.319551
Rex 2 2032  F_UCI 0.409759
Rex 2 2032  F_Median 0.409759
Rex 2 2032  F_Mean 0.387304
Rex 2 2033 F0 0 
Rex 2 2033 Fabc 0.409759
Rex 2 2033 Fofl 0.573207
Rex 2 2033  F_LCI 0.320016
Rex 2 2033  F_UCI 0.409759
Rex 2 2033  F_Median 0.409759
Rex 2 2033  F_Mean 0.386188
Rex 2 2034 F0 0 
Rex 2 2034 Fabc 0.409759
Rex 2 2034 Fofl 0.573207
Rex 2 2034  F_LCI 0.31414
Rex 2 2034  F_UCI 0.409759
Rex 2 2034  F_Median 0.409687
Rex 2 2034  F_Mean 0.385664
Rex 3 2021 Cabc 2.02344
Rex 3 2021 Cofl 2.21233
Rex 3 2021 CLCI 0.0019
Rex 3 2021 CUCI 0.0019
Rex 3 2021 CMedian 0.0019
Rex 3 2021 CMean 0.0019
Rex 3 2021 CStdn 3.01408e-17
Rex 3 2022 Cabc 2.02344
Rex 3 2022 Cofl 2.21233
Rex 3 2022 CLCI 0.0019
Rex 3 2022 CUCI 0.0019
Rex 3 2022 CMedian 0.0019
Rex 3 2022 CMean 0.0019
Rex 3 2022 CStdn 4.40635e-13
Rex 3 2023 Cabc 2.02344
Rex 3 2023 Cofl 2.21233
Rex 3 2023 CLCI 0.0019
Rex 3 2023 CUCI 0.0019
Rex 3 2023 CMedian 0.0019
Rex 3 2023 CMean 0.0019
Rex 3 2023 CStdn 5.29198e-12
Rex 3 2024 Cabc 2.02344
Rex 3 2024 Cofl 2.21233
Rex 3 2024 CLCI 0
Rex 3 2024 CUCI 0
Rex 3 2024 CMedian 0
Rex 3 2024 CMean 0
Rex 3 2024 CStdn 0
Rex 3 2025 Cabc 2.02344
Rex 3 2025 Cofl 2.21233
Rex 3 2025 CLCI 0
Rex 3 2025 CUCI 0
Rex 3 2025 CMedian 0
Rex 3 2025 CMean 0
Rex 3 2025 CStdn 0
Rex 3 2026 Cabc 2.02344
Rex 3 2026 Cofl 2.21233
Rex 3 2026 CLCI 0
Rex 3 2026 CUCI 0
Rex 3 2026 CMedian 0
Rex 3 2026 CMean 0
Rex 3 2026 CStdn 0
Rex 3 2027 Cabc 2.02344
Rex 3 2027 Cofl 2.21233
Rex 3 2027 CLCI 0
Rex 3 2027 CUCI 0
Rex 3 2027 CMedian 0
Rex 3 2027 CMean 0
Rex 3 2027 CStdn 0
Rex 3 2028 Cabc 2.02344
Rex 3 2028 Cofl 2.21233
Rex 3 2028 CLCI 0
Rex 3 2028 CUCI 0
Rex 3 2028 CMedian 0
Rex 3 2028 CMean 0
Rex 3 2028 CStdn 0
Rex 3 2029 Cabc 2.02344
Rex 3 2029 Cofl 2.21233
Rex 3 2029 CLCI 0
Rex 3 2029 CUCI 0
Rex 3 2029 CMedian 0
Rex 3 2029 CMean 0
Rex 3 2029 CStdn 0
Rex 3 2030 Cabc 2.02344
Rex 3 2030 Cofl 2.21233
Rex 3 2030 CLCI 0
Rex 3 2030 CUCI 0
Rex 3 2030 CMedian 0
Rex 3 2030 CMean 0
Rex 3 2030 CStdn 0
Rex 3 2031 Cabc 2.02344
Rex 3 2031 Cofl 2.21233
Rex 3 2031 CLCI 0
Rex 3 2031 CUCI 0
Rex 3 2031 CMedian 0
Rex 3 2031 CMean 0
Rex 3 2031 CStdn 0
Rex 3 2032 Cabc 2.02344
Rex 3 2032 Cofl 2.21233
Rex 3 2032 CLCI 0
Rex 3 2032 CUCI 0
Rex 3 2032 CMedian 0
Rex 3 2032 CMean 0
Rex 3 2032 CStdn 0
Rex 3 2033 Cabc 2.02344
Rex 3 2033 Cofl 2.21233
Rex 3 2033 CLCI 0
Rex 3 2033 CUCI 0
Rex 3 2033 CMedian 0
Rex 3 2033 CMean 0
Rex 3 2033 CStdn 0
Rex 3 2034 Cabc 2.02344
Rex 3 2034 Cofl 2.21233
Rex 3 2034 CLCI 0
Rex 3 2034 CUCI 0
Rex 3 2034 CMedian 0
Rex 3 2034 CMean 0
Rex 3 2034 CStdn 0
Rex 3 2021 SSBF100 12.0481
Rex 3 2021 SSBFabc 4.81922
Rex 3 2021 SSBFofl 4.21682
Rex 3 2021 SSBLCI 11.5686
Rex 3 2021 SSBUCI 11.5686
Rex 3 2021 SSBMedian 11.5686
Rex 3 2021 SSBMean 11.5686
Rex 3 2022 SSBF100 12.0481
Rex 3 2022 SSBFabc 4.81922
Rex 3 2022 SSBFofl 4.21682
Rex 3 2022 SSBLCI 12.8621
Rex 3 2022 SSBUCI 12.9041
Rex 3 2022 SSBMedian 12.875
Rex 3 2022 SSBMean 12.878
Rex 3 2023 SSBF100 12.0481
Rex 3 2023 SSBFabc 4.81922
Rex 3 2023 SSBFofl 4.21682
Rex 3 2023 SSBLCI 13.7363
Rex 3 2023 SSBUCI 13.9283
Rex 3 2023 SSBMedian 13.8017
Rex 3 2023 SSBMean 13.8128
Rex 3 2024 SSBF100 12.0481
Rex 3 2024 SSBFabc 4.81922
Rex 3 2024 SSBFofl 4.21682
Rex 3 2024 SSBLCI 13.9781
Rex 3 2024 SSBUCI 14.5832
Rex 3 2024 SSBMedian 14.193
Rex 3 2024 SSBMean 14.2295
Rex 3 2025 SSBF100 12.0481
Rex 3 2025 SSBFabc 4.81922
Rex 3 2025 SSBFofl 4.21682
Rex 3 2025 SSBLCI 13.719
Rex 3 2025 SSBUCI 15.0907
Rex 3 2025 SSBMedian 14.2197
Rex 3 2025 SSBMean 14.2916
Rex 3 2026 SSBF100 12.0481
Rex 3 2026 SSBFabc 4.81922
Rex 3 2026 SSBFofl 4.21682
Rex 3 2026 SSBLCI 13.2317
Rex 3 2026 SSBUCI 15.5182
Rex 3 2026 SSBMedian 14.0857
Rex 3 2026 SSBMean 14.1834
Rex 3 2027 SSBF100 12.0481
Rex 3 2027 SSBFabc 4.81922
Rex 3 2027 SSBFofl 4.21682
Rex 3 2027 SSBLCI 12.7359
Rex 3 2027 SSBUCI 15.7265
Rex 3 2027 SSBMedian 13.8824
Rex 3 2027 SSBMean 14.0084
Rex 3 2028 SSBF100 12.0481
Rex 3 2028 SSBFabc 4.81922
Rex 3 2028 SSBFofl 4.21682
Rex 3 2028 SSBLCI 12.2365
Rex 3 2028 SSBUCI 15.8698
Rex 3 2028 SSBMedian 13.6673
Rex 3 2028 SSBMean 13.8067
Rex 3 2029 SSBF100 12.0481
Rex 3 2029 SSBFabc 4.81922
Rex 3 2029 SSBFofl 4.21682
Rex 3 2029 SSBLCI 11.7535
Rex 3 2029 SSBUCI 15.8517
Rex 3 2029 SSBMedian 13.4438
Rex 3 2029 SSBMean 13.5991
Rex 3 2030 SSBF100 12.0481
Rex 3 2030 SSBFabc 4.81922
Rex 3 2030 SSBFofl 4.21682
Rex 3 2030 SSBLCI 11.3839
Rex 3 2030 SSBUCI 15.7703
Rex 3 2030 SSBMedian 13.2641
Rex 3 2030 SSBMean 13.4002
Rex 3 2031 SSBF100 12.0481
Rex 3 2031 SSBFabc 4.81922
Rex 3 2031 SSBFofl 4.21682
Rex 3 2031 SSBLCI 11.1542
Rex 3 2031 SSBUCI 15.7307
Rex 3 2031 SSBMedian 13.1116
Rex 3 2031 SSBMean 13.2199
Rex 3 2032 SSBF100 12.0481
Rex 3 2032 SSBFabc 4.81922
Rex 3 2032 SSBFofl 4.21682
Rex 3 2032 SSBLCI 10.9491
Rex 3 2032 SSBUCI 15.6066
Rex 3 2032 SSBMedian 12.9173
Rex 3 2032 SSBMean 13.0625
Rex 3 2033 SSBF100 12.0481
Rex 3 2033 SSBFabc 4.81922
Rex 3 2033 SSBFofl 4.21682
Rex 3 2033 SSBLCI 10.7874
Rex 3 2033 SSBUCI 15.5574
Rex 3 2033 SSBMedian 12.7686
Rex 3 2033 SSBMean 12.9257
Rex 3 2034 SSBF100 12.0481
Rex 3 2034 SSBFabc 4.81922
Rex 3 2034 SSBFofl 4.21682
Rex 3 2034 SSBLCI 10.5483
Rex 3 2034 SSBUCI 15.5173
Rex 3 2034 SSBMedian 12.6441
Rex 3 2034 SSBMean 12.8005
Rex 3 2021 F0 0 
Rex 3 2021 Fabc 0.409759
Rex 3 2021 Fofl 0.573207
Rex 3 2021  F_LCI 0.000133444
Rex 3 2021  F_UCI 0.000133444
Rex 3 2021  F_Median 0.000133444
Rex 3 2021  F_Mean 0.000133444
Rex 3 2022 F0 0 
Rex 3 2022 Fabc 0.409759
Rex 3 2022 Fofl 0.573207
Rex 3 2022  F_LCI 0.000116523
Rex 3 2022  F_UCI 0.00011653
Rex 3 2022  F_Median 0.000116527
Rex 3 2022  F_Mean 0.000116527
Rex 3 2023 F0 0 
Rex 3 2023 Fabc 0.409759
Rex 3 2023 Fofl 0.573207
Rex 3 2023  F_LCI 9.51176e-05
Rex 3 2023  F_UCI 9.51764e-05
Rex 3 2023  F_Median 9.51576e-05
Rex 3 2023  F_Mean 9.5154e-05
Rex 3 2024 F0 0 
Rex 3 2024 Fabc 0.409759
Rex 3 2024 Fofl 0.573207
Rex 3 2024  F_LCI 0
Rex 3 2024  F_UCI 0
Rex 3 2024  F_Median 0
Rex 3 2024  F_Mean 0
Rex 3 2025 F0 0 
Rex 3 2025 Fabc 0.409759
Rex 3 2025 Fofl 0.573207
Rex 3 2025  F_LCI 0
Rex 3 2025  F_UCI 0
Rex 3 2025  F_Median 0
Rex 3 2025  F_Mean 0
Rex 3 2026 F0 0 
Rex 3 2026 Fabc 0.409759
Rex 3 2026 Fofl 0.573207
Rex 3 2026  F_LCI 0
Rex 3 2026  F_UCI 0
Rex 3 2026  F_Median 0
Rex 3 2026  F_Mean 0
Rex 3 2027 F0 0 
Rex 3 2027 Fabc 0.409759
Rex 3 2027 Fofl 0.573207
Rex 3 2027  F_LCI 0
Rex 3 2027  F_UCI 0
Rex 3 2027  F_Median 0
Rex 3 2027  F_Mean 0
Rex 3 2028 F0 0 
Rex 3 2028 Fabc 0.409759
Rex 3 2028 Fofl 0.573207
Rex 3 2028  F_LCI 0
Rex 3 2028  F_UCI 0
Rex 3 2028  F_Median 0
Rex 3 2028  F_Mean 0
Rex 3 2029 F0 0 
Rex 3 2029 Fabc 0.409759
Rex 3 2029 Fofl 0.573207
Rex 3 2029  F_LCI 0
Rex 3 2029  F_UCI 0
Rex 3 2029  F_Median 0
Rex 3 2029  F_Mean 0
Rex 3 2030 F0 0 
Rex 3 2030 Fabc 0.409759
Rex 3 2030 Fofl 0.573207
Rex 3 2030  F_LCI 0
Rex 3 2030  F_UCI 0
Rex 3 2030  F_Median 0
Rex 3 2030  F_Mean 0
Rex 3 2031 F0 0 
Rex 3 2031 Fabc 0.409759
Rex 3 2031 Fofl 0.573207
Rex 3 2031  F_LCI 0
Rex 3 2031  F_UCI 0
Rex 3 2031  F_Median 0
Rex 3 2031  F_Mean 0
Rex 3 2032 F0 0 
Rex 3 2032 Fabc 0.409759
Rex 3 2032 Fofl 0.573207
Rex 3 2032  F_LCI 0
Rex 3 2032  F_UCI 0
Rex 3 2032  F_Median 0
Rex 3 2032  F_Mean 0
Rex 3 2033 F0 0 
Rex 3 2033 Fabc 0.409759
Rex 3 2033 Fofl 0.573207
Rex 3 2033  F_LCI 0
Rex 3 2033  F_UCI 0
Rex 3 2033  F_Median 0
Rex 3 2033  F_Mean 0
Rex 3 2034 F0 0 
Rex 3 2034 Fabc 0.409759
Rex 3 2034 Fofl 0.573207
Rex 3 2034  F_LCI 0
Rex 3 2034  F_UCI 0
Rex 3 2034  F_Median 0
Rex 3 2034  F_Mean 0
Rex 4 2021 Cabc 2.02344
Rex 4 2021 Cofl 2.21233
Rex 4 2021 CLCI 0.0019
Rex 4 2021 CUCI 0.0019
Rex 4 2021 CMedian 0.0019
Rex 4 2021 CMean 0.0019
Rex 4 2021 CStdn 3.01408e-17
Rex 4 2022 Cabc 2.02344
Rex 4 2022 Cofl 2.21233
Rex 4 2022 CLCI 0.0019
Rex 4 2022 CUCI 0.0019
Rex 4 2022 CMedian 0.0019
Rex 4 2022 CMean 0.0019
Rex 4 2022 CStdn 4.40635e-13
Rex 4 2023 Cabc 2.02344
Rex 4 2023 Cofl 2.21233
Rex 4 2023 CLCI 0.0019
Rex 4 2023 CUCI 0.0019
Rex 4 2023 CMedian 0.0019
Rex 4 2023 CMean 0.0019
Rex 4 2023 CStdn 5.29198e-12
Rex 4 2024 Cabc 2.02344
Rex 4 2024 Cofl 2.21233
Rex 4 2024 CLCI 1.42622
Rex 4 2024 CUCI 1.43201
Rex 4 2024 CMedian 1.42813
Rex 4 2024 CMean 1.42849
Rex 4 2024 CStdn 0.00196863
Rex 4 2025 Cabc 2.02344
Rex 4 2025 Cofl 2.21233
Rex 4 2025 CLCI 1.35158
Rex 4 2025 CUCI 1.37812
Rex 4 2025 CMedian 1.36054
Rex 4 2025 CMean 1.36212
Rex 4 2025 CStdn 0.0089753
Rex 4 2026 Cabc 2.02344
Rex 4 2026 Cofl 2.21233
Rex 4 2026 CLCI 1.22384
Rex 4 2026 CUCI 1.33552
Rex 4 2026 CMedian 1.26209
Rex 4 2026 CMean 1.26876
Rex 4 2026 CStdn 0.0377949
Rex 4 2027 Cabc 2.02344
Rex 4 2027 Cofl 2.21233
Rex 4 2027 CLCI 1.08751
Rex 4 2027 CUCI 1.33553
Rex 4 2027 CMedian 1.1771
Rex 4 2027 CMean 1.19084
Rex 4 2027 CStdn 0.0834322
Rex 4 2028 Cabc 2.02344
Rex 4 2028 Cofl 2.21233
Rex 4 2028 CLCI 0.988006
Rex 4 2028 CUCI 1.31216
Rex 4 2028 CMedian 1.10831
Rex 4 2028 CMean 1.12651
Rex 4 2028 CStdn 0.106973
Rex 4 2029 Cabc 2.02344
Rex 4 2029 Cofl 2.21233
Rex 4 2029 CLCI 0.916648
Rex 4 2029 CUCI 1.28081
Rex 4 2029 CMedian 1.05563
Rex 4 2029 CMean 1.07308
Rex 4 2029 CStdn 0.117637
Rex 4 2030 Cabc 2.02344
Rex 4 2030 Cofl 2.21233
Rex 4 2030 CLCI 0.849894
Rex 4 2030 CUCI 1.24939
Rex 4 2030 CMedian 1.01158
Rex 4 2030 CMean 1.02758
Rex 4 2030 CStdn 0.124455
Rex 4 2031 Cabc 2.02344
Rex 4 2031 Cofl 2.21233
Rex 4 2031 CLCI 0.803343
Rex 4 2031 CUCI 1.21609
Rex 4 2031 CMedian 0.974202
Rex 4 2031 CMean 0.989727
Rex 4 2031 CStdn 0.128342
Rex 4 2032 Cabc 2.02344
Rex 4 2032 Cofl 2.21233
Rex 4 2032 CLCI 0.765252
Rex 4 2032 CUCI 1.1887
Rex 4 2032 CMedian 0.944835
Rex 4 2032 CMean 0.959897
Rex 4 2032 CStdn 0.130327
Rex 4 2033 Cabc 2.02344
Rex 4 2033 Cofl 2.21233
Rex 4 2033 CLCI 0.74972
Rex 4 2033 CUCI 1.16838
Rex 4 2033 CMedian 0.919854
Rex 4 2033 CMean 0.936293
Rex 4 2033 CStdn 0.130654
Rex 4 2034 Cabc 2.02344
Rex 4 2034 Cofl 2.21233
Rex 4 2034 CLCI 0.730506
Rex 4 2034 CUCI 1.15472
Rex 4 2034 CMedian 0.89988
Rex 4 2034 CMean 0.918357
Rex 4 2034 CStdn 0.131716
Rex 4 2021 SSBF100 12.0481
Rex 4 2021 SSBFabc 4.81922
Rex 4 2021 SSBFofl 4.21682
Rex 4 2021 SSBLCI 11.5686
Rex 4 2021 SSBUCI 11.5686
Rex 4 2021 SSBMedian 11.5686
Rex 4 2021 SSBMean 11.5686
Rex 4 2022 SSBF100 12.0481
Rex 4 2022 SSBFabc 4.81922
Rex 4 2022 SSBFofl 4.21682
Rex 4 2022 SSBLCI 12.8621
Rex 4 2022 SSBUCI 12.9041
Rex 4 2022 SSBMedian 12.875
Rex 4 2022 SSBMean 12.878
Rex 4 2023 SSBF100 12.0481
Rex 4 2023 SSBFabc 4.81922
Rex 4 2023 SSBFofl 4.21682
Rex 4 2023 SSBLCI 13.7363
Rex 4 2023 SSBUCI 13.9283
Rex 4 2023 SSBMedian 13.8017
Rex 4 2023 SSBMean 13.8128
Rex 4 2024 SSBF100 12.0481
Rex 4 2024 SSBFabc 4.81922
Rex 4 2024 SSBFofl 4.21682
Rex 4 2024 SSBLCI 13.9781
Rex 4 2024 SSBUCI 14.5832
Rex 4 2024 SSBMedian 14.193
Rex 4 2024 SSBMean 14.2295
Rex 4 2025 SSBF100 12.0481
Rex 4 2025 SSBFabc 4.81922
Rex 4 2025 SSBFofl 4.21682
Rex 4 2025 SSBLCI 12.9909
Rex 4 2025 SSBUCI 14.3627
Rex 4 2025 SSBMedian 13.4916
Rex 4 2025 SSBMean 13.5636
Rex 4 2026 SSBF100 12.0481
Rex 4 2026 SSBFabc 4.81922
Rex 4 2026 SSBFofl 4.21682
Rex 4 2026 SSBLCI 11.8921
Rex 4 2026 SSBUCI 14.178
Rex 4 2026 SSBMedian 12.7451
Rex 4 2026 SSBMean 12.8431
Rex 4 2027 SSBF100 12.0481
Rex 4 2027 SSBFabc 4.81922
Rex 4 2027 SSBFofl 4.21682
Rex 4 2027 SSBLCI 10.9282
Rex 4 2027 SSBUCI 13.8831
Rex 4 2027 SSBMedian 12.0566
Rex 4 2027 SSBMean 12.1876
Rex 4 2028 SSBF100 12.0481
Rex 4 2028 SSBFabc 4.81922
Rex 4 2028 SSBFofl 4.21682
Rex 4 2028 SSBLCI 10.0983
Rex 4 2028 SSBUCI 13.5768
Rex 4 2028 SSBMedian 11.4769
Rex 4 2028 SSBMean 11.6157
Rex 4 2029 SSBF100 12.0481
Rex 4 2029 SSBFabc 4.81922
Rex 4 2029 SSBFofl 4.21682
Rex 4 2029 SSBLCI 9.37625
Rex 4 2029 SSBUCI 13.1815
Rex 4 2029 SSBMedian 10.9869
Rex 4 2029 SSBMean 11.1275
Rex 4 2030 SSBF100 12.0481
Rex 4 2030 SSBFabc 4.81922
Rex 4 2030 SSBFofl 4.21682
Rex 4 2030 SSBLCI 8.84517
Rex 4 2030 SSBUCI 12.855
Rex 4 2030 SSBMedian 10.6058
Rex 4 2030 SSBMean 10.7195
Rex 4 2031 SSBF100 12.0481
Rex 4 2031 SSBFabc 4.81922
Rex 4 2031 SSBFofl 4.21682
Rex 4 2031 SSBLCI 8.49405
Rex 4 2031 SSBUCI 12.6404
Rex 4 2031 SSBMedian 10.276
Rex 4 2031 SSBMean 10.3869
Rex 4 2032 SSBF100 12.0481
Rex 4 2032 SSBFabc 4.81922
Rex 4 2032 SSBFofl 4.21682
Rex 4 2032 SSBLCI 8.27595
Rex 4 2032 SSBUCI 12.4475
Rex 4 2032 SSBMedian 9.96191
Rex 4 2032 SSBMean 10.1218
Rex 4 2033 SSBF100 12.0481
Rex 4 2033 SSBFabc 4.81922
Rex 4 2033 SSBFofl 4.21682
Rex 4 2033 SSBLCI 7.97599
Rex 4 2033 SSBUCI 12.2459
Rex 4 2033 SSBMedian 9.73454
Rex 4 2033 SSBMean 9.91048
Rex 4 2034 SSBF100 12.0481
Rex 4 2034 SSBFabc 4.81922
Rex 4 2034 SSBFofl 4.21682
Rex 4 2034 SSBLCI 7.79946
Rex 4 2034 SSBUCI 12.1424
Rex 4 2034 SSBMedian 9.58079
Rex 4 2034 SSBMean 9.73522
Rex 4 2021 F0 0 
Rex 4 2021 Fabc 0.409759
Rex 4 2021 Fofl 0.573207
Rex 4 2021  F_LCI 0.000133444
Rex 4 2021  F_UCI 0.000133444
Rex 4 2021  F_Median 0.000133444
Rex 4 2021  F_Mean 0.000133444
Rex 4 2022 F0 0 
Rex 4 2022 Fabc 0.409759
Rex 4 2022 Fofl 0.573207
Rex 4 2022  F_LCI 0.000116523
Rex 4 2022  F_UCI 0.00011653
Rex 4 2022  F_Median 0.000116527
Rex 4 2022  F_Mean 0.000116527
Rex 4 2023 F0 0 
Rex 4 2023 Fabc 0.409759
Rex 4 2023 Fofl 0.573207
Rex 4 2023  F_LCI 9.51176e-05
Rex 4 2023  F_UCI 9.51764e-05
Rex 4 2023  F_Median 9.51576e-05
Rex 4 2023  F_Mean 9.5154e-05
Rex 4 2024 F0 0 
Rex 4 2024 Fabc 0.409759
Rex 4 2024 Fofl 0.573207
Rex 4 2024  F_LCI 0.0679921
Rex 4 2024  F_UCI 0.0679921
Rex 4 2024  F_Median 0.0679921
Rex 4 2024  F_Mean 0.0679921
Rex 4 2025 F0 0 
Rex 4 2025 Fabc 0.409759
Rex 4 2025 Fofl 0.573207
Rex 4 2025  F_LCI 0.0679921
Rex 4 2025  F_UCI 0.0679921
Rex 4 2025  F_Median 0.0679921
Rex 4 2025  F_Mean 0.0679921
Rex 4 2026 F0 0 
Rex 4 2026 Fabc 0.409759
Rex 4 2026 Fofl 0.573207
Rex 4 2026  F_LCI 0.0679921
Rex 4 2026  F_UCI 0.0679921
Rex 4 2026  F_Median 0.0679921
Rex 4 2026  F_Mean 0.0679921
Rex 4 2027 F0 0 
Rex 4 2027 Fabc 0.409759
Rex 4 2027 Fofl 0.573207
Rex 4 2027  F_LCI 0.0679921
Rex 4 2027  F_UCI 0.0679921
Rex 4 2027  F_Median 0.0679921
Rex 4 2027  F_Mean 0.0679921
Rex 4 2028 F0 0 
Rex 4 2028 Fabc 0.409759
Rex 4 2028 Fofl 0.573207
Rex 4 2028  F_LCI 0.0679921
Rex 4 2028  F_UCI 0.0679921
Rex 4 2028  F_Median 0.0679921
Rex 4 2028  F_Mean 0.0679921
Rex 4 2029 F0 0 
Rex 4 2029 Fabc 0.409759
Rex 4 2029 Fofl 0.573207
Rex 4 2029  F_LCI 0.0679921
Rex 4 2029  F_UCI 0.0679921
Rex 4 2029  F_Median 0.0679921
Rex 4 2029  F_Mean 0.0679921
Rex 4 2030 F0 0 
Rex 4 2030 Fabc 0.409759
Rex 4 2030 Fofl 0.573207
Rex 4 2030  F_LCI 0.0679921
Rex 4 2030  F_UCI 0.0679921
Rex 4 2030  F_Median 0.0679921
Rex 4 2030  F_Mean 0.0679921
Rex 4 2031 F0 0 
Rex 4 2031 Fabc 0.409759
Rex 4 2031 Fofl 0.573207
Rex 4 2031  F_LCI 0.0679921
Rex 4 2031  F_UCI 0.0679921
Rex 4 2031  F_Median 0.0679921
Rex 4 2031  F_Mean 0.0679921
Rex 4 2032 F0 0 
Rex 4 2032 Fabc 0.409759
Rex 4 2032 Fofl 0.573207
Rex 4 2032  F_LCI 0.0679921
Rex 4 2032  F_UCI 0.0679921
Rex 4 2032  F_Median 0.0679921
Rex 4 2032  F_Mean 0.0679921
Rex 4 2033 F0 0 
Rex 4 2033 Fabc 0.409759
Rex 4 2033 Fofl 0.573207
Rex 4 2033  F_LCI 0.0679921
Rex 4 2033  F_UCI 0.0679921
Rex 4 2033  F_Median 0.0679921
Rex 4 2033  F_Mean 0.0679921
Rex 4 2034 F0 0 
Rex 4 2034 Fabc 0.409759
Rex 4 2034 Fofl 0.573207
Rex 4 2034  F_LCI 0.0679921
Rex 4 2034  F_UCI 0.0679921
Rex 4 2034  F_Median 0.0679921
Rex 4 2034  F_Mean 0.0679921
Rex 5 2021 Cabc 2.02344
Rex 5 2021 Cofl 2.21233
Rex 5 2021 CLCI 0.0019
Rex 5 2021 CUCI 0.0019
Rex 5 2021 CMedian 0.0019
Rex 5 2021 CMean 0.0019
Rex 5 2021 CStdn 3.01408e-17
Rex 5 2022 Cabc 2.02344
Rex 5 2022 Cofl 2.21233
Rex 5 2022 CLCI 0.0019
Rex 5 2022 CUCI 0.0019
Rex 5 2022 CMedian 0.0019
Rex 5 2022 CMean 0.0019
Rex 5 2022 CStdn 4.40635e-13
Rex 5 2023 Cabc 2.02344
Rex 5 2023 Cofl 2.21233
Rex 5 2023 CLCI 0.0019
Rex 5 2023 CUCI 0.0019
Rex 5 2023 CMedian 0.0019
Rex 5 2023 CMean 0.0019
Rex 5 2023 CStdn 5.29198e-12
Rex 5 2024 Cabc 2.02344
Rex 5 2024 Cofl 2.21233
Rex 5 2024 CLCI 0
Rex 5 2024 CUCI 0
Rex 5 2024 CMedian 0
Rex 5 2024 CMean 0
Rex 5 2024 CStdn 0
Rex 5 2025 Cabc 2.02344
Rex 5 2025 Cofl 2.21233
Rex 5 2025 CLCI 0
Rex 5 2025 CUCI 0
Rex 5 2025 CMedian 0
Rex 5 2025 CMean 0
Rex 5 2025 CStdn 0
Rex 5 2026 Cabc 2.02344
Rex 5 2026 Cofl 2.21233
Rex 5 2026 CLCI 0
Rex 5 2026 CUCI 0
Rex 5 2026 CMedian 0
Rex 5 2026 CMean 0
Rex 5 2026 CStdn 0
Rex 5 2027 Cabc 2.02344
Rex 5 2027 Cofl 2.21233
Rex 5 2027 CLCI 0
Rex 5 2027 CUCI 0
Rex 5 2027 CMedian 0
Rex 5 2027 CMean 0
Rex 5 2027 CStdn 0
Rex 5 2028 Cabc 2.02344
Rex 5 2028 Cofl 2.21233
Rex 5 2028 CLCI 0
Rex 5 2028 CUCI 0
Rex 5 2028 CMedian 0
Rex 5 2028 CMean 0
Rex 5 2028 CStdn 0
Rex 5 2029 Cabc 2.02344
Rex 5 2029 Cofl 2.21233
Rex 5 2029 CLCI 0
Rex 5 2029 CUCI 0
Rex 5 2029 CMedian 0
Rex 5 2029 CMean 0
Rex 5 2029 CStdn 0
Rex 5 2030 Cabc 2.02344
Rex 5 2030 Cofl 2.21233
Rex 5 2030 CLCI 0
Rex 5 2030 CUCI 0
Rex 5 2030 CMedian 0
Rex 5 2030 CMean 0
Rex 5 2030 CStdn 0
Rex 5 2031 Cabc 2.02344
Rex 5 2031 Cofl 2.21233
Rex 5 2031 CLCI 0
Rex 5 2031 CUCI 0
Rex 5 2031 CMedian 0
Rex 5 2031 CMean 0
Rex 5 2031 CStdn 0
Rex 5 2032 Cabc 2.02344
Rex 5 2032 Cofl 2.21233
Rex 5 2032 CLCI 0
Rex 5 2032 CUCI 0
Rex 5 2032 CMedian 0
Rex 5 2032 CMean 0
Rex 5 2032 CStdn 0
Rex 5 2033 Cabc 2.02344
Rex 5 2033 Cofl 2.21233
Rex 5 2033 CLCI 0
Rex 5 2033 CUCI 0
Rex 5 2033 CMedian 0
Rex 5 2033 CMean 0
Rex 5 2033 CStdn 0
Rex 5 2034 Cabc 2.02344
Rex 5 2034 Cofl 2.21233
Rex 5 2034 CLCI 0
Rex 5 2034 CUCI 0
Rex 5 2034 CMedian 0
Rex 5 2034 CMean 0
Rex 5 2034 CStdn 0
Rex 5 2021 SSBF100 12.0481
Rex 5 2021 SSBFabc 4.81922
Rex 5 2021 SSBFofl 4.21682
Rex 5 2021 SSBLCI 11.5686
Rex 5 2021 SSBUCI 11.5686
Rex 5 2021 SSBMedian 11.5686
Rex 5 2021 SSBMean 11.5686
Rex 5 2022 SSBF100 12.0481
Rex 5 2022 SSBFabc 4.81922
Rex 5 2022 SSBFofl 4.21682
Rex 5 2022 SSBLCI 12.8621
Rex 5 2022 SSBUCI 12.9041
Rex 5 2022 SSBMedian 12.875
Rex 5 2022 SSBMean 12.878
Rex 5 2023 SSBF100 12.0481
Rex 5 2023 SSBFabc 4.81922
Rex 5 2023 SSBFofl 4.21682
Rex 5 2023 SSBLCI 13.7363
Rex 5 2023 SSBUCI 13.9283
Rex 5 2023 SSBMedian 13.8017
Rex 5 2023 SSBMean 13.8128
Rex 5 2024 SSBF100 12.0481
Rex 5 2024 SSBFabc 4.81922
Rex 5 2024 SSBFofl 4.21682
Rex 5 2024 SSBLCI 13.9781
Rex 5 2024 SSBUCI 14.5832
Rex 5 2024 SSBMedian 14.193
Rex 5 2024 SSBMean 14.2295
Rex 5 2025 SSBF100 12.0481
Rex 5 2025 SSBFabc 4.81922
Rex 5 2025 SSBFofl 4.21682
Rex 5 2025 SSBLCI 13.719
Rex 5 2025 SSBUCI 15.0907
Rex 5 2025 SSBMedian 14.2197
Rex 5 2025 SSBMean 14.2916
Rex 5 2026 SSBF100 12.0481
Rex 5 2026 SSBFabc 4.81922
Rex 5 2026 SSBFofl 4.21682
Rex 5 2026 SSBLCI 13.2317
Rex 5 2026 SSBUCI 15.5182
Rex 5 2026 SSBMedian 14.0857
Rex 5 2026 SSBMean 14.1834
Rex 5 2027 SSBF100 12.0481
Rex 5 2027 SSBFabc 4.81922
Rex 5 2027 SSBFofl 4.21682
Rex 5 2027 SSBLCI 12.7359
Rex 5 2027 SSBUCI 15.7265
Rex 5 2027 SSBMedian 13.8824
Rex 5 2027 SSBMean 14.0084
Rex 5 2028 SSBF100 12.0481
Rex 5 2028 SSBFabc 4.81922
Rex 5 2028 SSBFofl 4.21682
Rex 5 2028 SSBLCI 12.2365
Rex 5 2028 SSBUCI 15.8698
Rex 5 2028 SSBMedian 13.6673
Rex 5 2028 SSBMean 13.8067
Rex 5 2029 SSBF100 12.0481
Rex 5 2029 SSBFabc 4.81922
Rex 5 2029 SSBFofl 4.21682
Rex 5 2029 SSBLCI 11.7535
Rex 5 2029 SSBUCI 15.8517
Rex 5 2029 SSBMedian 13.4438
Rex 5 2029 SSBMean 13.5991
Rex 5 2030 SSBF100 12.0481
Rex 5 2030 SSBFabc 4.81922
Rex 5 2030 SSBFofl 4.21682
Rex 5 2030 SSBLCI 11.3839
Rex 5 2030 SSBUCI 15.7703
Rex 5 2030 SSBMedian 13.2641
Rex 5 2030 SSBMean 13.4002
Rex 5 2031 SSBF100 12.0481
Rex 5 2031 SSBFabc 4.81922
Rex 5 2031 SSBFofl 4.21682
Rex 5 2031 SSBLCI 11.1542
Rex 5 2031 SSBUCI 15.7307
Rex 5 2031 SSBMedian 13.1116
Rex 5 2031 SSBMean 13.2199
Rex 5 2032 SSBF100 12.0481
Rex 5 2032 SSBFabc 4.81922
Rex 5 2032 SSBFofl 4.21682
Rex 5 2032 SSBLCI 10.9491
Rex 5 2032 SSBUCI 15.6066
Rex 5 2032 SSBMedian 12.9173
Rex 5 2032 SSBMean 13.0625
Rex 5 2033 SSBF100 12.0481
Rex 5 2033 SSBFabc 4.81922
Rex 5 2033 SSBFofl 4.21682
Rex 5 2033 SSBLCI 10.7874
Rex 5 2033 SSBUCI 15.5574
Rex 5 2033 SSBMedian 12.7686
Rex 5 2033 SSBMean 12.9257
Rex 5 2034 SSBF100 12.0481
Rex 5 2034 SSBFabc 4.81922
Rex 5 2034 SSBFofl 4.21682
Rex 5 2034 SSBLCI 10.5483
Rex 5 2034 SSBUCI 15.5173
Rex 5 2034 SSBMedian 12.6441
Rex 5 2034 SSBMean 12.8005
Rex 5 2021 F0 0 
Rex 5 2021 Fabc 0.409759
Rex 5 2021 Fofl 0.573207
Rex 5 2021  F_LCI 0.000133444
Rex 5 2021  F_UCI 0.000133444
Rex 5 2021  F_Median 0.000133444
Rex 5 2021  F_Mean 0.000133444
Rex 5 2022 F0 0 
Rex 5 2022 Fabc 0.409759
Rex 5 2022 Fofl 0.573207
Rex 5 2022  F_LCI 0.000116523
Rex 5 2022  F_UCI 0.00011653
Rex 5 2022  F_Median 0.000116527
Rex 5 2022  F_Mean 0.000116527
Rex 5 2023 F0 0 
Rex 5 2023 Fabc 0.409759
Rex 5 2023 Fofl 0.573207
Rex 5 2023  F_LCI 9.51176e-05
Rex 5 2023  F_UCI 9.51764e-05
Rex 5 2023  F_Median 9.51576e-05
Rex 5 2023  F_Mean 9.5154e-05
Rex 5 2024 F0 0 
Rex 5 2024 Fabc 0.409759
Rex 5 2024 Fofl 0.573207
Rex 5 2024  F_LCI 0
Rex 5 2024  F_UCI 0
Rex 5 2024  F_Median 0
Rex 5 2024  F_Mean 0
Rex 5 2025 F0 0 
Rex 5 2025 Fabc 0.409759
Rex 5 2025 Fofl 0.573207
Rex 5 2025  F_LCI 0
Rex 5 2025  F_UCI 0
Rex 5 2025  F_Median 0
Rex 5 2025  F_Mean 0
Rex 5 2026 F0 0 
Rex 5 2026 Fabc 0.409759
Rex 5 2026 Fofl 0.573207
Rex 5 2026  F_LCI 0
Rex 5 2026  F_UCI 0
Rex 5 2026  F_Median 0
Rex 5 2026  F_Mean 0
Rex 5 2027 F0 0 
Rex 5 2027 Fabc 0.409759
Rex 5 2027 Fofl 0.573207
Rex 5 2027  F_LCI 0
Rex 5 2027  F_UCI 0
Rex 5 2027  F_Median 0
Rex 5 2027  F_Mean 0
Rex 5 2028 F0 0 
Rex 5 2028 Fabc 0.409759
Rex 5 2028 Fofl 0.573207
Rex 5 2028  F_LCI 0
Rex 5 2028  F_UCI 0
Rex 5 2028  F_Median 0
Rex 5 2028  F_Mean 0
Rex 5 2029 F0 0 
Rex 5 2029 Fabc 0.409759
Rex 5 2029 Fofl 0.573207
Rex 5 2029  F_LCI 0
Rex 5 2029  F_UCI 0
Rex 5 2029  F_Median 0
Rex 5 2029  F_Mean 0
Rex 5 2030 F0 0 
Rex 5 2030 Fabc 0.409759
Rex 5 2030 Fofl 0.573207
Rex 5 2030  F_LCI 0
Rex 5 2030  F_UCI 0
Rex 5 2030  F_Median 0
Rex 5 2030  F_Mean 0
Rex 5 2031 F0 0 
Rex 5 2031 Fabc 0.409759
Rex 5 2031 Fofl 0.573207
Rex 5 2031  F_LCI 0
Rex 5 2031  F_UCI 0
Rex 5 2031  F_Median 0
Rex 5 2031  F_Mean 0
Rex 5 2032 F0 0 
Rex 5 2032 Fabc 0.409759
Rex 5 2032 Fofl 0.573207
Rex 5 2032  F_LCI 0
Rex 5 2032  F_UCI 0
Rex 5 2032  F_Median 0
Rex 5 2032  F_Mean 0
Rex 5 2033 F0 0 
Rex 5 2033 Fabc 0.409759
Rex 5 2033 Fofl 0.573207
Rex 5 2033  F_LCI 0
Rex 5 2033  F_UCI 0
Rex 5 2033  F_Median 0
Rex 5 2033  F_Mean 0
Rex 5 2034 F0 0 
Rex 5 2034 Fabc 0.409759
Rex 5 2034 Fofl 0.573207
Rex 5 2034  F_LCI 0
Rex 5 2034  F_UCI 0
Rex 5 2034  F_Median 0
Rex 5 2034  F_Mean 0
Rex 6 2021 Cabc 2.02344
Rex 6 2021 Cofl 2.21233
Rex 6 2021 CLCI 0.0019
Rex 6 2021 CUCI 0.0019
Rex 6 2021 CMedian 0.0019
Rex 6 2021 CMean 0.0019
Rex 6 2021 CStdn 3.01408e-17
Rex 6 2022 Cabc 2.02344
Rex 6 2022 Cofl 2.21233
Rex 6 2022 CLCI 7.45771
Rex 6 2022 CUCI 7.45826
Rex 6 2022 CMedian 7.45788
Rex 6 2022 CMean 7.45791
Rex 6 2022 CStdn 0.00018452
Rex 6 2023 Cabc 2.02344
Rex 6 2023 Cofl 2.21233
Rex 6 2023 CLCI 6.21063
Rex 6 2023 CUCI 6.21768
Rex 6 2023 CMedian 6.21288
Rex 6 2023 CMean 6.21333
Rex 6 2023 CStdn 0.00235769
Rex 6 2024 Cabc 2.02344
Rex 6 2024 Cofl 2.21233
Rex 6 2024 CLCI 4.78825
Rex 6 2024 CUCI 4.83628
Rex 6 2024 CMedian 4.80416
Rex 6 2024 CMean 4.80712
Rex 6 2024 CStdn 0.0163277
Rex 6 2025 Cabc 2.02344
Rex 6 2025 Cofl 2.21233
Rex 6 2025 CLCI 3.51677
Rex 6 2025 CUCI 3.72594
Rex 6 2025 CMedian 3.58825
Rex 6 2025 CMean 3.60036
Rex 6 2025 CStdn 0.07078
Rex 6 2026 Cabc 2.02344
Rex 6 2026 Cofl 2.21233
Rex 6 2026 CLCI 2.28503
Rex 6 2026 CUCI 3.28583
Rex 6 2026 CMedian 2.76454
Rex 6 2026 CMean 2.77717
Rex 6 2026 CStdn 0.314419
Rex 6 2027 Cabc 2.02344
Rex 6 2027 Cofl 2.21233
Rex 6 2027 CLCI 1.56499
Rex 6 2027 CUCI 3.26129
Rex 6 2027 CMedian 2.28242
Rex 6 2027 CMean 2.32481
Rex 6 2027 CStdn 0.568845
Rex 6 2028 Cabc 2.02344
Rex 6 2028 Cofl 2.21233
Rex 6 2028 CLCI 1.3727
Rex 6 2028 CUCI 3.19295
Rex 6 2028 CMedian 2.05859
Rex 6 2028 CMean 2.15317
Rex 6 2028 CStdn 0.587319
Rex 6 2029 Cabc 2.02344
Rex 6 2029 Cofl 2.21233
Rex 6 2029 CLCI 1.3167
Rex 6 2029 CUCI 3.07953
Rex 6 2029 CMedian 2.00295
Rex 6 2029 CMean 2.0822
Rex 6 2029 CStdn 0.562851
Rex 6 2030 Cabc 2.02344
Rex 6 2030 Cofl 2.21233
Rex 6 2030 CLCI 1.25492
Rex 6 2030 CUCI 3.02506
Rex 6 2030 CMedian 1.97451
Rex 6 2030 CMean 2.04139
Rex 6 2030 CStdn 0.552864
Rex 6 2031 Cabc 2.02344
Rex 6 2031 Cofl 2.21233
Rex 6 2031 CLCI 1.24641
Rex 6 2031 CUCI 3.01833
Rex 6 2031 CMedian 1.95448
Rex 6 2031 CMean 2.01889
Rex 6 2031 CStdn 0.541544
Rex 6 2032 Cabc 2.02344
Rex 6 2032 Cofl 2.21233
Rex 6 2032 CLCI 1.25973
Rex 6 2032 CUCI 2.98111
Rex 6 2032 CMedian 1.93187
Rex 6 2032 CMean 2.01501
Rex 6 2032 CStdn 0.534796
Rex 6 2033 Cabc 2.02344
Rex 6 2033 Cofl 2.21233
Rex 6 2033 CLCI 1.27735
Rex 6 2033 CUCI 2.98015
Rex 6 2033 CMedian 1.93688
Rex 6 2033 CMean 2.01779
Rex 6 2033 CStdn 0.530791
Rex 6 2034 Cabc 2.02344
Rex 6 2034 Cofl 2.21233
Rex 6 2034 CLCI 1.26343
Rex 6 2034 CUCI 2.98091
Rex 6 2034 CMedian 1.95034
Rex 6 2034 CMean 2.02474
Rex 6 2034 CStdn 0.541189
Rex 6 2021 SSBF100 12.0481
Rex 6 2021 SSBFabc 4.81922
Rex 6 2021 SSBFofl 4.21682
Rex 6 2021 SSBLCI 11.5686
Rex 6 2021 SSBUCI 11.5686
Rex 6 2021 SSBMedian 11.5686
Rex 6 2021 SSBMean 11.5686
Rex 6 2022 SSBF100 12.0481
Rex 6 2022 SSBFabc 4.81922
Rex 6 2022 SSBFofl 4.21682
Rex 6 2022 SSBLCI 12.8621
Rex 6 2022 SSBUCI 12.9041
Rex 6 2022 SSBMedian 12.875
Rex 6 2022 SSBMean 12.878
Rex 6 2023 SSBF100 12.0481
Rex 6 2023 SSBFabc 4.81922
Rex 6 2023 SSBFofl 4.21682
Rex 6 2023 SSBLCI 10.1826
Rex 6 2023 SSBUCI 10.3746
Rex 6 2023 SSBMedian 10.248
Rex 6 2023 SSBMean 10.2591
Rex 6 2024 SSBF100 12.0481
Rex 6 2024 SSBFabc 4.81922
Rex 6 2024 SSBFofl 4.21682
Rex 6 2024 SSBLCI 7.70788
Rex 6 2024 SSBUCI 8.313
Rex 6 2024 SSBMedian 7.92281
Rex 6 2024 SSBMean 7.95929
Rex 6 2025 SSBF100 12.0481
Rex 6 2025 SSBFabc 4.81922
Rex 6 2025 SSBFofl 4.21682
Rex 6 2025 SSBLCI 5.70305
Rex 6 2025 SSBUCI 7.07477
Rex 6 2025 SSBMedian 6.20376
Rex 6 2025 SSBMean 6.27571
Rex 6 2026 SSBF100 12.0481
Rex 6 2026 SSBFabc 4.81922
Rex 6 2026 SSBFofl 4.21682
Rex 6 2026 SSBLCI 4.32809
Rex 6 2026 SSBUCI 6.60986
Rex 6 2026 SSBMedian 5.1765
Rex 6 2026 SSBMean 5.27444
Rex 6 2027 SSBF100 12.0481
Rex 6 2027 SSBFabc 4.81922
Rex 6 2027 SSBFofl 4.21682
Rex 6 2027 SSBLCI 3.704
Rex 6 2027 SSBUCI 6.33617
Rex 6 2027 SSBMedian 4.65386
Rex 6 2027 SSBMean 4.79886
Rex 6 2028 SSBF100 12.0481
Rex 6 2028 SSBFabc 4.81922
Rex 6 2028 SSBFofl 4.21682
Rex 6 2028 SSBLCI 3.48707
Rex 6 2028 SSBUCI 6.19933
Rex 6 2028 SSBMedian 4.46572
Rex 6 2028 SSBMean 4.60217
Rex 6 2029 SSBF100 12.0481
Rex 6 2029 SSBFabc 4.81922
Rex 6 2029 SSBFofl 4.21682
Rex 6 2029 SSBLCI 3.391
Rex 6 2029 SSBUCI 6.01268
Rex 6 2029 SSBMedian 4.38932
Rex 6 2029 SSBMean 4.50921
Rex 6 2030 SSBF100 12.0481
Rex 6 2030 SSBFabc 4.81922
Rex 6 2030 SSBFofl 4.21682
Rex 6 2030 SSBLCI 3.34161
Rex 6 2030 SSBUCI 5.94314
Rex 6 2030 SSBMedian 4.34566
Rex 6 2030 SSBMean 4.45959
Rex 6 2031 SSBF100 12.0481
Rex 6 2031 SSBFabc 4.81922
Rex 6 2031 SSBFofl 4.21682
Rex 6 2031 SSBLCI 3.345
Rex 6 2031 SSBUCI 5.90255
Rex 6 2031 SSBMedian 4.33031
Rex 6 2031 SSBMean 4.43871
Rex 6 2032 SSBF100 12.0481
Rex 6 2032 SSBFabc 4.81922
Rex 6 2032 SSBFofl 4.21682
Rex 6 2032 SSBLCI 3.38171
Rex 6 2032 SSBUCI 5.84117
Rex 6 2032 SSBMedian 4.30766
Rex 6 2032 SSBMean 4.43759
Rex 6 2033 SSBF100 12.0481
Rex 6 2033 SSBFabc 4.81922
Rex 6 2033 SSBFofl 4.21682
Rex 6 2033 SSBLCI 3.39965
Rex 6 2033 SSBUCI 5.92183
Rex 6 2033 SSBMedian 4.32592
Rex 6 2033 SSBMean 4.44099
Rex 6 2034 SSBF100 12.0481
Rex 6 2034 SSBFabc 4.81922
Rex 6 2034 SSBFofl 4.21682
Rex 6 2034 SSBLCI 3.33498
Rex 6 2034 SSBUCI 5.92169
Rex 6 2034 SSBMedian 4.30407
Rex 6 2034 SSBMean 4.43712
Rex 6 2021 F0 0 
Rex 6 2021 Fabc 0.409759
Rex 6 2021 Fofl 0.573207
Rex 6 2021  F_LCI 0.000133444
Rex 6 2021  F_UCI 0.000133444
Rex 6 2021  F_Median 0.000133444
Rex 6 2021  F_Mean 0.000133444
Rex 6 2022 F0 0 
Rex 6 2022 Fabc 0.409759
Rex 6 2022 Fofl 0.573207
Rex 6 2022  F_LCI 0.573207
Rex 6 2022  F_UCI 0.573207
Rex 6 2022  F_Median 0.573207
Rex 6 2022  F_Mean 0.573207
Rex 6 2023 F0 0 
Rex 6 2023 Fabc 0.409759
Rex 6 2023 Fofl 0.573207
Rex 6 2023  F_LCI 0.573207
Rex 6 2023  F_UCI 0.573207
Rex 6 2023  F_Median 0.573207
Rex 6 2023  F_Mean 0.573207
Rex 6 2024 F0 0 
Rex 6 2024 Fabc 0.409759
Rex 6 2024 Fofl 0.573207
Rex 6 2024  F_LCI 0.573207
Rex 6 2024  F_UCI 0.573207
Rex 6 2024  F_Median 0.573207
Rex 6 2024  F_Mean 0.573207
Rex 6 2025 F0 0 
Rex 6 2025 Fabc 0.409759
Rex 6 2025 Fofl 0.573207
Rex 6 2025  F_LCI 0.573207
Rex 6 2025  F_UCI 0.573207
Rex 6 2025  F_Median 0.573207
Rex 6 2025  F_Mean 0.573207
Rex 6 2026 F0 0 
Rex 6 2026 Fabc 0.409759
Rex 6 2026 Fofl 0.573207
Rex 6 2026  F_LCI 0.511716
Rex 6 2026  F_UCI 0.573207
Rex 6 2026  F_Median 0.573207
Rex 6 2026  F_Mean 0.56257
Rex 6 2027 F0 0 
Rex 6 2027 Fabc 0.409759
Rex 6 2027 Fofl 0.573207
Rex 6 2027  F_LCI 0.43358
Rex 6 2027  F_UCI 0.573207
Rex 6 2027  F_Median 0.552503
Rex 6 2027  F_Mean 0.529081
Rex 6 2028 F0 0 
Rex 6 2028 Fabc 0.409759
Rex 6 2028 Fofl 0.573207
Rex 6 2028  F_LCI 0.406419
Rex 6 2028  F_UCI 0.573207
Rex 6 2028  F_Median 0.528948
Rex 6 2028  F_Mean 0.514714
Rex 6 2029 F0 0 
Rex 6 2029 Fabc 0.409759
Rex 6 2029 Fofl 0.573207
Rex 6 2029  F_LCI 0.394391
Rex 6 2029  F_UCI 0.573207
Rex 6 2029  F_Median 0.519382
Rex 6 2029  F_Mean 0.508516
Rex 6 2030 F0 0 
Rex 6 2030 Fabc 0.409759
Rex 6 2030 Fofl 0.573207
Rex 6 2030  F_LCI 0.388208
Rex 6 2030  F_UCI 0.573207
Rex 6 2030  F_Median 0.513916
Rex 6 2030  F_Mean 0.505163
Rex 6 2031 F0 0 
Rex 6 2031 Fabc 0.409759
Rex 6 2031 Fofl 0.573207
Rex 6 2031  F_LCI 0.388632
Rex 6 2031  F_UCI 0.573207
Rex 6 2031  F_Median 0.511994
Rex 6 2031  F_Mean 0.503443
Rex 6 2032 F0 0 
Rex 6 2032 Fabc 0.409759
Rex 6 2032 Fofl 0.573207
Rex 6 2032  F_LCI 0.393228
Rex 6 2032  F_UCI 0.573207
Rex 6 2032  F_Median 0.509158
Rex 6 2032  F_Mean 0.503133
Rex 6 2033 F0 0 
Rex 6 2033 Fabc 0.409759
Rex 6 2033 Fofl 0.573207
Rex 6 2033  F_LCI 0.395474
Rex 6 2033  F_UCI 0.573207
Rex 6 2033  F_Median 0.511445
Rex 6 2033  F_Mean 0.503496
Rex 6 2034 F0 0 
Rex 6 2034 Fabc 0.409759
Rex 6 2034 Fofl 0.573207
Rex 6 2034  F_LCI 0.387377
Rex 6 2034  F_UCI 0.573207
Rex 6 2034  F_Median 0.508709
Rex 6 2034  F_Mean 0.503555
Rex 7 2021 Cabc 2.02344
Rex 7 2021 Cofl 2.21233
Rex 7 2021 CLCI 0.0019
Rex 7 2021 CUCI 0.0019
Rex 7 2021 CMedian 0.0019
Rex 7 2021 CMean 0.0019
Rex 7 2021 CStdn 3.01408e-17
Rex 7 2022 Cabc 2.02344
Rex 7 2022 Cofl 2.21233
Rex 7 2022 CLCI 5.67058
Rex 7 2022 CUCI 5.67098
Rex 7 2022 CMedian 5.6707
Rex 7 2022 CMean 5.67073
Rex 7 2022 CStdn 0.000131913
Rex 7 2023 Cabc 2.02344
Rex 7 2023 Cofl 2.21233
Rex 7 2023 CLCI 5.23975
Rex 7 2023 CUCI 5.2448
Rex 7 2023 CMedian 5.24136
Rex 7 2023 CMean 5.24168
Rex 7 2023 CStdn 0.00168665
Rex 7 2024 Cabc 2.02344
Rex 7 2024 Cofl 2.21233
Rex 7 2024 CLCI 5.75287
Rex 7 2024 CUCI 5.80097
Rex 7 2024 CMedian 5.7688
Rex 7 2024 CMean 5.77177
Rex 7 2024 CStdn 0.0163501
Rex 7 2025 Cabc 2.02344
Rex 7 2025 Cofl 2.21233
Rex 7 2025 CLCI 4.00921
Rex 7 2025 CUCI 4.21866
Rex 7 2025 CMedian 4.08076
Rex 7 2025 CMean 4.09291
Rex 7 2025 CStdn 0.0708654
Rex 7 2026 Cabc 2.02344
Rex 7 2026 Cofl 2.21233
Rex 7 2026 CLCI 2.65466
Rex 7 2026 CUCI 3.53012
Rex 7 2026 CMedian 3.01214
Rex 7 2026 CMean 3.04826
Rex 7 2026 CStdn 0.283796
Rex 7 2027 Cabc 2.02344
Rex 7 2027 Cofl 2.21233
Rex 7 2027 CLCI 1.65686
Rex 7 2027 CUCI 3.38036
Rex 7 2027 CMedian 2.43593
Rex 7 2027 CMean 2.45565
Rex 7 2027 CStdn 0.569982
Rex 7 2028 Cabc 2.02344
Rex 7 2028 Cofl 2.21233
Rex 7 2028 CLCI 1.40841
Rex 7 2028 CUCI 3.25058
Rex 7 2028 CMedian 2.11694
Rex 7 2028 CMean 2.20638
Rex 7 2028 CStdn 0.595227
Rex 7 2029 Cabc 2.02344
Rex 7 2029 Cofl 2.21233
Rex 7 2029 CLCI 1.33068
Rex 7 2029 CUCI 3.10155
Rex 7 2029 CMedian 2.0199
Rex 7 2029 CMean 2.1027
Rex 7 2029 CStdn 0.567942
Rex 7 2030 Cabc 2.02344
Rex 7 2030 Cofl 2.21233
Rex 7 2030 CLCI 1.25919
Rex 7 2030 CUCI 3.03839
Rex 7 2030 CMedian 1.98492
Rex 7 2030 CMean 2.04903
Rex 7 2030 CStdn 0.55519
Rex 7 2031 Cabc 2.02344
Rex 7 2031 Cofl 2.21233
Rex 7 2031 CLCI 1.24877
Rex 7 2031 CUCI 3.02298
Rex 7 2031 CMedian 1.9579
Rex 7 2031 CMean 2.02169
Rex 7 2031 CStdn 0.542496
Rex 7 2032 Cabc 2.02344
Rex 7 2032 Cofl 2.21233
Rex 7 2032 CLCI 1.25995
Rex 7 2032 CUCI 2.98253
Rex 7 2032 CMedian 1.93328
Rex 7 2032 CMean 2.01599
Rex 7 2032 CStdn 0.535158
Rex 7 2033 Cabc 2.02344
Rex 7 2033 Cofl 2.21233
Rex 7 2033 CLCI 1.27772
Rex 7 2033 CUCI 2.98016
Rex 7 2033 CMedian 1.93686
Rex 7 2033 CMean 2.01811
Rex 7 2033 CStdn 0.530932
Rex 7 2034 Cabc 2.02344
Rex 7 2034 Cofl 2.21233
Rex 7 2034 CLCI 1.26339
Rex 7 2034 CUCI 2.98103
Rex 7 2034 CMedian 1.95025
Rex 7 2034 CMean 2.02484
Rex 7 2034 CStdn 0.541241
Rex 7 2021 SSBF100 12.0481
Rex 7 2021 SSBFabc 4.81922
Rex 7 2021 SSBFofl 4.21682
Rex 7 2021 SSBLCI 11.5686
Rex 7 2021 SSBUCI 11.5686
Rex 7 2021 SSBMedian 11.5686
Rex 7 2021 SSBMean 11.5686
Rex 7 2022 SSBF100 12.0481
Rex 7 2022 SSBFabc 4.81922
Rex 7 2022 SSBFofl 4.21682
Rex 7 2022 SSBLCI 12.8621
Rex 7 2022 SSBUCI 12.9041
Rex 7 2022 SSBMedian 12.875
Rex 7 2022 SSBMean 12.878
Rex 7 2023 SSBF100 12.0481
Rex 7 2023 SSBFabc 4.81922
Rex 7 2023 SSBFofl 4.21682
Rex 7 2023 SSBLCI 11.0228
Rex 7 2023 SSBUCI 11.2148
Rex 7 2023 SSBMedian 11.0882
Rex 7 2023 SSBMean 11.0993
Rex 7 2024 SSBF100 12.0481
Rex 7 2024 SSBFabc 4.81922
Rex 7 2024 SSBFofl 4.21682
Rex 7 2024 SSBLCI 8.93635
Rex 7 2024 SSBUCI 9.54147
Rex 7 2024 SSBMedian 9.15128
Rex 7 2024 SSBMean 9.18776
Rex 7 2025 SSBF100 12.0481
Rex 7 2025 SSBFabc 4.81922
Rex 7 2025 SSBFofl 4.21682
Rex 7 2025 SSBLCI 6.32199
Rex 7 2025 SSBUCI 7.69371
Rex 7 2025 SSBMedian 6.8227
Rex 7 2025 SSBMean 6.89464
Rex 7 2026 SSBF100 12.0481
Rex 7 2026 SSBFabc 4.81922
Rex 7 2026 SSBFofl 4.21682
Rex 7 2026 SSBLCI 4.6337
Rex 7 2026 SSBUCI 6.91546
Rex 7 2026 SSBMedian 5.4821
Rex 7 2026 SSBMean 5.58004
Rex 7 2027 SSBF100 12.0481
Rex 7 2027 SSBFabc 4.81922
Rex 7 2027 SSBFofl 4.21682
Rex 7 2027 SSBLCI 3.79439
Rex 7 2027 SSBUCI 6.4854
Rex 7 2027 SSBMedian 4.80308
Rex 7 2027 SSBMean 4.93431
Rex 7 2028 SSBF100 12.0481
Rex 7 2028 SSBFabc 4.81922
Rex 7 2028 SSBFofl 4.21682
Rex 7 2028 SSBLCI 3.52109
Rex 7 2028 SSBUCI 6.27165
Rex 7 2028 SSBMedian 4.52998
Rex 7 2028 SSBMean 4.65637
Rex 7 2029 SSBF100 12.0481
Rex 7 2029 SSBFabc 4.81922
Rex 7 2029 SSBFofl 4.21682
Rex 7 2029 SSBLCI 3.40479
Rex 7 2029 SSBUCI 6.04756
Rex 7 2029 SSBMedian 4.41033
Rex 7 2029 SSBMean 4.53011
Rex 7 2030 SSBF100 12.0481
Rex 7 2030 SSBFabc 4.81922
Rex 7 2030 SSBFofl 4.21682
Rex 7 2030 SSBLCI 3.3463
Rex 7 2030 SSBUCI 5.9599
Rex 7 2030 SSBMedian 4.35116
Rex 7 2030 SSBMean 4.46742
Rex 7 2031 SSBF100 12.0481
Rex 7 2031 SSBFabc 4.81922
Rex 7 2031 SSBFofl 4.21682
Rex 7 2031 SSBLCI 3.34647
Rex 7 2031 SSBUCI 5.91059
Rex 7 2031 SSBMedian 4.33125
Rex 7 2031 SSBMean 4.44157
Rex 7 2032 SSBF100 12.0481
Rex 7 2032 SSBFabc 4.81922
Rex 7 2032 SSBFofl 4.21682
Rex 7 2032 SSBLCI 3.38259
Rex 7 2032 SSBUCI 5.84196
Rex 7 2032 SSBMedian 4.30833
Rex 7 2032 SSBMean 4.43859
Rex 7 2033 SSBF100 12.0481
Rex 7 2033 SSBFabc 4.81922
Rex 7 2033 SSBFofl 4.21682
Rex 7 2033 SSBLCI 3.39981
Rex 7 2033 SSBUCI 5.92186
Rex 7 2033 SSBMedian 4.32587
Rex 7 2033 SSBMean 4.44132
Rex 7 2034 SSBF100 12.0481
Rex 7 2034 SSBFabc 4.81922
Rex 7 2034 SSBFofl 4.21682
Rex 7 2034 SSBLCI 3.33494
Rex 7 2034 SSBUCI 5.92218
Rex 7 2034 SSBMedian 4.30405
Rex 7 2034 SSBMean 4.43722
Rex 7 2021 F0 0 
Rex 7 2021 Fabc 0.409759
Rex 7 2021 Fofl 0.573207
Rex 7 2021  F_LCI 0.000133444
Rex 7 2021  F_UCI 0.000133444
Rex 7 2021  F_Median 0.000133444
Rex 7 2021  F_Mean 0.000133444
Rex 7 2022 F0 0 
Rex 7 2022 Fabc 0.409759
Rex 7 2022 Fofl 0.573207
Rex 7 2022  F_LCI 0.409758
Rex 7 2022  F_UCI 0.409758
Rex 7 2022  F_Median 0.409758
Rex 7 2022  F_Mean 0.409758
Rex 7 2023 F0 0 
Rex 7 2023 Fabc 0.409759
Rex 7 2023 Fofl 0.573207
Rex 7 2023  F_LCI 0.409758
Rex 7 2023  F_UCI 0.409758
Rex 7 2023  F_Median 0.409758
Rex 7 2023  F_Mean 0.409758
Rex 7 2024 F0 0 
Rex 7 2024 Fabc 0.409759
Rex 7 2024 Fofl 0.573207
Rex 7 2024  F_LCI 0.573207
Rex 7 2024  F_UCI 0.573207
Rex 7 2024  F_Median 0.573207
Rex 7 2024  F_Mean 0.573207
Rex 7 2025 F0 0 
Rex 7 2025 Fabc 0.409759
Rex 7 2025 Fofl 0.573207
Rex 7 2025  F_LCI 0.573207
Rex 7 2025  F_UCI 0.573207
Rex 7 2025  F_Median 0.573207
Rex 7 2025  F_Mean 0.573207
Rex 7 2026 F0 0 
Rex 7 2026 Fabc 0.409759
Rex 7 2026 Fofl 0.573207
Rex 7 2026  F_LCI 0.549979
Rex 7 2026  F_UCI 0.573207
Rex 7 2026  F_Median 0.573207
Rex 7 2026  F_Mean 0.57051
Rex 7 2027 F0 0 
Rex 7 2027 Fabc 0.409759
Rex 7 2027 Fofl 0.573207
Rex 7 2027  F_LCI 0.444896
Rex 7 2027  F_UCI 0.573207
Rex 7 2027  F_Median 0.571187
Rex 7 2027  F_Mean 0.537369
Rex 7 2028 F0 0 
Rex 7 2028 Fabc 0.409759
Rex 7 2028 Fofl 0.573207
Rex 7 2028  F_LCI 0.410678
Rex 7 2028  F_UCI 0.573207
Rex 7 2028  F_Median 0.536993
Rex 7 2028  F_Mean 0.518457
Rex 7 2029 F0 0 
Rex 7 2029 Fabc 0.409759
Rex 7 2029 Fofl 0.573207
Rex 7 2029  F_LCI 0.396118
Rex 7 2029  F_UCI 0.573207
Rex 7 2029  F_Median 0.522013
Rex 7 2029  F_Mean 0.509969
Rex 7 2030 F0 0 
Rex 7 2030 Fabc 0.409759
Rex 7 2030 Fofl 0.573207
Rex 7 2030  F_LCI 0.388794
Rex 7 2030  F_UCI 0.573207
Rex 7 2030  F_Median 0.514605
Rex 7 2030  F_Mean 0.505703
Rex 7 2031 F0 0 
Rex 7 2031 Fabc 0.409759
Rex 7 2031 Fofl 0.573207
Rex 7 2031  F_LCI 0.388816
Rex 7 2031  F_UCI 0.573207
Rex 7 2031  F_Median 0.512112
Rex 7 2031  F_Mean 0.503645
Rex 7 2032 F0 0 
Rex 7 2032 Fabc 0.409759
Rex 7 2032 Fofl 0.573207
Rex 7 2032  F_LCI 0.393338
Rex 7 2032  F_UCI 0.573207
Rex 7 2032  F_Median 0.509242
Rex 7 2032  F_Mean 0.503202
Rex 7 2033 F0 0 
Rex 7 2033 Fabc 0.409759
Rex 7 2033 Fofl 0.573207
Rex 7 2033  F_LCI 0.395494
Rex 7 2033  F_UCI 0.573207
Rex 7 2033  F_Median 0.511439
Rex 7 2033  F_Mean 0.503518
Rex 7 2034 F0 0 
Rex 7 2034 Fabc 0.409759
Rex 7 2034 Fofl 0.573207
Rex 7 2034  F_LCI 0.387372
Rex 7 2034  F_UCI 0.573207
Rex 7 2034  F_Median 0.508706
Rex 7 2034  F_Mean 0.50356
