
SB0 SB40 SB35 MeanRec HarMeanRec Bnow
12.0481 4.81922 4.21682 23.5922 18.5843 11.5686 
CV Recruit
0.519108 
Alternative 1 Alternative  Stock: Rex
Catch Rex
Year C0 Cabc Cofl LowCI_Catch Median_Catch Mean_Catch UpperCI_Catch Stdev_Catch 
2021  0 2.02344 2.21233 0.0019 0.0019 0.0019 0.0019 3.01408e-17 
2022  0 2.02344 2.21233 0.0019 0.0019 0.0019 0.0019 4.40635e-13 
2023  0 2.02344 2.21233 0.0019 0.0019 0.0019 0.0019 5.29198e-12 
2024  0 2.02344 2.21233 7.39609 7.40753 7.40969 7.43073 0.0117719 
2025  0 2.02344 2.21233 5.23556 5.28751 5.29673 5.38888 0.0518427 
2026  0 2.02344 2.21233 3.63118 3.83873 3.87439 4.23155 0.203554 
2027  0 2.02344 2.21233 2.5736 2.99624 3.05375 3.69277 0.381977 
2028  0 2.02344 2.21233 1.99063 2.52362 2.5748 3.35526 0.443097 
2029  0 2.02344 2.21233 1.53098 2.25259 2.27633 3.07763 0.475201 
2030  0 2.02344 2.21233 1.33911 2.08119 2.09731 2.94132 0.486381 
2031  0 2.02344 2.21233 1.26259 1.97199 1.99761 2.86519 0.477717 
2032  0 2.02344 2.21233 1.24446 1.90257 1.94911 2.76256 0.467499 
2033  0 2.02344 2.21233 1.25732 1.87912 1.92573 2.7358 0.46029 
2034  0 2.02344 2.21233 1.23699 1.88664 1.9192 2.7596 0.465836 

Spawning_Biomass Rex
Year SSB100 SSBabc SSBofl LowCI_SSB Median_SSB Mean_SSB UpperCI_SSB Stdev_SSB 
2021 12.0481 4.81922 4.21682 11.5686 11.5686 11.5686 11.5686 2.82441e-13 
2022 12.0481 4.81922 4.21682 12.8621 12.875 12.878 12.9041 0.0140141 
2023 12.0481 4.81922 4.21682 13.7363 13.8017 13.8128 13.9283 0.065124 
2024 12.0481 4.81922 4.21682 13.9781 14.193 14.2295 14.5832 0.206951 
2025 12.0481 4.81922 4.21682 9.97311 10.4738 10.5458 11.3448 0.458305 
2026 12.0481 4.81922 4.21682 7.24282 8.09311 8.19069 9.52592 0.739318 
2027 12.0481 4.81922 4.21682 5.60861 6.67565 6.80284 8.3678 0.918898 
2028 12.0481 4.81922 4.21682 4.64658 5.8553 5.98705 7.73554 0.968272 
2029 12.0481 4.81922 4.21682 4.15126 5.38255 5.50751 7.23358 0.967124 
2030 12.0481 4.81922 4.21682 3.88237 5.13715 5.23571 6.94911 0.945406 
2031 12.0481 4.81922 4.21682 3.83335 4.96183 5.09156 6.76498 0.919148 
2032 12.0481 4.81922 4.21682 3.81133 4.8504 5.02256 6.60132 0.901228 
2033 12.0481 4.81922 4.21682 3.81652 4.82195 4.99 6.66611 0.897337 
2034 12.0481 4.81922 4.21682 3.75087 4.81842 4.96843 6.65465 0.890945 

Fishing_mortalityRex
Year F0 Fabc Fofl LowCI_F Median_F Mean_F UpperCI_F Stdev_F 
2021  0 0.409759 0.573207 0.000133444 0.000133444 0.000133444 0.000133444 1.43657e-18 
2022  0 0.409759 0.573207 0.000116523 0.000116527 0.000116527 0.00011653 2.30112e-09 
2023  0 0.409759 0.573207 9.51176e-05 9.51576e-05 9.5154e-05 9.51764e-05 1.96456e-08 
2024  0 0.409759 0.573207 0.409759 0.409759 0.409759 0.409759 7.54952e-15 
2025  0 0.409759 0.573207 0.409759 0.409759 0.409759 0.409759 7.54952e-15 
2026  0 0.409759 0.573207 0.409759 0.409759 0.409759 0.409759 7.54952e-15 
2027  0 0.409759 0.573207 0.409759 0.409759 0.409759 0.409759 7.54952e-15 
2028  0 0.409759 0.573207 0.394306 0.409759 0.407752 0.409759 0.00842361 
2029  0 0.409759 0.573207 0.349975 0.409759 0.400127 0.409759 0.0216804 
2030  0 0.409759 0.573207 0.325909 0.409759 0.39332 0.409759 0.0288255 
2031  0 0.409759 0.573207 0.321522 0.409759 0.389305 0.409759 0.0310879 
2032  0 0.409759 0.573207 0.319551 0.409759 0.387304 0.409759 0.0316909 
2033  0 0.409759 0.573207 0.320016 0.409759 0.386188 0.409759 0.0326007 
2034  0 0.409759 0.573207 0.31414 0.409687 0.385664 0.409759 0.0336781 

Total_BiomassRex
Year B100 Babc Bofl LowCI_Biom Median_Biom Mean_Biom UpperCI_Biom Stdev_Biom 
2021 56.7491 15.3077 14.1923 31.9747 31.9747 31.9747 31.9747 2.16716e-13 
2022 56.7491 15.3077 14.1923 31.8898 32.5716 32.728 34.1044 0.739034 
2023 56.7491 15.3077 14.1923 31.4042 32.8017 33.0256 35.2933 1.31597 
2024 56.7491 15.3077 14.1923 30.5877 32.7464 33.0139 36.2441 1.83061 
2025 56.7491 15.3077 14.1923 22.8105 25.5339 25.7837 29.7973 2.24966 
2026 56.7491 15.3077 14.1923 17.6752 20.9479 21.2786 25.7899 2.57487 
2027 56.7491 15.3077 14.1923 14.6529 18.3278 18.6332 23.4507 2.73624 
2028 56.7491 15.3077 14.1923 13.0106 16.8555 17.0831 21.9101 2.77405 
2029 56.7491 15.3077 14.1923 12.1302 15.8889 16.1792 20.8922 2.74846 
2030 56.7491 15.3077 14.1923 11.8004 15.4383 15.711 20.4426 2.71799 
2031 56.7491 15.3077 14.1923 11.6565 15.0242 15.4462 20.4 2.70886 
2032 56.7491 15.3077 14.1923 11.4214 14.9909 15.3013 20.27 2.66056 
2033 56.7491 15.3077 14.1923 11.3681 14.8971 15.1716 19.9671 2.63211 
2034 56.7491 15.3077 14.1923 11.27 14.7882 15.0927 19.6698 2.60626 
Alternative 2 Alternative  Stock: Rex
Catch Rex
Year C0 Cabc Cofl LowCI_Catch Median_Catch Mean_Catch UpperCI_Catch Stdev_Catch 
2021  0 2.02344 2.21233 0.0019 0.0019 0.0019 0.0019 3.01408e-17 
2022  0 2.02344 2.21233 0.0019 0.0019 0.0019 0.0019 4.40635e-13 
2023  0 2.02344 2.21233 0.0019 0.0019 0.0019 0.0019 5.29198e-12 
2024  0 2.02344 2.21233 7.39609 7.40753 7.40969 7.43073 0.0117719 
2025  0 2.02344 2.21233 5.23556 5.28751 5.29673 5.38888 0.0518427 
2026  0 2.02344 2.21233 3.63118 3.83873 3.87439 4.23155 0.203554 
2027  0 2.02344 2.21233 2.5736 2.99624 3.05375 3.69277 0.381977 
2028  0 2.02344 2.21233 1.99063 2.52362 2.5748 3.35526 0.443097 
2029  0 2.02344 2.21233 1.53098 2.25259 2.27633 3.07763 0.475201 
2030  0 2.02344 2.21233 1.33911 2.08119 2.09731 2.94132 0.486381 
2031  0 2.02344 2.21233 1.26259 1.97199 1.99761 2.86519 0.477717 
2032  0 2.02344 2.21233 1.24446 1.90257 1.94911 2.76256 0.467499 
2033  0 2.02344 2.21233 1.25732 1.87912 1.92573 2.7358 0.46029 
2034  0 2.02344 2.21233 1.23699 1.88664 1.9192 2.7596 0.465836 

Spawning_Biomass Rex
Year SSB100 SSBabc SSBofl LowCI_SSB Median_SSB Mean_SSB UpperCI_SSB Stdev_SSB 
2021 12.0481 4.81922 4.21682 11.5686 11.5686 11.5686 11.5686 2.82441e-13 
2022 12.0481 4.81922 4.21682 12.8621 12.875 12.878 12.9041 0.0140141 
2023 12.0481 4.81922 4.21682 13.7363 13.8017 13.8128 13.9283 0.065124 
2024 12.0481 4.81922 4.21682 13.9781 14.193 14.2295 14.5832 0.206951 
2025 12.0481 4.81922 4.21682 9.97311 10.4738 10.5458 11.3448 0.458305 
2026 12.0481 4.81922 4.21682 7.24282 8.09311 8.19069 9.52592 0.739318 
2027 12.0481 4.81922 4.21682 5.60861 6.67565 6.80284 8.3678 0.918898 
2028 12.0481 4.81922 4.21682 4.64658 5.8553 5.98705 7.73554 0.968272 
2029 12.0481 4.81922 4.21682 4.15126 5.38255 5.50751 7.23358 0.967124 
2030 12.0481 4.81922 4.21682 3.88237 5.13715 5.23571 6.94911 0.945406 
2031 12.0481 4.81922 4.21682 3.83335 4.96183 5.09156 6.76498 0.919148 
2032 12.0481 4.81922 4.21682 3.81133 4.8504 5.02256 6.60132 0.901228 
2033 12.0481 4.81922 4.21682 3.81652 4.82195 4.99 6.66611 0.897337 
2034 12.0481 4.81922 4.21682 3.75087 4.81842 4.96843 6.65465 0.890945 

Fishing_mortalityRex
Year F0 Fabc Fofl LowCI_F Median_F Mean_F UpperCI_F Stdev_F 
2021  0 0.409759 0.573207 0.000133444 0.000133444 0.000133444 0.000133444 1.43657e-18 
2022  0 0.409759 0.573207 0.000116523 0.000116527 0.000116527 0.00011653 2.30112e-09 
2023  0 0.409759 0.573207 9.51176e-05 9.51576e-05 9.5154e-05 9.51764e-05 1.96456e-08 
2024  0 0.409759 0.573207 0.409759 0.409759 0.409759 0.409759 7.54952e-15 
2025  0 0.409759 0.573207 0.409759 0.409759 0.409759 0.409759 7.54952e-15 
2026  0 0.409759 0.573207 0.409759 0.409759 0.409759 0.409759 7.54952e-15 
2027  0 0.409759 0.573207 0.409759 0.409759 0.409759 0.409759 7.54952e-15 
2028  0 0.409759 0.573207 0.394306 0.409759 0.407752 0.409759 0.00842361 
2029  0 0.409759 0.573207 0.349975 0.409759 0.400127 0.409759 0.0216804 
2030  0 0.409759 0.573207 0.325909 0.409759 0.39332 0.409759 0.0288255 
2031  0 0.409759 0.573207 0.321522 0.409759 0.389305 0.409759 0.0310879 
2032  0 0.409759 0.573207 0.319551 0.409759 0.387304 0.409759 0.0316909 
2033  0 0.409759 0.573207 0.320016 0.409759 0.386188 0.409759 0.0326007 
2034  0 0.409759 0.573207 0.31414 0.409687 0.385664 0.409759 0.0336781 

Total_BiomassRex
Year B100 Babc Bofl LowCI_Biom Median_Biom Mean_Biom UpperCI_Biom Stdev_Biom 
2021 56.7491 15.3077 14.1923 31.9747 31.9747 31.9747 31.9747 2.16716e-13 
2022 56.7491 15.3077 14.1923 31.8898 32.5716 32.728 34.1044 0.739034 
2023 56.7491 15.3077 14.1923 31.4042 32.8017 33.0256 35.2933 1.31597 
2024 56.7491 15.3077 14.1923 30.5877 32.7464 33.0139 36.2441 1.83061 
2025 56.7491 15.3077 14.1923 22.8105 25.5339 25.7837 29.7973 2.24966 
2026 56.7491 15.3077 14.1923 17.6752 20.9479 21.2786 25.7899 2.57487 
2027 56.7491 15.3077 14.1923 14.6529 18.3278 18.6332 23.4507 2.73624 
2028 56.7491 15.3077 14.1923 13.0106 16.8555 17.0831 21.9101 2.77405 
2029 56.7491 15.3077 14.1923 12.1302 15.8889 16.1792 20.8922 2.74846 
2030 56.7491 15.3077 14.1923 11.8004 15.4383 15.711 20.4426 2.71799 
2031 56.7491 15.3077 14.1923 11.6565 15.0242 15.4462 20.4 2.70886 
2032 56.7491 15.3077 14.1923 11.4214 14.9909 15.3013 20.27 2.66056 
2033 56.7491 15.3077 14.1923 11.3681 14.8971 15.1716 19.9671 2.63211 
2034 56.7491 15.3077 14.1923 11.27 14.7882 15.0927 19.6698 2.60626 
Alternative 3 Alternative  Stock: Rex
Catch Rex
Year C0 Cabc Cofl LowCI_Catch Median_Catch Mean_Catch UpperCI_Catch Stdev_Catch 
2021  0 2.02344 2.21233 0.0019 0.0019 0.0019 0.0019 3.01408e-17 
2022  0 2.02344 2.21233 0.0019 0.0019 0.0019 0.0019 4.40635e-13 
2023  0 2.02344 2.21233 0.0019 0.0019 0.0019 0.0019 5.29198e-12 
2024  0 2.02344 2.21233 0 0 0 0 0 
2025  0 2.02344 2.21233 0 0 0 0 0 
2026  0 2.02344 2.21233 0 0 0 0 0 
2027  0 2.02344 2.21233 0 0 0 0 0 
2028  0 2.02344 2.21233 0 0 0 0 0 
2029  0 2.02344 2.21233 0 0 0 0 0 
2030  0 2.02344 2.21233 0 0 0 0 0 
2031  0 2.02344 2.21233 0 0 0 0 0 
2032  0 2.02344 2.21233 0 0 0 0 0 
2033  0 2.02344 2.21233 0 0 0 0 0 
2034  0 2.02344 2.21233 0 0 0 0 0 

Spawning_Biomass Rex
Year SSB100 SSBabc SSBofl LowCI_SSB Median_SSB Mean_SSB UpperCI_SSB Stdev_SSB 
2021 12.0481 4.81922 4.21682 11.5686 11.5686 11.5686 11.5686 2.82441e-13 
2022 12.0481 4.81922 4.21682 12.8621 12.875 12.878 12.9041 0.0140141 
2023 12.0481 4.81922 4.21682 13.7363 13.8017 13.8128 13.9283 0.065124 
2024 12.0481 4.81922 4.21682 13.9781 14.193 14.2295 14.5832 0.206951 
2025 12.0481 4.81922 4.21682 13.719 14.2197 14.2916 15.0907 0.45832 
2026 12.0481 4.81922 4.21682 13.2317 14.0857 14.1834 15.5182 0.742232 
2027 12.0481 4.81922 4.21682 12.7359 13.8824 14.0084 15.7265 0.978813 
2028 12.0481 4.81922 4.21682 12.2365 13.6673 13.8067 15.8698 1.15145 
2029 12.0481 4.81922 4.21682 11.7535 13.4438 13.5991 15.8517 1.27358 
2030 12.0481 4.81922 4.21682 11.3839 13.2641 13.4002 15.7703 1.35812 
2031 12.0481 4.81922 4.21682 11.1542 13.1116 13.2199 15.7307 1.41459 
2032 12.0481 4.81922 4.21682 10.9491 12.9173 13.0625 15.6066 1.45252 
2033 12.0481 4.81922 4.21682 10.7874 12.7686 12.9257 15.5574 1.48291 
2034 12.0481 4.81922 4.21682 10.5483 12.6441 12.8005 15.5173 1.50413 

Fishing_mortalityRex
Year F0 Fabc Fofl LowCI_F Median_F Mean_F UpperCI_F Stdev_F 
2021  0 0.409759 0.573207 0.000133444 0.000133444 0.000133444 0.000133444 1.43657e-18 
2022  0 0.409759 0.573207 0.000116523 0.000116527 0.000116527 0.00011653 2.30112e-09 
2023  0 0.409759 0.573207 9.51176e-05 9.51576e-05 9.5154e-05 9.51764e-05 1.96456e-08 
2024  0 0.409759 0.573207 0 0 0 0 0 
2025  0 0.409759 0.573207 0 0 0 0 0 
2026  0 0.409759 0.573207 0 0 0 0 0 
2027  0 0.409759 0.573207 0 0 0 0 0 
2028  0 0.409759 0.573207 0 0 0 0 0 
2029  0 0.409759 0.573207 0 0 0 0 0 
2030  0 0.409759 0.573207 0 0 0 0 0 
2031  0 0.409759 0.573207 0 0 0 0 0 
2032  0 0.409759 0.573207 0 0 0 0 0 
2033  0 0.409759 0.573207 0 0 0 0 0 
2034  0 0.409759 0.573207 0 0 0 0 0 

Total_BiomassRex
Year B100 Babc Bofl LowCI_Biom Median_Biom Mean_Biom UpperCI_Biom Stdev_Biom 
2021 56.7491 15.3077 14.1923 31.9747 31.9747 31.9747 31.9747 2.16716e-13 
2022 56.7491 15.3077 14.1923 31.8898 32.5716 32.728 34.1044 0.739034 
2023 56.7491 15.3077 14.1923 31.4042 32.8017 33.0256 35.2933 1.31597 
2024 56.7491 15.3077 14.1923 30.5877 32.7464 33.0139 36.2441 1.83061 
2025 56.7491 15.3077 14.1923 29.8017 32.5391 32.7889 36.8116 2.25891 
2026 56.7491 15.3077 14.1923 28.7404 32.065 32.4253 37.0386 2.61807 
2027 56.7491 15.3077 14.1923 27.8136 31.6809 32.0154 37.1702 2.88274 
2028 56.7491 15.3077 14.1923 27.1132 31.3061 31.5968 37.0629 3.08819 
2029 56.7491 15.3077 14.1923 26.4451 30.9217 31.194 36.8566 3.21756 
2030 56.7491 15.3077 14.1923 26.1129 30.5473 30.8585 36.7477 3.31698 
2031 56.7491 15.3077 14.1923 25.6409 30.1177 30.5262 36.6101 3.41799 
2032 56.7491 15.3077 14.1923 25.1002 29.9021 30.2212 36.3046 3.45149 
2033 56.7491 15.3077 14.1923 24.7415 29.605 29.9038 36.0966 3.47079 
2034 56.7491 15.3077 14.1923 24.3339 29.4096 29.64 35.694 3.4787 
Alternative 4 Alternative  Stock: Rex
Catch Rex
Year C0 Cabc Cofl LowCI_Catch Median_Catch Mean_Catch UpperCI_Catch Stdev_Catch 
2021  0 2.02344 2.21233 0.0019 0.0019 0.0019 0.0019 3.01408e-17 
2022  0 2.02344 2.21233 0.0019 0.0019 0.0019 0.0019 4.40635e-13 
2023  0 2.02344 2.21233 0.0019 0.0019 0.0019 0.0019 5.29198e-12 
2024  0 2.02344 2.21233 1.42622 1.42813 1.42849 1.43201 0.00196863 
2025  0 2.02344 2.21233 1.35158 1.36054 1.36212 1.37812 0.0089753 
2026  0 2.02344 2.21233 1.22384 1.26209 1.26876 1.33552 0.0377949 
2027  0 2.02344 2.21233 1.08751 1.1771 1.19084 1.33553 0.0834322 
2028  0 2.02344 2.21233 0.988006 1.10831 1.12651 1.31216 0.106973 
2029  0 2.02344 2.21233 0.916648 1.05563 1.07308 1.28081 0.117637 
2030  0 2.02344 2.21233 0.849894 1.01158 1.02758 1.24939 0.124455 
2031  0 2.02344 2.21233 0.803343 0.974202 0.989727 1.21609 0.128342 
2032  0 2.02344 2.21233 0.765252 0.944835 0.959897 1.1887 0.130327 
2033  0 2.02344 2.21233 0.74972 0.919854 0.936293 1.16838 0.130654 
2034  0 2.02344 2.21233 0.730506 0.89988 0.918357 1.15472 0.131716 

Spawning_Biomass Rex
Year SSB100 SSBabc SSBofl LowCI_SSB Median_SSB Mean_SSB UpperCI_SSB Stdev_SSB 
2021 12.0481 4.81922 4.21682 11.5686 11.5686 11.5686 11.5686 2.82441e-13 
2022 12.0481 4.81922 4.21682 12.8621 12.875 12.878 12.9041 0.0140141 
2023 12.0481 4.81922 4.21682 13.7363 13.8017 13.8128 13.9283 0.065124 
2024 12.0481 4.81922 4.21682 13.9781 14.193 14.2295 14.5832 0.206951 
2025 12.0481 4.81922 4.21682 12.9909 13.4916 13.5636 14.3627 0.458317 
2026 12.0481 4.81922 4.21682 11.8921 12.7451 12.8431 14.178 0.741747 
2027 12.0481 4.81922 4.21682 10.9282 12.0566 12.1876 13.8831 0.967931 
2028 12.0481 4.81922 4.21682 10.0983 11.4769 11.6157 13.5768 1.1117 
2029 12.0481 4.81922 4.21682 9.37625 10.9869 11.1275 13.1815 1.19947 
2030 12.0481 4.81922 4.21682 8.84517 10.6058 10.7195 12.855 1.25232 
2031 12.0481 4.81922 4.21682 8.49405 10.276 10.3869 12.6404 1.28131 
2032 12.0481 4.81922 4.21682 8.27595 9.96191 10.1218 12.4475 1.29711 
2033 12.0481 4.81922 4.21682 7.97599 9.73454 9.91048 12.2459 1.31085 
2034 12.0481 4.81922 4.21682 7.79946 9.58079 9.73522 12.1424 1.31896 

Fishing_mortalityRex
Year F0 Fabc Fofl LowCI_F Median_F Mean_F UpperCI_F Stdev_F 
2021  0 0.409759 0.573207 0.000133444 0.000133444 0.000133444 0.000133444 1.43657e-18 
2022  0 0.409759 0.573207 0.000116523 0.000116527 0.000116527 0.00011653 2.30112e-09 
2023  0 0.409759 0.573207 9.51176e-05 9.51576e-05 9.5154e-05 9.51764e-05 1.96456e-08 
2024  0 0.409759 0.573207 0.0679921 0.0679921 0.0679921 0.0679921 2.35922e-16 
2025  0 0.409759 0.573207 0.0679921 0.0679921 0.0679921 0.0679921 2.35922e-16 
2026  0 0.409759 0.573207 0.0679921 0.0679921 0.0679921 0.0679921 2.35922e-16 
2027  0 0.409759 0.573207 0.0679921 0.0679921 0.0679921 0.0679921 2.35922e-16 
2028  0 0.409759 0.573207 0.0679921 0.0679921 0.0679921 0.0679921 2.35922e-16 
2029  0 0.409759 0.573207 0.0679921 0.0679921 0.0679921 0.0679921 2.35922e-16 
2030  0 0.409759 0.573207 0.0679921 0.0679921 0.0679921 0.0679921 2.35922e-16 
2031  0 0.409759 0.573207 0.0679921 0.0679921 0.0679921 0.0679921 2.35922e-16 
2032  0 0.409759 0.573207 0.0679921 0.0679921 0.0679921 0.0679921 2.35922e-16 
2033  0 0.409759 0.573207 0.0679921 0.0679921 0.0679921 0.0679921 2.35922e-16 
2034  0 0.409759 0.573207 0.0679921 0.0679921 0.0679921 0.0679921 2.35922e-16 

Total_BiomassRex
Year B100 Babc Bofl LowCI_Biom Median_Biom Mean_Biom UpperCI_Biom Stdev_Biom 
2021 56.7491 15.3077 14.1923 31.9747 31.9747 31.9747 31.9747 2.16716e-13 
2022 56.7491 15.3077 14.1923 31.8898 32.5716 32.728 34.1044 0.739034 
2023 56.7491 15.3077 14.1923 31.4042 32.8017 33.0256 35.2933 1.31597 
2024 56.7491 15.3077 14.1923 30.5877 32.7464 33.0139 36.2441 1.83061 
2025 56.7491 15.3077 14.1923 28.4484 31.1842 31.433 35.4525 2.25736 
2026 56.7491 15.3077 14.1923 26.2772 29.5964 29.948 34.544 2.61059 
2027 56.7491 15.3077 14.1923 24.4913 28.3219 28.6602 33.7487 2.85504 
2028 56.7491 15.3077 14.1923 23.1043 27.3022 27.5665 32.8004 3.01882 
2029 56.7491 15.3077 14.1923 22.0568 26.3807 26.6523 31.9291 3.10116 
2030 56.7491 15.3077 14.1923 21.445 25.6347 25.9358 31.4949 3.15855 
2031 56.7491 15.3077 14.1923 20.6056 24.8918 25.3262 31.0815 3.22216 
2032 56.7491 15.3077 14.1923 20.027 24.4802 24.8241 30.6783 3.22395 
2033 56.7491 15.3077 14.1923 19.5538 24.125 24.3696 30.1655 3.22059 
2034 56.7491 15.3077 14.1923 19.1186 23.692 24.013 29.5786 3.21251 
Alternative 5 Alternative  Stock: Rex
Catch Rex
Year C0 Cabc Cofl LowCI_Catch Median_Catch Mean_Catch UpperCI_Catch Stdev_Catch 
2021  0 2.02344 2.21233 0.0019 0.0019 0.0019 0.0019 3.01408e-17 
2022  0 2.02344 2.21233 0.0019 0.0019 0.0019 0.0019 4.40635e-13 
2023  0 2.02344 2.21233 0.0019 0.0019 0.0019 0.0019 5.29198e-12 
2024  0 2.02344 2.21233 0 0 0 0 0 
2025  0 2.02344 2.21233 0 0 0 0 0 
2026  0 2.02344 2.21233 0 0 0 0 0 
2027  0 2.02344 2.21233 0 0 0 0 0 
2028  0 2.02344 2.21233 0 0 0 0 0 
2029  0 2.02344 2.21233 0 0 0 0 0 
2030  0 2.02344 2.21233 0 0 0 0 0 
2031  0 2.02344 2.21233 0 0 0 0 0 
2032  0 2.02344 2.21233 0 0 0 0 0 
2033  0 2.02344 2.21233 0 0 0 0 0 
2034  0 2.02344 2.21233 0 0 0 0 0 

Spawning_Biomass Rex
Year SSB100 SSBabc SSBofl LowCI_SSB Median_SSB Mean_SSB UpperCI_SSB Stdev_SSB 
2021 12.0481 4.81922 4.21682 11.5686 11.5686 11.5686 11.5686 2.82441e-13 
2022 12.0481 4.81922 4.21682 12.8621 12.875 12.878 12.9041 0.0140141 
2023 12.0481 4.81922 4.21682 13.7363 13.8017 13.8128 13.9283 0.065124 
2024 12.0481 4.81922 4.21682 13.9781 14.193 14.2295 14.5832 0.206951 
2025 12.0481 4.81922 4.21682 13.719 14.2197 14.2916 15.0907 0.45832 
2026 12.0481 4.81922 4.21682 13.2317 14.0857 14.1834 15.5182 0.742232 
2027 12.0481 4.81922 4.21682 12.7359 13.8824 14.0084 15.7265 0.978813 
2028 12.0481 4.81922 4.21682 12.2365 13.6673 13.8067 15.8698 1.15145 
2029 12.0481 4.81922 4.21682 11.7535 13.4438 13.5991 15.8517 1.27358 
2030 12.0481 4.81922 4.21682 11.3839 13.2641 13.4002 15.7703 1.35812 
2031 12.0481 4.81922 4.21682 11.1542 13.1116 13.2199 15.7307 1.41459 
2032 12.0481 4.81922 4.21682 10.9491 12.9173 13.0625 15.6066 1.45252 
2033 12.0481 4.81922 4.21682 10.7874 12.7686 12.9257 15.5574 1.48291 
2034 12.0481 4.81922 4.21682 10.5483 12.6441 12.8005 15.5173 1.50413 

Fishing_mortalityRex
Year F0 Fabc Fofl LowCI_F Median_F Mean_F UpperCI_F Stdev_F 
2021  0 0.409759 0.573207 0.000133444 0.000133444 0.000133444 0.000133444 1.43657e-18 
2022  0 0.409759 0.573207 0.000116523 0.000116527 0.000116527 0.00011653 2.30112e-09 
2023  0 0.409759 0.573207 9.51176e-05 9.51576e-05 9.5154e-05 9.51764e-05 1.96456e-08 
2024  0 0.409759 0.573207 0 0 0 0 0 
2025  0 0.409759 0.573207 0 0 0 0 0 
2026  0 0.409759 0.573207 0 0 0 0 0 
2027  0 0.409759 0.573207 0 0 0 0 0 
2028  0 0.409759 0.573207 0 0 0 0 0 
2029  0 0.409759 0.573207 0 0 0 0 0 
2030  0 0.409759 0.573207 0 0 0 0 0 
2031  0 0.409759 0.573207 0 0 0 0 0 
2032  0 0.409759 0.573207 0 0 0 0 0 
2033  0 0.409759 0.573207 0 0 0 0 0 
2034  0 0.409759 0.573207 0 0 0 0 0 

Total_BiomassRex
Year B100 Babc Bofl LowCI_Biom Median_Biom Mean_Biom UpperCI_Biom Stdev_Biom 
2021 56.7491 15.3077 14.1923 31.9747 31.9747 31.9747 31.9747 2.16716e-13 
2022 56.7491 15.3077 14.1923 31.8898 32.5716 32.728 34.1044 0.739034 
2023 56.7491 15.3077 14.1923 31.4042 32.8017 33.0256 35.2933 1.31597 
2024 56.7491 15.3077 14.1923 30.5877 32.7464 33.0139 36.2441 1.83061 
2025 56.7491 15.3077 14.1923 29.8017 32.5391 32.7889 36.8116 2.25891 
2026 56.7491 15.3077 14.1923 28.7404 32.065 32.4253 37.0386 2.61807 
2027 56.7491 15.3077 14.1923 27.8136 31.6809 32.0154 37.1702 2.88274 
2028 56.7491 15.3077 14.1923 27.1132 31.3061 31.5968 37.0629 3.08819 
2029 56.7491 15.3077 14.1923 26.4451 30.9217 31.194 36.8566 3.21756 
2030 56.7491 15.3077 14.1923 26.1129 30.5473 30.8585 36.7477 3.31698 
2031 56.7491 15.3077 14.1923 25.6409 30.1177 30.5262 36.6101 3.41799 
2032 56.7491 15.3077 14.1923 25.1002 29.9021 30.2212 36.3046 3.45149 
2033 56.7491 15.3077 14.1923 24.7415 29.605 29.9038 36.0966 3.47079 
2034 56.7491 15.3077 14.1923 24.3339 29.4096 29.64 35.694 3.4787 
Alternative 6 Alternative  Stock: Rex
Catch Rex
Year C0 Cabc Cofl LowCI_Catch Median_Catch Mean_Catch UpperCI_Catch Stdev_Catch 
2021  0 2.02344 2.21233 0.0019 0.0019 0.0019 0.0019 3.01408e-17 
2022  0 2.02344 2.21233 7.45771 7.45788 7.45791 7.45826 0.00018452 
2023  0 2.02344 2.21233 6.21063 6.21288 6.21333 6.21768 0.00235769 
2024  0 2.02344 2.21233 4.78825 4.80416 4.80712 4.83628 0.0163277 
2025  0 2.02344 2.21233 3.51677 3.58825 3.60036 3.72594 0.07078 
2026  0 2.02344 2.21233 2.28503 2.76454 2.77717 3.28583 0.314419 
2027  0 2.02344 2.21233 1.56499 2.28242 2.32481 3.26129 0.568845 
2028  0 2.02344 2.21233 1.3727 2.05859 2.15317 3.19295 0.587319 
2029  0 2.02344 2.21233 1.3167 2.00295 2.0822 3.07953 0.562851 
2030  0 2.02344 2.21233 1.25492 1.97451 2.04139 3.02506 0.552864 
2031  0 2.02344 2.21233 1.24641 1.95448 2.01889 3.01833 0.541544 
2032  0 2.02344 2.21233 1.25973 1.93187 2.01501 2.98111 0.534796 
2033  0 2.02344 2.21233 1.27735 1.93688 2.01779 2.98015 0.530791 
2034  0 2.02344 2.21233 1.26343 1.95034 2.02474 2.98091 0.541189 

Spawning_Biomass Rex
Year SSB100 SSBabc SSBofl LowCI_SSB Median_SSB Mean_SSB UpperCI_SSB Stdev_SSB 
2021 12.0481 4.81922 4.21682 11.5686 11.5686 11.5686 11.5686 2.82441e-13 
2022 12.0481 4.81922 4.21682 12.8621 12.875 12.878 12.9041 0.0140141 
2023 12.0481 4.81922 4.21682 10.1826 10.248 10.2591 10.3746 0.065124 
2024 12.0481 4.81922 4.21682 7.70788 7.92281 7.95929 8.313 0.206951 
2025 12.0481 4.81922 4.21682 5.70305 6.20376 6.27571 7.07477 0.458299 
2026 12.0481 4.81922 4.21682 4.32809 5.1765 5.27444 6.60986 0.738163 
2027 12.0481 4.81922 4.21682 3.704 4.65386 4.79886 6.33617 0.876865 
2028 12.0481 4.81922 4.21682 3.48707 4.46572 4.60217 6.19933 0.856732 
2029 12.0481 4.81922 4.21682 3.391 4.38932 4.50921 6.01268 0.822631 
2030 12.0481 4.81922 4.21682 3.34161 4.34566 4.45959 5.94314 0.804534 
2031 12.0481 4.81922 4.21682 3.345 4.33031 4.43871 5.90255 0.792538 
2032 12.0481 4.81922 4.21682 3.38171 4.30766 4.43759 5.84117 0.785978 
2033 12.0481 4.81922 4.21682 3.39965 4.32592 4.44099 5.92183 0.788998 
2034 12.0481 4.81922 4.21682 3.33498 4.30407 4.43712 5.92169 0.785751 

Fishing_mortalityRex
Year F0 Fabc Fofl LowCI_F Median_F Mean_F UpperCI_F Stdev_F 
2021  0 0.409759 0.573207 0.000133444 0.000133444 0.000133444 0.000133444 1.43657e-18 
2022  0 0.409759 0.573207 0.573207 0.573207 0.573207 0.573207 1.07174e-11 
2023  0 0.409759 0.573207 0.573207 0.573207 0.573207 0.573207 9.30645e-10 
2024  0 0.409759 0.573207 0.573207 0.573207 0.573207 0.573207 9.4369e-15 
2025  0 0.409759 0.573207 0.573207 0.573207 0.573207 0.573207 9.4369e-15 
2026  0 0.409759 0.573207 0.511716 0.573207 0.56257 0.573207 0.0211128 
2027  0 0.409759 0.573207 0.43358 0.552503 0.529081 0.573207 0.0512676 
2028  0 0.409759 0.573207 0.406419 0.528948 0.514714 0.573207 0.0595257 
2029  0 0.409759 0.573207 0.394391 0.519382 0.508516 0.573207 0.0629827 
2030  0 0.409759 0.573207 0.388208 0.513916 0.505163 0.573207 0.0640974 
2031  0 0.409759 0.573207 0.388632 0.511994 0.503443 0.573207 0.0630347 
2032  0 0.409759 0.573207 0.393228 0.509158 0.503133 0.573207 0.0622188 
2033  0 0.409759 0.573207 0.395474 0.511445 0.503496 0.573207 0.0625849 
2034  0 0.409759 0.573207 0.387377 0.508709 0.503555 0.573207 0.0630797 

Total_BiomassRex
Year B100 Babc Bofl LowCI_Biom Median_Biom Mean_Biom UpperCI_Biom Stdev_Biom 
2021 56.7491 15.3077 14.1923 31.9747 31.9747 31.9747 31.9747 2.16716e-13 
2022 56.7491 15.3077 14.1923 31.8898 32.5716 32.728 34.1044 0.739034 
2023 56.7491 15.3077 14.1923 24.3523 25.7494 25.9733 28.2404 1.31575 
2024 56.7491 15.3077 14.1923 18.4872 20.644 20.9105 24.139 1.82818 
2025 56.7491 15.3077 14.1923 14.6236 17.3412 17.5916 21.6021 2.24392 
2026 56.7491 15.3077 14.1923 12.1387 15.3762 15.7082 20.1771 2.55727 
2027 56.7491 15.3077 14.1923 10.9848 14.4893 14.8034 19.4802 2.65829 
2028 56.7491 15.3077 14.1923 10.5978 14.1364 14.4273 18.9984 2.60506 
2029 56.7491 15.3077 14.1923 10.5373 13.9645 14.2558 18.6292 2.54489 
2030 56.7491 15.3077 14.1923 10.5436 13.8534 14.2084 18.6547 2.5273 
2031 56.7491 15.3077 14.1923 10.6922 13.7825 14.1765 18.8871 2.53399 
2032 56.7491 15.3077 14.1923 10.5667 13.8514 14.1589 18.6716 2.49617 
2033 56.7491 15.3077 14.1923 10.454 13.7922 14.0959 18.5997 2.47478 
2034 56.7491 15.3077 14.1923 10.5241 13.7032 14.0489 18.4167 2.45234 
Alternative 7 Alternative  Stock: Rex
Catch Rex
Year C0 Cabc Cofl LowCI_Catch Median_Catch Mean_Catch UpperCI_Catch Stdev_Catch 
2021  0 2.02344 2.21233 0.0019 0.0019 0.0019 0.0019 3.01408e-17 
2022  0 2.02344 2.21233 5.67058 5.6707 5.67073 5.67098 0.000131913 
2023  0 2.02344 2.21233 5.23975 5.24136 5.24168 5.2448 0.00168665 
2024  0 2.02344 2.21233 5.75287 5.7688 5.77177 5.80097 0.0163501 
2025  0 2.02344 2.21233 4.00921 4.08076 4.09291 4.21866 0.0708654 
2026  0 2.02344 2.21233 2.65466 3.01214 3.04826 3.53012 0.283796 
2027  0 2.02344 2.21233 1.65686 2.43593 2.45565 3.38036 0.569982 
2028  0 2.02344 2.21233 1.40841 2.11694 2.20638 3.25058 0.595227 
2029  0 2.02344 2.21233 1.33068 2.0199 2.1027 3.10155 0.567942 
2030  0 2.02344 2.21233 1.25919 1.98492 2.04903 3.03839 0.55519 
2031  0 2.02344 2.21233 1.24877 1.9579 2.02169 3.02298 0.542496 
2032  0 2.02344 2.21233 1.25995 1.93328 2.01599 2.98253 0.535158 
2033  0 2.02344 2.21233 1.27772 1.93686 2.01811 2.98016 0.530932 
2034  0 2.02344 2.21233 1.26339 1.95025 2.02484 2.98103 0.541241 

Spawning_Biomass Rex
Year SSB100 SSBabc SSBofl LowCI_SSB Median_SSB Mean_SSB UpperCI_SSB Stdev_SSB 
2021 12.0481 4.81922 4.21682 11.5686 11.5686 11.5686 11.5686 2.82441e-13 
2022 12.0481 4.81922 4.21682 12.8621 12.875 12.878 12.9041 0.0140141 
2023 12.0481 4.81922 4.21682 11.0228 11.0882 11.0993 11.2148 0.065124 
2024 12.0481 4.81922 4.21682 8.93635 9.15128 9.18776 9.54147 0.206951 
2025 12.0481 4.81922 4.21682 6.32199 6.8227 6.89464 7.69371 0.458299 
2026 12.0481 4.81922 4.21682 4.6337 5.4821 5.58004 6.91546 0.738163 
2027 12.0481 4.81922 4.21682 3.79439 4.80308 4.93431 6.4854 0.891436 
2028 12.0481 4.81922 4.21682 3.52109 4.52998 4.65637 6.27165 0.869131 
2029 12.0481 4.81922 4.21682 3.40479 4.41033 4.53011 6.04756 0.829185 
2030 12.0481 4.81922 4.21682 3.3463 4.35116 4.46742 5.9599 0.807425 
2031 12.0481 4.81922 4.21682 3.34647 4.33125 4.44157 5.91059 0.793697 
2032 12.0481 4.81922 4.21682 3.38259 4.30833 4.43859 5.84196 0.786429 
2033 12.0481 4.81922 4.21682 3.39981 4.32587 4.44132 5.92186 0.789174 
2034 12.0481 4.81922 4.21682 3.33494 4.30405 4.43722 5.92218 0.785822 

Fishing_mortalityRex
Year F0 Fabc Fofl LowCI_F Median_F Mean_F UpperCI_F Stdev_F 
2021  0 0.409759 0.573207 0.000133444 0.000133444 0.000133444 0.000133444 1.43657e-18 
2022  0 0.409759 0.573207 0.409758 0.409758 0.409758 0.409758 2.83708e-11 
2023  0 0.409759 0.573207 0.409758 0.409758 0.409758 0.409758 1.0134e-09 
2024  0 0.409759 0.573207 0.573207 0.573207 0.573207 0.573207 9.4369e-15 
2025  0 0.409759 0.573207 0.573207 0.573207 0.573207 0.573207 9.4369e-15 
2026  0 0.409759 0.573207 0.549979 0.573207 0.57051 0.573207 0.00928391 
2027  0 0.409759 0.573207 0.444896 0.571187 0.537369 0.573207 0.0467361 
2028  0 0.409759 0.573207 0.410678 0.536993 0.518457 0.573207 0.0582161 
2029  0 0.409759 0.573207 0.396118 0.522013 0.509969 0.573207 0.062541 
2030  0 0.409759 0.573207 0.388794 0.514605 0.505703 0.573207 0.063943 
2031  0 0.409759 0.573207 0.388816 0.512112 0.503645 0.573207 0.0629883 
2032  0 0.409759 0.573207 0.393338 0.509242 0.503202 0.573207 0.0622051 
2033  0 0.409759 0.573207 0.395494 0.511439 0.503518 0.573207 0.0625817 
2034  0 0.409759 0.573207 0.387372 0.508706 0.50356 0.573207 0.0630786 

Total_BiomassRex
Year B100 Babc Bofl LowCI_Biom Median_Biom Mean_Biom UpperCI_Biom Stdev_Biom 
2021 56.7491 15.3077 14.1923 31.9747 31.9747 31.9747 31.9747 2.16716e-13 
2022 56.7491 15.3077 14.1923 31.8898 32.5716 32.728 34.1044 0.739034 
2023 56.7491 15.3077 14.1923 26.0361 27.4333 27.6572 29.9245 1.31581 
2024 56.7491 15.3077 14.1923 20.8934 23.0507 23.3175 26.5465 1.82887 
2025 56.7491 15.3077 14.1923 15.8382 18.5564 18.8068 22.8175 2.24452 
2026 56.7491 15.3077 14.1923 12.7379 15.9768 16.3085 20.7783 2.55771 
2027 56.7491 15.3077 14.1923 11.1888 14.7564 15.0706 19.773 2.67901 
2028 56.7491 15.3077 14.1923 10.6565 14.2609 14.5347 19.1402 2.6212 
2029 56.7491 15.3077 14.1923 10.576 14.005 14.2973 18.6945 2.5525 
2030 56.7491 15.3077 14.1923 10.5509 13.8685 14.224 18.6591 2.53035 
2031 56.7491 15.3077 14.1923 10.6943 13.7872 14.1822 18.89 2.53515 
2032 56.7491 15.3077 14.1923 10.5675 13.8523 14.1608 18.6735 2.49661 
2033 56.7491 15.3077 14.1923 10.454 13.7923 14.0965 18.5998 2.47495 
2034 56.7491 15.3077 14.1923 10.5242 13.7031 14.0491 18.4167 2.4524 
