Alternative 1 Catch
     Rex 
Equil_Fabc 9.13035 
Year 
2021 0.392 
2022 1.567 
2023 1.567 
2024 46.0871 
2025 26.5506 
2026 19.2981 
2027 16.7468 
2028 12.3944 
2029 10.2476 
2030 10.03 
2031 10.016 
2032 9.92285 
2033 9.82314 
2034 9.84204 

Alternative 1 ABCs
     Rex 

Year 
2021 43.3701 
2022 40.9278 
2023 38.9914 
2024 46.0871 
2025 26.5506 
2026 19.2981 
2027 16.7468 
2028 12.3944 
2029 10.2476 
2030 10.03 
2031 10.016 
2032 9.92285 
2033 9.82314 
2034 9.84204 

Alternative 1 TACs
     Rex 

Year 
2021  NA 
2022  NA 
2023  NA 
2024 46.0871 
2025 26.5506 
2026 19.2981 
2027 16.7468 
2028 12.3944 
2029 10.2476 
2030 10.03 
2031 10.016 
2032 9.92285 
2033 9.82314 
2034 9.84204 

Alternative 1 Sp_Biomass
     Rex 
Equil_Fabc 28.4159 
Year 
2021 56.744 
2022 64.2447 
2023 70.5547 
2024 75.0299 
2025 50.902 
2026 40.7212 
2027 34.7385 
2028 30.6391 
2029 29.2248 
2030 28.9981 
2031 28.8896 
2032 28.8053 
2033 28.7959 
2034 28.807 

Alternative 1 Fishing Mortality
     Rex 
Equil_Fabc 1.78706 
Year 
2021 0.00785372 
2022 0.0336452 
2023 0.0359037 
2024 1.78706 
2025 1.78706 
2026 1.78706 
2027 1.78472 
2028 1.71332 
2029 1.67033 
2030 1.66696 
2031 1.66534 
2032 1.66371 
2033 1.6634 
2034 1.66267 

Alternative 1 Biomass
     Rex 

Year 
2021 146.753 
2022 154.77 
2023 158.977 
2024 161.001 
2025 120.444 
2026 101.583 
2027 90.8967 
2028 83.4231 
2029 80.7147 
2030 80.3856 
2031 80.1893 
2032 79.9802 
2033 79.6921 
2034 79.5695 

Alternative 1 Implied SPR rate 
     Rex 
Equil_Fabc 0.4 
Year 
2021 0.9693 
2022 0.885602 
2023 0.879303 
2024 0.40006 
2025 0.40006 
2026 0.40006 
2027 0.400129 
2028 0.402442 
2029 0.403975 
2030 0.404129 
2031 0.404179 
2032 0.404192 
2033 0.404188 
2034 0.404228 

  Rex 
EquilAvgAgeF0  6.0966 
EquilAvgAgeFabc  3.55777 
AvgAgeYr2034 3.60066 
Alternative 2 Catch
     Rex 
Equil_Fabc 9.13035 
Year 
2021 0.392 
2022 1.567 
2023 1.567 
2024 46.0871 
2025 26.5506 
2026 19.2981 
2027 16.7468 
2028 12.3944 
2029 10.2476 
2030 10.03 
2031 10.016 
2032 9.92285 
2033 9.82314 
2034 9.84204 

Alternative 2 ABCs
     Rex 

Year 
2021 43.3701 
2022 40.9278 
2023 38.9914 
2024 46.0871 
2025 26.5506 
2026 19.2981 
2027 16.7468 
2028 12.3944 
2029 10.2476 
2030 10.03 
2031 10.016 
2032 9.92285 
2033 9.82314 
2034 9.84204 

Alternative 2 TACs
     Rex 

Year 
2021  NA 
2022  NA 
2023  NA 
2024 46.0871 
2025 26.5506 
2026 19.2981 
2027 16.7468 
2028 12.3944 
2029 10.2476 
2030 10.03 
2031 10.016 
2032 9.92285 
2033 9.82314 
2034 9.84204 

Alternative 2 Sp_Biomass
     Rex 
Equil_Fabc 28.4159 
Year 
2021 56.744 
2022 64.2447 
2023 70.5547 
2024 75.0299 
2025 50.902 
2026 40.7212 
2027 34.7385 
2028 30.6391 
2029 29.2248 
2030 28.9981 
2031 28.8896 
2032 28.8053 
2033 28.7959 
2034 28.807 

Alternative 2 Fishing Mortality
     Rex 
Equil_Fabc 1.78706 
Year 
2021 0.00785372 
2022 0.0336452 
2023 0.0359037 
2024 1.78706 
2025 1.78706 
2026 1.78706 
2027 1.78472 
2028 1.71332 
2029 1.67033 
2030 1.66696 
2031 1.66534 
2032 1.66371 
2033 1.6634 
2034 1.66267 

Alternative 2 Biomass
     Rex 

Year 
2021 146.753 
2022 154.77 
2023 158.977 
2024 161.001 
2025 120.444 
2026 101.583 
2027 90.8967 
2028 83.4231 
2029 80.7147 
2030 80.3856 
2031 80.1893 
2032 79.9802 
2033 79.6921 
2034 79.5695 

Alternative 2 Implied SPR rate 
     Rex 
Equil_Fabc 0.4 
Year 
2021 0.9693 
2022 0.885602 
2023 0.879303 
2024 0.40006 
2025 0.40006 
2026 0.40006 
2027 0.400129 
2028 0.402442 
2029 0.403975 
2030 0.404129 
2031 0.404179 
2032 0.404192 
2033 0.404188 
2034 0.404228 

  Rex 
EquilAvgAgeF0  6.0966 
EquilAvgAgeFabc  3.55777 
AvgAgeYr2034 3.60066 
Alternative 3 Catch
     Rex 
Equil_Fabc 9.13035 
Year 
2021 0.392 
2022 1.567 
2023 1.567 
2024 1.20059 
2025 1.61571 
2026 1.81132 
2027 1.95937 
2028 1.97004 
2029 1.91545 
2030 1.86569 
2031 1.82118 
2032 1.78038 
2033 1.7415 
2034 1.70965 

Alternative 3 ABCs
     Rex 

Year 
2021 1.21592 
2022 1.14862 
2023 1.07742 
2024 1.20059 
2025 1.61571 
2026 1.81132 
2027 1.95937 
2028 1.97004 
2029 1.91545 
2030 1.86569 
2031 1.82118 
2032 1.78038 
2033 1.7415 
2034 1.70965 

Alternative 3 TACs
     Rex 

Year 
2021  NA 
2022  NA 
2023  NA 
2024 1.20059 
2025 1.61571 
2026 1.81132 
2027 1.95937 
2028 1.97004 
2029 1.91545 
2030 1.86569 
2031 1.82118 
2032 1.78038 
2033 1.7415 
2034 1.70965 

Alternative 3 Sp_Biomass
     Rex 
Equil_Fabc 28.4159 
Year 
2021 56.744 
2022 64.2447 
2023 70.5547 
2024 75.0299 
2025 77.5258 
2026 78.0768 
2027 77.5564 
2028 76.4757 
2029 75.1841 
2030 73.8753 
2031 72.639 
2032 71.5254 
2033 70.5476 
2034 69.6772 

Alternative 3 Fishing Mortality
     Rex 
Equil_Fabc 1.78706 
Year 
2021 0.00785372 
2022 0.0336452 
2023 0.0359037 
2024 0.0245556 
2025 0.0245556 
2026 0.0245556 
2027 0.0245556 
2028 0.0245556 
2029 0.0245556 
2030 0.0245556 
2031 0.0245556 
2032 0.0245556 
2033 0.0245556 
2034 0.0245556 

Alternative 3 Biomass
     Rex 

Year 
2021 146.753 
2022 154.77 
2023 158.977 
2024 161.001 
2025 161.711 
2026 160.718 
2027 158.854 
2028 156.491 
2029 154.048 
2030 151.845 
2031 149.733 
2032 147.808 
2033 145.941 
2034 144.378 

Alternative 3 Implied SPR rate 
     Rex 
Equil_Fabc 0.4 
Year 
2021 0.9693 
2022 0.885602 
2023 0.879303 
2024 0.912486 
2025 0.912486 
2026 0.912486 
2027 0.912486 
2028 0.912486 
2029 0.912486 
2030 0.912486 
2031 0.912486 
2032 0.912486 
2033 0.912486 
2034 0.912486 

  Rex 
EquilAvgAgeF0  6.0966 
EquilAvgAgeFabc  3.55777 
AvgAgeYr2034 6.03726 
Alternative 4 Catch
     Rex 
Equil_Fabc 9.13035 
Year 
2021 0.392 
2022 1.567 
2023 1.567 
2024 4.61253 
2025 5.92053 
2026 6.35691 
2027 6.62983 
2028 6.40844 
2029 5.99606 
2030 5.66239 
2031 5.39477 
2032 5.17557 
2033 4.98906 
2034 4.84787 

Alternative 4 ABCs
     Rex 

Year 
2021 4.65759 
2022 4.39961 
2023 4.12942 
2024 4.61253 
2025 5.92053 
2026 6.35691 
2027 6.62983 
2028 6.40844 
2029 5.99606 
2030 5.66239 
2031 5.39477 
2032 5.17557 
2033 4.98906 
2034 4.84787 

Alternative 4 TACs
     Rex 

Year 
2021  NA 
2022  NA 
2023  NA 
2024 4.61253 
2025 5.92053 
2026 6.35691 
2027 6.62983 
2028 6.40844 
2029 5.99606 
2030 5.66239 
2031 5.39477 
2032 5.17557 
2033 4.98906 
2034 4.84787 

Alternative 4 Sp_Biomass
     Rex 
Equil_Fabc 28.4159 
Year 
2021 56.744 
2022 64.2447 
2023 70.5547 
2024 75.0299 
2025 75.4816 
2026 73.7624 
2027 71.1172 
2028 68.1342 
2029 65.3443 
2030 62.9637 
2031 60.9902 
2032 59.3938 
2033 58.122 
2034 57.096 

Alternative 4 Fishing Mortality
     Rex 
Equil_Fabc 1.78706 
Year 
2021 0.00785372 
2022 0.0336452 
2023 0.0359037 
2024 0.0973544 
2025 0.0973544 
2026 0.0973544 
2027 0.0973544 
2028 0.0973544 
2029 0.0973544 
2030 0.0973544 
2031 0.0973544 
2032 0.0973544 
2033 0.0973544 
2034 0.0973544 

Alternative 4 Biomass
     Rex 

Year 
2021 146.753 
2022 154.77 
2023 158.977 
2024 161.001 
2025 158.522 
2026 153.909 
2027 148.675 
2028 143.289 
2029 138.474 
2030 134.593 
2031 131.338 
2032 128.671 
2033 126.358 
2034 124.564 

Alternative 4 Implied SPR rate 
     Rex 
Equil_Fabc 0.4 
Year 
2021 0.9693 
2022 0.885602 
2023 0.879303 
2024 0.75 
2025 0.75 
2026 0.75 
2027 0.75 
2028 0.75 
2029 0.75 
2030 0.75 
2031 0.75 
2032 0.75 
2033 0.75 
2034 0.75 

  Rex 
EquilAvgAgeF0  6.0966 
EquilAvgAgeFabc  3.55777 
AvgAgeYr2034 5.29702 
Alternative 5 Catch
     Rex 
Equil_Fabc 9.13035 
Year 
2021 0.392 
2022 1.567 
2023 1.567 
2024  NA 
2025  NA 
2026  NA 
2027  NA 
2028  NA 
2029  NA 
2030  NA 
2031  NA 
2032  NA 
2033  NA 
2034  NA 

Alternative 5 ABCs
     Rex 

Year 
2021  NA 
2022  NA 
2023  NA 
2024  NA 
2025  NA 
2026  NA 
2027  NA 
2028  NA 
2029  NA 
2030  NA 
2031  NA 
2032  NA 
2033  NA 
2034  NA 

Alternative 5 TACs
     Rex 

Year 
2021  NA 
2022  NA 
2023  NA 
2024  NA 
2025  NA 
2026  NA 
2027  NA 
2028  NA 
2029  NA 
2030  NA 
2031  NA 
2032  NA 
2033  NA 
2034  NA 

Alternative 5 Sp_Biomass
     Rex 
Equil_Fabc 28.4159 
Year 
2021 56.744 
2022 64.2447 
2023 70.5547 
2024 75.0299 
2025 78.2455 
2026 79.6566 
2027 80.0023 
2028 79.7549 
2029 79.1857 
2030 78.463 
2031 77.6937 
2032 76.946 
2033 76.2505 
2034 75.594 

Alternative 5 Fishing Mortality
     Rex 
Equil_Fabc 1.78706 
Year 
2021 0.00785372 
2022 0.0336452 
2023 0.0359037 
2024  NA 
2025  NA 
2026  NA 
2027  NA 
2028  NA 
2029  NA 
2030  NA 
2031  NA 
2032  NA 
2033  NA 
2034  NA 

Alternative 5 Biomass
     Rex 

Year 
2021 146.753 
2022 154.77 
2023 158.977 
2024 161.001 
2025 162.834 
2026 163.21 
2027 162.718 
2028 161.676 
2029 160.374 
2030 159.088 
2031 157.702 
2032 156.344 
2033 154.913 
2034 153.677 

Alternative 5 Implied SPR rate 
     Rex 
Equil_Fabc 0.4 
Year 
2021 0.9693 
2022 0.885602 
2023 0.879303 
2024 1 
2025 1 
2026 1 
2027 1 
2028 1 
2029 1 
2030 1 
2031 1 
2032 1 
2033 1 
2034 1 

  Rex 
EquilAvgAgeF0  6.0966 
EquilAvgAgeFabc  3.55777 
AvgAgeYr2034 6.36512 
