Rex 1 2021 Cabc 9.13035
Rex 1 2021 Cofl 8.93026
Rex 1 2021 CLCI 0.392
Rex 1 2021 CUCI 0.392
Rex 1 2021 CMedian 0.392
Rex 1 2021 CMean 0.392
Rex 1 2021 CStdn 4.82947e-15
Rex 1 2022 Cabc 9.13035
Rex 1 2022 Cofl 8.93026
Rex 1 2022 CLCI 1.567
Rex 1 2022 CUCI 1.567
Rex 1 2022 CMedian 1.567
Rex 1 2022 CMean 1.567
Rex 1 2022 CStdn 1.26565e-14
Rex 1 2023 Cabc 9.13035
Rex 1 2023 Cofl 8.93026
Rex 1 2023 CLCI 1.567
Rex 1 2023 CUCI 1.567
Rex 1 2023 CMedian 1.567
Rex 1 2023 CMean 1.567
Rex 1 2023 CStdn 1.26565e-14
Rex 1 2024 Cabc 9.13035
Rex 1 2024 Cofl 8.93026
Rex 1 2024 CLCI 46.0871
Rex 1 2024 CUCI 46.0871
Rex 1 2024 CMedian 46.0871
Rex 1 2024 CMean 46.0871
Rex 1 2024 CStdn 6.03961e-13
Rex 1 2025 Cabc 9.13035
Rex 1 2025 Cofl 8.93026
Rex 1 2025 CLCI 26.5506
Rex 1 2025 CUCI 26.5506
Rex 1 2025 CMedian 26.5506
Rex 1 2025 CMean 26.5506
Rex 1 2025 CStdn 3.6593e-13
Rex 1 2026 Cabc 9.13035
Rex 1 2026 Cofl 8.93026
Rex 1 2026 CLCI 19.2981
Rex 1 2026 CUCI 19.2981
Rex 1 2026 CMedian 19.2981
Rex 1 2026 CMean 19.2981
Rex 1 2026 CStdn 2.30926e-13
Rex 1 2027 Cabc 9.13035
Rex 1 2027 Cofl 8.93026
Rex 1 2027 CLCI 16.7581
Rex 1 2027 CUCI 16.7581
Rex 1 2027 CMedian 16.7581
Rex 1 2027 CMean 16.7468
Rex 1 2027 CStdn 0.0772778
Rex 1 2028 Cabc 9.13035
Rex 1 2028 Cofl 8.93026
Rex 1 2028 CLCI 9.95696
Rex 1 2028 CUCI 15.6768
Rex 1 2028 CMedian 12.1442
Rex 1 2028 CMean 12.3944
Rex 1 2028 CStdn 1.84108
Rex 1 2029 Cabc 9.13035
Rex 1 2029 Cofl 8.93026
Rex 1 2029 CLCI 6.30403
Rex 1 2029 CUCI 15.948
Rex 1 2029 CMedian 9.70324
Rex 1 2029 CMean 10.2476
Rex 1 2029 CStdn 3.23201
Rex 1 2030 Cabc 9.13035
Rex 1 2030 Cofl 8.93026
Rex 1 2030 CLCI 6.20446
Rex 1 2030 CUCI 15.9825
Rex 1 2030 CMedian 9.48429
Rex 1 2030 CMean 10.03
Rex 1 2030 CStdn 3.07509
Rex 1 2031 Cabc 9.13035
Rex 1 2031 Cofl 8.93026
Rex 1 2031 CLCI 6.07021
Rex 1 2031 CUCI 15.4555
Rex 1 2031 CMedian 9.57825
Rex 1 2031 CMean 10.016
Rex 1 2031 CStdn 2.93012
Rex 1 2032 Cabc 9.13035
Rex 1 2032 Cofl 8.93026
Rex 1 2032 CLCI 6.01675
Rex 1 2032 CUCI 15.5553
Rex 1 2032 CMedian 9.2995
Rex 1 2032 CMean 9.92285
Rex 1 2032 CStdn 2.99584
Rex 1 2033 Cabc 9.13035
Rex 1 2033 Cofl 8.93026
Rex 1 2033 CLCI 6.13843
Rex 1 2033 CUCI 15.5768
Rex 1 2033 CMedian 9.44011
Rex 1 2033 CMean 9.82314
Rex 1 2033 CStdn 2.86671
Rex 1 2034 Cabc 9.13035
Rex 1 2034 Cofl 8.93026
Rex 1 2034 CLCI 6.08887
Rex 1 2034 CUCI 15.4476
Rex 1 2034 CMedian 9.28816
Rex 1 2034 CMean 9.84204
Rex 1 2034 CStdn 2.86896
Rex 1 2021 SSBF100 71.0291
Rex 1 2021 SSBFabc 28.4159
Rex 1 2021 SSBFofl 25.534
Rex 1 2021 SSBLCI 56.744
Rex 1 2021 SSBUCI 56.744
Rex 1 2021 SSBMedian 56.744
Rex 1 2021 SSBMean 56.744
Rex 1 2022 SSBF100 71.0291
Rex 1 2022 SSBFabc 28.4159
Rex 1 2022 SSBFofl 25.534
Rex 1 2022 SSBLCI 64.1798
Rex 1 2022 SSBUCI 64.3433
Rex 1 2022 SSBMedian 64.2342
Rex 1 2022 SSBMean 64.2447
Rex 1 2023 SSBF100 71.0291
Rex 1 2023 SSBFabc 28.4159
Rex 1 2023 SSBFofl 25.534
Rex 1 2023 SSBLCI 70.2317
Rex 1 2023 SSBUCI 71.0186
Rex 1 2023 SSBMedian 70.514
Rex 1 2023 SSBMean 70.5547
Rex 1 2024 SSBF100 71.0291
Rex 1 2024 SSBFabc 28.4159
Rex 1 2024 SSBFofl 25.534
Rex 1 2024 SSBLCI 73.9245
Rex 1 2024 SSBUCI 76.5463
Rex 1 2024 SSBMedian 74.8949
Rex 1 2024 SSBMean 75.0299
Rex 1 2025 SSBF100 71.0291
Rex 1 2025 SSBFabc 28.4159
Rex 1 2025 SSBFofl 25.534
Rex 1 2025 SSBLCI 48.2814
Rex 1 2025 SSBUCI 54.3586
Rex 1 2025 SSBMedian 50.6196
Rex 1 2025 SSBMean 50.902
Rex 1 2026 SSBF100 71.0291
Rex 1 2026 SSBFabc 28.4159
Rex 1 2026 SSBFofl 25.534
Rex 1 2026 SSBLCI 36.2786
Rex 1 2026 SSBUCI 46.5184
Rex 1 2026 SSBMedian 40.3104
Rex 1 2026 SSBMean 40.7212
Rex 1 2027 SSBF100 71.0291
Rex 1 2027 SSBFabc 28.4159
Rex 1 2027 SSBFofl 25.534
Rex 1 2027 SSBLCI 28.7027
Rex 1 2027 SSBUCI 42.4832
Rex 1 2027 SSBMedian 34.1798
Rex 1 2027 SSBMean 34.7385
Rex 1 2028 SSBF100 71.0291
Rex 1 2028 SSBFabc 28.4159
Rex 1 2028 SSBFofl 25.534
Rex 1 2028 SSBLCI 23.0972
Rex 1 2028 SSBUCI 40.0993
Rex 1 2028 SSBMedian 29.9868
Rex 1 2028 SSBMean 30.6391
Rex 1 2029 SSBF100 71.0291
Rex 1 2029 SSBFabc 28.4159
Rex 1 2029 SSBFofl 25.534
Rex 1 2029 SSBLCI 21.5471
Rex 1 2029 SSBUCI 39.0753
Rex 1 2029 SSBMedian 28.5602
Rex 1 2029 SSBMean 29.2248
Rex 1 2030 SSBF100 71.0291
Rex 1 2030 SSBFabc 28.4159
Rex 1 2030 SSBFofl 25.534
Rex 1 2030 SSBLCI 21.0517
Rex 1 2030 SSBUCI 38.2297
Rex 1 2030 SSBMedian 28.3145
Rex 1 2030 SSBMean 28.9981
Rex 1 2031 SSBF100 71.0291
Rex 1 2031 SSBFabc 28.4159
Rex 1 2031 SSBFofl 25.534
Rex 1 2031 SSBLCI 21.1599
Rex 1 2031 SSBUCI 38.7869
Rex 1 2031 SSBMedian 28.3356
Rex 1 2031 SSBMean 28.8896
Rex 1 2032 SSBF100 71.0291
Rex 1 2032 SSBFabc 28.4159
Rex 1 2032 SSBFofl 25.534
Rex 1 2032 SSBLCI 21.3086
Rex 1 2032 SSBUCI 38.2501
Rex 1 2032 SSBMedian 28.1945
Rex 1 2032 SSBMean 28.8053
Rex 1 2033 SSBF100 71.0291
Rex 1 2033 SSBFabc 28.4159
Rex 1 2033 SSBFofl 25.534
Rex 1 2033 SSBLCI 21.4951
Rex 1 2033 SSBUCI 38.3039
Rex 1 2033 SSBMedian 27.9804
Rex 1 2033 SSBMean 28.7959
Rex 1 2034 SSBF100 71.0291
Rex 1 2034 SSBFabc 28.4159
Rex 1 2034 SSBFofl 25.534
Rex 1 2034 SSBLCI 21.4985
Rex 1 2034 SSBUCI 38.3388
Rex 1 2034 SSBMedian 28.0049
Rex 1 2034 SSBMean 28.807
Rex 1 2021 F0 0 
Rex 1 2021 Fabc 1.78706
Rex 1 2021 Fofl 5.15419
Rex 1 2021  F_LCI 0.00785372
Rex 1 2021  F_UCI 0.00785372
Rex 1 2021  F_Median 0.00785372
Rex 1 2021  F_Mean 0.00785372
Rex 1 2022 F0 0 
Rex 1 2022 Fabc 1.78706
Rex 1 2022 Fofl 5.15419
Rex 1 2022  F_LCI 0.0336452
Rex 1 2022  F_UCI 0.0336452
Rex 1 2022  F_Median 0.0336452
Rex 1 2022  F_Mean 0.0336452
Rex 1 2023 F0 0 
Rex 1 2023 Fabc 1.78706
Rex 1 2023 Fofl 5.15419
Rex 1 2023  F_LCI 0.0359037
Rex 1 2023  F_UCI 0.0359037
Rex 1 2023  F_Median 0.0359037
Rex 1 2023  F_Mean 0.0359037
Rex 1 2024 F0 0 
Rex 1 2024 Fabc 1.78706
Rex 1 2024 Fofl 5.15419
Rex 1 2024  F_LCI 1.78706
Rex 1 2024  F_UCI 1.78706
Rex 1 2024  F_Median 1.78706
Rex 1 2024  F_Mean 1.78706
Rex 1 2025 F0 0 
Rex 1 2025 Fabc 1.78706
Rex 1 2025 Fofl 5.15419
Rex 1 2025  F_LCI 1.78706
Rex 1 2025  F_UCI 1.78706
Rex 1 2025  F_Median 1.78706
Rex 1 2025  F_Mean 1.78706
Rex 1 2026 F0 0 
Rex 1 2026 Fabc 1.78706
Rex 1 2026 Fofl 5.15419
Rex 1 2026  F_LCI 1.78706
Rex 1 2026  F_UCI 1.78706
Rex 1 2026  F_Median 1.78706
Rex 1 2026  F_Mean 1.78706
Rex 1 2027 F0 0 
Rex 1 2027 Fabc 1.78706
Rex 1 2027 Fofl 5.15419
Rex 1 2027  F_LCI 1.78706
Rex 1 2027  F_UCI 1.78706
Rex 1 2027  F_Median 1.78706
Rex 1 2027  F_Mean 1.78472
Rex 1 2028 F0 0 
Rex 1 2028 Fabc 1.78706
Rex 1 2028 Fofl 5.15419
Rex 1 2028  F_LCI 1.43496
Rex 1 2028  F_UCI 1.78706
Rex 1 2028  F_Median 1.78706
Rex 1 2028  F_Mean 1.71332
Rex 1 2029 F0 0 
Rex 1 2029 Fabc 1.78706
Rex 1 2029 Fofl 5.15419
Rex 1 2029  F_LCI 1.33234
Rex 1 2029  F_UCI 1.78706
Rex 1 2029  F_Median 1.78706
Rex 1 2029  F_Mean 1.67033
Rex 1 2030 F0 0 
Rex 1 2030 Fabc 1.78706
Rex 1 2030 Fofl 5.15419
Rex 1 2030  F_LCI 1.29955
Rex 1 2030  F_UCI 1.78706
Rex 1 2030  F_Median 1.78034
Rex 1 2030  F_Mean 1.66696
Rex 1 2031 F0 0 
Rex 1 2031 Fabc 1.78706
Rex 1 2031 Fofl 5.15419
Rex 1 2031  F_LCI 1.30671
Rex 1 2031  F_UCI 1.78706
Rex 1 2031  F_Median 1.78174
Rex 1 2031  F_Mean 1.66534
Rex 1 2032 F0 0 
Rex 1 2032 Fabc 1.78706
Rex 1 2032 Fofl 5.15419
Rex 1 2032  F_LCI 1.31656
Rex 1 2032  F_UCI 1.78706
Rex 1 2032  F_Median 1.7724
Rex 1 2032  F_Mean 1.66371
Rex 1 2033 F0 0 
Rex 1 2033 Fabc 1.78706
Rex 1 2033 Fofl 5.15419
Rex 1 2033  F_LCI 1.32891
Rex 1 2033  F_UCI 1.78706
Rex 1 2033  F_Median 1.75823
Rex 1 2033  F_Mean 1.6634
Rex 1 2034 F0 0 
Rex 1 2034 Fabc 1.78706
Rex 1 2034 Fofl 5.15419
Rex 1 2034  F_LCI 1.32913
Rex 1 2034  F_UCI 1.78706
Rex 1 2034  F_Median 1.75985
Rex 1 2034  F_Mean 1.66267
Rex 2 2021 Cabc 9.13035
Rex 2 2021 Cofl 8.93026
Rex 2 2021 CLCI 0.392
Rex 2 2021 CUCI 0.392
Rex 2 2021 CMedian 0.392
Rex 2 2021 CMean 0.392
Rex 2 2021 CStdn 4.82947e-15
Rex 2 2022 Cabc 9.13035
Rex 2 2022 Cofl 8.93026
Rex 2 2022 CLCI 1.567
Rex 2 2022 CUCI 1.567
Rex 2 2022 CMedian 1.567
Rex 2 2022 CMean 1.567
Rex 2 2022 CStdn 1.26565e-14
Rex 2 2023 Cabc 9.13035
Rex 2 2023 Cofl 8.93026
Rex 2 2023 CLCI 1.567
Rex 2 2023 CUCI 1.567
Rex 2 2023 CMedian 1.567
Rex 2 2023 CMean 1.567
Rex 2 2023 CStdn 1.26565e-14
Rex 2 2024 Cabc 9.13035
Rex 2 2024 Cofl 8.93026
Rex 2 2024 CLCI 46.0871
Rex 2 2024 CUCI 46.0871
Rex 2 2024 CMedian 46.0871
Rex 2 2024 CMean 46.0871
Rex 2 2024 CStdn 6.03961e-13
Rex 2 2025 Cabc 9.13035
Rex 2 2025 Cofl 8.93026
Rex 2 2025 CLCI 26.5506
Rex 2 2025 CUCI 26.5506
Rex 2 2025 CMedian 26.5506
Rex 2 2025 CMean 26.5506
Rex 2 2025 CStdn 3.6593e-13
Rex 2 2026 Cabc 9.13035
Rex 2 2026 Cofl 8.93026
Rex 2 2026 CLCI 19.2981
Rex 2 2026 CUCI 19.2981
Rex 2 2026 CMedian 19.2981
Rex 2 2026 CMean 19.2981
Rex 2 2026 CStdn 2.30926e-13
Rex 2 2027 Cabc 9.13035
Rex 2 2027 Cofl 8.93026
Rex 2 2027 CLCI 16.7581
Rex 2 2027 CUCI 16.7581
Rex 2 2027 CMedian 16.7581
Rex 2 2027 CMean 16.7468
Rex 2 2027 CStdn 0.0772778
Rex 2 2028 Cabc 9.13035
Rex 2 2028 Cofl 8.93026
Rex 2 2028 CLCI 9.95696
Rex 2 2028 CUCI 15.6768
Rex 2 2028 CMedian 12.1442
Rex 2 2028 CMean 12.3944
Rex 2 2028 CStdn 1.84108
Rex 2 2029 Cabc 9.13035
Rex 2 2029 Cofl 8.93026
Rex 2 2029 CLCI 6.30403
Rex 2 2029 CUCI 15.948
Rex 2 2029 CMedian 9.70324
Rex 2 2029 CMean 10.2476
Rex 2 2029 CStdn 3.23201
Rex 2 2030 Cabc 9.13035
Rex 2 2030 Cofl 8.93026
Rex 2 2030 CLCI 6.20446
Rex 2 2030 CUCI 15.9825
Rex 2 2030 CMedian 9.48429
Rex 2 2030 CMean 10.03
Rex 2 2030 CStdn 3.07509
Rex 2 2031 Cabc 9.13035
Rex 2 2031 Cofl 8.93026
Rex 2 2031 CLCI 6.07021
Rex 2 2031 CUCI 15.4555
Rex 2 2031 CMedian 9.57825
Rex 2 2031 CMean 10.016
Rex 2 2031 CStdn 2.93012
Rex 2 2032 Cabc 9.13035
Rex 2 2032 Cofl 8.93026
Rex 2 2032 CLCI 6.01675
Rex 2 2032 CUCI 15.5553
Rex 2 2032 CMedian 9.2995
Rex 2 2032 CMean 9.92285
Rex 2 2032 CStdn 2.99584
Rex 2 2033 Cabc 9.13035
Rex 2 2033 Cofl 8.93026
Rex 2 2033 CLCI 6.13843
Rex 2 2033 CUCI 15.5768
Rex 2 2033 CMedian 9.44011
Rex 2 2033 CMean 9.82314
Rex 2 2033 CStdn 2.86671
Rex 2 2034 Cabc 9.13035
Rex 2 2034 Cofl 8.93026
Rex 2 2034 CLCI 6.08887
Rex 2 2034 CUCI 15.4476
Rex 2 2034 CMedian 9.28816
Rex 2 2034 CMean 9.84204
Rex 2 2034 CStdn 2.86896
Rex 2 2021 SSBF100 71.0291
Rex 2 2021 SSBFabc 28.4159
Rex 2 2021 SSBFofl 25.534
Rex 2 2021 SSBLCI 56.744
Rex 2 2021 SSBUCI 56.744
Rex 2 2021 SSBMedian 56.744
Rex 2 2021 SSBMean 56.744
Rex 2 2022 SSBF100 71.0291
Rex 2 2022 SSBFabc 28.4159
Rex 2 2022 SSBFofl 25.534
Rex 2 2022 SSBLCI 64.1798
Rex 2 2022 SSBUCI 64.3433
Rex 2 2022 SSBMedian 64.2342
Rex 2 2022 SSBMean 64.2447
Rex 2 2023 SSBF100 71.0291
Rex 2 2023 SSBFabc 28.4159
Rex 2 2023 SSBFofl 25.534
Rex 2 2023 SSBLCI 70.2317
Rex 2 2023 SSBUCI 71.0186
Rex 2 2023 SSBMedian 70.514
Rex 2 2023 SSBMean 70.5547
Rex 2 2024 SSBF100 71.0291
Rex 2 2024 SSBFabc 28.4159
Rex 2 2024 SSBFofl 25.534
Rex 2 2024 SSBLCI 73.9245
Rex 2 2024 SSBUCI 76.5463
Rex 2 2024 SSBMedian 74.8949
Rex 2 2024 SSBMean 75.0299
Rex 2 2025 SSBF100 71.0291
Rex 2 2025 SSBFabc 28.4159
Rex 2 2025 SSBFofl 25.534
Rex 2 2025 SSBLCI 48.2814
Rex 2 2025 SSBUCI 54.3586
Rex 2 2025 SSBMedian 50.6196
Rex 2 2025 SSBMean 50.902
Rex 2 2026 SSBF100 71.0291
Rex 2 2026 SSBFabc 28.4159
Rex 2 2026 SSBFofl 25.534
Rex 2 2026 SSBLCI 36.2786
Rex 2 2026 SSBUCI 46.5184
Rex 2 2026 SSBMedian 40.3104
Rex 2 2026 SSBMean 40.7212
Rex 2 2027 SSBF100 71.0291
Rex 2 2027 SSBFabc 28.4159
Rex 2 2027 SSBFofl 25.534
Rex 2 2027 SSBLCI 28.7027
Rex 2 2027 SSBUCI 42.4832
Rex 2 2027 SSBMedian 34.1798
Rex 2 2027 SSBMean 34.7385
Rex 2 2028 SSBF100 71.0291
Rex 2 2028 SSBFabc 28.4159
Rex 2 2028 SSBFofl 25.534
Rex 2 2028 SSBLCI 23.0972
Rex 2 2028 SSBUCI 40.0993
Rex 2 2028 SSBMedian 29.9868
Rex 2 2028 SSBMean 30.6391
Rex 2 2029 SSBF100 71.0291
Rex 2 2029 SSBFabc 28.4159
Rex 2 2029 SSBFofl 25.534
Rex 2 2029 SSBLCI 21.5471
Rex 2 2029 SSBUCI 39.0753
Rex 2 2029 SSBMedian 28.5602
Rex 2 2029 SSBMean 29.2248
Rex 2 2030 SSBF100 71.0291
Rex 2 2030 SSBFabc 28.4159
Rex 2 2030 SSBFofl 25.534
Rex 2 2030 SSBLCI 21.0517
Rex 2 2030 SSBUCI 38.2297
Rex 2 2030 SSBMedian 28.3145
Rex 2 2030 SSBMean 28.9981
Rex 2 2031 SSBF100 71.0291
Rex 2 2031 SSBFabc 28.4159
Rex 2 2031 SSBFofl 25.534
Rex 2 2031 SSBLCI 21.1599
Rex 2 2031 SSBUCI 38.7869
Rex 2 2031 SSBMedian 28.3356
Rex 2 2031 SSBMean 28.8896
Rex 2 2032 SSBF100 71.0291
Rex 2 2032 SSBFabc 28.4159
Rex 2 2032 SSBFofl 25.534
Rex 2 2032 SSBLCI 21.3086
Rex 2 2032 SSBUCI 38.2501
Rex 2 2032 SSBMedian 28.1945
Rex 2 2032 SSBMean 28.8053
Rex 2 2033 SSBF100 71.0291
Rex 2 2033 SSBFabc 28.4159
Rex 2 2033 SSBFofl 25.534
Rex 2 2033 SSBLCI 21.4951
Rex 2 2033 SSBUCI 38.3039
Rex 2 2033 SSBMedian 27.9804
Rex 2 2033 SSBMean 28.7959
Rex 2 2034 SSBF100 71.0291
Rex 2 2034 SSBFabc 28.4159
Rex 2 2034 SSBFofl 25.534
Rex 2 2034 SSBLCI 21.4985
Rex 2 2034 SSBUCI 38.3388
Rex 2 2034 SSBMedian 28.0049
Rex 2 2034 SSBMean 28.807
Rex 2 2021 F0 0 
Rex 2 2021 Fabc 1.78706
Rex 2 2021 Fofl 5.15419
Rex 2 2021  F_LCI 0.00785372
Rex 2 2021  F_UCI 0.00785372
Rex 2 2021  F_Median 0.00785372
Rex 2 2021  F_Mean 0.00785372
Rex 2 2022 F0 0 
Rex 2 2022 Fabc 1.78706
Rex 2 2022 Fofl 5.15419
Rex 2 2022  F_LCI 0.0336452
Rex 2 2022  F_UCI 0.0336452
Rex 2 2022  F_Median 0.0336452
Rex 2 2022  F_Mean 0.0336452
Rex 2 2023 F0 0 
Rex 2 2023 Fabc 1.78706
Rex 2 2023 Fofl 5.15419
Rex 2 2023  F_LCI 0.0359037
Rex 2 2023  F_UCI 0.0359037
Rex 2 2023  F_Median 0.0359037
Rex 2 2023  F_Mean 0.0359037
Rex 2 2024 F0 0 
Rex 2 2024 Fabc 1.78706
Rex 2 2024 Fofl 5.15419
Rex 2 2024  F_LCI 1.78706
Rex 2 2024  F_UCI 1.78706
Rex 2 2024  F_Median 1.78706
Rex 2 2024  F_Mean 1.78706
Rex 2 2025 F0 0 
Rex 2 2025 Fabc 1.78706
Rex 2 2025 Fofl 5.15419
Rex 2 2025  F_LCI 1.78706
Rex 2 2025  F_UCI 1.78706
Rex 2 2025  F_Median 1.78706
Rex 2 2025  F_Mean 1.78706
Rex 2 2026 F0 0 
Rex 2 2026 Fabc 1.78706
Rex 2 2026 Fofl 5.15419
Rex 2 2026  F_LCI 1.78706
Rex 2 2026  F_UCI 1.78706
Rex 2 2026  F_Median 1.78706
Rex 2 2026  F_Mean 1.78706
Rex 2 2027 F0 0 
Rex 2 2027 Fabc 1.78706
Rex 2 2027 Fofl 5.15419
Rex 2 2027  F_LCI 1.78706
Rex 2 2027  F_UCI 1.78706
Rex 2 2027  F_Median 1.78706
Rex 2 2027  F_Mean 1.78472
Rex 2 2028 F0 0 
Rex 2 2028 Fabc 1.78706
Rex 2 2028 Fofl 5.15419
Rex 2 2028  F_LCI 1.43496
Rex 2 2028  F_UCI 1.78706
Rex 2 2028  F_Median 1.78706
Rex 2 2028  F_Mean 1.71332
Rex 2 2029 F0 0 
Rex 2 2029 Fabc 1.78706
Rex 2 2029 Fofl 5.15419
Rex 2 2029  F_LCI 1.33234
Rex 2 2029  F_UCI 1.78706
Rex 2 2029  F_Median 1.78706
Rex 2 2029  F_Mean 1.67033
Rex 2 2030 F0 0 
Rex 2 2030 Fabc 1.78706
Rex 2 2030 Fofl 5.15419
Rex 2 2030  F_LCI 1.29955
Rex 2 2030  F_UCI 1.78706
Rex 2 2030  F_Median 1.78034
Rex 2 2030  F_Mean 1.66696
Rex 2 2031 F0 0 
Rex 2 2031 Fabc 1.78706
Rex 2 2031 Fofl 5.15419
Rex 2 2031  F_LCI 1.30671
Rex 2 2031  F_UCI 1.78706
Rex 2 2031  F_Median 1.78174
Rex 2 2031  F_Mean 1.66534
Rex 2 2032 F0 0 
Rex 2 2032 Fabc 1.78706
Rex 2 2032 Fofl 5.15419
Rex 2 2032  F_LCI 1.31656
Rex 2 2032  F_UCI 1.78706
Rex 2 2032  F_Median 1.7724
Rex 2 2032  F_Mean 1.66371
Rex 2 2033 F0 0 
Rex 2 2033 Fabc 1.78706
Rex 2 2033 Fofl 5.15419
Rex 2 2033  F_LCI 1.32891
Rex 2 2033  F_UCI 1.78706
Rex 2 2033  F_Median 1.75823
Rex 2 2033  F_Mean 1.6634
Rex 2 2034 F0 0 
Rex 2 2034 Fabc 1.78706
Rex 2 2034 Fofl 5.15419
Rex 2 2034  F_LCI 1.32913
Rex 2 2034  F_UCI 1.78706
Rex 2 2034  F_Median 1.75985
Rex 2 2034  F_Mean 1.66267
Rex 3 2021 Cabc 9.13035
Rex 3 2021 Cofl 8.93026
Rex 3 2021 CLCI 0.392
Rex 3 2021 CUCI 0.392
Rex 3 2021 CMedian 0.392
Rex 3 2021 CMean 0.392
Rex 3 2021 CStdn 4.82947e-15
Rex 3 2022 Cabc 9.13035
Rex 3 2022 Cofl 8.93026
Rex 3 2022 CLCI 1.567
Rex 3 2022 CUCI 1.567
Rex 3 2022 CMedian 1.567
Rex 3 2022 CMean 1.567
Rex 3 2022 CStdn 1.26565e-14
Rex 3 2023 Cabc 9.13035
Rex 3 2023 Cofl 8.93026
Rex 3 2023 CLCI 1.567
Rex 3 2023 CUCI 1.567
Rex 3 2023 CMedian 1.567
Rex 3 2023 CMean 1.567
Rex 3 2023 CStdn 1.26565e-14
Rex 3 2024 Cabc 9.13035
Rex 3 2024 Cofl 8.93026
Rex 3 2024 CLCI 1.20059
Rex 3 2024 CUCI 1.20059
Rex 3 2024 CMedian 1.20059
Rex 3 2024 CMean 1.20059
Rex 3 2024 CStdn 1.53211e-14
Rex 3 2025 Cabc 9.13035
Rex 3 2025 Cofl 8.93026
Rex 3 2025 CLCI 1.61571
Rex 3 2025 CUCI 1.61571
Rex 3 2025 CMedian 1.61571
Rex 3 2025 CMean 1.61571
Rex 3 2025 CStdn 1.39888e-14
Rex 3 2026 Cabc 9.13035
Rex 3 2026 Cofl 8.93026
Rex 3 2026 CLCI 1.81132
Rex 3 2026 CUCI 1.81132
Rex 3 2026 CMedian 1.81132
Rex 3 2026 CMean 1.81132
Rex 3 2026 CStdn 2.59792e-14
Rex 3 2027 Cabc 9.13035
Rex 3 2027 Cofl 8.93026
Rex 3 2027 CLCI 1.95937
Rex 3 2027 CUCI 1.95937
Rex 3 2027 CMedian 1.95937
Rex 3 2027 CMean 1.95937
Rex 3 2027 CStdn 3.33067e-14
Rex 3 2028 Cabc 9.13035
Rex 3 2028 Cofl 8.93026
Rex 3 2028 CLCI 1.93639
Rex 3 2028 CUCI 2.02116
Rex 3 2028 CMedian 1.96457
Rex 3 2028 CMean 1.97004
Rex 3 2028 CStdn 0.0280128
Rex 3 2029 Cabc 9.13035
Rex 3 2029 Cofl 8.93026
Rex 3 2029 CLCI 1.77204
Rex 3 2029 CUCI 2.11831
Rex 3 2029 CMedian 1.89872
Rex 3 2029 CMean 1.91545
Rex 3 2029 CStdn 0.116286
Rex 3 2030 Cabc 9.13035
Rex 3 2030 Cofl 8.93026
Rex 3 2030 CLCI 1.66456
Rex 3 2030 CUCI 2.13033
Rex 3 2030 CMedian 1.83917
Rex 3 2030 CMean 1.86569
Rex 3 2030 CStdn 0.154819
Rex 3 2031 Cabc 9.13035
Rex 3 2031 Cofl 8.93026
Rex 3 2031 CLCI 1.5878
Rex 3 2031 CUCI 2.11955
Rex 3 2031 CMedian 1.8046
Rex 3 2031 CMean 1.82118
Rex 3 2031 CStdn 0.170766
Rex 3 2032 Cabc 9.13035
Rex 3 2032 Cofl 8.93026
Rex 3 2032 CLCI 1.51758
Rex 3 2032 CUCI 2.10742
Rex 3 2032 CMedian 1.7611
Rex 3 2032 CMean 1.78038
Rex 3 2032 CStdn 0.184246
Rex 3 2033 Cabc 9.13035
Rex 3 2033 Cofl 8.93026
Rex 3 2033 CLCI 1.45939
Rex 3 2033 CUCI 2.08138
Rex 3 2033 CMedian 1.71826
Rex 3 2033 CMean 1.7415
Rex 3 2033 CStdn 0.191191
Rex 3 2034 Cabc 9.13035
Rex 3 2034 Cofl 8.93026
Rex 3 2034 CLCI 1.41573
Rex 3 2034 CUCI 2.05255
Rex 3 2034 CMedian 1.69086
Rex 3 2034 CMean 1.70965
Rex 3 2034 CStdn 0.194584
Rex 3 2021 SSBF100 71.0291
Rex 3 2021 SSBFabc 28.4159
Rex 3 2021 SSBFofl 25.534
Rex 3 2021 SSBLCI 56.744
Rex 3 2021 SSBUCI 56.744
Rex 3 2021 SSBMedian 56.744
Rex 3 2021 SSBMean 56.744
Rex 3 2022 SSBF100 71.0291
Rex 3 2022 SSBFabc 28.4159
Rex 3 2022 SSBFofl 25.534
Rex 3 2022 SSBLCI 64.1798
Rex 3 2022 SSBUCI 64.3433
Rex 3 2022 SSBMedian 64.2342
Rex 3 2022 SSBMean 64.2447
Rex 3 2023 SSBF100 71.0291
Rex 3 2023 SSBFabc 28.4159
Rex 3 2023 SSBFofl 25.534
Rex 3 2023 SSBLCI 70.2317
Rex 3 2023 SSBUCI 71.0186
Rex 3 2023 SSBMedian 70.514
Rex 3 2023 SSBMean 70.5547
Rex 3 2024 SSBF100 71.0291
Rex 3 2024 SSBFabc 28.4159
Rex 3 2024 SSBFofl 25.534
Rex 3 2024 SSBLCI 73.9245
Rex 3 2024 SSBUCI 76.5463
Rex 3 2024 SSBMedian 74.8949
Rex 3 2024 SSBMean 75.0299
Rex 3 2025 SSBF100 71.0291
Rex 3 2025 SSBFabc 28.4159
Rex 3 2025 SSBFofl 25.534
Rex 3 2025 SSBLCI 74.9051
Rex 3 2025 SSBUCI 80.9823
Rex 3 2025 SSBMedian 77.2433
Rex 3 2025 SSBMean 77.5258
Rex 3 2026 SSBF100 71.0291
Rex 3 2026 SSBFabc 28.4159
Rex 3 2026 SSBFofl 25.534
Rex 3 2026 SSBLCI 73.6341
Rex 3 2026 SSBUCI 83.8739
Rex 3 2026 SSBMedian 77.666
Rex 3 2026 SSBMean 78.0768
Rex 3 2027 SSBF100 71.0291
Rex 3 2027 SSBFabc 28.4159
Rex 3 2027 SSBFofl 25.534
Rex 3 2027 SSBLCI 71.5206
Rex 3 2027 SSBUCI 85.3011
Rex 3 2027 SSBMedian 76.9977
Rex 3 2027 SSBMean 77.5564
Rex 3 2028 SSBF100 71.0291
Rex 3 2028 SSBFabc 28.4159
Rex 3 2028 SSBFofl 25.534
Rex 3 2028 SSBLCI 68.9002
Rex 3 2028 SSBUCI 85.9423
Rex 3 2028 SSBMedian 75.8297
Rex 3 2028 SSBMean 76.4757
Rex 3 2029 SSBF100 71.0291
Rex 3 2029 SSBFabc 28.4159
Rex 3 2029 SSBFofl 25.534
Rex 3 2029 SSBLCI 66.2027
Rex 3 2029 SSBUCI 86.1645
Rex 3 2029 SSBMedian 74.5868
Rex 3 2029 SSBMean 75.1841
Rex 3 2030 SSBF100 71.0291
Rex 3 2030 SSBFabc 28.4159
Rex 3 2030 SSBFofl 25.534
Rex 3 2030 SSBLCI 64.081
Rex 3 2030 SSBUCI 85.3204
Rex 3 2030 SSBMedian 73.2404
Rex 3 2030 SSBMean 73.8753
Rex 3 2031 SSBF100 71.0291
Rex 3 2031 SSBFabc 28.4159
Rex 3 2031 SSBFofl 25.534
Rex 3 2031 SSBLCI 62.3917
Rex 3 2031 SSBUCI 84.725
Rex 3 2031 SSBMedian 72.0678
Rex 3 2031 SSBMean 72.639
Rex 3 2032 SSBF100 71.0291
Rex 3 2032 SSBFabc 28.4159
Rex 3 2032 SSBFofl 25.534
Rex 3 2032 SSBLCI 60.9865
Rex 3 2032 SSBUCI 84.5797
Rex 3 2032 SSBMedian 70.7103
Rex 3 2032 SSBMean 71.5254
Rex 3 2033 SSBF100 71.0291
Rex 3 2033 SSBFabc 28.4159
Rex 3 2033 SSBFofl 25.534
Rex 3 2033 SSBLCI 60.126
Rex 3 2033 SSBUCI 83.5756
Rex 3 2033 SSBMedian 69.7586
Rex 3 2033 SSBMean 70.5476
Rex 3 2034 SSBF100 71.0291
Rex 3 2034 SSBFabc 28.4159
Rex 3 2034 SSBFofl 25.534
Rex 3 2034 SSBLCI 58.9345
Rex 3 2034 SSBUCI 82.7824
Rex 3 2034 SSBMedian 68.954
Rex 3 2034 SSBMean 69.6772
Rex 3 2021 F0 0 
Rex 3 2021 Fabc 1.78706
Rex 3 2021 Fofl 5.15419
Rex 3 2021  F_LCI 0.00785372
Rex 3 2021  F_UCI 0.00785372
Rex 3 2021  F_Median 0.00785372
Rex 3 2021  F_Mean 0.00785372
Rex 3 2022 F0 0 
Rex 3 2022 Fabc 1.78706
Rex 3 2022 Fofl 5.15419
Rex 3 2022  F_LCI 0.0336452
Rex 3 2022  F_UCI 0.0336452
Rex 3 2022  F_Median 0.0336452
Rex 3 2022  F_Mean 0.0336452
Rex 3 2023 F0 0 
Rex 3 2023 Fabc 1.78706
Rex 3 2023 Fofl 5.15419
Rex 3 2023  F_LCI 0.0359037
Rex 3 2023  F_UCI 0.0359037
Rex 3 2023  F_Median 0.0359037
Rex 3 2023  F_Mean 0.0359037
Rex 3 2024 F0 0 
Rex 3 2024 Fabc 1.78706
Rex 3 2024 Fofl 5.15419
Rex 3 2024  F_LCI 0.0245556
Rex 3 2024  F_UCI 0.0245556
Rex 3 2024  F_Median 0.0245556
Rex 3 2024  F_Mean 0.0245556
Rex 3 2025 F0 0 
Rex 3 2025 Fabc 1.78706
Rex 3 2025 Fofl 5.15419
Rex 3 2025  F_LCI 0.0245556
Rex 3 2025  F_UCI 0.0245556
Rex 3 2025  F_Median 0.0245556
Rex 3 2025  F_Mean 0.0245556
Rex 3 2026 F0 0 
Rex 3 2026 Fabc 1.78706
Rex 3 2026 Fofl 5.15419
Rex 3 2026  F_LCI 0.0245556
Rex 3 2026  F_UCI 0.0245556
Rex 3 2026  F_Median 0.0245556
Rex 3 2026  F_Mean 0.0245556
Rex 3 2027 F0 0 
Rex 3 2027 Fabc 1.78706
Rex 3 2027 Fofl 5.15419
Rex 3 2027  F_LCI 0.0245556
Rex 3 2027  F_UCI 0.0245556
Rex 3 2027  F_Median 0.0245556
Rex 3 2027  F_Mean 0.0245556
Rex 3 2028 F0 0 
Rex 3 2028 Fabc 1.78706
Rex 3 2028 Fofl 5.15419
Rex 3 2028  F_LCI 0.0245556
Rex 3 2028  F_UCI 0.0245556
Rex 3 2028  F_Median 0.0245556
Rex 3 2028  F_Mean 0.0245556
Rex 3 2029 F0 0 
Rex 3 2029 Fabc 1.78706
Rex 3 2029 Fofl 5.15419
Rex 3 2029  F_LCI 0.0245556
Rex 3 2029  F_UCI 0.0245556
Rex 3 2029  F_Median 0.0245556
Rex 3 2029  F_Mean 0.0245556
Rex 3 2030 F0 0 
Rex 3 2030 Fabc 1.78706
Rex 3 2030 Fofl 5.15419
Rex 3 2030  F_LCI 0.0245556
Rex 3 2030  F_UCI 0.0245556
Rex 3 2030  F_Median 0.0245556
Rex 3 2030  F_Mean 0.0245556
Rex 3 2031 F0 0 
Rex 3 2031 Fabc 1.78706
Rex 3 2031 Fofl 5.15419
Rex 3 2031  F_LCI 0.0245556
Rex 3 2031  F_UCI 0.0245556
Rex 3 2031  F_Median 0.0245556
Rex 3 2031  F_Mean 0.0245556
Rex 3 2032 F0 0 
Rex 3 2032 Fabc 1.78706
Rex 3 2032 Fofl 5.15419
Rex 3 2032  F_LCI 0.0245556
Rex 3 2032  F_UCI 0.0245556
Rex 3 2032  F_Median 0.0245556
Rex 3 2032  F_Mean 0.0245556
Rex 3 2033 F0 0 
Rex 3 2033 Fabc 1.78706
Rex 3 2033 Fofl 5.15419
Rex 3 2033  F_LCI 0.0245556
Rex 3 2033  F_UCI 0.0245556
Rex 3 2033  F_Median 0.0245556
Rex 3 2033  F_Mean 0.0245556
Rex 3 2034 F0 0 
Rex 3 2034 Fabc 1.78706
Rex 3 2034 Fofl 5.15419
Rex 3 2034  F_LCI 0.0245556
Rex 3 2034  F_UCI 0.0245556
Rex 3 2034  F_Median 0.0245556
Rex 3 2034  F_Mean 0.0245556
Rex 4 2021 Cabc 9.13035
Rex 4 2021 Cofl 8.93026
Rex 4 2021 CLCI 0.392
Rex 4 2021 CUCI 0.392
Rex 4 2021 CMedian 0.392
Rex 4 2021 CMean 0.392
Rex 4 2021 CStdn 4.82947e-15
Rex 4 2022 Cabc 9.13035
Rex 4 2022 Cofl 8.93026
Rex 4 2022 CLCI 1.567
Rex 4 2022 CUCI 1.567
Rex 4 2022 CMedian 1.567
Rex 4 2022 CMean 1.567
Rex 4 2022 CStdn 1.26565e-14
Rex 4 2023 Cabc 9.13035
Rex 4 2023 Cofl 8.93026
Rex 4 2023 CLCI 1.567
Rex 4 2023 CUCI 1.567
Rex 4 2023 CMedian 1.567
Rex 4 2023 CMean 1.567
Rex 4 2023 CStdn 1.26565e-14
Rex 4 2024 Cabc 9.13035
Rex 4 2024 Cofl 8.93026
Rex 4 2024 CLCI 4.61253
Rex 4 2024 CUCI 4.61253
Rex 4 2024 CMedian 4.61253
Rex 4 2024 CMean 4.61253
Rex 4 2024 CStdn 4.17444e-14
Rex 4 2025 Cabc 9.13035
Rex 4 2025 Cofl 8.93026
Rex 4 2025 CLCI 5.92053
Rex 4 2025 CUCI 5.92053
Rex 4 2025 CMedian 5.92053
Rex 4 2025 CMean 5.92053
Rex 4 2025 CStdn 7.4607e-14
Rex 4 2026 Cabc 9.13035
Rex 4 2026 Cofl 8.93026
Rex 4 2026 CLCI 6.35691
Rex 4 2026 CUCI 6.35691
Rex 4 2026 CMedian 6.35691
Rex 4 2026 CMean 6.35691
Rex 4 2026 CStdn 8.70415e-14
Rex 4 2027 Cabc 9.13035
Rex 4 2027 Cofl 8.93026
Rex 4 2027 CLCI 6.62983
Rex 4 2027 CUCI 6.62983
Rex 4 2027 CMedian 6.62983
Rex 4 2027 CMean 6.62983
Rex 4 2027 CStdn 1.09246e-13
Rex 4 2028 Cabc 9.13035
Rex 4 2028 Cofl 8.93026
Rex 4 2028 CLCI 6.27619
Rex 4 2028 CUCI 6.60937
Rex 4 2028 CMedian 6.38696
Rex 4 2028 CMean 6.40844
Rex 4 2028 CStdn 0.110099
Rex 4 2029 Cabc 9.13035
Rex 4 2029 Cofl 8.93026
Rex 4 2029 CLCI 5.45205
Rex 4 2029 CUCI 6.75709
Rex 4 2029 CMedian 5.933
Rex 4 2029 CMean 5.99606
Rex 4 2029 CStdn 0.439331
Rex 4 2030 Cabc 9.13035
Rex 4 2030 Cofl 8.93026
Rex 4 2030 CLCI 4.92263
Rex 4 2030 CUCI 6.63893
Rex 4 2030 CMedian 5.56874
Rex 4 2030 CMean 5.66239
Rex 4 2030 CStdn 0.56677
Rex 4 2031 Cabc 9.13035
Rex 4 2031 Cofl 8.93026
Rex 4 2031 CLCI 4.56094
Rex 4 2031 CUCI 6.47303
Rex 4 2031 CMedian 5.32975
Rex 4 2031 CMean 5.39477
Rex 4 2031 CStdn 0.606646
Rex 4 2032 Cabc 9.13035
Rex 4 2032 Cofl 8.93026
Rex 4 2032 CLCI 4.26255
Rex 4 2032 CUCI 6.31698
Rex 4 2032 CMedian 5.10092
Rex 4 2032 CMean 5.17557
Rex 4 2032 CStdn 0.642175
Rex 4 2033 Cabc 9.13035
Rex 4 2033 Cofl 8.93026
Rex 4 2033 CLCI 4.03597
Rex 4 2033 CUCI 6.16605
Rex 4 2033 CMedian 4.90632
Rex 4 2033 CMean 4.98906
Rex 4 2033 CStdn 0.653568
Rex 4 2034 Cabc 9.13035
Rex 4 2034 Cofl 8.93026
Rex 4 2034 CLCI 3.84221
Rex 4 2034 CUCI 5.99124
Rex 4 2034 CMedian 4.78956
Rex 4 2034 CMean 4.84787
Rex 4 2034 CStdn 0.656304
Rex 4 2021 SSBF100 71.0291
Rex 4 2021 SSBFabc 28.4159
Rex 4 2021 SSBFofl 25.534
Rex 4 2021 SSBLCI 56.744
Rex 4 2021 SSBUCI 56.744
Rex 4 2021 SSBMedian 56.744
Rex 4 2021 SSBMean 56.744
Rex 4 2022 SSBF100 71.0291
Rex 4 2022 SSBFabc 28.4159
Rex 4 2022 SSBFofl 25.534
Rex 4 2022 SSBLCI 64.1798
Rex 4 2022 SSBUCI 64.3433
Rex 4 2022 SSBMedian 64.2342
Rex 4 2022 SSBMean 64.2447
Rex 4 2023 SSBF100 71.0291
Rex 4 2023 SSBFabc 28.4159
Rex 4 2023 SSBFofl 25.534
Rex 4 2023 SSBLCI 70.2317
Rex 4 2023 SSBUCI 71.0186
Rex 4 2023 SSBMedian 70.514
Rex 4 2023 SSBMean 70.5547
Rex 4 2024 SSBF100 71.0291
Rex 4 2024 SSBFabc 28.4159
Rex 4 2024 SSBFofl 25.534
Rex 4 2024 SSBLCI 73.9245
Rex 4 2024 SSBUCI 76.5463
Rex 4 2024 SSBMedian 74.8949
Rex 4 2024 SSBMean 75.0299
Rex 4 2025 SSBF100 71.0291
Rex 4 2025 SSBFabc 28.4159
Rex 4 2025 SSBFofl 25.534
Rex 4 2025 SSBLCI 72.861
Rex 4 2025 SSBUCI 78.9382
Rex 4 2025 SSBMedian 75.1992
Rex 4 2025 SSBMean 75.4816
Rex 4 2026 SSBF100 71.0291
Rex 4 2026 SSBFabc 28.4159
Rex 4 2026 SSBFofl 25.534
Rex 4 2026 SSBLCI 69.3197
Rex 4 2026 SSBUCI 79.5595
Rex 4 2026 SSBMedian 73.3516
Rex 4 2026 SSBMean 73.7624
Rex 4 2027 SSBF100 71.0291
Rex 4 2027 SSBFabc 28.4159
Rex 4 2027 SSBFofl 25.534
Rex 4 2027 SSBLCI 65.0815
Rex 4 2027 SSBUCI 78.8619
Rex 4 2027 SSBMedian 70.5586
Rex 4 2027 SSBMean 71.1172
Rex 4 2028 SSBF100 71.0291
Rex 4 2028 SSBFabc 28.4159
Rex 4 2028 SSBFofl 25.534
Rex 4 2028 SSBLCI 60.5588
Rex 4 2028 SSBUCI 77.6009
Rex 4 2028 SSBMedian 67.4883
Rex 4 2028 SSBMean 68.1342
Rex 4 2029 SSBF100 71.0291
Rex 4 2029 SSBFabc 28.4159
Rex 4 2029 SSBFofl 25.534
Rex 4 2029 SSBLCI 56.433
Rex 4 2029 SSBUCI 76.3278
Rex 4 2029 SSBMedian 64.7191
Rex 4 2029 SSBMean 65.3443
Rex 4 2030 SSBF100 71.0291
Rex 4 2030 SSBFabc 28.4159
Rex 4 2030 SSBFofl 25.534
Rex 4 2030 SSBLCI 53.2926
Rex 4 2030 SSBUCI 74.0751
Rex 4 2030 SSBMedian 62.3838
Rex 4 2030 SSBMean 62.9637
Rex 4 2031 SSBF100 71.0291
Rex 4 2031 SSBFabc 28.4159
Rex 4 2031 SSBFofl 25.534
Rex 4 2031 SSBLCI 51.0973
Rex 4 2031 SSBUCI 72.6158
Rex 4 2031 SSBMedian 60.3998
Rex 4 2031 SSBMean 60.9902
Rex 4 2032 SSBF100 71.0291
Rex 4 2032 SSBFabc 28.4159
Rex 4 2032 SSBFofl 25.534
Rex 4 2032 SSBLCI 49.2991
Rex 4 2032 SSBUCI 71.7361
Rex 4 2032 SSBMedian 58.6144
Rex 4 2032 SSBMean 59.3938
Rex 4 2033 SSBF100 71.0291
Rex 4 2033 SSBFabc 28.4159
Rex 4 2033 SSBFofl 25.534
Rex 4 2033 SSBLCI 48.0362
Rex 4 2033 SSBUCI 70.1079
Rex 4 2033 SSBMedian 57.1923
Rex 4 2033 SSBMean 58.122
Rex 4 2034 SSBF100 71.0291
Rex 4 2034 SSBFabc 28.4159
Rex 4 2034 SSBFofl 25.534
Rex 4 2034 SSBLCI 47.1579
Rex 4 2034 SSBUCI 69.4738
Rex 4 2034 SSBMedian 56.1974
Rex 4 2034 SSBMean 57.096
Rex 4 2021 F0 0 
Rex 4 2021 Fabc 1.78706
Rex 4 2021 Fofl 5.15419
Rex 4 2021  F_LCI 0.00785372
Rex 4 2021  F_UCI 0.00785372
Rex 4 2021  F_Median 0.00785372
Rex 4 2021  F_Mean 0.00785372
Rex 4 2022 F0 0 
Rex 4 2022 Fabc 1.78706
Rex 4 2022 Fofl 5.15419
Rex 4 2022  F_LCI 0.0336452
Rex 4 2022  F_UCI 0.0336452
Rex 4 2022  F_Median 0.0336452
Rex 4 2022  F_Mean 0.0336452
Rex 4 2023 F0 0 
Rex 4 2023 Fabc 1.78706
Rex 4 2023 Fofl 5.15419
Rex 4 2023  F_LCI 0.0359037
Rex 4 2023  F_UCI 0.0359037
Rex 4 2023  F_Median 0.0359037
Rex 4 2023  F_Mean 0.0359037
Rex 4 2024 F0 0 
Rex 4 2024 Fabc 1.78706
Rex 4 2024 Fofl 5.15419
Rex 4 2024  F_LCI 0.0973544
Rex 4 2024  F_UCI 0.0973544
Rex 4 2024  F_Median 0.0973544
Rex 4 2024  F_Mean 0.0973544
Rex 4 2025 F0 0 
Rex 4 2025 Fabc 1.78706
Rex 4 2025 Fofl 5.15419
Rex 4 2025  F_LCI 0.0973544
Rex 4 2025  F_UCI 0.0973544
Rex 4 2025  F_Median 0.0973544
Rex 4 2025  F_Mean 0.0973544
Rex 4 2026 F0 0 
Rex 4 2026 Fabc 1.78706
Rex 4 2026 Fofl 5.15419
Rex 4 2026  F_LCI 0.0973544
Rex 4 2026  F_UCI 0.0973544
Rex 4 2026  F_Median 0.0973544
Rex 4 2026  F_Mean 0.0973544
Rex 4 2027 F0 0 
Rex 4 2027 Fabc 1.78706
Rex 4 2027 Fofl 5.15419
Rex 4 2027  F_LCI 0.0973544
Rex 4 2027  F_UCI 0.0973544
Rex 4 2027  F_Median 0.0973544
Rex 4 2027  F_Mean 0.0973544
Rex 4 2028 F0 0 
Rex 4 2028 Fabc 1.78706
Rex 4 2028 Fofl 5.15419
Rex 4 2028  F_LCI 0.0973544
Rex 4 2028  F_UCI 0.0973544
Rex 4 2028  F_Median 0.0973544
Rex 4 2028  F_Mean 0.0973544
Rex 4 2029 F0 0 
Rex 4 2029 Fabc 1.78706
Rex 4 2029 Fofl 5.15419
Rex 4 2029  F_LCI 0.0973544
Rex 4 2029  F_UCI 0.0973544
Rex 4 2029  F_Median 0.0973544
Rex 4 2029  F_Mean 0.0973544
Rex 4 2030 F0 0 
Rex 4 2030 Fabc 1.78706
Rex 4 2030 Fofl 5.15419
Rex 4 2030  F_LCI 0.0973544
Rex 4 2030  F_UCI 0.0973544
Rex 4 2030  F_Median 0.0973544
Rex 4 2030  F_Mean 0.0973544
Rex 4 2031 F0 0 
Rex 4 2031 Fabc 1.78706
Rex 4 2031 Fofl 5.15419
Rex 4 2031  F_LCI 0.0973544
Rex 4 2031  F_UCI 0.0973544
Rex 4 2031  F_Median 0.0973544
Rex 4 2031  F_Mean 0.0973544
Rex 4 2032 F0 0 
Rex 4 2032 Fabc 1.78706
Rex 4 2032 Fofl 5.15419
Rex 4 2032  F_LCI 0.0973544
Rex 4 2032  F_UCI 0.0973544
Rex 4 2032  F_Median 0.0973544
Rex 4 2032  F_Mean 0.0973544
Rex 4 2033 F0 0 
Rex 4 2033 Fabc 1.78706
Rex 4 2033 Fofl 5.15419
Rex 4 2033  F_LCI 0.0973544
Rex 4 2033  F_UCI 0.0973544
Rex 4 2033  F_Median 0.0973544
Rex 4 2033  F_Mean 0.0973544
Rex 4 2034 F0 0 
Rex 4 2034 Fabc 1.78706
Rex 4 2034 Fofl 5.15419
Rex 4 2034  F_LCI 0.0973544
Rex 4 2034  F_UCI 0.0973544
Rex 4 2034  F_Median 0.0973544
Rex 4 2034  F_Mean 0.0973544
Rex 5 2021 Cabc 9.13035
Rex 5 2021 Cofl 8.93026
Rex 5 2021 CLCI 0.392
Rex 5 2021 CUCI 0.392
Rex 5 2021 CMedian 0.392
Rex 5 2021 CMean 0.392
Rex 5 2021 CStdn 4.82947e-15
Rex 5 2022 Cabc 9.13035
Rex 5 2022 Cofl 8.93026
Rex 5 2022 CLCI 1.567
Rex 5 2022 CUCI 1.567
Rex 5 2022 CMedian 1.567
Rex 5 2022 CMean 1.567
Rex 5 2022 CStdn 1.26565e-14
Rex 5 2023 Cabc 9.13035
Rex 5 2023 Cofl 8.93026
Rex 5 2023 CLCI 1.567
Rex 5 2023 CUCI 1.567
Rex 5 2023 CMedian 1.567
Rex 5 2023 CMean 1.567
Rex 5 2023 CStdn 1.26565e-14
Rex 5 2024 Cabc 9.13035
Rex 5 2024 Cofl 8.93026
Rex 5 2024 CLCI 0
Rex 5 2024 CUCI 0
Rex 5 2024 CMedian 0
Rex 5 2024 CMean 0
Rex 5 2024 CStdn 0
Rex 5 2025 Cabc 9.13035
Rex 5 2025 Cofl 8.93026
Rex 5 2025 CLCI 0
Rex 5 2025 CUCI 0
Rex 5 2025 CMedian 0
Rex 5 2025 CMean 0
Rex 5 2025 CStdn 0
Rex 5 2026 Cabc 9.13035
Rex 5 2026 Cofl 8.93026
Rex 5 2026 CLCI 0
Rex 5 2026 CUCI 0
Rex 5 2026 CMedian 0
Rex 5 2026 CMean 0
Rex 5 2026 CStdn 0
Rex 5 2027 Cabc 9.13035
Rex 5 2027 Cofl 8.93026
Rex 5 2027 CLCI 0
Rex 5 2027 CUCI 0
Rex 5 2027 CMedian 0
Rex 5 2027 CMean 0
Rex 5 2027 CStdn 0
Rex 5 2028 Cabc 9.13035
Rex 5 2028 Cofl 8.93026
Rex 5 2028 CLCI 0
Rex 5 2028 CUCI 0
Rex 5 2028 CMedian 0
Rex 5 2028 CMean 0
Rex 5 2028 CStdn 0
Rex 5 2029 Cabc 9.13035
Rex 5 2029 Cofl 8.93026
Rex 5 2029 CLCI 0
Rex 5 2029 CUCI 0
Rex 5 2029 CMedian 0
Rex 5 2029 CMean 0
Rex 5 2029 CStdn 0
Rex 5 2030 Cabc 9.13035
Rex 5 2030 Cofl 8.93026
Rex 5 2030 CLCI 0
Rex 5 2030 CUCI 0
Rex 5 2030 CMedian 0
Rex 5 2030 CMean 0
Rex 5 2030 CStdn 0
Rex 5 2031 Cabc 9.13035
Rex 5 2031 Cofl 8.93026
Rex 5 2031 CLCI 0
Rex 5 2031 CUCI 0
Rex 5 2031 CMedian 0
Rex 5 2031 CMean 0
Rex 5 2031 CStdn 0
Rex 5 2032 Cabc 9.13035
Rex 5 2032 Cofl 8.93026
Rex 5 2032 CLCI 0
Rex 5 2032 CUCI 0
Rex 5 2032 CMedian 0
Rex 5 2032 CMean 0
Rex 5 2032 CStdn 0
Rex 5 2033 Cabc 9.13035
Rex 5 2033 Cofl 8.93026
Rex 5 2033 CLCI 0
Rex 5 2033 CUCI 0
Rex 5 2033 CMedian 0
Rex 5 2033 CMean 0
Rex 5 2033 CStdn 0
Rex 5 2034 Cabc 9.13035
Rex 5 2034 Cofl 8.93026
Rex 5 2034 CLCI 0
Rex 5 2034 CUCI 0
Rex 5 2034 CMedian 0
Rex 5 2034 CMean 0
Rex 5 2034 CStdn 0
Rex 5 2021 SSBF100 71.0291
Rex 5 2021 SSBFabc 28.4159
Rex 5 2021 SSBFofl 25.534
Rex 5 2021 SSBLCI 56.744
Rex 5 2021 SSBUCI 56.744
Rex 5 2021 SSBMedian 56.744
Rex 5 2021 SSBMean 56.744
Rex 5 2022 SSBF100 71.0291
Rex 5 2022 SSBFabc 28.4159
Rex 5 2022 SSBFofl 25.534
Rex 5 2022 SSBLCI 64.1798
Rex 5 2022 SSBUCI 64.3433
Rex 5 2022 SSBMedian 64.2342
Rex 5 2022 SSBMean 64.2447
Rex 5 2023 SSBF100 71.0291
Rex 5 2023 SSBFabc 28.4159
Rex 5 2023 SSBFofl 25.534
Rex 5 2023 SSBLCI 70.2317
Rex 5 2023 SSBUCI 71.0186
Rex 5 2023 SSBMedian 70.514
Rex 5 2023 SSBMean 70.5547
Rex 5 2024 SSBF100 71.0291
Rex 5 2024 SSBFabc 28.4159
Rex 5 2024 SSBFofl 25.534
Rex 5 2024 SSBLCI 73.9245
Rex 5 2024 SSBUCI 76.5463
Rex 5 2024 SSBMedian 74.8949
Rex 5 2024 SSBMean 75.0299
Rex 5 2025 SSBF100 71.0291
Rex 5 2025 SSBFabc 28.4159
Rex 5 2025 SSBFofl 25.534
Rex 5 2025 SSBLCI 75.6248
Rex 5 2025 SSBUCI 81.702
Rex 5 2025 SSBMedian 77.963
Rex 5 2025 SSBMean 78.2455
Rex 5 2026 SSBF100 71.0291
Rex 5 2026 SSBFabc 28.4159
Rex 5 2026 SSBFofl 25.534
Rex 5 2026 SSBLCI 75.2139
Rex 5 2026 SSBUCI 85.4537
Rex 5 2026 SSBMedian 79.2458
Rex 5 2026 SSBMean 79.6566
Rex 5 2027 SSBF100 71.0291
Rex 5 2027 SSBFabc 28.4159
Rex 5 2027 SSBFofl 25.534
Rex 5 2027 SSBLCI 73.9666
Rex 5 2027 SSBUCI 87.7471
Rex 5 2027 SSBMedian 79.4437
Rex 5 2027 SSBMean 80.0023
Rex 5 2028 SSBF100 71.0291
Rex 5 2028 SSBFabc 28.4159
Rex 5 2028 SSBFofl 25.534
Rex 5 2028 SSBLCI 72.1794
Rex 5 2028 SSBUCI 89.2215
Rex 5 2028 SSBMedian 79.109
Rex 5 2028 SSBMean 79.7549
Rex 5 2029 SSBF100 71.0291
Rex 5 2029 SSBFabc 28.4159
Rex 5 2029 SSBFofl 25.534
Rex 5 2029 SSBLCI 70.1804
Rex 5 2029 SSBUCI 90.1651
Rex 5 2029 SSBMedian 78.5988
Rex 5 2029 SSBMean 79.1857
Rex 5 2030 SSBF100 71.0291
Rex 5 2030 SSBFabc 28.4159
Rex 5 2030 SSBFofl 25.534
Rex 5 2030 SSBLCI 68.5869
Rex 5 2030 SSBUCI 90.0491
Rex 5 2030 SSBMedian 77.8006
Rex 5 2030 SSBMean 78.463
Rex 5 2031 SSBF100 71.0291
Rex 5 2031 SSBFabc 28.4159
Rex 5 2031 SSBFofl 25.534
Rex 5 2031 SSBLCI 67.3167
Rex 5 2031 SSBUCI 89.962
Rex 5 2031 SSBMedian 77.166
Rex 5 2031 SSBMean 77.6937
Rex 5 2032 SSBF100 71.0291
Rex 5 2032 SSBFabc 28.4159
Rex 5 2032 SSBFofl 25.534
Rex 5 2032 SSBLCI 66.2241
Rex 5 2032 SSBUCI 90.2207
Rex 5 2032 SSBMedian 76.2083
Rex 5 2032 SSBMean 76.946
Rex 5 2033 SSBF100 71.0291
Rex 5 2033 SSBFabc 28.4159
Rex 5 2033 SSBFofl 25.534
Rex 5 2033 SSBLCI 65.6175
Rex 5 2033 SSBUCI 89.5574
Rex 5 2033 SSBMedian 75.4836
Rex 5 2033 SSBMean 76.2505
Rex 5 2034 SSBF100 71.0291
Rex 5 2034 SSBFabc 28.4159
Rex 5 2034 SSBFofl 25.534
Rex 5 2034 SSBLCI 64.6903
Rex 5 2034 SSBUCI 89.1734
Rex 5 2034 SSBMedian 74.8798
Rex 5 2034 SSBMean 75.594
Rex 5 2021 F0 0 
Rex 5 2021 Fabc 1.78706
Rex 5 2021 Fofl 5.15419
Rex 5 2021  F_LCI 0.00785372
Rex 5 2021  F_UCI 0.00785372
Rex 5 2021  F_Median 0.00785372
Rex 5 2021  F_Mean 0.00785372
Rex 5 2022 F0 0 
Rex 5 2022 Fabc 1.78706
Rex 5 2022 Fofl 5.15419
Rex 5 2022  F_LCI 0.0336452
Rex 5 2022  F_UCI 0.0336452
Rex 5 2022  F_Median 0.0336452
Rex 5 2022  F_Mean 0.0336452
Rex 5 2023 F0 0 
Rex 5 2023 Fabc 1.78706
Rex 5 2023 Fofl 5.15419
Rex 5 2023  F_LCI 0.0359037
Rex 5 2023  F_UCI 0.0359037
Rex 5 2023  F_Median 0.0359037
Rex 5 2023  F_Mean 0.0359037
Rex 5 2024 F0 0 
Rex 5 2024 Fabc 1.78706
Rex 5 2024 Fofl 5.15419
Rex 5 2024  F_LCI 0
Rex 5 2024  F_UCI 0
Rex 5 2024  F_Median 0
Rex 5 2024  F_Mean 0
Rex 5 2025 F0 0 
Rex 5 2025 Fabc 1.78706
Rex 5 2025 Fofl 5.15419
Rex 5 2025  F_LCI 0
Rex 5 2025  F_UCI 0
Rex 5 2025  F_Median 0
Rex 5 2025  F_Mean 0
Rex 5 2026 F0 0 
Rex 5 2026 Fabc 1.78706
Rex 5 2026 Fofl 5.15419
Rex 5 2026  F_LCI 0
Rex 5 2026  F_UCI 0
Rex 5 2026  F_Median 0
Rex 5 2026  F_Mean 0
Rex 5 2027 F0 0 
Rex 5 2027 Fabc 1.78706
Rex 5 2027 Fofl 5.15419
Rex 5 2027  F_LCI 0
Rex 5 2027  F_UCI 0
Rex 5 2027  F_Median 0
Rex 5 2027  F_Mean 0
Rex 5 2028 F0 0 
Rex 5 2028 Fabc 1.78706
Rex 5 2028 Fofl 5.15419
Rex 5 2028  F_LCI 0
Rex 5 2028  F_UCI 0
Rex 5 2028  F_Median 0
Rex 5 2028  F_Mean 0
Rex 5 2029 F0 0 
Rex 5 2029 Fabc 1.78706
Rex 5 2029 Fofl 5.15419
Rex 5 2029  F_LCI 0
Rex 5 2029  F_UCI 0
Rex 5 2029  F_Median 0
Rex 5 2029  F_Mean 0
Rex 5 2030 F0 0 
Rex 5 2030 Fabc 1.78706
Rex 5 2030 Fofl 5.15419
Rex 5 2030  F_LCI 0
Rex 5 2030  F_UCI 0
Rex 5 2030  F_Median 0
Rex 5 2030  F_Mean 0
Rex 5 2031 F0 0 
Rex 5 2031 Fabc 1.78706
Rex 5 2031 Fofl 5.15419
Rex 5 2031  F_LCI 0
Rex 5 2031  F_UCI 0
Rex 5 2031  F_Median 0
Rex 5 2031  F_Mean 0
Rex 5 2032 F0 0 
Rex 5 2032 Fabc 1.78706
Rex 5 2032 Fofl 5.15419
Rex 5 2032  F_LCI 0
Rex 5 2032  F_UCI 0
Rex 5 2032  F_Median 0
Rex 5 2032  F_Mean 0
Rex 5 2033 F0 0 
Rex 5 2033 Fabc 1.78706
Rex 5 2033 Fofl 5.15419
Rex 5 2033  F_LCI 0
Rex 5 2033  F_UCI 0
Rex 5 2033  F_Median 0
Rex 5 2033  F_Mean 0
Rex 5 2034 F0 0 
Rex 5 2034 Fabc 1.78706
Rex 5 2034 Fofl 5.15419
Rex 5 2034  F_LCI 0
Rex 5 2034  F_UCI 0
Rex 5 2034  F_Median 0
Rex 5 2034  F_Mean 0
