
SB0 SB40 SB35 MeanRec HarMeanRec Bnow
71.0291 28.4159 25.534 74.3488 61.621 56.744 
CV Recruit
0.454477 
Alternative 1 Alternative  Stock: Rex
Catch Rex
Year C0 Cabc Cofl LowCI_Catch Median_Catch Mean_Catch UpperCI_Catch Stdev_Catch 
2021  0 9.13035 8.93026 0.392 0.392 0.392 0.392 4.82947e-15 
2022  0 9.13035 8.93026 1.567 1.567 1.567 1.567 1.26565e-14 
2023  0 9.13035 8.93026 1.567 1.567 1.567 1.567 1.26565e-14 
2024  0 9.13035 8.93026 46.0871 46.0871 46.0871 46.0871 6.03961e-13 
2025  0 9.13035 8.93026 26.5506 26.5506 26.5506 26.5506 3.6593e-13 
2026  0 9.13035 8.93026 19.2981 19.2981 19.2981 19.2981 2.30926e-13 
2027  0 9.13035 8.93026 16.7581 16.7581 16.7468 16.7581 0.0772778 
2028  0 9.13035 8.93026 9.95696 12.1442 12.3944 15.6768 1.84108 
2029  0 9.13035 8.93026 6.30403 9.70324 10.2476 15.948 3.23201 
2030  0 9.13035 8.93026 6.20446 9.48429 10.03 15.9825 3.07509 
2031  0 9.13035 8.93026 6.07021 9.57825 10.016 15.4555 2.93012 
2032  0 9.13035 8.93026 6.01675 9.2995 9.92285 15.5553 2.99584 
2033  0 9.13035 8.93026 6.13843 9.44011 9.82314 15.5768 2.86671 
2034  0 9.13035 8.93026 6.08887 9.28816 9.84204 15.4476 2.86896 

Spawning_Biomass Rex
Year SSB100 SSBabc SSBofl LowCI_SSB Median_SSB Mean_SSB UpperCI_SSB Stdev_SSB 
2021 71.0291 28.4159 25.534 56.744 56.744 56.744 56.744 1.13687e-12 
2022 71.0291 28.4159 25.534 64.1798 64.2342 64.2447 64.3433 0.054025 
2023 71.0291 28.4159 25.534 70.2317 70.514 70.5547 71.0186 0.263093 
2024 71.0291 28.4159 25.534 73.9245 74.8949 75.0299 76.5463 0.875077 
2025 71.0291 28.4159 25.534 48.2814 50.6196 50.902 54.3586 2.02076 
2026 71.0291 28.4159 25.534 36.2786 40.3104 40.7212 46.5184 3.38318 
2027 71.0291 28.4159 25.534 28.7027 34.1798 34.7385 42.4832 4.57205 
2028 71.0291 28.4159 25.534 23.0972 29.9868 30.6391 40.0993 5.47056 
2029 71.0291 28.4159 25.534 21.5471 28.5602 29.2248 39.0753 5.51221 
2030 71.0291 28.4159 25.534 21.0517 28.3145 28.9981 38.2297 5.32617 
2031 71.0291 28.4159 25.534 21.1599 28.3356 28.8896 38.7869 5.2748 
2032 71.0291 28.4159 25.534 21.3086 28.1945 28.8053 38.2501 5.24443 
2033 71.0291 28.4159 25.534 21.4951 27.9804 28.7959 38.3039 5.24931 
2034 71.0291 28.4159 25.534 21.4985 28.0049 28.807 38.3388 5.2457 

Fishing_mortalityRex
Year F0 Fabc Fofl LowCI_F Median_F Mean_F UpperCI_F Stdev_F 
2021  0 1.78706 5.15419 0.00785372 0.00785372 0.00785372 0.00785372 1.38778e-17 
2022  0 1.78706 5.15419 0.0336452 0.0336452 0.0336452 0.0336452 5.34295e-16 
2023  0 1.78706 5.15419 0.0359037 0.0359037 0.0359037 0.0359037 2.70617e-16 
2024  0 1.78706 5.15419 1.78706 1.78706 1.78706 1.78706 3.9746e-14 
2025  0 1.78706 5.15419 1.78706 1.78706 1.78706 1.78706 3.9746e-14 
2026  0 1.78706 5.15419 1.78706 1.78706 1.78706 1.78706 3.9746e-14 
2027  0 1.78706 5.15419 1.78706 1.78706 1.78472 1.78706 0.0157635 
2028  0 1.78706 5.15419 1.43496 1.78706 1.71332 1.78706 0.123035 
2029  0 1.78706 5.15419 1.33234 1.78706 1.67033 1.78706 0.161745 
2030  0 1.78706 5.15419 1.29955 1.78034 1.66696 1.78706 0.167999 
2031  0 1.78706 5.15419 1.30671 1.78174 1.66534 1.78706 0.167961 
2032  0 1.78706 5.15419 1.31656 1.7724 1.66371 1.78706 0.16305 
2033  0 1.78706 5.15419 1.32891 1.75823 1.6634 1.78706 0.16088 
2034  0 1.78706 5.15419 1.32913 1.75985 1.66267 1.78706 0.162722 

Total_BiomassRex
Year B100 Babc Bofl LowCI_Biom Median_Biom Mean_Biom UpperCI_Biom Stdev_Biom 
2021 293.259 78.355 73.541 146.753 146.753 146.753 146.753 1.13687e-12 
2022 293.259 78.355 73.541 151.478 154.235 154.77 159.77 2.74026 
2023 293.259 78.355 73.541 152.566 158.271 158.977 167.653 5.08663 
2024 293.259 78.355 73.541 151.279 160.06 161.001 173.386 7.25237 
2025 293.259 78.355 73.541 108.161 119.397 120.444 136.106 9.17064 
2026 293.259 78.355 73.541 86.376 100.308 101.583 120.438 10.8331 
2027 293.259 78.355 73.541 73.1164 89.6833 90.8967 112.152 12.0894 
2028 293.259 78.355 73.541 64.2461 82.3297 83.4231 106.809 13.0729 
2029 293.259 78.355 73.541 61.2618 79.6298 80.7147 103.921 13.0473 
2030 293.259 78.355 73.541 61.5174 79.3285 80.3856 102.961 12.8303 
2031 293.259 78.355 73.541 61.8079 78.4057 80.1893 103.389 12.9546 
2032 293.259 78.355 73.541 61.5639 78.3337 79.9802 102.637 12.9316 
2033 293.259 78.355 73.541 61.1069 78.0011 79.6921 102.441 12.848 
2034 293.259 78.355 73.541 60.5242 78.1399 79.5695 102.801 12.824 
Alternative 2 Alternative  Stock: Rex
Catch Rex
Year C0 Cabc Cofl LowCI_Catch Median_Catch Mean_Catch UpperCI_Catch Stdev_Catch 
2021  0 9.13035 8.93026 0.392 0.392 0.392 0.392 4.82947e-15 
2022  0 9.13035 8.93026 1.567 1.567 1.567 1.567 1.26565e-14 
2023  0 9.13035 8.93026 1.567 1.567 1.567 1.567 1.26565e-14 
2024  0 9.13035 8.93026 46.0871 46.0871 46.0871 46.0871 6.03961e-13 
2025  0 9.13035 8.93026 26.5506 26.5506 26.5506 26.5506 3.6593e-13 
2026  0 9.13035 8.93026 19.2981 19.2981 19.2981 19.2981 2.30926e-13 
2027  0 9.13035 8.93026 16.7581 16.7581 16.7468 16.7581 0.0772778 
2028  0 9.13035 8.93026 9.95696 12.1442 12.3944 15.6768 1.84108 
2029  0 9.13035 8.93026 6.30403 9.70324 10.2476 15.948 3.23201 
2030  0 9.13035 8.93026 6.20446 9.48429 10.03 15.9825 3.07509 
2031  0 9.13035 8.93026 6.07021 9.57825 10.016 15.4555 2.93012 
2032  0 9.13035 8.93026 6.01675 9.2995 9.92285 15.5553 2.99584 
2033  0 9.13035 8.93026 6.13843 9.44011 9.82314 15.5768 2.86671 
2034  0 9.13035 8.93026 6.08887 9.28816 9.84204 15.4476 2.86896 

Spawning_Biomass Rex
Year SSB100 SSBabc SSBofl LowCI_SSB Median_SSB Mean_SSB UpperCI_SSB Stdev_SSB 
2021 71.0291 28.4159 25.534 56.744 56.744 56.744 56.744 1.13687e-12 
2022 71.0291 28.4159 25.534 64.1798 64.2342 64.2447 64.3433 0.054025 
2023 71.0291 28.4159 25.534 70.2317 70.514 70.5547 71.0186 0.263093 
2024 71.0291 28.4159 25.534 73.9245 74.8949 75.0299 76.5463 0.875077 
2025 71.0291 28.4159 25.534 48.2814 50.6196 50.902 54.3586 2.02076 
2026 71.0291 28.4159 25.534 36.2786 40.3104 40.7212 46.5184 3.38318 
2027 71.0291 28.4159 25.534 28.7027 34.1798 34.7385 42.4832 4.57205 
2028 71.0291 28.4159 25.534 23.0972 29.9868 30.6391 40.0993 5.47056 
2029 71.0291 28.4159 25.534 21.5471 28.5602 29.2248 39.0753 5.51221 
2030 71.0291 28.4159 25.534 21.0517 28.3145 28.9981 38.2297 5.32617 
2031 71.0291 28.4159 25.534 21.1599 28.3356 28.8896 38.7869 5.2748 
2032 71.0291 28.4159 25.534 21.3086 28.1945 28.8053 38.2501 5.24443 
2033 71.0291 28.4159 25.534 21.4951 27.9804 28.7959 38.3039 5.24931 
2034 71.0291 28.4159 25.534 21.4985 28.0049 28.807 38.3388 5.2457 

Fishing_mortalityRex
Year F0 Fabc Fofl LowCI_F Median_F Mean_F UpperCI_F Stdev_F 
2021  0 1.78706 5.15419 0.00785372 0.00785372 0.00785372 0.00785372 1.38778e-17 
2022  0 1.78706 5.15419 0.0336452 0.0336452 0.0336452 0.0336452 5.34295e-16 
2023  0 1.78706 5.15419 0.0359037 0.0359037 0.0359037 0.0359037 2.70617e-16 
2024  0 1.78706 5.15419 1.78706 1.78706 1.78706 1.78706 3.9746e-14 
2025  0 1.78706 5.15419 1.78706 1.78706 1.78706 1.78706 3.9746e-14 
2026  0 1.78706 5.15419 1.78706 1.78706 1.78706 1.78706 3.9746e-14 
2027  0 1.78706 5.15419 1.78706 1.78706 1.78472 1.78706 0.0157635 
2028  0 1.78706 5.15419 1.43496 1.78706 1.71332 1.78706 0.123035 
2029  0 1.78706 5.15419 1.33234 1.78706 1.67033 1.78706 0.161745 
2030  0 1.78706 5.15419 1.29955 1.78034 1.66696 1.78706 0.167999 
2031  0 1.78706 5.15419 1.30671 1.78174 1.66534 1.78706 0.167961 
2032  0 1.78706 5.15419 1.31656 1.7724 1.66371 1.78706 0.16305 
2033  0 1.78706 5.15419 1.32891 1.75823 1.6634 1.78706 0.16088 
2034  0 1.78706 5.15419 1.32913 1.75985 1.66267 1.78706 0.162722 

Total_BiomassRex
Year B100 Babc Bofl LowCI_Biom Median_Biom Mean_Biom UpperCI_Biom Stdev_Biom 
2021 293.259 78.355 73.541 146.753 146.753 146.753 146.753 1.13687e-12 
2022 293.259 78.355 73.541 151.478 154.235 154.77 159.77 2.74026 
2023 293.259 78.355 73.541 152.566 158.271 158.977 167.653 5.08663 
2024 293.259 78.355 73.541 151.279 160.06 161.001 173.386 7.25237 
2025 293.259 78.355 73.541 108.161 119.397 120.444 136.106 9.17064 
2026 293.259 78.355 73.541 86.376 100.308 101.583 120.438 10.8331 
2027 293.259 78.355 73.541 73.1164 89.6833 90.8967 112.152 12.0894 
2028 293.259 78.355 73.541 64.2461 82.3297 83.4231 106.809 13.0729 
2029 293.259 78.355 73.541 61.2618 79.6298 80.7147 103.921 13.0473 
2030 293.259 78.355 73.541 61.5174 79.3285 80.3856 102.961 12.8303 
2031 293.259 78.355 73.541 61.8079 78.4057 80.1893 103.389 12.9546 
2032 293.259 78.355 73.541 61.5639 78.3337 79.9802 102.637 12.9316 
2033 293.259 78.355 73.541 61.1069 78.0011 79.6921 102.441 12.848 
2034 293.259 78.355 73.541 60.5242 78.1399 79.5695 102.801 12.824 
Alternative 3 Alternative  Stock: Rex
Catch Rex
Year C0 Cabc Cofl LowCI_Catch Median_Catch Mean_Catch UpperCI_Catch Stdev_Catch 
2021  0 9.13035 8.93026 0.392 0.392 0.392 0.392 4.82947e-15 
2022  0 9.13035 8.93026 1.567 1.567 1.567 1.567 1.26565e-14 
2023  0 9.13035 8.93026 1.567 1.567 1.567 1.567 1.26565e-14 
2024  0 9.13035 8.93026 1.20059 1.20059 1.20059 1.20059 1.53211e-14 
2025  0 9.13035 8.93026 1.61571 1.61571 1.61571 1.61571 1.39888e-14 
2026  0 9.13035 8.93026 1.81132 1.81132 1.81132 1.81132 2.59792e-14 
2027  0 9.13035 8.93026 1.95937 1.95937 1.95937 1.95937 3.33067e-14 
2028  0 9.13035 8.93026 1.93639 1.96457 1.97004 2.02116 0.0280128 
2029  0 9.13035 8.93026 1.77204 1.89872 1.91545 2.11831 0.116286 
2030  0 9.13035 8.93026 1.66456 1.83917 1.86569 2.13033 0.154819 
2031  0 9.13035 8.93026 1.5878 1.8046 1.82118 2.11955 0.170766 
2032  0 9.13035 8.93026 1.51758 1.7611 1.78038 2.10742 0.184246 
2033  0 9.13035 8.93026 1.45939 1.71826 1.7415 2.08138 0.191191 
2034  0 9.13035 8.93026 1.41573 1.69086 1.70965 2.05255 0.194584 

Spawning_Biomass Rex
Year SSB100 SSBabc SSBofl LowCI_SSB Median_SSB Mean_SSB UpperCI_SSB Stdev_SSB 
2021 71.0291 28.4159 25.534 56.744 56.744 56.744 56.744 1.13687e-12 
2022 71.0291 28.4159 25.534 64.1798 64.2342 64.2447 64.3433 0.054025 
2023 71.0291 28.4159 25.534 70.2317 70.514 70.5547 71.0186 0.263093 
2024 71.0291 28.4159 25.534 73.9245 74.8949 75.0299 76.5463 0.875077 
2025 71.0291 28.4159 25.534 74.9051 77.2433 77.5258 80.9823 2.02076 
2026 71.0291 28.4159 25.534 73.6341 77.666 78.0768 83.8739 3.38318 
2027 71.0291 28.4159 25.534 71.5206 76.9977 77.5564 85.3011 4.57205 
2028 71.0291 28.4159 25.534 68.9002 75.8297 76.4757 85.9423 5.48163 
2029 71.0291 28.4159 25.534 66.2027 74.5868 75.1841 86.1645 6.14339 
2030 71.0291 28.4159 25.534 64.081 73.2404 73.8753 85.3204 6.58345 
2031 71.0291 28.4159 25.534 62.3917 72.0678 72.639 84.725 6.8651 
2032 71.0291 28.4159 25.534 60.9865 70.7103 71.5254 84.5797 7.05512 
2033 71.0291 28.4159 25.534 60.126 69.7586 70.5476 83.5756 7.20945 
2034 71.0291 28.4159 25.534 58.9345 68.954 69.6772 82.7824 7.32816 

Fishing_mortalityRex
Year F0 Fabc Fofl LowCI_F Median_F Mean_F UpperCI_F Stdev_F 
2021  0 1.78706 5.15419 0.00785372 0.00785372 0.00785372 0.00785372 1.38778e-17 
2022  0 1.78706 5.15419 0.0336452 0.0336452 0.0336452 0.0336452 5.34295e-16 
2023  0 1.78706 5.15419 0.0359037 0.0359037 0.0359037 0.0359037 2.70617e-16 
2024  0 1.78706 5.15419 0.0245556 0.0245556 0.0245556 0.0245556 5.68989e-16 
2025  0 1.78706 5.15419 0.0245556 0.0245556 0.0245556 0.0245556 5.68989e-16 
2026  0 1.78706 5.15419 0.0245556 0.0245556 0.0245556 0.0245556 5.68989e-16 
2027  0 1.78706 5.15419 0.0245556 0.0245556 0.0245556 0.0245556 5.68989e-16 
2028  0 1.78706 5.15419 0.0245556 0.0245556 0.0245556 0.0245556 5.68989e-16 
2029  0 1.78706 5.15419 0.0245556 0.0245556 0.0245556 0.0245556 5.68989e-16 
2030  0 1.78706 5.15419 0.0245556 0.0245556 0.0245556 0.0245556 5.68989e-16 
2031  0 1.78706 5.15419 0.0245556 0.0245556 0.0245556 0.0245556 5.68989e-16 
2032  0 1.78706 5.15419 0.0245556 0.0245556 0.0245556 0.0245556 5.68989e-16 
2033  0 1.78706 5.15419 0.0245556 0.0245556 0.0245556 0.0245556 5.68989e-16 
2034  0 1.78706 5.15419 0.0245556 0.0245556 0.0245556 0.0245556 5.68989e-16 

Total_BiomassRex
Year B100 Babc Bofl LowCI_Biom Median_Biom Mean_Biom UpperCI_Biom Stdev_Biom 
2021 293.259 78.355 73.541 146.753 146.753 146.753 146.753 1.13687e-12 
2022 293.259 78.355 73.541 151.478 154.235 154.77 159.77 2.74026 
2023 293.259 78.355 73.541 152.566 158.271 158.977 167.653 5.08663 
2024 293.259 78.355 73.541 151.279 160.06 161.001 173.386 7.25237 
2025 293.259 78.355 73.541 149.428 160.665 161.711 177.374 9.17064 
2026 293.259 78.355 73.541 145.51 159.442 160.718 179.572 10.8331 
2027 293.259 78.355 73.541 141.073 157.64 158.854 180.109 12.0894 
2028 293.259 78.355 73.541 137.142 155.408 156.491 179.887 13.0875 
2029 293.259 78.355 73.541 133.125 152.97 154.048 178.895 13.7602 
2030 293.259 78.355 73.541 131.082 150.57 151.845 177.968 14.2515 
2031 293.259 78.355 73.541 128.984 147.911 149.733 176.305 14.7114 
2032 293.259 78.355 73.541 125.716 146.345 147.808 173.828 14.9295 
2033 293.259 78.355 73.541 123.7 144.74 145.941 171.616 15.0381 
2034 293.259 78.355 73.541 121.917 143.249 144.378 170.512 15.1275 
Alternative 4 Alternative  Stock: Rex
Catch Rex
Year C0 Cabc Cofl LowCI_Catch Median_Catch Mean_Catch UpperCI_Catch Stdev_Catch 
2021  0 9.13035 8.93026 0.392 0.392 0.392 0.392 4.82947e-15 
2022  0 9.13035 8.93026 1.567 1.567 1.567 1.567 1.26565e-14 
2023  0 9.13035 8.93026 1.567 1.567 1.567 1.567 1.26565e-14 
2024  0 9.13035 8.93026 4.61253 4.61253 4.61253 4.61253 4.17444e-14 
2025  0 9.13035 8.93026 5.92053 5.92053 5.92053 5.92053 7.4607e-14 
2026  0 9.13035 8.93026 6.35691 6.35691 6.35691 6.35691 8.70415e-14 
2027  0 9.13035 8.93026 6.62983 6.62983 6.62983 6.62983 1.09246e-13 
2028  0 9.13035 8.93026 6.27619 6.38696 6.40844 6.60937 0.110099 
2029  0 9.13035 8.93026 5.45205 5.933 5.99606 6.75709 0.439331 
2030  0 9.13035 8.93026 4.92263 5.56874 5.66239 6.63893 0.56677 
2031  0 9.13035 8.93026 4.56094 5.32975 5.39477 6.47303 0.606646 
2032  0 9.13035 8.93026 4.26255 5.10092 5.17557 6.31698 0.642175 
2033  0 9.13035 8.93026 4.03597 4.90632 4.98906 6.16605 0.653568 
2034  0 9.13035 8.93026 3.84221 4.78956 4.84787 5.99124 0.656304 

Spawning_Biomass Rex
Year SSB100 SSBabc SSBofl LowCI_SSB Median_SSB Mean_SSB UpperCI_SSB Stdev_SSB 
2021 71.0291 28.4159 25.534 56.744 56.744 56.744 56.744 1.13687e-12 
2022 71.0291 28.4159 25.534 64.1798 64.2342 64.2447 64.3433 0.054025 
2023 71.0291 28.4159 25.534 70.2317 70.514 70.5547 71.0186 0.263093 
2024 71.0291 28.4159 25.534 73.9245 74.8949 75.0299 76.5463 0.875077 
2025 71.0291 28.4159 25.534 72.861 75.1992 75.4816 78.9382 2.02076 
2026 71.0291 28.4159 25.534 69.3197 73.3516 73.7624 79.5595 3.38318 
2027 71.0291 28.4159 25.534 65.0815 70.5586 71.1172 78.8619 4.57205 
2028 71.0291 28.4159 25.534 60.5588 67.4883 68.1342 77.6009 5.48163 
2029 71.0291 28.4159 25.534 56.433 64.7191 65.3443 76.3278 6.11469 
2030 71.0291 28.4159 25.534 53.2926 62.3838 62.9637 74.0751 6.46509 
2031 71.0291 28.4159 25.534 51.0973 60.3998 60.9902 72.6158 6.64373 
2032 71.0291 28.4159 25.534 49.2991 58.6144 59.3938 71.7361 6.74576 
2033 71.0291 28.4159 25.534 48.0362 57.1923 58.122 70.1079 6.82753 
2034 71.0291 28.4159 25.534 47.1579 56.1974 57.096 69.4738 6.89018 

Fishing_mortalityRex
Year F0 Fabc Fofl LowCI_F Median_F Mean_F UpperCI_F Stdev_F 
2021  0 1.78706 5.15419 0.00785372 0.00785372 0.00785372 0.00785372 1.38778e-17 
2022  0 1.78706 5.15419 0.0336452 0.0336452 0.0336452 0.0336452 5.34295e-16 
2023  0 1.78706 5.15419 0.0359037 0.0359037 0.0359037 0.0359037 2.70617e-16 
2024  0 1.78706 5.15419 0.0973544 0.0973544 0.0973544 0.0973544 1.15186e-15 
2025  0 1.78706 5.15419 0.0973544 0.0973544 0.0973544 0.0973544 1.15186e-15 
2026  0 1.78706 5.15419 0.0973544 0.0973544 0.0973544 0.0973544 1.15186e-15 
2027  0 1.78706 5.15419 0.0973544 0.0973544 0.0973544 0.0973544 1.15186e-15 
2028  0 1.78706 5.15419 0.0973544 0.0973544 0.0973544 0.0973544 1.15186e-15 
2029  0 1.78706 5.15419 0.0973544 0.0973544 0.0973544 0.0973544 1.15186e-15 
2030  0 1.78706 5.15419 0.0973544 0.0973544 0.0973544 0.0973544 1.15186e-15 
2031  0 1.78706 5.15419 0.0973544 0.0973544 0.0973544 0.0973544 1.15186e-15 
2032  0 1.78706 5.15419 0.0973544 0.0973544 0.0973544 0.0973544 1.15186e-15 
2033  0 1.78706 5.15419 0.0973544 0.0973544 0.0973544 0.0973544 1.15186e-15 
2034  0 1.78706 5.15419 0.0973544 0.0973544 0.0973544 0.0973544 1.15186e-15 

Total_BiomassRex
Year B100 Babc Bofl LowCI_Biom Median_Biom Mean_Biom UpperCI_Biom Stdev_Biom 
2021 293.259 78.355 73.541 146.753 146.753 146.753 146.753 1.13687e-12 
2022 293.259 78.355 73.541 151.478 154.235 154.77 159.77 2.74026 
2023 293.259 78.355 73.541 152.566 158.271 158.977 167.653 5.08663 
2024 293.259 78.355 73.541 151.279 160.06 161.001 173.386 7.25237 
2025 293.259 78.355 73.541 146.239 157.475 158.522 174.184 9.17064 
2026 293.259 78.355 73.541 138.702 152.634 153.909 172.764 10.8331 
2027 293.259 78.355 73.541 130.895 147.462 148.675 169.931 12.0894 
2028 293.259 78.355 73.541 123.94 142.206 143.289 166.685 13.0875 
2029 293.259 78.355 73.541 117.614 137.425 138.474 163.213 13.7317 
2030 293.259 78.355 73.541 114.057 133.296 134.593 160.681 14.1189 
2031 293.259 78.355 73.541 110.43 129.62 131.338 157.539 14.4614 
2032 293.259 78.355 73.541 106.869 127.456 128.671 154.69 14.5798 
2033 293.259 78.355 73.541 105.075 125.057 126.358 151.713 14.606 
2034 293.259 78.355 73.541 102.628 123.117 124.564 150.134 14.6382 
Alternative 5 Alternative  Stock: Rex
Catch Rex
Year C0 Cabc Cofl LowCI_Catch Median_Catch Mean_Catch UpperCI_Catch Stdev_Catch 
2021  0 9.13035 8.93026 0.392 0.392 0.392 0.392 4.82947e-15 
2022  0 9.13035 8.93026 1.567 1.567 1.567 1.567 1.26565e-14 
2023  0 9.13035 8.93026 1.567 1.567 1.567 1.567 1.26565e-14 
2024  0 9.13035 8.93026 0 0 0 0 0 
2025  0 9.13035 8.93026 0 0 0 0 0 
2026  0 9.13035 8.93026 0 0 0 0 0 
2027  0 9.13035 8.93026 0 0 0 0 0 
2028  0 9.13035 8.93026 0 0 0 0 0 
2029  0 9.13035 8.93026 0 0 0 0 0 
2030  0 9.13035 8.93026 0 0 0 0 0 
2031  0 9.13035 8.93026 0 0 0 0 0 
2032  0 9.13035 8.93026 0 0 0 0 0 
2033  0 9.13035 8.93026 0 0 0 0 0 
2034  0 9.13035 8.93026 0 0 0 0 0 

Spawning_Biomass Rex
Year SSB100 SSBabc SSBofl LowCI_SSB Median_SSB Mean_SSB UpperCI_SSB Stdev_SSB 
2021 71.0291 28.4159 25.534 56.744 56.744 56.744 56.744 1.13687e-12 
2022 71.0291 28.4159 25.534 64.1798 64.2342 64.2447 64.3433 0.054025 
2023 71.0291 28.4159 25.534 70.2317 70.514 70.5547 71.0186 0.263093 
2024 71.0291 28.4159 25.534 73.9245 74.8949 75.0299 76.5463 0.875077 
2025 71.0291 28.4159 25.534 75.6248 77.963 78.2455 81.702 2.02076 
2026 71.0291 28.4159 25.534 75.2139 79.2458 79.6566 85.4537 3.38318 
2027 71.0291 28.4159 25.534 73.9666 79.4437 80.0023 87.7471 4.57205 
2028 71.0291 28.4159 25.534 72.1794 79.109 79.7549 89.2215 5.48163 
2029 71.0291 28.4159 25.534 70.1804 78.5988 79.1857 90.1651 6.1533 
2030 71.0291 28.4159 25.534 68.5869 77.8006 78.463 90.0491 6.62708 
2031 71.0291 28.4159 25.534 67.3167 77.166 77.6937 89.962 6.95115 
2032 71.0291 28.4159 25.534 66.2241 76.2083 76.946 90.2207 7.18129 
2033 71.0291 28.4159 25.534 65.6175 75.4836 76.2505 89.5574 7.37168 
2034 71.0291 28.4159 25.534 64.6903 74.8798 75.594 89.1734 7.52099 

Fishing_mortalityRex
Year F0 Fabc Fofl LowCI_F Median_F Mean_F UpperCI_F Stdev_F 
2021  0 1.78706 5.15419 0.00785372 0.00785372 0.00785372 0.00785372 1.38778e-17 
2022  0 1.78706 5.15419 0.0336452 0.0336452 0.0336452 0.0336452 5.34295e-16 
2023  0 1.78706 5.15419 0.0359037 0.0359037 0.0359037 0.0359037 2.70617e-16 
2024  0 1.78706 5.15419 0 0 0 0 0 
2025  0 1.78706 5.15419 0 0 0 0 0 
2026  0 1.78706 5.15419 0 0 0 0 0 
2027  0 1.78706 5.15419 0 0 0 0 0 
2028  0 1.78706 5.15419 0 0 0 0 0 
2029  0 1.78706 5.15419 0 0 0 0 0 
2030  0 1.78706 5.15419 0 0 0 0 0 
2031  0 1.78706 5.15419 0 0 0 0 0 
2032  0 1.78706 5.15419 0 0 0 0 0 
2033  0 1.78706 5.15419 0 0 0 0 0 
2034  0 1.78706 5.15419 0 0 0 0 0 

Total_BiomassRex
Year B100 Babc Bofl LowCI_Biom Median_Biom Mean_Biom UpperCI_Biom Stdev_Biom 
2021 293.259 78.355 73.541 146.753 146.753 146.753 146.753 1.13687e-12 
2022 293.259 78.355 73.541 151.478 154.235 154.77 159.77 2.74026 
2023 293.259 78.355 73.541 152.566 158.271 158.977 167.653 5.08663 
2024 293.259 78.355 73.541 151.279 160.06 161.001 173.386 7.25237 
2025 293.259 78.355 73.541 150.552 161.788 162.834 178.497 9.17064 
2026 293.259 78.355 73.541 148.002 161.934 163.21 182.064 10.8331 
2027 293.259 78.355 73.541 144.938 161.504 162.718 183.973 12.0894 
2028 293.259 78.355 73.541 142.328 160.593 161.676 185.072 13.0875 
2029 293.259 78.355 73.541 139.428 159.285 160.374 185.211 13.77 
2030 293.259 78.355 73.541 138.245 157.851 159.088 185.194 14.3006 
2031 293.259 78.355 73.541 136.891 155.889 157.702 184.419 14.8096 
2032 293.259 78.355 73.541 134.365 154.984 156.344 183.276 15.0744 
2033 293.259 78.355 73.541 132.498 153.859 154.913 180.778 15.2252 
2034 293.259 78.355 73.541 130.666 152.541 153.677 180.161 15.3481 
