Alternative 1 Catch
     Rex 
Equil_Fabc 1.54552 
Year 
2021 0.0019 
2022 0.0019 
2023 0.0019 
2024 4.35797 
2025 3.46985 
2026 2.82324 
2027 2.37098 
2028 2.05668 
2029 1.83916 
2030 1.6859 
2031 1.57827 
2032 1.50727 
2033 1.45991 
2034 1.42676 

Alternative 1 ABCs
     Rex 

Year 
2021 3.62271 
2022 4.08394 
2023 4.31788 
2024 4.35797 
2025 3.46985 
2026 2.82324 
2027 2.37098 
2028 2.05668 
2029 1.83916 
2030 1.6859 
2031 1.57827 
2032 1.50727 
2033 1.45991 
2034 1.42676 

Alternative 1 TACs
     Rex 

Year 
2021  NA 
2022  NA 
2023  NA 
2024 4.35797 
2025 3.46985 
2026 2.82324 
2027 2.37098 
2028 2.05668 
2029 1.83916 
2030 1.6859 
2031 1.57827 
2032 1.50727 
2033 1.45991 
2034 1.42676 

Alternative 1 Sp_Biomass
     Rex 
Equil_Fabc 3.59924 
Year 
2021 8.79687 
2022 9.80703 
2023 10.5528 
2024 10.8995 
2025 8.8544 
2026 7.27394 
2027 6.13133 
2028 5.32693 
2029 4.76725 
2030 4.38454 
2031 4.13088 
2032 3.969 
2033 3.86719 
2034 3.7986 

Alternative 1 Fishing Mortality
     Rex 
Equil_Fabc 0.246587 
Year 
2021 0.000116495 
2022 0.000102988 
2023 9.71074e-05 
2024 0.246587 
2025 0.246587 
2026 0.246587 
2027 0.246587 
2028 0.246587 
2029 0.246447 
2030 0.244993 
2031 0.242457 
2032 0.239992 
2033 0.237763 
2034 0.236221 

Alternative 1 Biomass
     Rex 

Year 
2021 24.5232 
2022 25.1152 
2023 25.3332 
2024 25.2931 
2025 20.8924 
2026 17.7055 
2027 15.463 
2028 13.9079 
2029 12.8422 
2030 12.1461 
2031 11.6677 
2032 11.3507 
2033 11.108 
2034 10.9542 

Alternative 1 Implied SPR rate 
     Rex 
Equil_Fabc 0.4 
Year 
2021 0.999276 
2022 0.99936 
2023 0.999396 
2024 0.4 
2025 0.4 
2026 0.4 
2027 0.4 
2028 0.4 
2029 0.400133 
2030 0.401583 
2031 0.404145 
2032 0.406667 
2033 0.408967 
2034 0.410619 

  Rex 
EquilAvgAgeF0  6.0966 
EquilAvgAgeFabc  3.63586 
AvgAgeYr2034 3.81627 
Alternative 2 Catch
     Rex 
Equil_Fabc 1.54552 
Year 
2021 0.0019 
2022 0.0019 
2023 0.0019 
2024 4.35797 
2025 3.46985 
2026 2.82324 
2027 2.37098 
2028 2.05668 
2029 1.83916 
2030 1.6859 
2031 1.57827 
2032 1.50727 
2033 1.45991 
2034 1.42676 

Alternative 2 ABCs
     Rex 

Year 
2021 3.62271 
2022 4.08394 
2023 4.31788 
2024 4.35797 
2025 3.46985 
2026 2.82324 
2027 2.37098 
2028 2.05668 
2029 1.83916 
2030 1.6859 
2031 1.57827 
2032 1.50727 
2033 1.45991 
2034 1.42676 

Alternative 2 TACs
     Rex 

Year 
2021  NA 
2022  NA 
2023  NA 
2024 4.35797 
2025 3.46985 
2026 2.82324 
2027 2.37098 
2028 2.05668 
2029 1.83916 
2030 1.6859 
2031 1.57827 
2032 1.50727 
2033 1.45991 
2034 1.42676 

Alternative 2 Sp_Biomass
     Rex 
Equil_Fabc 3.59924 
Year 
2021 8.79687 
2022 9.80703 
2023 10.5528 
2024 10.8995 
2025 8.8544 
2026 7.27394 
2027 6.13133 
2028 5.32693 
2029 4.76725 
2030 4.38454 
2031 4.13088 
2032 3.969 
2033 3.86719 
2034 3.7986 

Alternative 2 Fishing Mortality
     Rex 
Equil_Fabc 0.246587 
Year 
2021 0.000116495 
2022 0.000102988 
2023 9.71074e-05 
2024 0.246587 
2025 0.246587 
2026 0.246587 
2027 0.246587 
2028 0.246587 
2029 0.246447 
2030 0.244993 
2031 0.242457 
2032 0.239992 
2033 0.237763 
2034 0.236221 

Alternative 2 Biomass
     Rex 

Year 
2021 24.5232 
2022 25.1152 
2023 25.3332 
2024 25.2931 
2025 20.8924 
2026 17.7055 
2027 15.463 
2028 13.9079 
2029 12.8422 
2030 12.1461 
2031 11.6677 
2032 11.3507 
2033 11.108 
2034 10.9542 

Alternative 2 Implied SPR rate 
     Rex 
Equil_Fabc 0.4 
Year 
2021 0.999276 
2022 0.99936 
2023 0.999396 
2024 0.4 
2025 0.4 
2026 0.4 
2027 0.4 
2028 0.4 
2029 0.400133 
2030 0.401583 
2031 0.404145 
2032 0.406667 
2033 0.408967 
2034 0.410619 

  Rex 
EquilAvgAgeF0  6.0966 
EquilAvgAgeFabc  3.63586 
AvgAgeYr2034 3.81627 
Alternative 3 Catch
     Rex 
Equil_Fabc 1.54552 
Year 
2021 0.0019 
2022 0.0019 
2023 0.0019 
2024  NA 
2025  NA 
2026  NA 
2027  NA 
2028  NA 
2029  NA 
2030  NA 
2031  NA 
2032  NA 
2033  NA 
2034  NA 

Alternative 3 ABCs
     Rex 

Year 
2021  NA 
2022  NA 
2023  NA 
2024  NA 
2025  NA 
2026  NA 
2027  NA 
2028  NA 
2029  NA 
2030  NA 
2031  NA 
2032  NA 
2033  NA 
2034  NA 

Alternative 3 TACs
     Rex 

Year 
2021  NA 
2022  NA 
2023  NA 
2024  NA 
2025  NA 
2026  NA 
2027  NA 
2028  NA 
2029  NA 
2030  NA 
2031  NA 
2032  NA 
2033  NA 
2034  NA 

Alternative 3 Sp_Biomass
     Rex 
Equil_Fabc 3.59924 
Year 
2021 8.79687 
2022 9.80703 
2023 10.5528 
2024 10.8995 
2025 10.9542 
2026 10.8593 
2027 10.7028 
2028 10.5237 
2029 10.3404 
2030 10.1662 
2031 10.0084 
2032 9.87034 
2033 9.74994 
2034 9.64066 

Alternative 3 Fishing Mortality
     Rex 
Equil_Fabc 0.246587 
Year 
2021 0.000116495 
2022 0.000102988 
2023 9.71074e-05 
2024  NA 
2025  NA 
2026  NA 
2027  NA 
2028  NA 
2029  NA 
2030  NA 
2031  NA 
2032  NA 
2033  NA 
2034  NA 

Alternative 3 Biomass
     Rex 

Year 
2021 24.5232 
2022 25.1152 
2023 25.3332 
2024 25.2931 
2025 25.0758 
2026 24.7475 
2027 24.3814 
2028 24.0121 
2029 23.6591 
2030 23.3593 
2031 23.0678 
2032 22.803 
2033 22.534 
2034 22.3103 

Alternative 3 Implied SPR rate 
     Rex 
Equil_Fabc 0.4 
Year 
2021 0.999276 
2022 0.99936 
2023 0.999396 
2024 1 
2025 1 
2026 1 
2027 1 
2028 1 
2029 1 
2030 1 
2031 1 
2032 1 
2033 1 
2034 1 

  Rex 
EquilAvgAgeF0  6.0966 
EquilAvgAgeFabc  3.63586 
AvgAgeYr2034 6.4577 
Alternative 4 Catch
     Rex 
Equil_Fabc 1.54552 
Year 
2021 0.0019 
2022 0.0019 
2023 0.0019 
2024 1.03229 
2025 0.97464 
2026 0.919054 
2027 0.869952 
2028 0.827033 
2029 0.790128 
2030 0.759306 
2031 0.734149 
2032 0.714038 
2033 0.697789 
2034 0.683757 

Alternative 4 ABCs
     Rex 

Year 
2021 0.853005 
2022 0.964166 
2023 1.02187 
2024 1.03229 
2025 0.97464 
2026 0.919054 
2027 0.869952 
2028 0.827033 
2029 0.790128 
2030 0.759306 
2031 0.734149 
2032 0.714038 
2033 0.697789 
2034 0.683757 

Alternative 4 TACs
     Rex 

Year 
2021  NA 
2022  NA 
2023  NA 
2024 1.03229 
2025 0.97464 
2026 0.919054 
2027 0.869952 
2028 0.827033 
2029 0.790128 
2030 0.759306 
2031 0.734149 
2032 0.714038 
2033 0.697789 
2034 0.683757 

Alternative 4 Sp_Biomass
     Rex 
Equil_Fabc 3.59924 
Year 
2021 8.79687 
2022 9.80703 
2023 10.5528 
2024 10.8995 
2025 10.4555 
2026 9.93381 
2027 9.43022 
2028 8.9763 
2029 8.57992 
2030 8.2435 
2031 7.96479 
2032 7.73794 
2033 7.55341 
2034 7.3984 

Alternative 4 Fishing Mortality
     Rex 
Equil_Fabc 0.246587 
Year 
2021 0.000116495 
2022 0.000102988 
2023 9.71074e-05 
2024 0.0535205 
2025 0.0535205 
2026 0.0535205 
2027 0.0535205 
2028 0.0535205 
2029 0.0535205 
2030 0.0535205 
2031 0.0535205 
2032 0.0535205 
2033 0.0535205 
2034 0.0535205 

Alternative 4 Biomass
     Rex 

Year 
2021 24.5232 
2022 25.1152 
2023 25.3332 
2024 25.2931 
2025 24.0826 
2026 22.9313 
2027 21.9021 
2028 21.0093 
2029 20.2505 
2030 19.6415 
2031 19.1179 
2032 18.6813 
2033 18.2867 
2034 17.9725 

Alternative 4 Implied SPR rate 
     Rex 
Equil_Fabc 0.4 
Year 
2021 0.999276 
2022 0.99936 
2023 0.999396 
2024 0.75 
2025 0.75 
2026 0.75 
2027 0.75 
2028 0.75 
2029 0.75 
2030 0.75 
2031 0.75 
2032 0.75 
2033 0.75 
2034 0.75 

  Rex 
EquilAvgAgeF0  6.0966 
EquilAvgAgeFabc  3.63586 
AvgAgeYr2034 5.55267 
Alternative 5 Catch
     Rex 
Equil_Fabc 1.54552 
Year 
2021 0.0019 
2022 0.0019 
2023 0.0019 
2024  NA 
2025  NA 
2026  NA 
2027  NA 
2028  NA 
2029  NA 
2030  NA 
2031  NA 
2032  NA 
2033  NA 
2034  NA 

Alternative 5 ABCs
     Rex 

Year 
2021  NA 
2022  NA 
2023  NA 
2024  NA 
2025  NA 
2026  NA 
2027  NA 
2028  NA 
2029  NA 
2030  NA 
2031  NA 
2032  NA 
2033  NA 
2034  NA 

Alternative 5 TACs
     Rex 

Year 
2021  NA 
2022  NA 
2023  NA 
2024  NA 
2025  NA 
2026  NA 
2027  NA 
2028  NA 
2029  NA 
2030  NA 
2031  NA 
2032  NA 
2033  NA 
2034  NA 

Alternative 5 Sp_Biomass
     Rex 
Equil_Fabc 3.59924 
Year 
2021 8.79687 
2022 9.80703 
2023 10.5528 
2024 10.8995 
2025 10.9542 
2026 10.8593 
2027 10.7028 
2028 10.5237 
2029 10.3404 
2030 10.1662 
2031 10.0084 
2032 9.87034 
2033 9.74994 
2034 9.64066 

Alternative 5 Fishing Mortality
     Rex 
Equil_Fabc 0.246587 
Year 
2021 0.000116495 
2022 0.000102988 
2023 9.71074e-05 
2024  NA 
2025  NA 
2026  NA 
2027  NA 
2028  NA 
2029  NA 
2030  NA 
2031  NA 
2032  NA 
2033  NA 
2034  NA 

Alternative 5 Biomass
     Rex 

Year 
2021 24.5232 
2022 25.1152 
2023 25.3332 
2024 25.2931 
2025 25.0758 
2026 24.7475 
2027 24.3814 
2028 24.0121 
2029 23.6591 
2030 23.3593 
2031 23.0678 
2032 22.803 
2033 22.534 
2034 22.3103 

Alternative 5 Implied SPR rate 
     Rex 
Equil_Fabc 0.4 
Year 
2021 0.999276 
2022 0.99936 
2023 0.999396 
2024 1 
2025 1 
2026 1 
2027 1 
2028 1 
2029 1 
2030 1 
2031 1 
2032 1 
2033 1 
2034 1 

  Rex 
EquilAvgAgeF0  6.0966 
EquilAvgAgeFabc  3.63586 
AvgAgeYr2034 6.4577 
Alternative 6 Catch
     Rex 
Equil_Fabc 1.54552 
Year 
2021 0.0019 
2022 4.98816 
2023 4.08305 
2024 3.26846 
2025 2.65947 
2026 2.24893 
2027 1.97592 
2028 1.76422 
2029 1.62102 
2030 1.53794 
2031 1.49392 
2032 1.47435 
2033 1.46647 
2034 1.45784 

Alternative 6 ABCs
     Rex 

Year 
2021 4.42865 
2022 4.98816 
2023 4.08306 
2024 3.26846 
2025 2.65947 
2026 2.24893 
2027 1.97592 
2028 1.76422 
2029 1.62102 
2030 1.53794 
2031 1.49392 
2032 1.47435 
2033 1.46647 
2034 1.45784 

Alternative 6 TACs
     Rex 

Year 
2021  NA 
2022 4.98816 
2023 4.08306 
2024 3.26846 
2025 2.65947 
2026 2.24893 
2027 1.97592 
2028 1.76422 
2029 1.62102 
2030 1.53794 
2031 1.49392 
2032 1.47435 
2033 1.46647 
2034 1.45784 

Alternative 6 Sp_Biomass
     Rex 
Equil_Fabc 3.59924 
Year 
2021 8.79687 
2022 9.80703 
2023 8.30801 
2024 6.86255 
2025 5.67446 
2026 4.81899 
2027 4.24189 
2028 3.86116 
2029 3.62586 
2030 3.4911 
2031 3.4201 
2032 3.38666 
2033 3.37127 
2034 3.35756 

Alternative 6 Fishing Mortality
     Rex 
Equil_Fabc 0.246587 
Year 
2021 0.000116495 
2022 0.30933 
2023 0.30933 
2024 0.30933 
2025 0.30933 
2026 0.30933 
2027 0.308111 
2028 0.299296 
2029 0.290087 
2030 0.283931 
2031 0.28033 
2032 0.278459 
2033 0.277733 
2034 0.277244 

Alternative 6 Biomass
     Rex 

Year 
2021 24.5232 
2022 25.1152 
2023 20.4929 
2024 16.9974 
2025 14.5353 
2026 12.8646 
2027 11.7605 
2028 11.0429 
2029 10.614 
2030 10.403 
2031 10.2803 
2032 10.2114 
2033 10.1342 
2034 10.0849 

Alternative 6 Implied SPR rate 
     Rex 
Equil_Fabc 0.4 
Year 
2021 0.999276 
2022 0.35 
2023 0.35 
2024 0.35 
2025 0.35 
2026 0.35 
2027 0.350877 
2028 0.357573 
2029 0.364926 
2030 0.369949 
2031 0.372848 
2032 0.374351 
2033 0.374973 
2034 0.375422 

  Rex 
EquilAvgAgeF0  6.0966 
EquilAvgAgeFabc  3.63586 
AvgAgeYr2034 3.57961 
Alternative 7 Catch
     Rex 
Equil_Fabc 1.54552 
Year 
2021 0.0019 
2022 4.08394 
2023 3.52014 
2024 3.59678 
2025 2.87662 
2026 2.38917 
2027 2.06955 
2028 1.83337 
2029 1.66357 
2030 1.5615 
2031 1.50637 
2032 1.48044 
2033 1.46939 
2034 1.45918 

Alternative 7 ABCs
     Rex 

Year 
2021 4.42865 
2022 4.98816 
2023 4.29737 
2024 3.59678 
2025 2.87662 
2026 2.38917 
2027 2.06955 
2028 1.83337 
2029 1.66357 
2030 1.5615 
2031 1.50637 
2032 1.48044 
2033 1.46939 
2034 1.45918 

Alternative 7 TACs
     Rex 

Year 
2021  NA 
2022 4.98816 
2023 4.29737 
2024 3.59678 
2025 2.87662 
2026 2.38917 
2027 2.06955 
2028 1.83337 
2029 1.66357 
2030 1.5615 
2031 1.50637 
2032 1.48044 
2033 1.46939 
2034 1.45918 

Alternative 7 Sp_Biomass
     Rex 
Equil_Fabc 3.59924 
Year 
2021 8.79687 
2022 9.80703 
2023 8.71466 
2024 7.51292 
2025 6.11505 
2026 5.10798 
2027 4.42783 
2028 3.97735 
2029 3.6926 
2030 3.52728 
2031 3.43889 
2032 3.39597 
2033 3.37575 
2034 3.35963 

Alternative 7 Fishing Mortality
     Rex 
Equil_Fabc 0.246587 
Year 
2021 0.000116495 
2022 0.246587 
2023 0.246587 
2024 0.30933 
2025 0.30933 
2026 0.30933 
2027 0.30908 
2028 0.302621 
2029 0.292865 
2030 0.285646 
2031 0.281299 
2032 0.278932 
2033 0.277958 
2034 0.277343 

Alternative 7 Biomass
     Rex 

Year 
2021 24.5232 
2022 25.1152 
2023 21.3681 
2024 18.3288 
2025 15.4108 
2026 13.4303 
2027 12.1219 
2028 11.2677 
2029 10.7421 
2030 10.4719 
2031 10.3159 
2032 10.229 
2033 10.1427 
2034 10.0889 

Alternative 7 Implied SPR rate 
     Rex 
Equil_Fabc 0.4 
Year 
2021 0.999276 
2022 0.4 
2023 0.4 
2024 0.35 
2025 0.35 
2026 0.35 
2027 0.350179 
2028 0.355016 
2029 0.362699 
2030 0.368543 
2031 0.372049 
2032 0.373958 
2033 0.374786 
2034 0.375339 

  Rex 
EquilAvgAgeF0  6.0966 
EquilAvgAgeFabc  3.63586 
AvgAgeYr2034 3.58256 
