
SB0 SB40 SB35 MeanRec HarMeanRec Bnow
8.9981 3.59924 3.14934 17.57 13.8192 8.79687 
CV Recruit
0.52098 
Alternative 1 Alternative  Stock: Rex
Catch Rex
Year C0 Cabc Cofl LowCI_Catch Median_Catch Mean_Catch UpperCI_Catch Stdev_Catch 
2021  0 1.54552 1.6832 0.0019 0.0019 0.0019 0.0019 1.86483e-17 
2022  0 1.54552 1.6832 0.0019 0.0019 0.0019 0.0019 6.66483e-13 
2023  0 1.54552 1.6832 0.0019 0.0019 0.0019 0.0019 3.47699e-11 
2024  0 1.54552 1.6832 4.271 4.34471 4.35797 4.49156 0.0745379 
2025  0 1.54552 1.6832 3.26616 3.44239 3.46985 3.75323 0.163674 
2026  0 1.54552 1.6832 2.52719 2.78439 2.82324 3.2115 0.225906 
2027  0 1.54552 1.6832 2.03717 2.33755 2.37098 2.81662 0.251752 
2028  0 1.54552 1.6832 1.68688 2.02319 2.05668 2.5308 0.260367 
2029  0 1.54552 1.6832 1.44899 1.80829 1.83916 2.30187 0.265516 
2030  0 1.54552 1.6832 1.22843 1.66389 1.6859 2.15148 0.278326 
2031  0 1.54552 1.6832 1.08987 1.5615 1.57827 2.06507 0.289674 
2032  0 1.54552 1.6832 1.03194 1.49282 1.50727 2.00788 0.297316 
2033  0 1.54552 1.6832 0.979089 1.45918 1.45991 1.99024 0.303841 
2034  0 1.54552 1.6832 0.93364 1.43095 1.42676 1.92926 0.303178 

Spawning_Biomass Rex
Year SSB100 SSBabc SSBofl LowCI_SSB Median_SSB Mean_SSB UpperCI_SSB Stdev_SSB 
2021 8.9981 3.59924 3.14934 8.79687 8.79687 8.79687 8.79687 9.76996e-14 
2022 8.9981 3.59924 3.14934 9.79501 9.80478 9.80703 9.82681 0.0106185 
2023 8.9981 3.59924 3.14934 10.495 10.5444 10.5528 10.6403 0.0493173 
2024 8.9981 3.59924 3.14934 10.7096 10.8718 10.8995 11.1668 0.156443 
2025 8.9981 3.59924 3.14934 8.4357 8.80361 8.8544 9.43846 0.335211 
2026 8.9981 3.59924 3.14934 6.62788 7.20094 7.27394 8.1721 0.50201 
2027 8.9981 3.59924 3.14934 5.34803 6.05787 6.13133 7.17724 0.593754 
2028 8.9981 3.59924 3.14934 4.4297 5.24642 5.32693 6.46453 0.630984 
2029 8.9981 3.59924 3.14934 3.82373 4.68495 4.76725 5.89762 0.646496 
2030 8.9981 3.59924 3.14934 3.40317 4.31965 4.38454 5.54211 0.651309 
2031 8.9981 3.59924 3.14934 3.20626 4.05715 4.13088 5.25026 0.645279 
2032 8.9981 3.59924 3.14934 3.09681 3.8712 3.969 5.08864 0.635264 
2033 8.9981 3.59924 3.14934 3.03876 3.75834 3.86719 5.06388 0.628166 
2034 8.9981 3.59924 3.14934 2.94736 3.70647 3.7986 4.9459 0.614496 

Fishing_mortalityRex
Year F0 Fabc Fofl LowCI_F Median_F Mean_F UpperCI_F Stdev_F 
2021  0 0.246587 0.30933 0.000116495 0.000116495 0.000116495 0.000116495 7.45389e-19 
2022  0 0.246587 0.30933 0.000102941 0.000102993 0.000102988 0.000103016 2.49233e-08 
2023  0 0.246587 0.30933 9.65629e-05 9.71627e-05 9.71074e-05 9.74437e-05 2.93458e-07 
2024  0 0.246587 0.30933 0.246587 0.246587 0.246587 0.246587 5.38458e-15 
2025  0 0.246587 0.30933 0.246587 0.246587 0.246587 0.246587 5.38458e-15 
2026  0 0.246587 0.30933 0.246587 0.246587 0.246587 0.246587 5.38458e-15 
2027  0 0.246587 0.30933 0.246587 0.246587 0.246587 0.246587 5.38458e-15 
2028  0 0.246587 0.30933 0.246587 0.246587 0.246587 0.246587 5.38458e-15 
2029  0 0.246587 0.30933 0.246587 0.246587 0.246447 0.246587 0.00121314 
2030  0 0.246587 0.30933 0.232447 0.246587 0.244993 0.246587 0.0061932 
2031  0 0.246587 0.30933 0.218247 0.246587 0.242457 0.246587 0.0101961 
2032  0 0.246587 0.30933 0.210353 0.246587 0.239992 0.246587 0.0129001 
2033  0 0.246587 0.30933 0.206167 0.246587 0.237763 0.246587 0.0147893 
2034  0 0.246587 0.30933 0.199575 0.246587 0.236221 0.246587 0.0164139 

Total_BiomassRex
Year B100 Babc Bofl LowCI_Biom Median_Biom Mean_Biom UpperCI_Biom Stdev_Biom 
2021 42.4457 11.3144 10.4574 24.5232 24.5232 24.5232 24.5232 6.75016e-14 
2022 42.4457 11.3144 10.4574 24.482 24.9966 25.1152 26.1567 0.559126 
2023 42.4457 11.3144 10.4574 24.1082 25.1629 25.3332 27.0481 0.995248 
2024 42.4457 11.3144 10.4574 23.4606 25.0899 25.2931 27.7345 1.38332 
2025 42.4457 11.3144 10.4574 18.7241 20.7014 20.8924 23.8387 1.64132 
2026 42.4457 11.3144 10.4574 15.1702 17.4741 17.7055 20.8209 1.79388 
2027 42.4457 11.3144 10.4574 12.736 15.2628 15.463 18.699 1.8571 
2028 42.4457 11.3144 10.4574 11.1111 13.6831 13.9079 17.1467 1.88226 
2029 42.4457 11.3144 10.4574 10.0697 12.6141 12.8422 16.0248 1.88202 
2030 42.4457 11.3144 10.4574 9.4487 11.9082 12.1461 15.3921 1.88308 
2031 42.4457 11.3144 10.4574 8.98623 11.3914 11.6677 15.1432 1.891 
2032 42.4457 11.3144 10.4574 8.61207 11.1432 11.3507 14.8041 1.8568 
2033 42.4457 11.3144 10.4574 8.39366 10.9084 11.108 14.3781 1.82852 
2034 42.4457 11.3144 10.4574 8.3533 10.7039 10.9542 14.1716 1.80234 
Alternative 2 Alternative  Stock: Rex
Catch Rex
Year C0 Cabc Cofl LowCI_Catch Median_Catch Mean_Catch UpperCI_Catch Stdev_Catch 
2021  0 1.54552 1.6832 0.0019 0.0019 0.0019 0.0019 1.86483e-17 
2022  0 1.54552 1.6832 0.0019 0.0019 0.0019 0.0019 6.66483e-13 
2023  0 1.54552 1.6832 0.0019 0.0019 0.0019 0.0019 3.47699e-11 
2024  0 1.54552 1.6832 4.271 4.34471 4.35797 4.49156 0.0745379 
2025  0 1.54552 1.6832 3.26616 3.44239 3.46985 3.75323 0.163674 
2026  0 1.54552 1.6832 2.52719 2.78439 2.82324 3.2115 0.225906 
2027  0 1.54552 1.6832 2.03717 2.33755 2.37098 2.81662 0.251752 
2028  0 1.54552 1.6832 1.68688 2.02319 2.05668 2.5308 0.260367 
2029  0 1.54552 1.6832 1.44899 1.80829 1.83916 2.30187 0.265516 
2030  0 1.54552 1.6832 1.22843 1.66389 1.6859 2.15148 0.278326 
2031  0 1.54552 1.6832 1.08987 1.5615 1.57827 2.06507 0.289674 
2032  0 1.54552 1.6832 1.03194 1.49282 1.50727 2.00788 0.297316 
2033  0 1.54552 1.6832 0.979089 1.45918 1.45991 1.99024 0.303841 
2034  0 1.54552 1.6832 0.93364 1.43095 1.42676 1.92926 0.303178 

Spawning_Biomass Rex
Year SSB100 SSBabc SSBofl LowCI_SSB Median_SSB Mean_SSB UpperCI_SSB Stdev_SSB 
2021 8.9981 3.59924 3.14934 8.79687 8.79687 8.79687 8.79687 9.76996e-14 
2022 8.9981 3.59924 3.14934 9.79501 9.80478 9.80703 9.82681 0.0106185 
2023 8.9981 3.59924 3.14934 10.495 10.5444 10.5528 10.6403 0.0493173 
2024 8.9981 3.59924 3.14934 10.7096 10.8718 10.8995 11.1668 0.156443 
2025 8.9981 3.59924 3.14934 8.4357 8.80361 8.8544 9.43846 0.335211 
2026 8.9981 3.59924 3.14934 6.62788 7.20094 7.27394 8.1721 0.50201 
2027 8.9981 3.59924 3.14934 5.34803 6.05787 6.13133 7.17724 0.593754 
2028 8.9981 3.59924 3.14934 4.4297 5.24642 5.32693 6.46453 0.630984 
2029 8.9981 3.59924 3.14934 3.82373 4.68495 4.76725 5.89762 0.646496 
2030 8.9981 3.59924 3.14934 3.40317 4.31965 4.38454 5.54211 0.651309 
2031 8.9981 3.59924 3.14934 3.20626 4.05715 4.13088 5.25026 0.645279 
2032 8.9981 3.59924 3.14934 3.09681 3.8712 3.969 5.08864 0.635264 
2033 8.9981 3.59924 3.14934 3.03876 3.75834 3.86719 5.06388 0.628166 
2034 8.9981 3.59924 3.14934 2.94736 3.70647 3.7986 4.9459 0.614496 

Fishing_mortalityRex
Year F0 Fabc Fofl LowCI_F Median_F Mean_F UpperCI_F Stdev_F 
2021  0 0.246587 0.30933 0.000116495 0.000116495 0.000116495 0.000116495 7.45389e-19 
2022  0 0.246587 0.30933 0.000102941 0.000102993 0.000102988 0.000103016 2.49233e-08 
2023  0 0.246587 0.30933 9.65629e-05 9.71627e-05 9.71074e-05 9.74437e-05 2.93458e-07 
2024  0 0.246587 0.30933 0.246587 0.246587 0.246587 0.246587 5.38458e-15 
2025  0 0.246587 0.30933 0.246587 0.246587 0.246587 0.246587 5.38458e-15 
2026  0 0.246587 0.30933 0.246587 0.246587 0.246587 0.246587 5.38458e-15 
2027  0 0.246587 0.30933 0.246587 0.246587 0.246587 0.246587 5.38458e-15 
2028  0 0.246587 0.30933 0.246587 0.246587 0.246587 0.246587 5.38458e-15 
2029  0 0.246587 0.30933 0.246587 0.246587 0.246447 0.246587 0.00121314 
2030  0 0.246587 0.30933 0.232447 0.246587 0.244993 0.246587 0.0061932 
2031  0 0.246587 0.30933 0.218247 0.246587 0.242457 0.246587 0.0101961 
2032  0 0.246587 0.30933 0.210353 0.246587 0.239992 0.246587 0.0129001 
2033  0 0.246587 0.30933 0.206167 0.246587 0.237763 0.246587 0.0147893 
2034  0 0.246587 0.30933 0.199575 0.246587 0.236221 0.246587 0.0164139 

Total_BiomassRex
Year B100 Babc Bofl LowCI_Biom Median_Biom Mean_Biom UpperCI_Biom Stdev_Biom 
2021 42.4457 11.3144 10.4574 24.5232 24.5232 24.5232 24.5232 6.75016e-14 
2022 42.4457 11.3144 10.4574 24.482 24.9966 25.1152 26.1567 0.559126 
2023 42.4457 11.3144 10.4574 24.1082 25.1629 25.3332 27.0481 0.995248 
2024 42.4457 11.3144 10.4574 23.4606 25.0899 25.2931 27.7345 1.38332 
2025 42.4457 11.3144 10.4574 18.7241 20.7014 20.8924 23.8387 1.64132 
2026 42.4457 11.3144 10.4574 15.1702 17.4741 17.7055 20.8209 1.79388 
2027 42.4457 11.3144 10.4574 12.736 15.2628 15.463 18.699 1.8571 
2028 42.4457 11.3144 10.4574 11.1111 13.6831 13.9079 17.1467 1.88226 
2029 42.4457 11.3144 10.4574 10.0697 12.6141 12.8422 16.0248 1.88202 
2030 42.4457 11.3144 10.4574 9.4487 11.9082 12.1461 15.3921 1.88308 
2031 42.4457 11.3144 10.4574 8.98623 11.3914 11.6677 15.1432 1.891 
2032 42.4457 11.3144 10.4574 8.61207 11.1432 11.3507 14.8041 1.8568 
2033 42.4457 11.3144 10.4574 8.39366 10.9084 11.108 14.3781 1.82852 
2034 42.4457 11.3144 10.4574 8.3533 10.7039 10.9542 14.1716 1.80234 
Alternative 3 Alternative  Stock: Rex
Catch Rex
Year C0 Cabc Cofl LowCI_Catch Median_Catch Mean_Catch UpperCI_Catch Stdev_Catch 
2021  0 1.54552 1.6832 0.0019 0.0019 0.0019 0.0019 1.86483e-17 
2022  0 1.54552 1.6832 0.0019 0.0019 0.0019 0.0019 6.66483e-13 
2023  0 1.54552 1.6832 0.0019 0.0019 0.0019 0.0019 3.47699e-11 
2024  0 1.54552 1.6832 0 0 0 0 0 
2025  0 1.54552 1.6832 0 0 0 0 0 
2026  0 1.54552 1.6832 0 0 0 0 0 
2027  0 1.54552 1.6832 0 0 0 0 0 
2028  0 1.54552 1.6832 0 0 0 0 0 
2029  0 1.54552 1.6832 0 0 0 0 0 
2030  0 1.54552 1.6832 0 0 0 0 0 
2031  0 1.54552 1.6832 0 0 0 0 0 
2032  0 1.54552 1.6832 0 0 0 0 0 
2033  0 1.54552 1.6832 0 0 0 0 0 
2034  0 1.54552 1.6832 0 0 0 0 0 

Spawning_Biomass Rex
Year SSB100 SSBabc SSBofl LowCI_SSB Median_SSB Mean_SSB UpperCI_SSB Stdev_SSB 
2021 8.9981 3.59924 3.14934 8.79687 8.79687 8.79687 8.79687 9.76996e-14 
2022 8.9981 3.59924 3.14934 9.79501 9.80478 9.80703 9.82681 0.0106185 
2023 8.9981 3.59924 3.14934 10.495 10.5444 10.5528 10.6403 0.0493173 
2024 8.9981 3.59924 3.14934 10.7096 10.8718 10.8995 11.1668 0.156443 
2025 8.9981 3.59924 3.14934 10.5222 10.8998 10.9542 11.5572 0.345981 
2026 8.9981 3.59924 3.14934 10.1427 10.7853 10.8593 11.8674 0.559249 
2027 8.9981 3.59924 3.14934 9.74489 10.6075 10.7028 11.9818 0.735918 
2028 8.9981 3.59924 3.14934 9.34291 10.4177 10.5237 12.057 0.863636 
2029 8.9981 3.59924 3.14934 8.95512 10.2196 10.3404 12.0075 0.953938 
2030 8.9981 3.59924 3.14934 8.65435 10.0655 10.1662 11.9185 1.01721 
2031 8.9981 3.59924 3.14934 8.46049 9.92155 10.0084 11.8822 1.05981 
2032 8.9981 3.59924 3.14934 8.28831 9.76458 9.87034 11.7804 1.08842 
2033 8.9981 3.59924 3.14934 8.14753 9.63312 9.74994 11.7272 1.11105 
2034 8.9981 3.59924 3.14934 7.95361 9.5287 9.64066 11.6679 1.12662 

Fishing_mortalityRex
Year F0 Fabc Fofl LowCI_F Median_F Mean_F UpperCI_F Stdev_F 
2021  0 0.246587 0.30933 0.000116495 0.000116495 0.000116495 0.000116495 7.45389e-19 
2022  0 0.246587 0.30933 0.000102941 0.000102993 0.000102988 0.000103016 2.49233e-08 
2023  0 0.246587 0.30933 9.65629e-05 9.71627e-05 9.71074e-05 9.74437e-05 2.93458e-07 
2024  0 0.246587 0.30933 0 0 0 0 0 
2025  0 0.246587 0.30933 0 0 0 0 0 
2026  0 0.246587 0.30933 0 0 0 0 0 
2027  0 0.246587 0.30933 0 0 0 0 0 
2028  0 0.246587 0.30933 0 0 0 0 0 
2029  0 0.246587 0.30933 0 0 0 0 0 
2030  0 0.246587 0.30933 0 0 0 0 0 
2031  0 0.246587 0.30933 0 0 0 0 0 
2032  0 0.246587 0.30933 0 0 0 0 0 
2033  0 0.246587 0.30933 0 0 0 0 0 
2034  0 0.246587 0.30933 0 0 0 0 0 

Total_BiomassRex
Year B100 Babc Bofl LowCI_Biom Median_Biom Mean_Biom UpperCI_Biom Stdev_Biom 
2021 42.4457 11.3144 10.4574 24.5232 24.5232 24.5232 24.5232 6.75016e-14 
2022 42.4457 11.3144 10.4574 24.482 24.9966 25.1152 26.1567 0.559126 
2023 42.4457 11.3144 10.4574 24.1082 25.1629 25.3332 27.0481 0.995248 
2024 42.4457 11.3144 10.4574 23.4606 25.0899 25.2931 27.7345 1.38332 
2025 42.4457 11.3144 10.4574 22.8248 24.8872 25.0758 28.1132 1.70033 
2026 42.4457 11.3144 10.4574 21.9724 24.4844 24.7475 28.2171 1.96762 
2027 42.4457 11.3144 10.4574 21.2175 24.1309 24.3814 28.2073 2.16595 
2028 42.4457 11.3144 10.4574 20.6439 23.7938 24.0121 28.0879 2.31942 
2029 42.4457 11.3144 10.4574 20.0947 23.4563 23.6591 27.7924 2.41662 
2030 42.4457 11.3144 10.4574 19.7943 23.1298 23.3593 27.7831 2.48971 
2031 42.4457 11.3144 10.4574 19.3944 22.768 23.0678 27.6501 2.56484 
2032 42.4457 11.3144 10.4574 18.9608 22.5735 22.803 27.3577 2.59051 
2033 42.4457 11.3144 10.4574 18.6617 22.3222 22.534 27.2023 2.60561 
2034 42.4457 11.3144 10.4574 18.3344 22.14 22.3103 26.8715 2.61093 
Alternative 4 Alternative  Stock: Rex
Catch Rex
Year C0 Cabc Cofl LowCI_Catch Median_Catch Mean_Catch UpperCI_Catch Stdev_Catch 
2021  0 1.54552 1.6832 0.0019 0.0019 0.0019 0.0019 1.86483e-17 
2022  0 1.54552 1.6832 0.0019 0.0019 0.0019 0.0019 6.66483e-13 
2023  0 1.54552 1.6832 0.0019 0.0019 0.0019 0.0019 3.47699e-11 
2024  0 1.54552 1.6832 1.01272 1.02919 1.03229 1.06248 0.0168025 
2025  0 1.54552 1.6832 0.924743 0.967882 0.97464 1.04325 0.0403427 
2026  0 1.54552 1.6832 0.839969 0.909673 0.919054 1.02726 0.0609188 
2027  0 1.54552 1.6832 0.771572 0.860568 0.869952 0.999276 0.0737285 
2028  0 1.54552 1.6832 0.713447 0.817493 0.827033 0.972379 0.0810732 
2029  0 1.54552 1.6832 0.667554 0.78041 0.790128 0.9371 0.0857748 
2030  0 1.54552 1.6832 0.625704 0.74997 0.759306 0.914536 0.0887249 
2031  0 1.54552 1.6832 0.603039 0.723826 0.734149 0.889671 0.0901578 
2032  0 1.54552 1.6832 0.584497 0.70368 0.714038 0.871508 0.0910171 
2033  0 1.54552 1.6832 0.564746 0.685806 0.697789 0.866062 0.0921936 
2034  0 1.54552 1.6832 0.548198 0.672568 0.683757 0.855722 0.0924508 

Spawning_Biomass Rex
Year SSB100 SSBabc SSBofl LowCI_SSB Median_SSB Mean_SSB UpperCI_SSB Stdev_SSB 
2021 8.9981 3.59924 3.14934 8.79687 8.79687 8.79687 8.79687 9.76996e-14 
2022 8.9981 3.59924 3.14934 9.79501 9.80478 9.80703 9.82681 0.0106185 
2023 8.9981 3.59924 3.14934 10.495 10.5444 10.5528 10.6403 0.0493173 
2024 8.9981 3.59924 3.14934 10.7096 10.8718 10.8995 11.1668 0.156443 
2025 8.9981 3.59924 3.14934 10.0262 10.4022 10.4555 11.0539 0.343605 
2026 8.9981 3.59924 3.14934 9.23476 9.85949 9.93381 10.9323 0.545987 
2027 8.9981 3.59924 3.14934 8.51293 9.32847 9.43022 10.6517 0.700329 
2028 8.9981 3.59924 3.14934 7.87262 8.87682 8.9763 10.3998 0.80084 
2029 8.9981 3.59924 3.14934 7.32896 8.47455 8.57992 10.0524 0.865249 
2030 8.9981 3.59924 3.14934 6.89416 8.16236 8.2435 9.78111 0.905903 
2031 8.9981 3.59924 3.14934 6.5928 7.88658 7.96479 9.58383 0.929557 
2032 8.9981 3.59924 3.14934 6.37268 7.62611 7.73794 9.39246 0.943363 
2033 8.9981 3.59924 3.14934 6.14926 7.43189 7.55341 9.2699 0.954989 
2034 8.9981 3.59924 3.14934 5.98239 7.29484 7.3984 9.14144 0.961278 

Fishing_mortalityRex
Year F0 Fabc Fofl LowCI_F Median_F Mean_F UpperCI_F Stdev_F 
2021  0 0.246587 0.30933 0.000116495 0.000116495 0.000116495 0.000116495 7.45389e-19 
2022  0 0.246587 0.30933 0.000102941 0.000102993 0.000102988 0.000103016 2.49233e-08 
2023  0 0.246587 0.30933 9.65629e-05 9.71627e-05 9.71074e-05 9.74437e-05 2.93458e-07 
2024  0 0.246587 0.30933 0.0535205 0.0535205 0.0535205 0.0535205 7.63278e-16 
2025  0 0.246587 0.30933 0.0535205 0.0535205 0.0535205 0.0535205 7.63278e-16 
2026  0 0.246587 0.30933 0.0535205 0.0535205 0.0535205 0.0535205 7.63278e-16 
2027  0 0.246587 0.30933 0.0535205 0.0535205 0.0535205 0.0535205 7.63278e-16 
2028  0 0.246587 0.30933 0.0535205 0.0535205 0.0535205 0.0535205 7.63278e-16 
2029  0 0.246587 0.30933 0.0535205 0.0535205 0.0535205 0.0535205 7.63278e-16 
2030  0 0.246587 0.30933 0.0535205 0.0535205 0.0535205 0.0535205 7.63278e-16 
2031  0 0.246587 0.30933 0.0535205 0.0535205 0.0535205 0.0535205 7.63278e-16 
2032  0 0.246587 0.30933 0.0535205 0.0535205 0.0535205 0.0535205 7.63278e-16 
2033  0 0.246587 0.30933 0.0535205 0.0535205 0.0535205 0.0535205 7.63278e-16 
2034  0 0.246587 0.30933 0.0535205 0.0535205 0.0535205 0.0535205 7.63278e-16 

Total_BiomassRex
Year B100 Babc Bofl LowCI_Biom Median_Biom Mean_Biom UpperCI_Biom Stdev_Biom 
2021 42.4457 11.3144 10.4574 24.5232 24.5232 24.5232 24.5232 6.75016e-14 
2022 42.4457 11.3144 10.4574 24.482 24.9966 25.1152 26.1567 0.559126 
2023 42.4457 11.3144 10.4574 24.1082 25.1629 25.3332 27.0481 0.995248 
2024 42.4457 11.3144 10.4574 23.4606 25.0899 25.2931 27.7345 1.38332 
2025 42.4457 11.3144 10.4574 21.846 23.8923 24.0826 27.0967 1.6869 
2026 42.4457 11.3144 10.4574 20.2274 22.6912 22.9313 26.3026 1.9249 
2027 42.4457 11.3144 10.4574 18.8861 21.6563 21.9021 25.5155 2.08355 
2028 42.4457 11.3144 10.4574 17.7368 20.7883 21.0093 24.7877 2.19392 
2029 42.4457 11.3144 10.4574 16.8932 20.0601 20.2505 24.1 2.25286 
2030 42.4457 11.3144 10.4574 16.3592 19.4138 19.6415 23.6907 2.29393 
2031 42.4457 11.3144 10.4574 15.679 18.8208 19.1179 23.3123 2.3413 
2032 42.4457 11.3144 10.4574 15.1926 18.4654 18.6813 22.9051 2.34412 
2033 42.4457 11.3144 10.4574 14.8056 18.1141 18.2867 22.4935 2.34321 
2034 42.4457 11.3144 10.4574 14.4444 17.7371 17.9725 21.9799 2.33701 
Alternative 5 Alternative  Stock: Rex
Catch Rex
Year C0 Cabc Cofl LowCI_Catch Median_Catch Mean_Catch UpperCI_Catch Stdev_Catch 
2021  0 1.54552 1.6832 0.0019 0.0019 0.0019 0.0019 1.86483e-17 
2022  0 1.54552 1.6832 0.0019 0.0019 0.0019 0.0019 6.66483e-13 
2023  0 1.54552 1.6832 0.0019 0.0019 0.0019 0.0019 3.47699e-11 
2024  0 1.54552 1.6832 0 0 0 0 0 
2025  0 1.54552 1.6832 0 0 0 0 0 
2026  0 1.54552 1.6832 0 0 0 0 0 
2027  0 1.54552 1.6832 0 0 0 0 0 
2028  0 1.54552 1.6832 0 0 0 0 0 
2029  0 1.54552 1.6832 0 0 0 0 0 
2030  0 1.54552 1.6832 0 0 0 0 0 
2031  0 1.54552 1.6832 0 0 0 0 0 
2032  0 1.54552 1.6832 0 0 0 0 0 
2033  0 1.54552 1.6832 0 0 0 0 0 
2034  0 1.54552 1.6832 0 0 0 0 0 

Spawning_Biomass Rex
Year SSB100 SSBabc SSBofl LowCI_SSB Median_SSB Mean_SSB UpperCI_SSB Stdev_SSB 
2021 8.9981 3.59924 3.14934 8.79687 8.79687 8.79687 8.79687 9.76996e-14 
2022 8.9981 3.59924 3.14934 9.79501 9.80478 9.80703 9.82681 0.0106185 
2023 8.9981 3.59924 3.14934 10.495 10.5444 10.5528 10.6403 0.0493173 
2024 8.9981 3.59924 3.14934 10.7096 10.8718 10.8995 11.1668 0.156443 
2025 8.9981 3.59924 3.14934 10.5222 10.8998 10.9542 11.5572 0.345981 
2026 8.9981 3.59924 3.14934 10.1427 10.7853 10.8593 11.8674 0.559249 
2027 8.9981 3.59924 3.14934 9.74489 10.6075 10.7028 11.9818 0.735918 
2028 8.9981 3.59924 3.14934 9.34291 10.4177 10.5237 12.057 0.863636 
2029 8.9981 3.59924 3.14934 8.95512 10.2196 10.3404 12.0075 0.953938 
2030 8.9981 3.59924 3.14934 8.65435 10.0655 10.1662 11.9185 1.01721 
2031 8.9981 3.59924 3.14934 8.46049 9.92155 10.0084 11.8822 1.05981 
2032 8.9981 3.59924 3.14934 8.28831 9.76458 9.87034 11.7804 1.08842 
2033 8.9981 3.59924 3.14934 8.14753 9.63312 9.74994 11.7272 1.11105 
2034 8.9981 3.59924 3.14934 7.95361 9.5287 9.64066 11.6679 1.12662 

Fishing_mortalityRex
Year F0 Fabc Fofl LowCI_F Median_F Mean_F UpperCI_F Stdev_F 
2021  0 0.246587 0.30933 0.000116495 0.000116495 0.000116495 0.000116495 7.45389e-19 
2022  0 0.246587 0.30933 0.000102941 0.000102993 0.000102988 0.000103016 2.49233e-08 
2023  0 0.246587 0.30933 9.65629e-05 9.71627e-05 9.71074e-05 9.74437e-05 2.93458e-07 
2024  0 0.246587 0.30933 0 0 0 0 0 
2025  0 0.246587 0.30933 0 0 0 0 0 
2026  0 0.246587 0.30933 0 0 0 0 0 
2027  0 0.246587 0.30933 0 0 0 0 0 
2028  0 0.246587 0.30933 0 0 0 0 0 
2029  0 0.246587 0.30933 0 0 0 0 0 
2030  0 0.246587 0.30933 0 0 0 0 0 
2031  0 0.246587 0.30933 0 0 0 0 0 
2032  0 0.246587 0.30933 0 0 0 0 0 
2033  0 0.246587 0.30933 0 0 0 0 0 
2034  0 0.246587 0.30933 0 0 0 0 0 

Total_BiomassRex
Year B100 Babc Bofl LowCI_Biom Median_Biom Mean_Biom UpperCI_Biom Stdev_Biom 
2021 42.4457 11.3144 10.4574 24.5232 24.5232 24.5232 24.5232 6.75016e-14 
2022 42.4457 11.3144 10.4574 24.482 24.9966 25.1152 26.1567 0.559126 
2023 42.4457 11.3144 10.4574 24.1082 25.1629 25.3332 27.0481 0.995248 
2024 42.4457 11.3144 10.4574 23.4606 25.0899 25.2931 27.7345 1.38332 
2025 42.4457 11.3144 10.4574 22.8248 24.8872 25.0758 28.1132 1.70033 
2026 42.4457 11.3144 10.4574 21.9724 24.4844 24.7475 28.2171 1.96762 
2027 42.4457 11.3144 10.4574 21.2175 24.1309 24.3814 28.2073 2.16595 
2028 42.4457 11.3144 10.4574 20.6439 23.7938 24.0121 28.0879 2.31942 
2029 42.4457 11.3144 10.4574 20.0947 23.4563 23.6591 27.7924 2.41662 
2030 42.4457 11.3144 10.4574 19.7943 23.1298 23.3593 27.7831 2.48971 
2031 42.4457 11.3144 10.4574 19.3944 22.768 23.0678 27.6501 2.56484 
2032 42.4457 11.3144 10.4574 18.9608 22.5735 22.803 27.3577 2.59051 
2033 42.4457 11.3144 10.4574 18.6617 22.3222 22.534 27.2023 2.60561 
2034 42.4457 11.3144 10.4574 18.3344 22.14 22.3103 26.8715 2.61093 
Alternative 6 Alternative  Stock: Rex
Catch Rex
Year C0 Cabc Cofl LowCI_Catch Median_Catch Mean_Catch UpperCI_Catch Stdev_Catch 
2021  0 1.54552 1.6832 0.0019 0.0019 0.0019 0.0019 1.86483e-17 
2022  0 1.54552 1.6832 4.98659 4.98786 4.98816 4.99073 0.00137972 
2023  0 1.54552 1.6832 4.06245 4.07963 4.08305 4.11645 0.0180801 
2024  0 1.54552 1.6832 3.1636 3.2527 3.26846 3.42853 0.0896277 
2025  0 1.54552 1.6832 2.41879 2.62561 2.65947 2.99604 0.193023 
2026  0 1.54552 1.6832 1.90587 2.20236 2.24893 2.69962 0.262101 
2027  0 1.54552 1.6832 1.55474 1.94085 1.97592 2.49858 0.296278 
2028  0 1.54552 1.6832 1.19654 1.76624 1.76422 2.33713 0.345656 
2029  0 1.54552 1.6832 1.02682 1.62989 1.62102 2.21222 0.366648 
2030  0 1.54552 1.6832 0.960779 1.51899 1.53794 2.14022 0.367727 
2031  0 1.54552 1.6832 0.942473 1.46656 1.49392 2.09795 0.361407 
2032  0 1.54552 1.6832 0.950304 1.43333 1.47435 2.07717 0.359067 
2033  0 1.54552 1.6832 0.942593 1.43166 1.46647 2.08872 0.359336 
2034  0 1.54552 1.6832 0.912601 1.42543 1.45784 2.04211 0.353647 

Spawning_Biomass Rex
Year SSB100 SSBabc SSBofl LowCI_SSB Median_SSB Mean_SSB UpperCI_SSB Stdev_SSB 
2021 8.9981 3.59924 3.14934 8.79687 8.79687 8.79687 8.79687 9.76996e-14 
2022 8.9981 3.59924 3.14934 9.79501 9.80478 9.80703 9.82681 0.0106185 
2023 8.9981 3.59924 3.14934 8.25025 8.29958 8.30801 8.39541 0.0492638 
2024 8.9981 3.59924 3.14934 6.67419 6.83492 6.86255 7.12696 0.154944 
2025 8.9981 3.59924 3.14934 5.2627 5.62518 5.67446 6.25285 0.329739 
2026 8.9981 3.59924 3.14934 4.19019 4.74965 4.81899 5.689 0.485905 
2027 8.9981 3.59924 3.14934 3.50057 4.17057 4.24189 5.24713 0.563297 
2028 8.9981 3.59924 3.14934 3.05079 3.79282 3.86116 4.90653 0.585414 
2029 8.9981 3.59924 3.14934 2.83081 3.54459 3.62586 4.65351 0.573503 
2030 8.9981 3.59924 3.14934 2.71054 3.4133 3.4911 4.49956 0.551081 
2031 8.9981 3.59924 3.14934 2.68565 3.34154 3.4201 4.41421 0.530253 
2032 8.9981 3.59924 3.14934 2.69609 3.28881 3.38666 4.32711 0.518122 
2033 8.9981 3.59924 3.14934 2.6881 3.29107 3.37127 4.37363 0.514906 
2034 8.9981 3.59924 3.14934 2.64999 3.28133 3.35756 4.29646 0.505898 

Fishing_mortalityRex
Year F0 Fabc Fofl LowCI_F Median_F Mean_F UpperCI_F Stdev_F 
2021  0 0.246587 0.30933 0.000116495 0.000116495 0.000116495 0.000116495 7.45389e-19 
2022  0 0.246587 0.30933 0.30933 0.30933 0.30933 0.30933 1.46556e-10 
2023  0 0.246587 0.30933 0.30933 0.30933 0.30933 0.30933 1.72863e-09 
2024  0 0.246587 0.30933 0.30933 0.30933 0.30933 0.30933 5.60663e-15 
2025  0 0.246587 0.30933 0.30933 0.30933 0.30933 0.30933 5.60663e-15 
2026  0 0.246587 0.30933 0.30933 0.30933 0.30933 0.30933 5.60663e-15 
2027  0 0.246587 0.30933 0.300404 0.30933 0.308111 0.30933 0.00487227 
2028  0 0.246587 0.30933 0.259714 0.30933 0.299296 0.30933 0.0174449 
2029  0 0.246587 0.30933 0.239813 0.304386 0.290087 0.30933 0.0246793 
2030  0 0.246587 0.30933 0.228933 0.292509 0.283931 0.30933 0.0277272 
2031  0 0.246587 0.30933 0.226681 0.286017 0.28033 0.30933 0.0284521 
2032  0 0.246587 0.30933 0.227625 0.281246 0.278459 0.30933 0.028642 
2033  0 0.246587 0.30933 0.226903 0.281451 0.277733 0.30933 0.0289639 
2034  0 0.246587 0.30933 0.223454 0.28057 0.277244 0.30933 0.0293612 

Total_BiomassRex
Year B100 Babc Bofl LowCI_Biom Median_Biom Mean_Biom UpperCI_Biom Stdev_Biom 
2021 42.4457 11.3144 10.4574 24.5232 24.5232 24.5232 24.5232 6.75016e-14 
2022 42.4457 11.3144 10.4574 24.482 24.9966 25.1152 26.1567 0.559126 
2023 42.4457 11.3144 10.4574 19.2699 20.3228 20.4929 22.2035 0.993689 
2024 42.4457 11.3144 10.4574 15.1864 16.8001 16.9974 19.4056 1.36525 
2025 42.4457 11.3144 10.4574 12.4096 14.3354 14.5353 17.4165 1.6136 
2026 42.4457 11.3144 10.4574 10.376 12.6443 12.8646 15.9824 1.74983 
2027 42.4457 11.3144 10.4574 9.1238 11.5633 11.7605 14.8197 1.79785 
2028 42.4457 11.3144 10.4574 8.34809 10.8589 11.0429 14.18 1.8065 
2029 42.4457 11.3144 10.4574 8.01793 10.4247 10.614 13.629 1.77202 
2030 42.4457 11.3144 10.4574 7.94294 10.1544 10.403 13.4567 1.74212 
2031 42.4457 11.3144 10.4574 7.88077 10.0241 10.2803 13.4938 1.73336 
2032 42.4457 11.3144 10.4574 7.76293 10.051 10.2114 13.3116 1.69703 
2033 42.4457 11.3144 10.4574 7.64753 9.93766 10.1342 13.1546 1.67535 
2034 42.4457 11.3144 10.4574 7.68825 9.86943 10.0849 13.0305 1.65962 
Alternative 7 Alternative  Stock: Rex
Catch Rex
Year C0 Cabc Cofl LowCI_Catch Median_Catch Mean_Catch UpperCI_Catch Stdev_Catch 
2021  0 1.54552 1.6832 0.0019 0.0019 0.0019 0.0019 1.86483e-17 
2022  0 1.54552 1.6832 4.0827 4.08371 4.08394 4.08599 0.00110017 
2023  0 1.54552 1.6832 3.50366 3.5174 3.52014 3.54686 0.0144634 
2024  0 1.54552 1.6832 3.49131 3.58105 3.59678 3.75791 0.090177 
2025  0 1.54552 1.6832 2.63492 2.84285 2.87662 3.21549 0.193876 
2026  0 1.54552 1.6832 2.04537 2.34296 2.38917 2.84175 0.26271 
2027  0 1.54552 1.6832 1.68519 2.03016 2.06955 2.58788 0.289915 
2028  0 1.54552 1.6832 1.27077 1.82289 1.83337 2.39478 0.334029 
2029  0 1.54552 1.6832 1.06406 1.68583 1.66357 2.24764 0.363614 
2030  0 1.54552 1.6832 0.977132 1.54987 1.5615 2.15781 0.36811 
2031  0 1.54552 1.6832 0.951212 1.47936 1.50637 2.11169 0.362417 
2032  0 1.54552 1.6832 0.954173 1.43754 1.48044 2.08139 0.359817 
2033  0 1.54552 1.6832 0.943028 1.43367 1.46939 2.09429 0.35981 
2034  0 1.54552 1.6832 0.913119 1.42592 1.45918 2.04544 0.353923 

Spawning_Biomass Rex
Year SSB100 SSBabc SSBofl LowCI_SSB Median_SSB Mean_SSB UpperCI_SSB Stdev_SSB 
2021 8.9981 3.59924 3.14934 8.79687 8.79687 8.79687 8.79687 9.76996e-14 
2022 8.9981 3.59924 3.14934 9.79501 9.80478 9.80703 9.82681 0.0106185 
2023 8.9981 3.59924 3.14934 8.65689 8.70623 8.71466 8.80208 0.0492746 
2024 8.9981 3.59924 3.14934 7.32425 7.48529 7.51292 7.77792 0.155247 
2025 8.9981 3.59924 3.14934 5.70257 6.06582 6.11505 6.69458 0.330305 
2026 8.9981 3.59924 3.14934 4.47827 5.03792 5.10798 5.97969 0.486516 
2027 8.9981 3.59924 3.14934 3.68602 4.35687 4.42783 5.43353 0.563704 
2028 8.9981 3.59924 3.14934 3.1437 3.91053 3.97735 5.02455 0.588578 
2029 8.9981 3.59924 3.14934 2.87729 3.61221 3.6926 4.72798 0.581063 
2030 8.9981 3.59924 3.14934 2.73658 3.44491 3.52728 4.5468 0.558341 
2031 8.9981 3.59924 3.14934 2.69622 3.35678 3.43889 4.44348 0.535438 
2032 8.9981 3.59924 3.14934 2.7022 3.30076 3.39597 4.34541 0.521336 
2033 8.9981 3.59924 3.14934 2.68879 3.29264 3.37575 4.38497 0.516731 
2034 8.9981 3.59924 3.14934 2.65164 3.28123 3.35963 4.29789 0.506887 

Fishing_mortalityRex
Year F0 Fabc Fofl LowCI_F Median_F Mean_F UpperCI_F Stdev_F 
2021  0 0.246587 0.30933 0.000116495 0.000116495 0.000116495 0.000116495 7.45389e-19 
2022  0 0.246587 0.30933 0.246587 0.246587 0.246587 0.246587 3.93539e-11 
2023  0 0.246587 0.30933 0.246587 0.246587 0.246587 0.246587 4.54807e-08 
2024  0 0.246587 0.30933 0.30933 0.30933 0.30933 0.30933 5.60663e-15 
2025  0 0.246587 0.30933 0.30933 0.30933 0.30933 0.30933 5.60663e-15 
2026  0 0.246587 0.30933 0.30933 0.30933 0.30933 0.30933 5.60663e-15 
2027  0 0.246587 0.30933 0.30933 0.30933 0.30908 0.30933 0.00209339 
2028  0 0.246587 0.30933 0.268119 0.30933 0.302621 0.30933 0.0141659 
2029  0 0.246587 0.30933 0.244018 0.30933 0.292865 0.30933 0.0230455 
2030  0 0.246587 0.30933 0.231288 0.295369 0.285646 0.30933 0.0269953 
2031  0 0.246587 0.30933 0.227637 0.287396 0.281299 0.30933 0.0281585 
2032  0 0.246587 0.30933 0.228178 0.282328 0.278932 0.30933 0.0285012 
2033  0 0.246587 0.30933 0.226965 0.281593 0.277958 0.30933 0.0289061 
2034  0 0.246587 0.30933 0.223604 0.280561 0.277343 0.30933 0.0293365 

Total_BiomassRex
Year B100 Babc Bofl LowCI_Biom Median_Biom Mean_Biom UpperCI_Biom Stdev_Biom 
2021 42.4457 11.3144 10.4574 24.5232 24.5232 24.5232 24.5232 6.75016e-14 
2022 42.4457 11.3144 10.4574 24.482 24.9966 25.1152 26.1567 0.559126 
2023 42.4457 11.3144 10.4574 20.1447 21.1979 21.3681 23.0796 0.994005 
2024 42.4457 11.3144 10.4574 16.5135 18.1303 18.3288 20.7446 1.36885 
2025 42.4457 11.3144 10.4574 13.2808 15.2112 15.4108 18.2998 1.61635 
2026 42.4457 11.3144 10.4574 10.94 13.212 13.4303 16.5464 1.75144 
2027 42.4457 11.3144 10.4574 9.48398 11.9242 12.1219 15.1832 1.79863 
2028 42.4457 11.3144 10.4574 8.52901 11.0868 11.2677 14.4072 1.81109 
2029 42.4457 11.3144 10.4574 8.11747 10.5454 10.7421 13.7721 1.78185 
2030 42.4457 11.3144 10.4574 7.99292 10.2174 10.4719 13.5375 1.75057 
2031 42.4457 11.3144 10.4574 7.91733 10.0509 10.3159 13.5502 1.7388 
2032 42.4457 11.3144 10.4574 7.77343 10.0612 10.229 13.3466 1.70026 
2033 42.4457 11.3144 10.4574 7.65645 9.94906 10.1427 13.1651 1.67697 
2034 42.4457 11.3144 10.4574 7.69332 9.87365 10.0889 13.0352 1.6604 
