Rex 1 2021 Cabc 1.54552
Rex 1 2021 Cofl 1.6832
Rex 1 2021 CLCI 0.0019
Rex 1 2021 CUCI 0.0019
Rex 1 2021 CMedian 0.0019
Rex 1 2021 CMean 0.0019
Rex 1 2021 CStdn 1.86483e-17
Rex 1 2022 Cabc 1.54552
Rex 1 2022 Cofl 1.6832
Rex 1 2022 CLCI 0.0019
Rex 1 2022 CUCI 0.0019
Rex 1 2022 CMedian 0.0019
Rex 1 2022 CMean 0.0019
Rex 1 2022 CStdn 6.66483e-13
Rex 1 2023 Cabc 1.54552
Rex 1 2023 Cofl 1.6832
Rex 1 2023 CLCI 0.0019
Rex 1 2023 CUCI 0.0019
Rex 1 2023 CMedian 0.0019
Rex 1 2023 CMean 0.0019
Rex 1 2023 CStdn 3.47699e-11
Rex 1 2024 Cabc 1.54552
Rex 1 2024 Cofl 1.6832
Rex 1 2024 CLCI 4.271
Rex 1 2024 CUCI 4.49156
Rex 1 2024 CMedian 4.34471
Rex 1 2024 CMean 4.35797
Rex 1 2024 CStdn 0.0745379
Rex 1 2025 Cabc 1.54552
Rex 1 2025 Cofl 1.6832
Rex 1 2025 CLCI 3.26616
Rex 1 2025 CUCI 3.75323
Rex 1 2025 CMedian 3.44239
Rex 1 2025 CMean 3.46985
Rex 1 2025 CStdn 0.163674
Rex 1 2026 Cabc 1.54552
Rex 1 2026 Cofl 1.6832
Rex 1 2026 CLCI 2.52719
Rex 1 2026 CUCI 3.2115
Rex 1 2026 CMedian 2.78439
Rex 1 2026 CMean 2.82324
Rex 1 2026 CStdn 0.225906
Rex 1 2027 Cabc 1.54552
Rex 1 2027 Cofl 1.6832
Rex 1 2027 CLCI 2.03717
Rex 1 2027 CUCI 2.81662
Rex 1 2027 CMedian 2.33755
Rex 1 2027 CMean 2.37098
Rex 1 2027 CStdn 0.251752
Rex 1 2028 Cabc 1.54552
Rex 1 2028 Cofl 1.6832
Rex 1 2028 CLCI 1.68688
Rex 1 2028 CUCI 2.5308
Rex 1 2028 CMedian 2.02319
Rex 1 2028 CMean 2.05668
Rex 1 2028 CStdn 0.260367
Rex 1 2029 Cabc 1.54552
Rex 1 2029 Cofl 1.6832
Rex 1 2029 CLCI 1.44899
Rex 1 2029 CUCI 2.30187
Rex 1 2029 CMedian 1.80829
Rex 1 2029 CMean 1.83916
Rex 1 2029 CStdn 0.265516
Rex 1 2030 Cabc 1.54552
Rex 1 2030 Cofl 1.6832
Rex 1 2030 CLCI 1.22843
Rex 1 2030 CUCI 2.15148
Rex 1 2030 CMedian 1.66389
Rex 1 2030 CMean 1.6859
Rex 1 2030 CStdn 0.278326
Rex 1 2031 Cabc 1.54552
Rex 1 2031 Cofl 1.6832
Rex 1 2031 CLCI 1.08987
Rex 1 2031 CUCI 2.06507
Rex 1 2031 CMedian 1.5615
Rex 1 2031 CMean 1.57827
Rex 1 2031 CStdn 0.289674
Rex 1 2032 Cabc 1.54552
Rex 1 2032 Cofl 1.6832
Rex 1 2032 CLCI 1.03194
Rex 1 2032 CUCI 2.00788
Rex 1 2032 CMedian 1.49282
Rex 1 2032 CMean 1.50727
Rex 1 2032 CStdn 0.297316
Rex 1 2033 Cabc 1.54552
Rex 1 2033 Cofl 1.6832
Rex 1 2033 CLCI 0.979089
Rex 1 2033 CUCI 1.99024
Rex 1 2033 CMedian 1.45918
Rex 1 2033 CMean 1.45991
Rex 1 2033 CStdn 0.303841
Rex 1 2034 Cabc 1.54552
Rex 1 2034 Cofl 1.6832
Rex 1 2034 CLCI 0.93364
Rex 1 2034 CUCI 1.92926
Rex 1 2034 CMedian 1.43095
Rex 1 2034 CMean 1.42676
Rex 1 2034 CStdn 0.303178
Rex 1 2021 SSBF100 8.9981
Rex 1 2021 SSBFabc 3.59924
Rex 1 2021 SSBFofl 3.14934
Rex 1 2021 SSBLCI 8.79687
Rex 1 2021 SSBUCI 8.79687
Rex 1 2021 SSBMedian 8.79687
Rex 1 2021 SSBMean 8.79687
Rex 1 2022 SSBF100 8.9981
Rex 1 2022 SSBFabc 3.59924
Rex 1 2022 SSBFofl 3.14934
Rex 1 2022 SSBLCI 9.79501
Rex 1 2022 SSBUCI 9.82681
Rex 1 2022 SSBMedian 9.80478
Rex 1 2022 SSBMean 9.80703
Rex 1 2023 SSBF100 8.9981
Rex 1 2023 SSBFabc 3.59924
Rex 1 2023 SSBFofl 3.14934
Rex 1 2023 SSBLCI 10.495
Rex 1 2023 SSBUCI 10.6403
Rex 1 2023 SSBMedian 10.5444
Rex 1 2023 SSBMean 10.5528
Rex 1 2024 SSBF100 8.9981
Rex 1 2024 SSBFabc 3.59924
Rex 1 2024 SSBFofl 3.14934
Rex 1 2024 SSBLCI 10.7096
Rex 1 2024 SSBUCI 11.1668
Rex 1 2024 SSBMedian 10.8718
Rex 1 2024 SSBMean 10.8995
Rex 1 2025 SSBF100 8.9981
Rex 1 2025 SSBFabc 3.59924
Rex 1 2025 SSBFofl 3.14934
Rex 1 2025 SSBLCI 8.4357
Rex 1 2025 SSBUCI 9.43846
Rex 1 2025 SSBMedian 8.80361
Rex 1 2025 SSBMean 8.8544
Rex 1 2026 SSBF100 8.9981
Rex 1 2026 SSBFabc 3.59924
Rex 1 2026 SSBFofl 3.14934
Rex 1 2026 SSBLCI 6.62788
Rex 1 2026 SSBUCI 8.1721
Rex 1 2026 SSBMedian 7.20094
Rex 1 2026 SSBMean 7.27394
Rex 1 2027 SSBF100 8.9981
Rex 1 2027 SSBFabc 3.59924
Rex 1 2027 SSBFofl 3.14934
Rex 1 2027 SSBLCI 5.34803
Rex 1 2027 SSBUCI 7.17724
Rex 1 2027 SSBMedian 6.05787
Rex 1 2027 SSBMean 6.13133
Rex 1 2028 SSBF100 8.9981
Rex 1 2028 SSBFabc 3.59924
Rex 1 2028 SSBFofl 3.14934
Rex 1 2028 SSBLCI 4.4297
Rex 1 2028 SSBUCI 6.46453
Rex 1 2028 SSBMedian 5.24642
Rex 1 2028 SSBMean 5.32693
Rex 1 2029 SSBF100 8.9981
Rex 1 2029 SSBFabc 3.59924
Rex 1 2029 SSBFofl 3.14934
Rex 1 2029 SSBLCI 3.82373
Rex 1 2029 SSBUCI 5.89762
Rex 1 2029 SSBMedian 4.68495
Rex 1 2029 SSBMean 4.76725
Rex 1 2030 SSBF100 8.9981
Rex 1 2030 SSBFabc 3.59924
Rex 1 2030 SSBFofl 3.14934
Rex 1 2030 SSBLCI 3.40317
Rex 1 2030 SSBUCI 5.54211
Rex 1 2030 SSBMedian 4.31965
Rex 1 2030 SSBMean 4.38454
Rex 1 2031 SSBF100 8.9981
Rex 1 2031 SSBFabc 3.59924
Rex 1 2031 SSBFofl 3.14934
Rex 1 2031 SSBLCI 3.20626
Rex 1 2031 SSBUCI 5.25026
Rex 1 2031 SSBMedian 4.05715
Rex 1 2031 SSBMean 4.13088
Rex 1 2032 SSBF100 8.9981
Rex 1 2032 SSBFabc 3.59924
Rex 1 2032 SSBFofl 3.14934
Rex 1 2032 SSBLCI 3.09681
Rex 1 2032 SSBUCI 5.08864
Rex 1 2032 SSBMedian 3.8712
Rex 1 2032 SSBMean 3.969
Rex 1 2033 SSBF100 8.9981
Rex 1 2033 SSBFabc 3.59924
Rex 1 2033 SSBFofl 3.14934
Rex 1 2033 SSBLCI 3.03876
Rex 1 2033 SSBUCI 5.06388
Rex 1 2033 SSBMedian 3.75834
Rex 1 2033 SSBMean 3.86719
Rex 1 2034 SSBF100 8.9981
Rex 1 2034 SSBFabc 3.59924
Rex 1 2034 SSBFofl 3.14934
Rex 1 2034 SSBLCI 2.94736
Rex 1 2034 SSBUCI 4.9459
Rex 1 2034 SSBMedian 3.70647
Rex 1 2034 SSBMean 3.7986
Rex 1 2021 F0 0 
Rex 1 2021 Fabc 0.246587
Rex 1 2021 Fofl 0.30933
Rex 1 2021  F_LCI 0.000116495
Rex 1 2021  F_UCI 0.000116495
Rex 1 2021  F_Median 0.000116495
Rex 1 2021  F_Mean 0.000116495
Rex 1 2022 F0 0 
Rex 1 2022 Fabc 0.246587
Rex 1 2022 Fofl 0.30933
Rex 1 2022  F_LCI 0.000102941
Rex 1 2022  F_UCI 0.000103016
Rex 1 2022  F_Median 0.000102993
Rex 1 2022  F_Mean 0.000102988
Rex 1 2023 F0 0 
Rex 1 2023 Fabc 0.246587
Rex 1 2023 Fofl 0.30933
Rex 1 2023  F_LCI 9.65629e-05
Rex 1 2023  F_UCI 9.74437e-05
Rex 1 2023  F_Median 9.71627e-05
Rex 1 2023  F_Mean 9.71074e-05
Rex 1 2024 F0 0 
Rex 1 2024 Fabc 0.246587
Rex 1 2024 Fofl 0.30933
Rex 1 2024  F_LCI 0.246587
Rex 1 2024  F_UCI 0.246587
Rex 1 2024  F_Median 0.246587
Rex 1 2024  F_Mean 0.246587
Rex 1 2025 F0 0 
Rex 1 2025 Fabc 0.246587
Rex 1 2025 Fofl 0.30933
Rex 1 2025  F_LCI 0.246587
Rex 1 2025  F_UCI 0.246587
Rex 1 2025  F_Median 0.246587
Rex 1 2025  F_Mean 0.246587
Rex 1 2026 F0 0 
Rex 1 2026 Fabc 0.246587
Rex 1 2026 Fofl 0.30933
Rex 1 2026  F_LCI 0.246587
Rex 1 2026  F_UCI 0.246587
Rex 1 2026  F_Median 0.246587
Rex 1 2026  F_Mean 0.246587
Rex 1 2027 F0 0 
Rex 1 2027 Fabc 0.246587
Rex 1 2027 Fofl 0.30933
Rex 1 2027  F_LCI 0.246587
Rex 1 2027  F_UCI 0.246587
Rex 1 2027  F_Median 0.246587
Rex 1 2027  F_Mean 0.246587
Rex 1 2028 F0 0 
Rex 1 2028 Fabc 0.246587
Rex 1 2028 Fofl 0.30933
Rex 1 2028  F_LCI 0.246587
Rex 1 2028  F_UCI 0.246587
Rex 1 2028  F_Median 0.246587
Rex 1 2028  F_Mean 0.246587
Rex 1 2029 F0 0 
Rex 1 2029 Fabc 0.246587
Rex 1 2029 Fofl 0.30933
Rex 1 2029  F_LCI 0.246587
Rex 1 2029  F_UCI 0.246587
Rex 1 2029  F_Median 0.246587
Rex 1 2029  F_Mean 0.246447
Rex 1 2030 F0 0 
Rex 1 2030 Fabc 0.246587
Rex 1 2030 Fofl 0.30933
Rex 1 2030  F_LCI 0.232447
Rex 1 2030  F_UCI 0.246587
Rex 1 2030  F_Median 0.246587
Rex 1 2030  F_Mean 0.244993
Rex 1 2031 F0 0 
Rex 1 2031 Fabc 0.246587
Rex 1 2031 Fofl 0.30933
Rex 1 2031  F_LCI 0.218247
Rex 1 2031  F_UCI 0.246587
Rex 1 2031  F_Median 0.246587
Rex 1 2031  F_Mean 0.242457
Rex 1 2032 F0 0 
Rex 1 2032 Fabc 0.246587
Rex 1 2032 Fofl 0.30933
Rex 1 2032  F_LCI 0.210353
Rex 1 2032  F_UCI 0.246587
Rex 1 2032  F_Median 0.246587
Rex 1 2032  F_Mean 0.239992
Rex 1 2033 F0 0 
Rex 1 2033 Fabc 0.246587
Rex 1 2033 Fofl 0.30933
Rex 1 2033  F_LCI 0.206167
Rex 1 2033  F_UCI 0.246587
Rex 1 2033  F_Median 0.246587
Rex 1 2033  F_Mean 0.237763
Rex 1 2034 F0 0 
Rex 1 2034 Fabc 0.246587
Rex 1 2034 Fofl 0.30933
Rex 1 2034  F_LCI 0.199575
Rex 1 2034  F_UCI 0.246587
Rex 1 2034  F_Median 0.246587
Rex 1 2034  F_Mean 0.236221
Rex 2 2021 Cabc 1.54552
Rex 2 2021 Cofl 1.6832
Rex 2 2021 CLCI 0.0019
Rex 2 2021 CUCI 0.0019
Rex 2 2021 CMedian 0.0019
Rex 2 2021 CMean 0.0019
Rex 2 2021 CStdn 1.86483e-17
Rex 2 2022 Cabc 1.54552
Rex 2 2022 Cofl 1.6832
Rex 2 2022 CLCI 0.0019
Rex 2 2022 CUCI 0.0019
Rex 2 2022 CMedian 0.0019
Rex 2 2022 CMean 0.0019
Rex 2 2022 CStdn 6.66483e-13
Rex 2 2023 Cabc 1.54552
Rex 2 2023 Cofl 1.6832
Rex 2 2023 CLCI 0.0019
Rex 2 2023 CUCI 0.0019
Rex 2 2023 CMedian 0.0019
Rex 2 2023 CMean 0.0019
Rex 2 2023 CStdn 3.47699e-11
Rex 2 2024 Cabc 1.54552
Rex 2 2024 Cofl 1.6832
Rex 2 2024 CLCI 4.271
Rex 2 2024 CUCI 4.49156
Rex 2 2024 CMedian 4.34471
Rex 2 2024 CMean 4.35797
Rex 2 2024 CStdn 0.0745379
Rex 2 2025 Cabc 1.54552
Rex 2 2025 Cofl 1.6832
Rex 2 2025 CLCI 3.26616
Rex 2 2025 CUCI 3.75323
Rex 2 2025 CMedian 3.44239
Rex 2 2025 CMean 3.46985
Rex 2 2025 CStdn 0.163674
Rex 2 2026 Cabc 1.54552
Rex 2 2026 Cofl 1.6832
Rex 2 2026 CLCI 2.52719
Rex 2 2026 CUCI 3.2115
Rex 2 2026 CMedian 2.78439
Rex 2 2026 CMean 2.82324
Rex 2 2026 CStdn 0.225906
Rex 2 2027 Cabc 1.54552
Rex 2 2027 Cofl 1.6832
Rex 2 2027 CLCI 2.03717
Rex 2 2027 CUCI 2.81662
Rex 2 2027 CMedian 2.33755
Rex 2 2027 CMean 2.37098
Rex 2 2027 CStdn 0.251752
Rex 2 2028 Cabc 1.54552
Rex 2 2028 Cofl 1.6832
Rex 2 2028 CLCI 1.68688
Rex 2 2028 CUCI 2.5308
Rex 2 2028 CMedian 2.02319
Rex 2 2028 CMean 2.05668
Rex 2 2028 CStdn 0.260367
Rex 2 2029 Cabc 1.54552
Rex 2 2029 Cofl 1.6832
Rex 2 2029 CLCI 1.44899
Rex 2 2029 CUCI 2.30187
Rex 2 2029 CMedian 1.80829
Rex 2 2029 CMean 1.83916
Rex 2 2029 CStdn 0.265516
Rex 2 2030 Cabc 1.54552
Rex 2 2030 Cofl 1.6832
Rex 2 2030 CLCI 1.22843
Rex 2 2030 CUCI 2.15148
Rex 2 2030 CMedian 1.66389
Rex 2 2030 CMean 1.6859
Rex 2 2030 CStdn 0.278326
Rex 2 2031 Cabc 1.54552
Rex 2 2031 Cofl 1.6832
Rex 2 2031 CLCI 1.08987
Rex 2 2031 CUCI 2.06507
Rex 2 2031 CMedian 1.5615
Rex 2 2031 CMean 1.57827
Rex 2 2031 CStdn 0.289674
Rex 2 2032 Cabc 1.54552
Rex 2 2032 Cofl 1.6832
Rex 2 2032 CLCI 1.03194
Rex 2 2032 CUCI 2.00788
Rex 2 2032 CMedian 1.49282
Rex 2 2032 CMean 1.50727
Rex 2 2032 CStdn 0.297316
Rex 2 2033 Cabc 1.54552
Rex 2 2033 Cofl 1.6832
Rex 2 2033 CLCI 0.979089
Rex 2 2033 CUCI 1.99024
Rex 2 2033 CMedian 1.45918
Rex 2 2033 CMean 1.45991
Rex 2 2033 CStdn 0.303841
Rex 2 2034 Cabc 1.54552
Rex 2 2034 Cofl 1.6832
Rex 2 2034 CLCI 0.93364
Rex 2 2034 CUCI 1.92926
Rex 2 2034 CMedian 1.43095
Rex 2 2034 CMean 1.42676
Rex 2 2034 CStdn 0.303178
Rex 2 2021 SSBF100 8.9981
Rex 2 2021 SSBFabc 3.59924
Rex 2 2021 SSBFofl 3.14934
Rex 2 2021 SSBLCI 8.79687
Rex 2 2021 SSBUCI 8.79687
Rex 2 2021 SSBMedian 8.79687
Rex 2 2021 SSBMean 8.79687
Rex 2 2022 SSBF100 8.9981
Rex 2 2022 SSBFabc 3.59924
Rex 2 2022 SSBFofl 3.14934
Rex 2 2022 SSBLCI 9.79501
Rex 2 2022 SSBUCI 9.82681
Rex 2 2022 SSBMedian 9.80478
Rex 2 2022 SSBMean 9.80703
Rex 2 2023 SSBF100 8.9981
Rex 2 2023 SSBFabc 3.59924
Rex 2 2023 SSBFofl 3.14934
Rex 2 2023 SSBLCI 10.495
Rex 2 2023 SSBUCI 10.6403
Rex 2 2023 SSBMedian 10.5444
Rex 2 2023 SSBMean 10.5528
Rex 2 2024 SSBF100 8.9981
Rex 2 2024 SSBFabc 3.59924
Rex 2 2024 SSBFofl 3.14934
Rex 2 2024 SSBLCI 10.7096
Rex 2 2024 SSBUCI 11.1668
Rex 2 2024 SSBMedian 10.8718
Rex 2 2024 SSBMean 10.8995
Rex 2 2025 SSBF100 8.9981
Rex 2 2025 SSBFabc 3.59924
Rex 2 2025 SSBFofl 3.14934
Rex 2 2025 SSBLCI 8.4357
Rex 2 2025 SSBUCI 9.43846
Rex 2 2025 SSBMedian 8.80361
Rex 2 2025 SSBMean 8.8544
Rex 2 2026 SSBF100 8.9981
Rex 2 2026 SSBFabc 3.59924
Rex 2 2026 SSBFofl 3.14934
Rex 2 2026 SSBLCI 6.62788
Rex 2 2026 SSBUCI 8.1721
Rex 2 2026 SSBMedian 7.20094
Rex 2 2026 SSBMean 7.27394
Rex 2 2027 SSBF100 8.9981
Rex 2 2027 SSBFabc 3.59924
Rex 2 2027 SSBFofl 3.14934
Rex 2 2027 SSBLCI 5.34803
Rex 2 2027 SSBUCI 7.17724
Rex 2 2027 SSBMedian 6.05787
Rex 2 2027 SSBMean 6.13133
Rex 2 2028 SSBF100 8.9981
Rex 2 2028 SSBFabc 3.59924
Rex 2 2028 SSBFofl 3.14934
Rex 2 2028 SSBLCI 4.4297
Rex 2 2028 SSBUCI 6.46453
Rex 2 2028 SSBMedian 5.24642
Rex 2 2028 SSBMean 5.32693
Rex 2 2029 SSBF100 8.9981
Rex 2 2029 SSBFabc 3.59924
Rex 2 2029 SSBFofl 3.14934
Rex 2 2029 SSBLCI 3.82373
Rex 2 2029 SSBUCI 5.89762
Rex 2 2029 SSBMedian 4.68495
Rex 2 2029 SSBMean 4.76725
Rex 2 2030 SSBF100 8.9981
Rex 2 2030 SSBFabc 3.59924
Rex 2 2030 SSBFofl 3.14934
Rex 2 2030 SSBLCI 3.40317
Rex 2 2030 SSBUCI 5.54211
Rex 2 2030 SSBMedian 4.31965
Rex 2 2030 SSBMean 4.38454
Rex 2 2031 SSBF100 8.9981
Rex 2 2031 SSBFabc 3.59924
Rex 2 2031 SSBFofl 3.14934
Rex 2 2031 SSBLCI 3.20626
Rex 2 2031 SSBUCI 5.25026
Rex 2 2031 SSBMedian 4.05715
Rex 2 2031 SSBMean 4.13088
Rex 2 2032 SSBF100 8.9981
Rex 2 2032 SSBFabc 3.59924
Rex 2 2032 SSBFofl 3.14934
Rex 2 2032 SSBLCI 3.09681
Rex 2 2032 SSBUCI 5.08864
Rex 2 2032 SSBMedian 3.8712
Rex 2 2032 SSBMean 3.969
Rex 2 2033 SSBF100 8.9981
Rex 2 2033 SSBFabc 3.59924
Rex 2 2033 SSBFofl 3.14934
Rex 2 2033 SSBLCI 3.03876
Rex 2 2033 SSBUCI 5.06388
Rex 2 2033 SSBMedian 3.75834
Rex 2 2033 SSBMean 3.86719
Rex 2 2034 SSBF100 8.9981
Rex 2 2034 SSBFabc 3.59924
Rex 2 2034 SSBFofl 3.14934
Rex 2 2034 SSBLCI 2.94736
Rex 2 2034 SSBUCI 4.9459
Rex 2 2034 SSBMedian 3.70647
Rex 2 2034 SSBMean 3.7986
Rex 2 2021 F0 0 
Rex 2 2021 Fabc 0.246587
Rex 2 2021 Fofl 0.30933
Rex 2 2021  F_LCI 0.000116495
Rex 2 2021  F_UCI 0.000116495
Rex 2 2021  F_Median 0.000116495
Rex 2 2021  F_Mean 0.000116495
Rex 2 2022 F0 0 
Rex 2 2022 Fabc 0.246587
Rex 2 2022 Fofl 0.30933
Rex 2 2022  F_LCI 0.000102941
Rex 2 2022  F_UCI 0.000103016
Rex 2 2022  F_Median 0.000102993
Rex 2 2022  F_Mean 0.000102988
Rex 2 2023 F0 0 
Rex 2 2023 Fabc 0.246587
Rex 2 2023 Fofl 0.30933
Rex 2 2023  F_LCI 9.65629e-05
Rex 2 2023  F_UCI 9.74437e-05
Rex 2 2023  F_Median 9.71627e-05
Rex 2 2023  F_Mean 9.71074e-05
Rex 2 2024 F0 0 
Rex 2 2024 Fabc 0.246587
Rex 2 2024 Fofl 0.30933
Rex 2 2024  F_LCI 0.246587
Rex 2 2024  F_UCI 0.246587
Rex 2 2024  F_Median 0.246587
Rex 2 2024  F_Mean 0.246587
Rex 2 2025 F0 0 
Rex 2 2025 Fabc 0.246587
Rex 2 2025 Fofl 0.30933
Rex 2 2025  F_LCI 0.246587
Rex 2 2025  F_UCI 0.246587
Rex 2 2025  F_Median 0.246587
Rex 2 2025  F_Mean 0.246587
Rex 2 2026 F0 0 
Rex 2 2026 Fabc 0.246587
Rex 2 2026 Fofl 0.30933
Rex 2 2026  F_LCI 0.246587
Rex 2 2026  F_UCI 0.246587
Rex 2 2026  F_Median 0.246587
Rex 2 2026  F_Mean 0.246587
Rex 2 2027 F0 0 
Rex 2 2027 Fabc 0.246587
Rex 2 2027 Fofl 0.30933
Rex 2 2027  F_LCI 0.246587
Rex 2 2027  F_UCI 0.246587
Rex 2 2027  F_Median 0.246587
Rex 2 2027  F_Mean 0.246587
Rex 2 2028 F0 0 
Rex 2 2028 Fabc 0.246587
Rex 2 2028 Fofl 0.30933
Rex 2 2028  F_LCI 0.246587
Rex 2 2028  F_UCI 0.246587
Rex 2 2028  F_Median 0.246587
Rex 2 2028  F_Mean 0.246587
Rex 2 2029 F0 0 
Rex 2 2029 Fabc 0.246587
Rex 2 2029 Fofl 0.30933
Rex 2 2029  F_LCI 0.246587
Rex 2 2029  F_UCI 0.246587
Rex 2 2029  F_Median 0.246587
Rex 2 2029  F_Mean 0.246447
Rex 2 2030 F0 0 
Rex 2 2030 Fabc 0.246587
Rex 2 2030 Fofl 0.30933
Rex 2 2030  F_LCI 0.232447
Rex 2 2030  F_UCI 0.246587
Rex 2 2030  F_Median 0.246587
Rex 2 2030  F_Mean 0.244993
Rex 2 2031 F0 0 
Rex 2 2031 Fabc 0.246587
Rex 2 2031 Fofl 0.30933
Rex 2 2031  F_LCI 0.218247
Rex 2 2031  F_UCI 0.246587
Rex 2 2031  F_Median 0.246587
Rex 2 2031  F_Mean 0.242457
Rex 2 2032 F0 0 
Rex 2 2032 Fabc 0.246587
Rex 2 2032 Fofl 0.30933
Rex 2 2032  F_LCI 0.210353
Rex 2 2032  F_UCI 0.246587
Rex 2 2032  F_Median 0.246587
Rex 2 2032  F_Mean 0.239992
Rex 2 2033 F0 0 
Rex 2 2033 Fabc 0.246587
Rex 2 2033 Fofl 0.30933
Rex 2 2033  F_LCI 0.206167
Rex 2 2033  F_UCI 0.246587
Rex 2 2033  F_Median 0.246587
Rex 2 2033  F_Mean 0.237763
Rex 2 2034 F0 0 
Rex 2 2034 Fabc 0.246587
Rex 2 2034 Fofl 0.30933
Rex 2 2034  F_LCI 0.199575
Rex 2 2034  F_UCI 0.246587
Rex 2 2034  F_Median 0.246587
Rex 2 2034  F_Mean 0.236221
Rex 3 2021 Cabc 1.54552
Rex 3 2021 Cofl 1.6832
Rex 3 2021 CLCI 0.0019
Rex 3 2021 CUCI 0.0019
Rex 3 2021 CMedian 0.0019
Rex 3 2021 CMean 0.0019
Rex 3 2021 CStdn 1.86483e-17
Rex 3 2022 Cabc 1.54552
Rex 3 2022 Cofl 1.6832
Rex 3 2022 CLCI 0.0019
Rex 3 2022 CUCI 0.0019
Rex 3 2022 CMedian 0.0019
Rex 3 2022 CMean 0.0019
Rex 3 2022 CStdn 6.66483e-13
Rex 3 2023 Cabc 1.54552
Rex 3 2023 Cofl 1.6832
Rex 3 2023 CLCI 0.0019
Rex 3 2023 CUCI 0.0019
Rex 3 2023 CMedian 0.0019
Rex 3 2023 CMean 0.0019
Rex 3 2023 CStdn 3.47699e-11
Rex 3 2024 Cabc 1.54552
Rex 3 2024 Cofl 1.6832
Rex 3 2024 CLCI 0
Rex 3 2024 CUCI 0
Rex 3 2024 CMedian 0
Rex 3 2024 CMean 0
Rex 3 2024 CStdn 0
Rex 3 2025 Cabc 1.54552
Rex 3 2025 Cofl 1.6832
Rex 3 2025 CLCI 0
Rex 3 2025 CUCI 0
Rex 3 2025 CMedian 0
Rex 3 2025 CMean 0
Rex 3 2025 CStdn 0
Rex 3 2026 Cabc 1.54552
Rex 3 2026 Cofl 1.6832
Rex 3 2026 CLCI 0
Rex 3 2026 CUCI 0
Rex 3 2026 CMedian 0
Rex 3 2026 CMean 0
Rex 3 2026 CStdn 0
Rex 3 2027 Cabc 1.54552
Rex 3 2027 Cofl 1.6832
Rex 3 2027 CLCI 0
Rex 3 2027 CUCI 0
Rex 3 2027 CMedian 0
Rex 3 2027 CMean 0
Rex 3 2027 CStdn 0
Rex 3 2028 Cabc 1.54552
Rex 3 2028 Cofl 1.6832
Rex 3 2028 CLCI 0
Rex 3 2028 CUCI 0
Rex 3 2028 CMedian 0
Rex 3 2028 CMean 0
Rex 3 2028 CStdn 0
Rex 3 2029 Cabc 1.54552
Rex 3 2029 Cofl 1.6832
Rex 3 2029 CLCI 0
Rex 3 2029 CUCI 0
Rex 3 2029 CMedian 0
Rex 3 2029 CMean 0
Rex 3 2029 CStdn 0
Rex 3 2030 Cabc 1.54552
Rex 3 2030 Cofl 1.6832
Rex 3 2030 CLCI 0
Rex 3 2030 CUCI 0
Rex 3 2030 CMedian 0
Rex 3 2030 CMean 0
Rex 3 2030 CStdn 0
Rex 3 2031 Cabc 1.54552
Rex 3 2031 Cofl 1.6832
Rex 3 2031 CLCI 0
Rex 3 2031 CUCI 0
Rex 3 2031 CMedian 0
Rex 3 2031 CMean 0
Rex 3 2031 CStdn 0
Rex 3 2032 Cabc 1.54552
Rex 3 2032 Cofl 1.6832
Rex 3 2032 CLCI 0
Rex 3 2032 CUCI 0
Rex 3 2032 CMedian 0
Rex 3 2032 CMean 0
Rex 3 2032 CStdn 0
Rex 3 2033 Cabc 1.54552
Rex 3 2033 Cofl 1.6832
Rex 3 2033 CLCI 0
Rex 3 2033 CUCI 0
Rex 3 2033 CMedian 0
Rex 3 2033 CMean 0
Rex 3 2033 CStdn 0
Rex 3 2034 Cabc 1.54552
Rex 3 2034 Cofl 1.6832
Rex 3 2034 CLCI 0
Rex 3 2034 CUCI 0
Rex 3 2034 CMedian 0
Rex 3 2034 CMean 0
Rex 3 2034 CStdn 0
Rex 3 2021 SSBF100 8.9981
Rex 3 2021 SSBFabc 3.59924
Rex 3 2021 SSBFofl 3.14934
Rex 3 2021 SSBLCI 8.79687
Rex 3 2021 SSBUCI 8.79687
Rex 3 2021 SSBMedian 8.79687
Rex 3 2021 SSBMean 8.79687
Rex 3 2022 SSBF100 8.9981
Rex 3 2022 SSBFabc 3.59924
Rex 3 2022 SSBFofl 3.14934
Rex 3 2022 SSBLCI 9.79501
Rex 3 2022 SSBUCI 9.82681
Rex 3 2022 SSBMedian 9.80478
Rex 3 2022 SSBMean 9.80703
Rex 3 2023 SSBF100 8.9981
Rex 3 2023 SSBFabc 3.59924
Rex 3 2023 SSBFofl 3.14934
Rex 3 2023 SSBLCI 10.495
Rex 3 2023 SSBUCI 10.6403
Rex 3 2023 SSBMedian 10.5444
Rex 3 2023 SSBMean 10.5528
Rex 3 2024 SSBF100 8.9981
Rex 3 2024 SSBFabc 3.59924
Rex 3 2024 SSBFofl 3.14934
Rex 3 2024 SSBLCI 10.7096
Rex 3 2024 SSBUCI 11.1668
Rex 3 2024 SSBMedian 10.8718
Rex 3 2024 SSBMean 10.8995
Rex 3 2025 SSBF100 8.9981
Rex 3 2025 SSBFabc 3.59924
Rex 3 2025 SSBFofl 3.14934
Rex 3 2025 SSBLCI 10.5222
Rex 3 2025 SSBUCI 11.5572
Rex 3 2025 SSBMedian 10.8998
Rex 3 2025 SSBMean 10.9542
Rex 3 2026 SSBF100 8.9981
Rex 3 2026 SSBFabc 3.59924
Rex 3 2026 SSBFofl 3.14934
Rex 3 2026 SSBLCI 10.1427
Rex 3 2026 SSBUCI 11.8674
Rex 3 2026 SSBMedian 10.7853
Rex 3 2026 SSBMean 10.8593
Rex 3 2027 SSBF100 8.9981
Rex 3 2027 SSBFabc 3.59924
Rex 3 2027 SSBFofl 3.14934
Rex 3 2027 SSBLCI 9.74489
Rex 3 2027 SSBUCI 11.9818
Rex 3 2027 SSBMedian 10.6075
Rex 3 2027 SSBMean 10.7028
Rex 3 2028 SSBF100 8.9981
Rex 3 2028 SSBFabc 3.59924
Rex 3 2028 SSBFofl 3.14934
Rex 3 2028 SSBLCI 9.34291
Rex 3 2028 SSBUCI 12.057
Rex 3 2028 SSBMedian 10.4177
Rex 3 2028 SSBMean 10.5237
Rex 3 2029 SSBF100 8.9981
Rex 3 2029 SSBFabc 3.59924
Rex 3 2029 SSBFofl 3.14934
Rex 3 2029 SSBLCI 8.95512
Rex 3 2029 SSBUCI 12.0075
Rex 3 2029 SSBMedian 10.2196
Rex 3 2029 SSBMean 10.3404
Rex 3 2030 SSBF100 8.9981
Rex 3 2030 SSBFabc 3.59924
Rex 3 2030 SSBFofl 3.14934
Rex 3 2030 SSBLCI 8.65435
Rex 3 2030 SSBUCI 11.9185
Rex 3 2030 SSBMedian 10.0655
Rex 3 2030 SSBMean 10.1662
Rex 3 2031 SSBF100 8.9981
Rex 3 2031 SSBFabc 3.59924
Rex 3 2031 SSBFofl 3.14934
Rex 3 2031 SSBLCI 8.46049
Rex 3 2031 SSBUCI 11.8822
Rex 3 2031 SSBMedian 9.92155
Rex 3 2031 SSBMean 10.0084
Rex 3 2032 SSBF100 8.9981
Rex 3 2032 SSBFabc 3.59924
Rex 3 2032 SSBFofl 3.14934
Rex 3 2032 SSBLCI 8.28831
Rex 3 2032 SSBUCI 11.7804
Rex 3 2032 SSBMedian 9.76458
Rex 3 2032 SSBMean 9.87034
Rex 3 2033 SSBF100 8.9981
Rex 3 2033 SSBFabc 3.59924
Rex 3 2033 SSBFofl 3.14934
Rex 3 2033 SSBLCI 8.14753
Rex 3 2033 SSBUCI 11.7272
Rex 3 2033 SSBMedian 9.63312
Rex 3 2033 SSBMean 9.74994
Rex 3 2034 SSBF100 8.9981
Rex 3 2034 SSBFabc 3.59924
Rex 3 2034 SSBFofl 3.14934
Rex 3 2034 SSBLCI 7.95361
Rex 3 2034 SSBUCI 11.6679
Rex 3 2034 SSBMedian 9.5287
Rex 3 2034 SSBMean 9.64066
Rex 3 2021 F0 0 
Rex 3 2021 Fabc 0.246587
Rex 3 2021 Fofl 0.30933
Rex 3 2021  F_LCI 0.000116495
Rex 3 2021  F_UCI 0.000116495
Rex 3 2021  F_Median 0.000116495
Rex 3 2021  F_Mean 0.000116495
Rex 3 2022 F0 0 
Rex 3 2022 Fabc 0.246587
Rex 3 2022 Fofl 0.30933
Rex 3 2022  F_LCI 0.000102941
Rex 3 2022  F_UCI 0.000103016
Rex 3 2022  F_Median 0.000102993
Rex 3 2022  F_Mean 0.000102988
Rex 3 2023 F0 0 
Rex 3 2023 Fabc 0.246587
Rex 3 2023 Fofl 0.30933
Rex 3 2023  F_LCI 9.65629e-05
Rex 3 2023  F_UCI 9.74437e-05
Rex 3 2023  F_Median 9.71627e-05
Rex 3 2023  F_Mean 9.71074e-05
Rex 3 2024 F0 0 
Rex 3 2024 Fabc 0.246587
Rex 3 2024 Fofl 0.30933
Rex 3 2024  F_LCI 0
Rex 3 2024  F_UCI 0
Rex 3 2024  F_Median 0
Rex 3 2024  F_Mean 0
Rex 3 2025 F0 0 
Rex 3 2025 Fabc 0.246587
Rex 3 2025 Fofl 0.30933
Rex 3 2025  F_LCI 0
Rex 3 2025  F_UCI 0
Rex 3 2025  F_Median 0
Rex 3 2025  F_Mean 0
Rex 3 2026 F0 0 
Rex 3 2026 Fabc 0.246587
Rex 3 2026 Fofl 0.30933
Rex 3 2026  F_LCI 0
Rex 3 2026  F_UCI 0
Rex 3 2026  F_Median 0
Rex 3 2026  F_Mean 0
Rex 3 2027 F0 0 
Rex 3 2027 Fabc 0.246587
Rex 3 2027 Fofl 0.30933
Rex 3 2027  F_LCI 0
Rex 3 2027  F_UCI 0
Rex 3 2027  F_Median 0
Rex 3 2027  F_Mean 0
Rex 3 2028 F0 0 
Rex 3 2028 Fabc 0.246587
Rex 3 2028 Fofl 0.30933
Rex 3 2028  F_LCI 0
Rex 3 2028  F_UCI 0
Rex 3 2028  F_Median 0
Rex 3 2028  F_Mean 0
Rex 3 2029 F0 0 
Rex 3 2029 Fabc 0.246587
Rex 3 2029 Fofl 0.30933
Rex 3 2029  F_LCI 0
Rex 3 2029  F_UCI 0
Rex 3 2029  F_Median 0
Rex 3 2029  F_Mean 0
Rex 3 2030 F0 0 
Rex 3 2030 Fabc 0.246587
Rex 3 2030 Fofl 0.30933
Rex 3 2030  F_LCI 0
Rex 3 2030  F_UCI 0
Rex 3 2030  F_Median 0
Rex 3 2030  F_Mean 0
Rex 3 2031 F0 0 
Rex 3 2031 Fabc 0.246587
Rex 3 2031 Fofl 0.30933
Rex 3 2031  F_LCI 0
Rex 3 2031  F_UCI 0
Rex 3 2031  F_Median 0
Rex 3 2031  F_Mean 0
Rex 3 2032 F0 0 
Rex 3 2032 Fabc 0.246587
Rex 3 2032 Fofl 0.30933
Rex 3 2032  F_LCI 0
Rex 3 2032  F_UCI 0
Rex 3 2032  F_Median 0
Rex 3 2032  F_Mean 0
Rex 3 2033 F0 0 
Rex 3 2033 Fabc 0.246587
Rex 3 2033 Fofl 0.30933
Rex 3 2033  F_LCI 0
Rex 3 2033  F_UCI 0
Rex 3 2033  F_Median 0
Rex 3 2033  F_Mean 0
Rex 3 2034 F0 0 
Rex 3 2034 Fabc 0.246587
Rex 3 2034 Fofl 0.30933
Rex 3 2034  F_LCI 0
Rex 3 2034  F_UCI 0
Rex 3 2034  F_Median 0
Rex 3 2034  F_Mean 0
Rex 4 2021 Cabc 1.54552
Rex 4 2021 Cofl 1.6832
Rex 4 2021 CLCI 0.0019
Rex 4 2021 CUCI 0.0019
Rex 4 2021 CMedian 0.0019
Rex 4 2021 CMean 0.0019
Rex 4 2021 CStdn 1.86483e-17
Rex 4 2022 Cabc 1.54552
Rex 4 2022 Cofl 1.6832
Rex 4 2022 CLCI 0.0019
Rex 4 2022 CUCI 0.0019
Rex 4 2022 CMedian 0.0019
Rex 4 2022 CMean 0.0019
Rex 4 2022 CStdn 6.66483e-13
Rex 4 2023 Cabc 1.54552
Rex 4 2023 Cofl 1.6832
Rex 4 2023 CLCI 0.0019
Rex 4 2023 CUCI 0.0019
Rex 4 2023 CMedian 0.0019
Rex 4 2023 CMean 0.0019
Rex 4 2023 CStdn 3.47699e-11
Rex 4 2024 Cabc 1.54552
Rex 4 2024 Cofl 1.6832
Rex 4 2024 CLCI 1.01272
Rex 4 2024 CUCI 1.06248
Rex 4 2024 CMedian 1.02919
Rex 4 2024 CMean 1.03229
Rex 4 2024 CStdn 0.0168025
Rex 4 2025 Cabc 1.54552
Rex 4 2025 Cofl 1.6832
Rex 4 2025 CLCI 0.924743
Rex 4 2025 CUCI 1.04325
Rex 4 2025 CMedian 0.967882
Rex 4 2025 CMean 0.97464
Rex 4 2025 CStdn 0.0403427
Rex 4 2026 Cabc 1.54552
Rex 4 2026 Cofl 1.6832
Rex 4 2026 CLCI 0.839969
Rex 4 2026 CUCI 1.02726
Rex 4 2026 CMedian 0.909673
Rex 4 2026 CMean 0.919054
Rex 4 2026 CStdn 0.0609188
Rex 4 2027 Cabc 1.54552
Rex 4 2027 Cofl 1.6832
Rex 4 2027 CLCI 0.771572
Rex 4 2027 CUCI 0.999276
Rex 4 2027 CMedian 0.860568
Rex 4 2027 CMean 0.869952
Rex 4 2027 CStdn 0.0737285
Rex 4 2028 Cabc 1.54552
Rex 4 2028 Cofl 1.6832
Rex 4 2028 CLCI 0.713447
Rex 4 2028 CUCI 0.972379
Rex 4 2028 CMedian 0.817493
Rex 4 2028 CMean 0.827033
Rex 4 2028 CStdn 0.0810732
Rex 4 2029 Cabc 1.54552
Rex 4 2029 Cofl 1.6832
Rex 4 2029 CLCI 0.667554
Rex 4 2029 CUCI 0.9371
Rex 4 2029 CMedian 0.78041
Rex 4 2029 CMean 0.790128
Rex 4 2029 CStdn 0.0857748
Rex 4 2030 Cabc 1.54552
Rex 4 2030 Cofl 1.6832
Rex 4 2030 CLCI 0.625704
Rex 4 2030 CUCI 0.914536
Rex 4 2030 CMedian 0.74997
Rex 4 2030 CMean 0.759306
Rex 4 2030 CStdn 0.0887249
Rex 4 2031 Cabc 1.54552
Rex 4 2031 Cofl 1.6832
Rex 4 2031 CLCI 0.603039
Rex 4 2031 CUCI 0.889671
Rex 4 2031 CMedian 0.723826
Rex 4 2031 CMean 0.734149
Rex 4 2031 CStdn 0.0901578
Rex 4 2032 Cabc 1.54552
Rex 4 2032 Cofl 1.6832
Rex 4 2032 CLCI 0.584497
Rex 4 2032 CUCI 0.871508
Rex 4 2032 CMedian 0.70368
Rex 4 2032 CMean 0.714038
Rex 4 2032 CStdn 0.0910171
Rex 4 2033 Cabc 1.54552
Rex 4 2033 Cofl 1.6832
Rex 4 2033 CLCI 0.564746
Rex 4 2033 CUCI 0.866062
Rex 4 2033 CMedian 0.685806
Rex 4 2033 CMean 0.697789
Rex 4 2033 CStdn 0.0921936
Rex 4 2034 Cabc 1.54552
Rex 4 2034 Cofl 1.6832
Rex 4 2034 CLCI 0.548198
Rex 4 2034 CUCI 0.855722
Rex 4 2034 CMedian 0.672568
Rex 4 2034 CMean 0.683757
Rex 4 2034 CStdn 0.0924508
Rex 4 2021 SSBF100 8.9981
Rex 4 2021 SSBFabc 3.59924
Rex 4 2021 SSBFofl 3.14934
Rex 4 2021 SSBLCI 8.79687
Rex 4 2021 SSBUCI 8.79687
Rex 4 2021 SSBMedian 8.79687
Rex 4 2021 SSBMean 8.79687
Rex 4 2022 SSBF100 8.9981
Rex 4 2022 SSBFabc 3.59924
Rex 4 2022 SSBFofl 3.14934
Rex 4 2022 SSBLCI 9.79501
Rex 4 2022 SSBUCI 9.82681
Rex 4 2022 SSBMedian 9.80478
Rex 4 2022 SSBMean 9.80703
Rex 4 2023 SSBF100 8.9981
Rex 4 2023 SSBFabc 3.59924
Rex 4 2023 SSBFofl 3.14934
Rex 4 2023 SSBLCI 10.495
Rex 4 2023 SSBUCI 10.6403
Rex 4 2023 SSBMedian 10.5444
Rex 4 2023 SSBMean 10.5528
Rex 4 2024 SSBF100 8.9981
Rex 4 2024 SSBFabc 3.59924
Rex 4 2024 SSBFofl 3.14934
Rex 4 2024 SSBLCI 10.7096
Rex 4 2024 SSBUCI 11.1668
Rex 4 2024 SSBMedian 10.8718
Rex 4 2024 SSBMean 10.8995
Rex 4 2025 SSBF100 8.9981
Rex 4 2025 SSBFabc 3.59924
Rex 4 2025 SSBFofl 3.14934
Rex 4 2025 SSBLCI 10.0262
Rex 4 2025 SSBUCI 11.0539
Rex 4 2025 SSBMedian 10.4022
Rex 4 2025 SSBMean 10.4555
Rex 4 2026 SSBF100 8.9981
Rex 4 2026 SSBFabc 3.59924
Rex 4 2026 SSBFofl 3.14934
Rex 4 2026 SSBLCI 9.23476
Rex 4 2026 SSBUCI 10.9323
Rex 4 2026 SSBMedian 9.85949
Rex 4 2026 SSBMean 9.93381
Rex 4 2027 SSBF100 8.9981
Rex 4 2027 SSBFabc 3.59924
Rex 4 2027 SSBFofl 3.14934
Rex 4 2027 SSBLCI 8.51293
Rex 4 2027 SSBUCI 10.6517
Rex 4 2027 SSBMedian 9.32847
Rex 4 2027 SSBMean 9.43022
Rex 4 2028 SSBF100 8.9981
Rex 4 2028 SSBFabc 3.59924
Rex 4 2028 SSBFofl 3.14934
Rex 4 2028 SSBLCI 7.87262
Rex 4 2028 SSBUCI 10.3998
Rex 4 2028 SSBMedian 8.87682
Rex 4 2028 SSBMean 8.9763
Rex 4 2029 SSBF100 8.9981
Rex 4 2029 SSBFabc 3.59924
Rex 4 2029 SSBFofl 3.14934
Rex 4 2029 SSBLCI 7.32896
Rex 4 2029 SSBUCI 10.0524
Rex 4 2029 SSBMedian 8.47455
Rex 4 2029 SSBMean 8.57992
Rex 4 2030 SSBF100 8.9981
Rex 4 2030 SSBFabc 3.59924
Rex 4 2030 SSBFofl 3.14934
Rex 4 2030 SSBLCI 6.89416
Rex 4 2030 SSBUCI 9.78111
Rex 4 2030 SSBMedian 8.16236
Rex 4 2030 SSBMean 8.2435
Rex 4 2031 SSBF100 8.9981
Rex 4 2031 SSBFabc 3.59924
Rex 4 2031 SSBFofl 3.14934
Rex 4 2031 SSBLCI 6.5928
Rex 4 2031 SSBUCI 9.58383
Rex 4 2031 SSBMedian 7.88658
Rex 4 2031 SSBMean 7.96479
Rex 4 2032 SSBF100 8.9981
Rex 4 2032 SSBFabc 3.59924
Rex 4 2032 SSBFofl 3.14934
Rex 4 2032 SSBLCI 6.37268
Rex 4 2032 SSBUCI 9.39246
Rex 4 2032 SSBMedian 7.62611
Rex 4 2032 SSBMean 7.73794
Rex 4 2033 SSBF100 8.9981
Rex 4 2033 SSBFabc 3.59924
Rex 4 2033 SSBFofl 3.14934
Rex 4 2033 SSBLCI 6.14926
Rex 4 2033 SSBUCI 9.2699
Rex 4 2033 SSBMedian 7.43189
Rex 4 2033 SSBMean 7.55341
Rex 4 2034 SSBF100 8.9981
Rex 4 2034 SSBFabc 3.59924
Rex 4 2034 SSBFofl 3.14934
Rex 4 2034 SSBLCI 5.98239
Rex 4 2034 SSBUCI 9.14144
Rex 4 2034 SSBMedian 7.29484
Rex 4 2034 SSBMean 7.3984
Rex 4 2021 F0 0 
Rex 4 2021 Fabc 0.246587
Rex 4 2021 Fofl 0.30933
Rex 4 2021  F_LCI 0.000116495
Rex 4 2021  F_UCI 0.000116495
Rex 4 2021  F_Median 0.000116495
Rex 4 2021  F_Mean 0.000116495
Rex 4 2022 F0 0 
Rex 4 2022 Fabc 0.246587
Rex 4 2022 Fofl 0.30933
Rex 4 2022  F_LCI 0.000102941
Rex 4 2022  F_UCI 0.000103016
Rex 4 2022  F_Median 0.000102993
Rex 4 2022  F_Mean 0.000102988
Rex 4 2023 F0 0 
Rex 4 2023 Fabc 0.246587
Rex 4 2023 Fofl 0.30933
Rex 4 2023  F_LCI 9.65629e-05
Rex 4 2023  F_UCI 9.74437e-05
Rex 4 2023  F_Median 9.71627e-05
Rex 4 2023  F_Mean 9.71074e-05
Rex 4 2024 F0 0 
Rex 4 2024 Fabc 0.246587
Rex 4 2024 Fofl 0.30933
Rex 4 2024  F_LCI 0.0535205
Rex 4 2024  F_UCI 0.0535205
Rex 4 2024  F_Median 0.0535205
Rex 4 2024  F_Mean 0.0535205
Rex 4 2025 F0 0 
Rex 4 2025 Fabc 0.246587
Rex 4 2025 Fofl 0.30933
Rex 4 2025  F_LCI 0.0535205
Rex 4 2025  F_UCI 0.0535205
Rex 4 2025  F_Median 0.0535205
Rex 4 2025  F_Mean 0.0535205
Rex 4 2026 F0 0 
Rex 4 2026 Fabc 0.246587
Rex 4 2026 Fofl 0.30933
Rex 4 2026  F_LCI 0.0535205
Rex 4 2026  F_UCI 0.0535205
Rex 4 2026  F_Median 0.0535205
Rex 4 2026  F_Mean 0.0535205
Rex 4 2027 F0 0 
Rex 4 2027 Fabc 0.246587
Rex 4 2027 Fofl 0.30933
Rex 4 2027  F_LCI 0.0535205
Rex 4 2027  F_UCI 0.0535205
Rex 4 2027  F_Median 0.0535205
Rex 4 2027  F_Mean 0.0535205
Rex 4 2028 F0 0 
Rex 4 2028 Fabc 0.246587
Rex 4 2028 Fofl 0.30933
Rex 4 2028  F_LCI 0.0535205
Rex 4 2028  F_UCI 0.0535205
Rex 4 2028  F_Median 0.0535205
Rex 4 2028  F_Mean 0.0535205
Rex 4 2029 F0 0 
Rex 4 2029 Fabc 0.246587
Rex 4 2029 Fofl 0.30933
Rex 4 2029  F_LCI 0.0535205
Rex 4 2029  F_UCI 0.0535205
Rex 4 2029  F_Median 0.0535205
Rex 4 2029  F_Mean 0.0535205
Rex 4 2030 F0 0 
Rex 4 2030 Fabc 0.246587
Rex 4 2030 Fofl 0.30933
Rex 4 2030  F_LCI 0.0535205
Rex 4 2030  F_UCI 0.0535205
Rex 4 2030  F_Median 0.0535205
Rex 4 2030  F_Mean 0.0535205
Rex 4 2031 F0 0 
Rex 4 2031 Fabc 0.246587
Rex 4 2031 Fofl 0.30933
Rex 4 2031  F_LCI 0.0535205
Rex 4 2031  F_UCI 0.0535205
Rex 4 2031  F_Median 0.0535205
Rex 4 2031  F_Mean 0.0535205
Rex 4 2032 F0 0 
Rex 4 2032 Fabc 0.246587
Rex 4 2032 Fofl 0.30933
Rex 4 2032  F_LCI 0.0535205
Rex 4 2032  F_UCI 0.0535205
Rex 4 2032  F_Median 0.0535205
Rex 4 2032  F_Mean 0.0535205
Rex 4 2033 F0 0 
Rex 4 2033 Fabc 0.246587
Rex 4 2033 Fofl 0.30933
Rex 4 2033  F_LCI 0.0535205
Rex 4 2033  F_UCI 0.0535205
Rex 4 2033  F_Median 0.0535205
Rex 4 2033  F_Mean 0.0535205
Rex 4 2034 F0 0 
Rex 4 2034 Fabc 0.246587
Rex 4 2034 Fofl 0.30933
Rex 4 2034  F_LCI 0.0535205
Rex 4 2034  F_UCI 0.0535205
Rex 4 2034  F_Median 0.0535205
Rex 4 2034  F_Mean 0.0535205
Rex 5 2021 Cabc 1.54552
Rex 5 2021 Cofl 1.6832
Rex 5 2021 CLCI 0.0019
Rex 5 2021 CUCI 0.0019
Rex 5 2021 CMedian 0.0019
Rex 5 2021 CMean 0.0019
Rex 5 2021 CStdn 1.86483e-17
Rex 5 2022 Cabc 1.54552
Rex 5 2022 Cofl 1.6832
Rex 5 2022 CLCI 0.0019
Rex 5 2022 CUCI 0.0019
Rex 5 2022 CMedian 0.0019
Rex 5 2022 CMean 0.0019
Rex 5 2022 CStdn 6.66483e-13
Rex 5 2023 Cabc 1.54552
Rex 5 2023 Cofl 1.6832
Rex 5 2023 CLCI 0.0019
Rex 5 2023 CUCI 0.0019
Rex 5 2023 CMedian 0.0019
Rex 5 2023 CMean 0.0019
Rex 5 2023 CStdn 3.47699e-11
Rex 5 2024 Cabc 1.54552
Rex 5 2024 Cofl 1.6832
Rex 5 2024 CLCI 0
Rex 5 2024 CUCI 0
Rex 5 2024 CMedian 0
Rex 5 2024 CMean 0
Rex 5 2024 CStdn 0
Rex 5 2025 Cabc 1.54552
Rex 5 2025 Cofl 1.6832
Rex 5 2025 CLCI 0
Rex 5 2025 CUCI 0
Rex 5 2025 CMedian 0
Rex 5 2025 CMean 0
Rex 5 2025 CStdn 0
Rex 5 2026 Cabc 1.54552
Rex 5 2026 Cofl 1.6832
Rex 5 2026 CLCI 0
Rex 5 2026 CUCI 0
Rex 5 2026 CMedian 0
Rex 5 2026 CMean 0
Rex 5 2026 CStdn 0
Rex 5 2027 Cabc 1.54552
Rex 5 2027 Cofl 1.6832
Rex 5 2027 CLCI 0
Rex 5 2027 CUCI 0
Rex 5 2027 CMedian 0
Rex 5 2027 CMean 0
Rex 5 2027 CStdn 0
Rex 5 2028 Cabc 1.54552
Rex 5 2028 Cofl 1.6832
Rex 5 2028 CLCI 0
Rex 5 2028 CUCI 0
Rex 5 2028 CMedian 0
Rex 5 2028 CMean 0
Rex 5 2028 CStdn 0
Rex 5 2029 Cabc 1.54552
Rex 5 2029 Cofl 1.6832
Rex 5 2029 CLCI 0
Rex 5 2029 CUCI 0
Rex 5 2029 CMedian 0
Rex 5 2029 CMean 0
Rex 5 2029 CStdn 0
Rex 5 2030 Cabc 1.54552
Rex 5 2030 Cofl 1.6832
Rex 5 2030 CLCI 0
Rex 5 2030 CUCI 0
Rex 5 2030 CMedian 0
Rex 5 2030 CMean 0
Rex 5 2030 CStdn 0
Rex 5 2031 Cabc 1.54552
Rex 5 2031 Cofl 1.6832
Rex 5 2031 CLCI 0
Rex 5 2031 CUCI 0
Rex 5 2031 CMedian 0
Rex 5 2031 CMean 0
Rex 5 2031 CStdn 0
Rex 5 2032 Cabc 1.54552
Rex 5 2032 Cofl 1.6832
Rex 5 2032 CLCI 0
Rex 5 2032 CUCI 0
Rex 5 2032 CMedian 0
Rex 5 2032 CMean 0
Rex 5 2032 CStdn 0
Rex 5 2033 Cabc 1.54552
Rex 5 2033 Cofl 1.6832
Rex 5 2033 CLCI 0
Rex 5 2033 CUCI 0
Rex 5 2033 CMedian 0
Rex 5 2033 CMean 0
Rex 5 2033 CStdn 0
Rex 5 2034 Cabc 1.54552
Rex 5 2034 Cofl 1.6832
Rex 5 2034 CLCI 0
Rex 5 2034 CUCI 0
Rex 5 2034 CMedian 0
Rex 5 2034 CMean 0
Rex 5 2034 CStdn 0
Rex 5 2021 SSBF100 8.9981
Rex 5 2021 SSBFabc 3.59924
Rex 5 2021 SSBFofl 3.14934
Rex 5 2021 SSBLCI 8.79687
Rex 5 2021 SSBUCI 8.79687
Rex 5 2021 SSBMedian 8.79687
Rex 5 2021 SSBMean 8.79687
Rex 5 2022 SSBF100 8.9981
Rex 5 2022 SSBFabc 3.59924
Rex 5 2022 SSBFofl 3.14934
Rex 5 2022 SSBLCI 9.79501
Rex 5 2022 SSBUCI 9.82681
Rex 5 2022 SSBMedian 9.80478
Rex 5 2022 SSBMean 9.80703
Rex 5 2023 SSBF100 8.9981
Rex 5 2023 SSBFabc 3.59924
Rex 5 2023 SSBFofl 3.14934
Rex 5 2023 SSBLCI 10.495
Rex 5 2023 SSBUCI 10.6403
Rex 5 2023 SSBMedian 10.5444
Rex 5 2023 SSBMean 10.5528
Rex 5 2024 SSBF100 8.9981
Rex 5 2024 SSBFabc 3.59924
Rex 5 2024 SSBFofl 3.14934
Rex 5 2024 SSBLCI 10.7096
Rex 5 2024 SSBUCI 11.1668
Rex 5 2024 SSBMedian 10.8718
Rex 5 2024 SSBMean 10.8995
Rex 5 2025 SSBF100 8.9981
Rex 5 2025 SSBFabc 3.59924
Rex 5 2025 SSBFofl 3.14934
Rex 5 2025 SSBLCI 10.5222
Rex 5 2025 SSBUCI 11.5572
Rex 5 2025 SSBMedian 10.8998
Rex 5 2025 SSBMean 10.9542
Rex 5 2026 SSBF100 8.9981
Rex 5 2026 SSBFabc 3.59924
Rex 5 2026 SSBFofl 3.14934
Rex 5 2026 SSBLCI 10.1427
Rex 5 2026 SSBUCI 11.8674
Rex 5 2026 SSBMedian 10.7853
Rex 5 2026 SSBMean 10.8593
Rex 5 2027 SSBF100 8.9981
Rex 5 2027 SSBFabc 3.59924
Rex 5 2027 SSBFofl 3.14934
Rex 5 2027 SSBLCI 9.74489
Rex 5 2027 SSBUCI 11.9818
Rex 5 2027 SSBMedian 10.6075
Rex 5 2027 SSBMean 10.7028
Rex 5 2028 SSBF100 8.9981
Rex 5 2028 SSBFabc 3.59924
Rex 5 2028 SSBFofl 3.14934
Rex 5 2028 SSBLCI 9.34291
Rex 5 2028 SSBUCI 12.057
Rex 5 2028 SSBMedian 10.4177
Rex 5 2028 SSBMean 10.5237
Rex 5 2029 SSBF100 8.9981
Rex 5 2029 SSBFabc 3.59924
Rex 5 2029 SSBFofl 3.14934
Rex 5 2029 SSBLCI 8.95512
Rex 5 2029 SSBUCI 12.0075
Rex 5 2029 SSBMedian 10.2196
Rex 5 2029 SSBMean 10.3404
Rex 5 2030 SSBF100 8.9981
Rex 5 2030 SSBFabc 3.59924
Rex 5 2030 SSBFofl 3.14934
Rex 5 2030 SSBLCI 8.65435
Rex 5 2030 SSBUCI 11.9185
Rex 5 2030 SSBMedian 10.0655
Rex 5 2030 SSBMean 10.1662
Rex 5 2031 SSBF100 8.9981
Rex 5 2031 SSBFabc 3.59924
Rex 5 2031 SSBFofl 3.14934
Rex 5 2031 SSBLCI 8.46049
Rex 5 2031 SSBUCI 11.8822
Rex 5 2031 SSBMedian 9.92155
Rex 5 2031 SSBMean 10.0084
Rex 5 2032 SSBF100 8.9981
Rex 5 2032 SSBFabc 3.59924
Rex 5 2032 SSBFofl 3.14934
Rex 5 2032 SSBLCI 8.28831
Rex 5 2032 SSBUCI 11.7804
Rex 5 2032 SSBMedian 9.76458
Rex 5 2032 SSBMean 9.87034
Rex 5 2033 SSBF100 8.9981
Rex 5 2033 SSBFabc 3.59924
Rex 5 2033 SSBFofl 3.14934
Rex 5 2033 SSBLCI 8.14753
Rex 5 2033 SSBUCI 11.7272
Rex 5 2033 SSBMedian 9.63312
Rex 5 2033 SSBMean 9.74994
Rex 5 2034 SSBF100 8.9981
Rex 5 2034 SSBFabc 3.59924
Rex 5 2034 SSBFofl 3.14934
Rex 5 2034 SSBLCI 7.95361
Rex 5 2034 SSBUCI 11.6679
Rex 5 2034 SSBMedian 9.5287
Rex 5 2034 SSBMean 9.64066
Rex 5 2021 F0 0 
Rex 5 2021 Fabc 0.246587
Rex 5 2021 Fofl 0.30933
Rex 5 2021  F_LCI 0.000116495
Rex 5 2021  F_UCI 0.000116495
Rex 5 2021  F_Median 0.000116495
Rex 5 2021  F_Mean 0.000116495
Rex 5 2022 F0 0 
Rex 5 2022 Fabc 0.246587
Rex 5 2022 Fofl 0.30933
Rex 5 2022  F_LCI 0.000102941
Rex 5 2022  F_UCI 0.000103016
Rex 5 2022  F_Median 0.000102993
Rex 5 2022  F_Mean 0.000102988
Rex 5 2023 F0 0 
Rex 5 2023 Fabc 0.246587
Rex 5 2023 Fofl 0.30933
Rex 5 2023  F_LCI 9.65629e-05
Rex 5 2023  F_UCI 9.74437e-05
Rex 5 2023  F_Median 9.71627e-05
Rex 5 2023  F_Mean 9.71074e-05
Rex 5 2024 F0 0 
Rex 5 2024 Fabc 0.246587
Rex 5 2024 Fofl 0.30933
Rex 5 2024  F_LCI 0
Rex 5 2024  F_UCI 0
Rex 5 2024  F_Median 0
Rex 5 2024  F_Mean 0
Rex 5 2025 F0 0 
Rex 5 2025 Fabc 0.246587
Rex 5 2025 Fofl 0.30933
Rex 5 2025  F_LCI 0
Rex 5 2025  F_UCI 0
Rex 5 2025  F_Median 0
Rex 5 2025  F_Mean 0
Rex 5 2026 F0 0 
Rex 5 2026 Fabc 0.246587
Rex 5 2026 Fofl 0.30933
Rex 5 2026  F_LCI 0
Rex 5 2026  F_UCI 0
Rex 5 2026  F_Median 0
Rex 5 2026  F_Mean 0
Rex 5 2027 F0 0 
Rex 5 2027 Fabc 0.246587
Rex 5 2027 Fofl 0.30933
Rex 5 2027  F_LCI 0
Rex 5 2027  F_UCI 0
Rex 5 2027  F_Median 0
Rex 5 2027  F_Mean 0
Rex 5 2028 F0 0 
Rex 5 2028 Fabc 0.246587
Rex 5 2028 Fofl 0.30933
Rex 5 2028  F_LCI 0
Rex 5 2028  F_UCI 0
Rex 5 2028  F_Median 0
Rex 5 2028  F_Mean 0
Rex 5 2029 F0 0 
Rex 5 2029 Fabc 0.246587
Rex 5 2029 Fofl 0.30933
Rex 5 2029  F_LCI 0
Rex 5 2029  F_UCI 0
Rex 5 2029  F_Median 0
Rex 5 2029  F_Mean 0
Rex 5 2030 F0 0 
Rex 5 2030 Fabc 0.246587
Rex 5 2030 Fofl 0.30933
Rex 5 2030  F_LCI 0
Rex 5 2030  F_UCI 0
Rex 5 2030  F_Median 0
Rex 5 2030  F_Mean 0
Rex 5 2031 F0 0 
Rex 5 2031 Fabc 0.246587
Rex 5 2031 Fofl 0.30933
Rex 5 2031  F_LCI 0
Rex 5 2031  F_UCI 0
Rex 5 2031  F_Median 0
Rex 5 2031  F_Mean 0
Rex 5 2032 F0 0 
Rex 5 2032 Fabc 0.246587
Rex 5 2032 Fofl 0.30933
Rex 5 2032  F_LCI 0
Rex 5 2032  F_UCI 0
Rex 5 2032  F_Median 0
Rex 5 2032  F_Mean 0
Rex 5 2033 F0 0 
Rex 5 2033 Fabc 0.246587
Rex 5 2033 Fofl 0.30933
Rex 5 2033  F_LCI 0
Rex 5 2033  F_UCI 0
Rex 5 2033  F_Median 0
Rex 5 2033  F_Mean 0
Rex 5 2034 F0 0 
Rex 5 2034 Fabc 0.246587
Rex 5 2034 Fofl 0.30933
Rex 5 2034  F_LCI 0
Rex 5 2034  F_UCI 0
Rex 5 2034  F_Median 0
Rex 5 2034  F_Mean 0
Rex 6 2021 Cabc 1.54552
Rex 6 2021 Cofl 1.6832
Rex 6 2021 CLCI 0.0019
Rex 6 2021 CUCI 0.0019
Rex 6 2021 CMedian 0.0019
Rex 6 2021 CMean 0.0019
Rex 6 2021 CStdn 1.86483e-17
Rex 6 2022 Cabc 1.54552
Rex 6 2022 Cofl 1.6832
Rex 6 2022 CLCI 4.98659
Rex 6 2022 CUCI 4.99073
Rex 6 2022 CMedian 4.98786
Rex 6 2022 CMean 4.98816
Rex 6 2022 CStdn 0.00137972
Rex 6 2023 Cabc 1.54552
Rex 6 2023 Cofl 1.6832
Rex 6 2023 CLCI 4.06245
Rex 6 2023 CUCI 4.11645
Rex 6 2023 CMedian 4.07963
Rex 6 2023 CMean 4.08305
Rex 6 2023 CStdn 0.0180801
Rex 6 2024 Cabc 1.54552
Rex 6 2024 Cofl 1.6832
Rex 6 2024 CLCI 3.1636
Rex 6 2024 CUCI 3.42853
Rex 6 2024 CMedian 3.2527
Rex 6 2024 CMean 3.26846
Rex 6 2024 CStdn 0.0896277
Rex 6 2025 Cabc 1.54552
Rex 6 2025 Cofl 1.6832
Rex 6 2025 CLCI 2.41879
Rex 6 2025 CUCI 2.99604
Rex 6 2025 CMedian 2.62561
Rex 6 2025 CMean 2.65947
Rex 6 2025 CStdn 0.193023
Rex 6 2026 Cabc 1.54552
Rex 6 2026 Cofl 1.6832
Rex 6 2026 CLCI 1.90587
Rex 6 2026 CUCI 2.69962
Rex 6 2026 CMedian 2.20236
Rex 6 2026 CMean 2.24893
Rex 6 2026 CStdn 0.262101
Rex 6 2027 Cabc 1.54552
Rex 6 2027 Cofl 1.6832
Rex 6 2027 CLCI 1.55474
Rex 6 2027 CUCI 2.49858
Rex 6 2027 CMedian 1.94085
Rex 6 2027 CMean 1.97592
Rex 6 2027 CStdn 0.296278
Rex 6 2028 Cabc 1.54552
Rex 6 2028 Cofl 1.6832
Rex 6 2028 CLCI 1.19654
Rex 6 2028 CUCI 2.33713
Rex 6 2028 CMedian 1.76624
Rex 6 2028 CMean 1.76422
Rex 6 2028 CStdn 0.345656
Rex 6 2029 Cabc 1.54552
Rex 6 2029 Cofl 1.6832
Rex 6 2029 CLCI 1.02682
Rex 6 2029 CUCI 2.21222
Rex 6 2029 CMedian 1.62989
Rex 6 2029 CMean 1.62102
Rex 6 2029 CStdn 0.366648
Rex 6 2030 Cabc 1.54552
Rex 6 2030 Cofl 1.6832
Rex 6 2030 CLCI 0.960779
Rex 6 2030 CUCI 2.14022
Rex 6 2030 CMedian 1.51899
Rex 6 2030 CMean 1.53794
Rex 6 2030 CStdn 0.367727
Rex 6 2031 Cabc 1.54552
Rex 6 2031 Cofl 1.6832
Rex 6 2031 CLCI 0.942473
Rex 6 2031 CUCI 2.09795
Rex 6 2031 CMedian 1.46656
Rex 6 2031 CMean 1.49392
Rex 6 2031 CStdn 0.361407
Rex 6 2032 Cabc 1.54552
Rex 6 2032 Cofl 1.6832
Rex 6 2032 CLCI 0.950304
Rex 6 2032 CUCI 2.07717
Rex 6 2032 CMedian 1.43333
Rex 6 2032 CMean 1.47435
Rex 6 2032 CStdn 0.359067
Rex 6 2033 Cabc 1.54552
Rex 6 2033 Cofl 1.6832
Rex 6 2033 CLCI 0.942593
Rex 6 2033 CUCI 2.08872
Rex 6 2033 CMedian 1.43166
Rex 6 2033 CMean 1.46647
Rex 6 2033 CStdn 0.359336
Rex 6 2034 Cabc 1.54552
Rex 6 2034 Cofl 1.6832
Rex 6 2034 CLCI 0.912601
Rex 6 2034 CUCI 2.04211
Rex 6 2034 CMedian 1.42543
Rex 6 2034 CMean 1.45784
Rex 6 2034 CStdn 0.353647
Rex 6 2021 SSBF100 8.9981
Rex 6 2021 SSBFabc 3.59924
Rex 6 2021 SSBFofl 3.14934
Rex 6 2021 SSBLCI 8.79687
Rex 6 2021 SSBUCI 8.79687
Rex 6 2021 SSBMedian 8.79687
Rex 6 2021 SSBMean 8.79687
Rex 6 2022 SSBF100 8.9981
Rex 6 2022 SSBFabc 3.59924
Rex 6 2022 SSBFofl 3.14934
Rex 6 2022 SSBLCI 9.79501
Rex 6 2022 SSBUCI 9.82681
Rex 6 2022 SSBMedian 9.80478
Rex 6 2022 SSBMean 9.80703
Rex 6 2023 SSBF100 8.9981
Rex 6 2023 SSBFabc 3.59924
Rex 6 2023 SSBFofl 3.14934
Rex 6 2023 SSBLCI 8.25025
Rex 6 2023 SSBUCI 8.39541
Rex 6 2023 SSBMedian 8.29958
Rex 6 2023 SSBMean 8.30801
Rex 6 2024 SSBF100 8.9981
Rex 6 2024 SSBFabc 3.59924
Rex 6 2024 SSBFofl 3.14934
Rex 6 2024 SSBLCI 6.67419
Rex 6 2024 SSBUCI 7.12696
Rex 6 2024 SSBMedian 6.83492
Rex 6 2024 SSBMean 6.86255
Rex 6 2025 SSBF100 8.9981
Rex 6 2025 SSBFabc 3.59924
Rex 6 2025 SSBFofl 3.14934
Rex 6 2025 SSBLCI 5.2627
Rex 6 2025 SSBUCI 6.25285
Rex 6 2025 SSBMedian 5.62518
Rex 6 2025 SSBMean 5.67446
Rex 6 2026 SSBF100 8.9981
Rex 6 2026 SSBFabc 3.59924
Rex 6 2026 SSBFofl 3.14934
Rex 6 2026 SSBLCI 4.19019
Rex 6 2026 SSBUCI 5.689
Rex 6 2026 SSBMedian 4.74965
Rex 6 2026 SSBMean 4.81899
Rex 6 2027 SSBF100 8.9981
Rex 6 2027 SSBFabc 3.59924
Rex 6 2027 SSBFofl 3.14934
Rex 6 2027 SSBLCI 3.50057
Rex 6 2027 SSBUCI 5.24713
Rex 6 2027 SSBMedian 4.17057
Rex 6 2027 SSBMean 4.24189
Rex 6 2028 SSBF100 8.9981
Rex 6 2028 SSBFabc 3.59924
Rex 6 2028 SSBFofl 3.14934
Rex 6 2028 SSBLCI 3.05079
Rex 6 2028 SSBUCI 4.90653
Rex 6 2028 SSBMedian 3.79282
Rex 6 2028 SSBMean 3.86116
Rex 6 2029 SSBF100 8.9981
Rex 6 2029 SSBFabc 3.59924
Rex 6 2029 SSBFofl 3.14934
Rex 6 2029 SSBLCI 2.83081
Rex 6 2029 SSBUCI 4.65351
Rex 6 2029 SSBMedian 3.54459
Rex 6 2029 SSBMean 3.62586
Rex 6 2030 SSBF100 8.9981
Rex 6 2030 SSBFabc 3.59924
Rex 6 2030 SSBFofl 3.14934
Rex 6 2030 SSBLCI 2.71054
Rex 6 2030 SSBUCI 4.49956
Rex 6 2030 SSBMedian 3.4133
Rex 6 2030 SSBMean 3.4911
Rex 6 2031 SSBF100 8.9981
Rex 6 2031 SSBFabc 3.59924
Rex 6 2031 SSBFofl 3.14934
Rex 6 2031 SSBLCI 2.68565
Rex 6 2031 SSBUCI 4.41421
Rex 6 2031 SSBMedian 3.34154
Rex 6 2031 SSBMean 3.4201
Rex 6 2032 SSBF100 8.9981
Rex 6 2032 SSBFabc 3.59924
Rex 6 2032 SSBFofl 3.14934
Rex 6 2032 SSBLCI 2.69609
Rex 6 2032 SSBUCI 4.32711
Rex 6 2032 SSBMedian 3.28881
Rex 6 2032 SSBMean 3.38666
Rex 6 2033 SSBF100 8.9981
Rex 6 2033 SSBFabc 3.59924
Rex 6 2033 SSBFofl 3.14934
Rex 6 2033 SSBLCI 2.6881
Rex 6 2033 SSBUCI 4.37363
Rex 6 2033 SSBMedian 3.29107
Rex 6 2033 SSBMean 3.37127
Rex 6 2034 SSBF100 8.9981
Rex 6 2034 SSBFabc 3.59924
Rex 6 2034 SSBFofl 3.14934
Rex 6 2034 SSBLCI 2.64999
Rex 6 2034 SSBUCI 4.29646
Rex 6 2034 SSBMedian 3.28133
Rex 6 2034 SSBMean 3.35756
Rex 6 2021 F0 0 
Rex 6 2021 Fabc 0.246587
Rex 6 2021 Fofl 0.30933
Rex 6 2021  F_LCI 0.000116495
Rex 6 2021  F_UCI 0.000116495
Rex 6 2021  F_Median 0.000116495
Rex 6 2021  F_Mean 0.000116495
Rex 6 2022 F0 0 
Rex 6 2022 Fabc 0.246587
Rex 6 2022 Fofl 0.30933
Rex 6 2022  F_LCI 0.30933
Rex 6 2022  F_UCI 0.30933
Rex 6 2022  F_Median 0.30933
Rex 6 2022  F_Mean 0.30933
Rex 6 2023 F0 0 
Rex 6 2023 Fabc 0.246587
Rex 6 2023 Fofl 0.30933
Rex 6 2023  F_LCI 0.30933
Rex 6 2023  F_UCI 0.30933
Rex 6 2023  F_Median 0.30933
Rex 6 2023  F_Mean 0.30933
Rex 6 2024 F0 0 
Rex 6 2024 Fabc 0.246587
Rex 6 2024 Fofl 0.30933
Rex 6 2024  F_LCI 0.30933
Rex 6 2024  F_UCI 0.30933
Rex 6 2024  F_Median 0.30933
Rex 6 2024  F_Mean 0.30933
Rex 6 2025 F0 0 
Rex 6 2025 Fabc 0.246587
Rex 6 2025 Fofl 0.30933
Rex 6 2025  F_LCI 0.30933
Rex 6 2025  F_UCI 0.30933
Rex 6 2025  F_Median 0.30933
Rex 6 2025  F_Mean 0.30933
Rex 6 2026 F0 0 
Rex 6 2026 Fabc 0.246587
Rex 6 2026 Fofl 0.30933
Rex 6 2026  F_LCI 0.30933
Rex 6 2026  F_UCI 0.30933
Rex 6 2026  F_Median 0.30933
Rex 6 2026  F_Mean 0.30933
Rex 6 2027 F0 0 
Rex 6 2027 Fabc 0.246587
Rex 6 2027 Fofl 0.30933
Rex 6 2027  F_LCI 0.300404
Rex 6 2027  F_UCI 0.30933
Rex 6 2027  F_Median 0.30933
Rex 6 2027  F_Mean 0.308111
Rex 6 2028 F0 0 
Rex 6 2028 Fabc 0.246587
Rex 6 2028 Fofl 0.30933
Rex 6 2028  F_LCI 0.259714
Rex 6 2028  F_UCI 0.30933
Rex 6 2028  F_Median 0.30933
Rex 6 2028  F_Mean 0.299296
Rex 6 2029 F0 0 
Rex 6 2029 Fabc 0.246587
Rex 6 2029 Fofl 0.30933
Rex 6 2029  F_LCI 0.239813
Rex 6 2029  F_UCI 0.30933
Rex 6 2029  F_Median 0.304386
Rex 6 2029  F_Mean 0.290087
Rex 6 2030 F0 0 
Rex 6 2030 Fabc 0.246587
Rex 6 2030 Fofl 0.30933
Rex 6 2030  F_LCI 0.228933
Rex 6 2030  F_UCI 0.30933
Rex 6 2030  F_Median 0.292509
Rex 6 2030  F_Mean 0.283931
Rex 6 2031 F0 0 
Rex 6 2031 Fabc 0.246587
Rex 6 2031 Fofl 0.30933
Rex 6 2031  F_LCI 0.226681
Rex 6 2031  F_UCI 0.30933
Rex 6 2031  F_Median 0.286017
Rex 6 2031  F_Mean 0.28033
Rex 6 2032 F0 0 
Rex 6 2032 Fabc 0.246587
Rex 6 2032 Fofl 0.30933
Rex 6 2032  F_LCI 0.227625
Rex 6 2032  F_UCI 0.30933
Rex 6 2032  F_Median 0.281246
Rex 6 2032  F_Mean 0.278459
Rex 6 2033 F0 0 
Rex 6 2033 Fabc 0.246587
Rex 6 2033 Fofl 0.30933
Rex 6 2033  F_LCI 0.226903
Rex 6 2033  F_UCI 0.30933
Rex 6 2033  F_Median 0.281451
Rex 6 2033  F_Mean 0.277733
Rex 6 2034 F0 0 
Rex 6 2034 Fabc 0.246587
Rex 6 2034 Fofl 0.30933
Rex 6 2034  F_LCI 0.223454
Rex 6 2034  F_UCI 0.30933
Rex 6 2034  F_Median 0.28057
Rex 6 2034  F_Mean 0.277244
Rex 7 2021 Cabc 1.54552
Rex 7 2021 Cofl 1.6832
Rex 7 2021 CLCI 0.0019
Rex 7 2021 CUCI 0.0019
Rex 7 2021 CMedian 0.0019
Rex 7 2021 CMean 0.0019
Rex 7 2021 CStdn 1.86483e-17
Rex 7 2022 Cabc 1.54552
Rex 7 2022 Cofl 1.6832
Rex 7 2022 CLCI 4.0827
Rex 7 2022 CUCI 4.08599
Rex 7 2022 CMedian 4.08371
Rex 7 2022 CMean 4.08394
Rex 7 2022 CStdn 0.00110017
Rex 7 2023 Cabc 1.54552
Rex 7 2023 Cofl 1.6832
Rex 7 2023 CLCI 3.50366
Rex 7 2023 CUCI 3.54686
Rex 7 2023 CMedian 3.5174
Rex 7 2023 CMean 3.52014
Rex 7 2023 CStdn 0.0144634
Rex 7 2024 Cabc 1.54552
Rex 7 2024 Cofl 1.6832
Rex 7 2024 CLCI 3.49131
Rex 7 2024 CUCI 3.75791
Rex 7 2024 CMedian 3.58105
Rex 7 2024 CMean 3.59678
Rex 7 2024 CStdn 0.090177
Rex 7 2025 Cabc 1.54552
Rex 7 2025 Cofl 1.6832
Rex 7 2025 CLCI 2.63492
Rex 7 2025 CUCI 3.21549
Rex 7 2025 CMedian 2.84285
Rex 7 2025 CMean 2.87662
Rex 7 2025 CStdn 0.193876
Rex 7 2026 Cabc 1.54552
Rex 7 2026 Cofl 1.6832
Rex 7 2026 CLCI 2.04537
Rex 7 2026 CUCI 2.84175
Rex 7 2026 CMedian 2.34296
Rex 7 2026 CMean 2.38917
Rex 7 2026 CStdn 0.26271
Rex 7 2027 Cabc 1.54552
Rex 7 2027 Cofl 1.6832
Rex 7 2027 CLCI 1.68519
Rex 7 2027 CUCI 2.58788
Rex 7 2027 CMedian 2.03016
Rex 7 2027 CMean 2.06955
Rex 7 2027 CStdn 0.289915
Rex 7 2028 Cabc 1.54552
Rex 7 2028 Cofl 1.6832
Rex 7 2028 CLCI 1.27077
Rex 7 2028 CUCI 2.39478
Rex 7 2028 CMedian 1.82289
Rex 7 2028 CMean 1.83337
Rex 7 2028 CStdn 0.334029
Rex 7 2029 Cabc 1.54552
Rex 7 2029 Cofl 1.6832
Rex 7 2029 CLCI 1.06406
Rex 7 2029 CUCI 2.24764
Rex 7 2029 CMedian 1.68583
Rex 7 2029 CMean 1.66357
Rex 7 2029 CStdn 0.363614
Rex 7 2030 Cabc 1.54552
Rex 7 2030 Cofl 1.6832
Rex 7 2030 CLCI 0.977132
Rex 7 2030 CUCI 2.15781
Rex 7 2030 CMedian 1.54987
Rex 7 2030 CMean 1.5615
Rex 7 2030 CStdn 0.36811
Rex 7 2031 Cabc 1.54552
Rex 7 2031 Cofl 1.6832
Rex 7 2031 CLCI 0.951212
Rex 7 2031 CUCI 2.11169
Rex 7 2031 CMedian 1.47936
Rex 7 2031 CMean 1.50637
Rex 7 2031 CStdn 0.362417
Rex 7 2032 Cabc 1.54552
Rex 7 2032 Cofl 1.6832
Rex 7 2032 CLCI 0.954173
Rex 7 2032 CUCI 2.08139
Rex 7 2032 CMedian 1.43754
Rex 7 2032 CMean 1.48044
Rex 7 2032 CStdn 0.359817
Rex 7 2033 Cabc 1.54552
Rex 7 2033 Cofl 1.6832
Rex 7 2033 CLCI 0.943028
Rex 7 2033 CUCI 2.09429
Rex 7 2033 CMedian 1.43367
Rex 7 2033 CMean 1.46939
Rex 7 2033 CStdn 0.35981
Rex 7 2034 Cabc 1.54552
Rex 7 2034 Cofl 1.6832
Rex 7 2034 CLCI 0.913119
Rex 7 2034 CUCI 2.04544
Rex 7 2034 CMedian 1.42592
Rex 7 2034 CMean 1.45918
Rex 7 2034 CStdn 0.353923
Rex 7 2021 SSBF100 8.9981
Rex 7 2021 SSBFabc 3.59924
Rex 7 2021 SSBFofl 3.14934
Rex 7 2021 SSBLCI 8.79687
Rex 7 2021 SSBUCI 8.79687
Rex 7 2021 SSBMedian 8.79687
Rex 7 2021 SSBMean 8.79687
Rex 7 2022 SSBF100 8.9981
Rex 7 2022 SSBFabc 3.59924
Rex 7 2022 SSBFofl 3.14934
Rex 7 2022 SSBLCI 9.79501
Rex 7 2022 SSBUCI 9.82681
Rex 7 2022 SSBMedian 9.80478
Rex 7 2022 SSBMean 9.80703
Rex 7 2023 SSBF100 8.9981
Rex 7 2023 SSBFabc 3.59924
Rex 7 2023 SSBFofl 3.14934
Rex 7 2023 SSBLCI 8.65689
Rex 7 2023 SSBUCI 8.80208
Rex 7 2023 SSBMedian 8.70623
Rex 7 2023 SSBMean 8.71466
Rex 7 2024 SSBF100 8.9981
Rex 7 2024 SSBFabc 3.59924
Rex 7 2024 SSBFofl 3.14934
Rex 7 2024 SSBLCI 7.32425
Rex 7 2024 SSBUCI 7.77792
Rex 7 2024 SSBMedian 7.48529
Rex 7 2024 SSBMean 7.51292
Rex 7 2025 SSBF100 8.9981
Rex 7 2025 SSBFabc 3.59924
Rex 7 2025 SSBFofl 3.14934
Rex 7 2025 SSBLCI 5.70257
Rex 7 2025 SSBUCI 6.69458
Rex 7 2025 SSBMedian 6.06582
Rex 7 2025 SSBMean 6.11505
Rex 7 2026 SSBF100 8.9981
Rex 7 2026 SSBFabc 3.59924
Rex 7 2026 SSBFofl 3.14934
Rex 7 2026 SSBLCI 4.47827
Rex 7 2026 SSBUCI 5.97969
Rex 7 2026 SSBMedian 5.03792
Rex 7 2026 SSBMean 5.10798
Rex 7 2027 SSBF100 8.9981
Rex 7 2027 SSBFabc 3.59924
Rex 7 2027 SSBFofl 3.14934
Rex 7 2027 SSBLCI 3.68602
Rex 7 2027 SSBUCI 5.43353
Rex 7 2027 SSBMedian 4.35687
Rex 7 2027 SSBMean 4.42783
Rex 7 2028 SSBF100 8.9981
Rex 7 2028 SSBFabc 3.59924
Rex 7 2028 SSBFofl 3.14934
Rex 7 2028 SSBLCI 3.1437
Rex 7 2028 SSBUCI 5.02455
Rex 7 2028 SSBMedian 3.91053
Rex 7 2028 SSBMean 3.97735
Rex 7 2029 SSBF100 8.9981
Rex 7 2029 SSBFabc 3.59924
Rex 7 2029 SSBFofl 3.14934
Rex 7 2029 SSBLCI 2.87729
Rex 7 2029 SSBUCI 4.72798
Rex 7 2029 SSBMedian 3.61221
Rex 7 2029 SSBMean 3.6926
Rex 7 2030 SSBF100 8.9981
Rex 7 2030 SSBFabc 3.59924
Rex 7 2030 SSBFofl 3.14934
Rex 7 2030 SSBLCI 2.73658
Rex 7 2030 SSBUCI 4.5468
Rex 7 2030 SSBMedian 3.44491
Rex 7 2030 SSBMean 3.52728
Rex 7 2031 SSBF100 8.9981
Rex 7 2031 SSBFabc 3.59924
Rex 7 2031 SSBFofl 3.14934
Rex 7 2031 SSBLCI 2.69622
Rex 7 2031 SSBUCI 4.44348
Rex 7 2031 SSBMedian 3.35678
Rex 7 2031 SSBMean 3.43889
Rex 7 2032 SSBF100 8.9981
Rex 7 2032 SSBFabc 3.59924
Rex 7 2032 SSBFofl 3.14934
Rex 7 2032 SSBLCI 2.7022
Rex 7 2032 SSBUCI 4.34541
Rex 7 2032 SSBMedian 3.30076
Rex 7 2032 SSBMean 3.39597
Rex 7 2033 SSBF100 8.9981
Rex 7 2033 SSBFabc 3.59924
Rex 7 2033 SSBFofl 3.14934
Rex 7 2033 SSBLCI 2.68879
Rex 7 2033 SSBUCI 4.38497
Rex 7 2033 SSBMedian 3.29264
Rex 7 2033 SSBMean 3.37575
Rex 7 2034 SSBF100 8.9981
Rex 7 2034 SSBFabc 3.59924
Rex 7 2034 SSBFofl 3.14934
Rex 7 2034 SSBLCI 2.65164
Rex 7 2034 SSBUCI 4.29789
Rex 7 2034 SSBMedian 3.28123
Rex 7 2034 SSBMean 3.35963
Rex 7 2021 F0 0 
Rex 7 2021 Fabc 0.246587
Rex 7 2021 Fofl 0.30933
Rex 7 2021  F_LCI 0.000116495
Rex 7 2021  F_UCI 0.000116495
Rex 7 2021  F_Median 0.000116495
Rex 7 2021  F_Mean 0.000116495
Rex 7 2022 F0 0 
Rex 7 2022 Fabc 0.246587
Rex 7 2022 Fofl 0.30933
Rex 7 2022  F_LCI 0.246587
Rex 7 2022  F_UCI 0.246587
Rex 7 2022  F_Median 0.246587
Rex 7 2022  F_Mean 0.246587
Rex 7 2023 F0 0 
Rex 7 2023 Fabc 0.246587
Rex 7 2023 Fofl 0.30933
Rex 7 2023  F_LCI 0.246587
Rex 7 2023  F_UCI 0.246587
Rex 7 2023  F_Median 0.246587
Rex 7 2023  F_Mean 0.246587
Rex 7 2024 F0 0 
Rex 7 2024 Fabc 0.246587
Rex 7 2024 Fofl 0.30933
Rex 7 2024  F_LCI 0.30933
Rex 7 2024  F_UCI 0.30933
Rex 7 2024  F_Median 0.30933
Rex 7 2024  F_Mean 0.30933
Rex 7 2025 F0 0 
Rex 7 2025 Fabc 0.246587
Rex 7 2025 Fofl 0.30933
Rex 7 2025  F_LCI 0.30933
Rex 7 2025  F_UCI 0.30933
Rex 7 2025  F_Median 0.30933
Rex 7 2025  F_Mean 0.30933
Rex 7 2026 F0 0 
Rex 7 2026 Fabc 0.246587
Rex 7 2026 Fofl 0.30933
Rex 7 2026  F_LCI 0.30933
Rex 7 2026  F_UCI 0.30933
Rex 7 2026  F_Median 0.30933
Rex 7 2026  F_Mean 0.30933
Rex 7 2027 F0 0 
Rex 7 2027 Fabc 0.246587
Rex 7 2027 Fofl 0.30933
Rex 7 2027  F_LCI 0.30933
Rex 7 2027  F_UCI 0.30933
Rex 7 2027  F_Median 0.30933
Rex 7 2027  F_Mean 0.30908
Rex 7 2028 F0 0 
Rex 7 2028 Fabc 0.246587
Rex 7 2028 Fofl 0.30933
Rex 7 2028  F_LCI 0.268119
Rex 7 2028  F_UCI 0.30933
Rex 7 2028  F_Median 0.30933
Rex 7 2028  F_Mean 0.302621
Rex 7 2029 F0 0 
Rex 7 2029 Fabc 0.246587
Rex 7 2029 Fofl 0.30933
Rex 7 2029  F_LCI 0.244018
Rex 7 2029  F_UCI 0.30933
Rex 7 2029  F_Median 0.30933
Rex 7 2029  F_Mean 0.292865
Rex 7 2030 F0 0 
Rex 7 2030 Fabc 0.246587
Rex 7 2030 Fofl 0.30933
Rex 7 2030  F_LCI 0.231288
Rex 7 2030  F_UCI 0.30933
Rex 7 2030  F_Median 0.295369
Rex 7 2030  F_Mean 0.285646
Rex 7 2031 F0 0 
Rex 7 2031 Fabc 0.246587
Rex 7 2031 Fofl 0.30933
Rex 7 2031  F_LCI 0.227637
Rex 7 2031  F_UCI 0.30933
Rex 7 2031  F_Median 0.287396
Rex 7 2031  F_Mean 0.281299
Rex 7 2032 F0 0 
Rex 7 2032 Fabc 0.246587
Rex 7 2032 Fofl 0.30933
Rex 7 2032  F_LCI 0.228178
Rex 7 2032  F_UCI 0.30933
Rex 7 2032  F_Median 0.282328
Rex 7 2032  F_Mean 0.278932
Rex 7 2033 F0 0 
Rex 7 2033 Fabc 0.246587
Rex 7 2033 Fofl 0.30933
Rex 7 2033  F_LCI 0.226965
Rex 7 2033  F_UCI 0.30933
Rex 7 2033  F_Median 0.281593
Rex 7 2033  F_Mean 0.277958
Rex 7 2034 F0 0 
Rex 7 2034 Fabc 0.246587
Rex 7 2034 Fofl 0.30933
Rex 7 2034  F_LCI 0.223604
Rex 7 2034  F_UCI 0.30933
Rex 7 2034  F_Median 0.280561
Rex 7 2034  F_Mean 0.277343
